[2025-03-07T12:22:50.286+0000] {local_task_job_runner.py:123} INFO - ::group::Pre task execution logs
[2025-03-07T12:22:50.307+0000] {taskinstance.py:2612} INFO - Dependencies all met for dep_context=non-requeueable deps ti=<TaskInstance: pull_data_from_chess_api.load_to_gold_layer scheduled__2023-09-01T00:00:00+00:00 [queued]>
[2025-03-07T12:22:50.318+0000] {taskinstance.py:2612} INFO - Dependencies all met for dep_context=requeueable deps ti=<TaskInstance: pull_data_from_chess_api.load_to_gold_layer scheduled__2023-09-01T00:00:00+00:00 [queued]>
[2025-03-07T12:22:50.318+0000] {taskinstance.py:2865} INFO - Starting attempt 1 of 2
[2025-03-07T12:22:50.335+0000] {taskinstance.py:2888} INFO - Executing <Task(PythonOperator): load_to_gold_layer> on 2023-09-01 00:00:00+00:00
[2025-03-07T12:22:50.342+0000] {warnings.py:112} WARNING - /home/***/.local/lib/python3.12/site-packages/***/task/task_runner/standard_task_runner.py:70: DeprecationWarning: This process (pid=8006) is multi-threaded, use of fork() may lead to deadlocks in the child.
  pid = os.fork()

[2025-03-07T12:22:50.344+0000] {standard_task_runner.py:72} INFO - Started process 8007 to run task
[2025-03-07T12:22:50.345+0000] {standard_task_runner.py:104} INFO - Running: ['***', 'tasks', 'run', 'pull_data_from_chess_api', 'load_to_gold_layer', 'scheduled__2023-09-01T00:00:00+00:00', '--job-id', '329', '--raw', '--subdir', 'DAGS_FOLDER/collect_chess_data_dag.py', '--cfg-path', '/tmp/tmpmm72luwh']
[2025-03-07T12:22:50.346+0000] {standard_task_runner.py:105} INFO - Job 329: Subtask load_to_gold_layer
[2025-03-07T12:22:50.399+0000] {task_command.py:467} INFO - Running <TaskInstance: pull_data_from_chess_api.load_to_gold_layer scheduled__2023-09-01T00:00:00+00:00 [running]> on host ebc50e07c8a4
[2025-03-07T12:22:50.507+0000] {taskinstance.py:3131} INFO - Exporting env vars: AIRFLOW_CTX_DAG_OWNER='***' AIRFLOW_CTX_DAG_ID='pull_data_from_chess_api' AIRFLOW_CTX_TASK_ID='load_to_gold_layer' AIRFLOW_CTX_EXECUTION_DATE='2023-09-01T00:00:00+00:00' AIRFLOW_CTX_TRY_NUMBER='1' AIRFLOW_CTX_DAG_RUN_ID='scheduled__2023-09-01T00:00:00+00:00'
[2025-03-07T12:22:50.511+0000] {taskinstance.py:731} INFO - ::endgroup::
[2025-03-07T12:22:50.543+0000] {logging_mixin.py:190} INFO - Execution Date: 2023-09-01
[2025-03-07T12:22:50.546+0000] {connection.py:531} ERROR - Unable to retrieve connection from secrets backend (EnvironmentVariablesBackend). Checking subsequent secrets backend.
Traceback (most recent call last):
  File "/home/airflow/.local/lib/python3.12/site-packages/airflow/models/connection.py", line 526, in get_connection_from_secrets
    conn = secrets_backend.get_connection(conn_id=conn_id)
           ^^^^^^^^^^^^^^^^^^^^^^^^^^^^^^^^^^^^^^^^^^^^^^^
  File "/home/airflow/.local/lib/python3.12/site-packages/airflow/secrets/base_secrets.py", line 116, in get_connection
    return self.deserialize_connection(conn_id=conn_id, value=value)
           ^^^^^^^^^^^^^^^^^^^^^^^^^^^^^^^^^^^^^^^^^^^^^^^^^^^^^^^^^
  File "/home/airflow/.local/lib/python3.12/site-packages/airflow/secrets/base_secrets.py", line 70, in deserialize_connection
    return Connection(conn_id=conn_id, uri=value)
           ^^^^^^^^^^^^^^^^^^^^^^^^^^^^^^^^^^^^^^
  File "<string>", line 4, in __init__
  File "/home/airflow/.local/lib/python3.12/site-packages/sqlalchemy/orm/state.py", line 481, in _initialize_instance
    with util.safe_reraise():
         ^^^^^^^^^^^^^^^^^^^
  File "/home/airflow/.local/lib/python3.12/site-packages/sqlalchemy/util/langhelpers.py", line 70, in __exit__
    compat.raise_(
  File "/home/airflow/.local/lib/python3.12/site-packages/sqlalchemy/util/compat.py", line 211, in raise_
    raise exception
  File "/home/airflow/.local/lib/python3.12/site-packages/sqlalchemy/orm/state.py", line 479, in _initialize_instance
    return manager.original_init(*mixed[1:], **kwargs)
           ^^^^^^^^^^^^^^^^^^^^^^^^^^^^^^^^^^^^^^^^^^^
  File "/home/airflow/.local/lib/python3.12/site-packages/airflow/models/connection.py", line 169, in __init__
    self._parse_from_uri(uri)
  File "/home/airflow/.local/lib/python3.12/site-packages/airflow/models/connection.py", line 257, in _parse_from_uri
    self.port = uri_parts.port
                ^^^^^^^^^^^^^^
  File "/usr/local/lib/python3.12/urllib/parse.py", line 182, in port
    raise ValueError(f"Port could not be cast to integer value as {port!r}")
ValueError: Port could not be cast to integer value as 'DefaultEndpointsProtocol=https;AccountName=rbchesssa;AccountKey=lG9W+utkpTNorE0rTLlfDMUZsTPleXk6pXv6NnfDTi'
[2025-03-07T12:22:50.564+0000] {base.py:84} INFO - Retrieving connection 'azure_chess_storage'
[2025-03-07T12:22:53.115+0000] {taskinstance.py:3310} ERROR - Task failed with exception
Traceback (most recent call last):
  File "/home/airflow/.local/lib/python3.12/site-packages/airflow/models/taskinstance.py", line 767, in _execute_task
    result = _execute_callable(context=context, **execute_callable_kwargs)
             ^^^^^^^^^^^^^^^^^^^^^^^^^^^^^^^^^^^^^^^^^^^^^^^^^^^^^^^^^^^^^
  File "/home/airflow/.local/lib/python3.12/site-packages/airflow/models/taskinstance.py", line 733, in _execute_callable
    return ExecutionCallableRunner(
           ^^^^^^^^^^^^^^^^^^^^^^^^
  File "/home/airflow/.local/lib/python3.12/site-packages/airflow/utils/operator_helpers.py", line 252, in run
    return self.func(*args, **kwargs)
           ^^^^^^^^^^^^^^^^^^^^^^^^^^
  File "/home/airflow/.local/lib/python3.12/site-packages/airflow/models/baseoperator.py", line 406, in wrapper
    return func(self, *args, **kwargs)
           ^^^^^^^^^^^^^^^^^^^^^^^^^^^
  File "/home/airflow/.local/lib/python3.12/site-packages/airflow/operators/python.py", line 238, in execute
    return_value = self.execute_callable()
                   ^^^^^^^^^^^^^^^^^^^^^^^
  File "/home/airflow/.local/lib/python3.12/site-packages/airflow/operators/python.py", line 256, in execute_callable
    return runner.run(*self.op_args, **self.op_kwargs)
           ^^^^^^^^^^^^^^^^^^^^^^^^^^^^^^^^^^^^^^^^^^^
  File "/home/airflow/.local/lib/python3.12/site-packages/airflow/utils/operator_helpers.py", line 252, in run
    return self.func(*args, **kwargs)
           ^^^^^^^^^^^^^^^^^^^^^^^^^^
  File "/opt/airflow/dags/scripts/python_scripts.py", line 186, in load_to_gold_layer
    """).fetchdf()
        ^^^^^^^^^
duckdb.duckdb.NotImplementedException: Not implemented Error: Unsupported type "TIME WITH TIME ZONE"
[2025-03-07T12:22:53.129+0000] {taskinstance.py:1225} INFO - Marking task as UP_FOR_RETRY. dag_id=pull_data_from_chess_api, task_id=load_to_gold_layer, run_id=scheduled__2023-09-01T00:00:00+00:00, execution_date=20230901T000000, start_date=20250307T122250, end_date=20250307T122253
[2025-03-07T12:22:53.150+0000] {taskinstance.py:340} INFO - ::group::Post task execution logs
[2025-03-07T12:22:53.151+0000] {standard_task_runner.py:124} ERROR - Failed to execute job 329 for task load_to_gold_layer (Not implemented Error: Unsupported type "TIME WITH TIME ZONE"; 8007)
Traceback (most recent call last):
  File "/home/airflow/.local/lib/python3.12/site-packages/airflow/task/task_runner/standard_task_runner.py", line 117, in _start_by_fork
    ret = args.func(args, dag=self.dag)
          ^^^^^^^^^^^^^^^^^^^^^^^^^^^^^
  File "/home/airflow/.local/lib/python3.12/site-packages/airflow/cli/cli_config.py", line 49, in command
    return func(*args, **kwargs)
           ^^^^^^^^^^^^^^^^^^^^^
  File "/home/airflow/.local/lib/python3.12/site-packages/airflow/utils/cli.py", line 115, in wrapper
    return f(*args, **kwargs)
           ^^^^^^^^^^^^^^^^^^
  File "/home/airflow/.local/lib/python3.12/site-packages/airflow/cli/commands/task_command.py", line 483, in task_run
    task_return_code = _run_task_by_selected_method(args, _dag, ti)
                       ^^^^^^^^^^^^^^^^^^^^^^^^^^^^^^^^^^^^^^^^^^^^
  File "/home/airflow/.local/lib/python3.12/site-packages/airflow/cli/commands/task_command.py", line 256, in _run_task_by_selected_method
    return _run_raw_task(args, ti)
           ^^^^^^^^^^^^^^^^^^^^^^^
  File "/home/airflow/.local/lib/python3.12/site-packages/airflow/cli/commands/task_command.py", line 341, in _run_raw_task
    return ti._run_raw_task(
           ^^^^^^^^^^^^^^^^^
  File "/home/airflow/.local/lib/python3.12/site-packages/airflow/utils/session.py", line 97, in wrapper
    return func(*args, session=session, **kwargs)
           ^^^^^^^^^^^^^^^^^^^^^^^^^^^^^^^^^^^^^^
  File "/home/airflow/.local/lib/python3.12/site-packages/airflow/models/taskinstance.py", line 3004, in _run_raw_task
    return _run_raw_task(
           ^^^^^^^^^^^^^^
  File "/home/airflow/.local/lib/python3.12/site-packages/airflow/models/taskinstance.py", line 273, in _run_raw_task
    TaskInstance._execute_task_with_callbacks(
  File "/home/airflow/.local/lib/python3.12/site-packages/airflow/models/taskinstance.py", line 3158, in _execute_task_with_callbacks
    result = self._execute_task(context, task_orig)
             ^^^^^^^^^^^^^^^^^^^^^^^^^^^^^^^^^^^^^^
  File "/home/airflow/.local/lib/python3.12/site-packages/airflow/models/taskinstance.py", line 3182, in _execute_task
    return _execute_task(self, context, task_orig)
           ^^^^^^^^^^^^^^^^^^^^^^^^^^^^^^^^^^^^^^^
  File "/home/airflow/.local/lib/python3.12/site-packages/airflow/models/taskinstance.py", line 767, in _execute_task
    result = _execute_callable(context=context, **execute_callable_kwargs)
             ^^^^^^^^^^^^^^^^^^^^^^^^^^^^^^^^^^^^^^^^^^^^^^^^^^^^^^^^^^^^^
  File "/home/airflow/.local/lib/python3.12/site-packages/airflow/models/taskinstance.py", line 733, in _execute_callable
    return ExecutionCallableRunner(
           ^^^^^^^^^^^^^^^^^^^^^^^^
  File "/home/airflow/.local/lib/python3.12/site-packages/airflow/utils/operator_helpers.py", line 252, in run
    return self.func(*args, **kwargs)
           ^^^^^^^^^^^^^^^^^^^^^^^^^^
  File "/home/airflow/.local/lib/python3.12/site-packages/airflow/models/baseoperator.py", line 406, in wrapper
    return func(self, *args, **kwargs)
           ^^^^^^^^^^^^^^^^^^^^^^^^^^^
  File "/home/airflow/.local/lib/python3.12/site-packages/airflow/operators/python.py", line 238, in execute
    return_value = self.execute_callable()
                   ^^^^^^^^^^^^^^^^^^^^^^^
  File "/home/airflow/.local/lib/python3.12/site-packages/airflow/operators/python.py", line 256, in execute_callable
    return runner.run(*self.op_args, **self.op_kwargs)
           ^^^^^^^^^^^^^^^^^^^^^^^^^^^^^^^^^^^^^^^^^^^
  File "/home/airflow/.local/lib/python3.12/site-packages/airflow/utils/operator_helpers.py", line 252, in run
    return self.func(*args, **kwargs)
           ^^^^^^^^^^^^^^^^^^^^^^^^^^
  File "/opt/airflow/dags/scripts/python_scripts.py", line 186, in load_to_gold_layer
    """).fetchdf()
        ^^^^^^^^^
duckdb.duckdb.NotImplementedException: Not implemented Error: Unsupported type "TIME WITH TIME ZONE"
[2025-03-07T12:22:53.217+0000] {local_task_job_runner.py:266} INFO - Task exited with return code 1
[2025-03-07T12:22:53.246+0000] {taskinstance.py:3900} INFO - 0 downstream tasks scheduled from follow-on schedule check
[2025-03-07T12:22:53.248+0000] {local_task_job_runner.py:245} INFO - ::endgroup::
[2025-03-10T01:35:10.378+0000] {local_task_job_runner.py:123} INFO - ::group::Pre task execution logs
[2025-03-10T01:35:10.395+0000] {taskinstance.py:2612} INFO - Dependencies all met for dep_context=non-requeueable deps ti=<TaskInstance: pull_data_from_chess_api.load_to_gold_layer scheduled__2023-09-01T00:00:00+00:00 [queued]>
[2025-03-10T01:35:10.404+0000] {taskinstance.py:2612} INFO - Dependencies all met for dep_context=requeueable deps ti=<TaskInstance: pull_data_from_chess_api.load_to_gold_layer scheduled__2023-09-01T00:00:00+00:00 [queued]>
[2025-03-10T01:35:10.404+0000] {taskinstance.py:2865} INFO - Starting attempt 1 of 2
[2025-03-10T01:35:10.420+0000] {taskinstance.py:2888} INFO - Executing <Task(PythonOperator): load_to_gold_layer> on 2023-09-01 00:00:00+00:00
[2025-03-10T01:35:10.427+0000] {warnings.py:112} WARNING - /home/***/.local/lib/python3.12/site-packages/***/task/task_runner/standard_task_runner.py:70: DeprecationWarning: This process (pid=16869) is multi-threaded, use of fork() may lead to deadlocks in the child.
  pid = os.fork()

[2025-03-10T01:35:10.430+0000] {standard_task_runner.py:72} INFO - Started process 16871 to run task
[2025-03-10T01:35:10.430+0000] {standard_task_runner.py:104} INFO - Running: ['***', 'tasks', 'run', 'pull_data_from_chess_api', 'load_to_gold_layer', 'scheduled__2023-09-01T00:00:00+00:00', '--job-id', '513', '--raw', '--subdir', 'DAGS_FOLDER/collect_chess_data_dag.py', '--cfg-path', '/tmp/tmp5hg085kj']
[2025-03-10T01:35:10.432+0000] {standard_task_runner.py:105} INFO - Job 513: Subtask load_to_gold_layer
[2025-03-10T01:35:10.480+0000] {task_command.py:467} INFO - Running <TaskInstance: pull_data_from_chess_api.load_to_gold_layer scheduled__2023-09-01T00:00:00+00:00 [running]> on host 70b3b9cfbba0
[2025-03-10T01:35:10.579+0000] {taskinstance.py:3131} INFO - Exporting env vars: AIRFLOW_CTX_DAG_OWNER='***' AIRFLOW_CTX_DAG_ID='pull_data_from_chess_api' AIRFLOW_CTX_TASK_ID='load_to_gold_layer' AIRFLOW_CTX_EXECUTION_DATE='2023-09-01T00:00:00+00:00' AIRFLOW_CTX_TRY_NUMBER='1' AIRFLOW_CTX_DAG_RUN_ID='scheduled__2023-09-01T00:00:00+00:00'
[2025-03-10T01:35:10.581+0000] {taskinstance.py:731} INFO - ::endgroup::
[2025-03-10T01:35:10.596+0000] {logging_mixin.py:190} INFO - Execution Date: 2023-09-01
[2025-03-10T01:35:10.598+0000] {connection.py:531} ERROR - Unable to retrieve connection from secrets backend (EnvironmentVariablesBackend). Checking subsequent secrets backend.
Traceback (most recent call last):
  File "/home/airflow/.local/lib/python3.12/site-packages/airflow/models/connection.py", line 526, in get_connection_from_secrets
    conn = secrets_backend.get_connection(conn_id=conn_id)
           ^^^^^^^^^^^^^^^^^^^^^^^^^^^^^^^^^^^^^^^^^^^^^^^
  File "/home/airflow/.local/lib/python3.12/site-packages/airflow/secrets/base_secrets.py", line 116, in get_connection
    return self.deserialize_connection(conn_id=conn_id, value=value)
           ^^^^^^^^^^^^^^^^^^^^^^^^^^^^^^^^^^^^^^^^^^^^^^^^^^^^^^^^^
  File "/home/airflow/.local/lib/python3.12/site-packages/airflow/secrets/base_secrets.py", line 70, in deserialize_connection
    return Connection(conn_id=conn_id, uri=value)
           ^^^^^^^^^^^^^^^^^^^^^^^^^^^^^^^^^^^^^^
  File "<string>", line 4, in __init__
  File "/home/airflow/.local/lib/python3.12/site-packages/sqlalchemy/orm/state.py", line 481, in _initialize_instance
    with util.safe_reraise():
         ^^^^^^^^^^^^^^^^^^^
  File "/home/airflow/.local/lib/python3.12/site-packages/sqlalchemy/util/langhelpers.py", line 70, in __exit__
    compat.raise_(
  File "/home/airflow/.local/lib/python3.12/site-packages/sqlalchemy/util/compat.py", line 211, in raise_
    raise exception
  File "/home/airflow/.local/lib/python3.12/site-packages/sqlalchemy/orm/state.py", line 479, in _initialize_instance
    return manager.original_init(*mixed[1:], **kwargs)
           ^^^^^^^^^^^^^^^^^^^^^^^^^^^^^^^^^^^^^^^^^^^
  File "/home/airflow/.local/lib/python3.12/site-packages/airflow/models/connection.py", line 169, in __init__
    self._parse_from_uri(uri)
  File "/home/airflow/.local/lib/python3.12/site-packages/airflow/models/connection.py", line 257, in _parse_from_uri
    self.port = uri_parts.port
                ^^^^^^^^^^^^^^
  File "/usr/local/lib/python3.12/urllib/parse.py", line 182, in port
    raise ValueError(f"Port could not be cast to integer value as {port!r}")
ValueError: Port could not be cast to integer value as 'DefaultEndpointsProtocol=https;AccountName=rbchesssa;AccountKey=lG9W+utkpTNorE0rTLlfDMUZsTPleXk6pXv6NnfDTi'
[2025-03-10T01:35:10.614+0000] {base.py:84} INFO - Retrieving connection 'azure_chess_storage'
[2025-03-10T01:35:11.757+0000] {logging_mixin.py:190} INFO - Previewing Dataframe
[2025-03-10T01:35:11.760+0000] {logging_mixin.py:190} INFO - game_url                        object
time_control                    object
rated                             bool
time_class                      object
rules                           object
white_rating                     int64
white_result                    object
black_rating                     int64
black_result                    object
pgn_event                       object
pgn_site                        object
game_date               datetime64[us]
pgn_white_user                  object
pgn_black_user                  object
pgn_result                      object
pgn_current_position            object
pgn_timezone                    object
pgn_eco                         object
pgn_eco_url                     object
start_time              datetime64[ns]
end_time                datetime64[ns]
end_game_date           datetime64[us]
pgn_raw                         object
pgn_trans                       object
last_updated                    object
dtype: object
[2025-03-10T01:35:11.780+0000] {logging_mixin.py:190} INFO - https://www.chess.com/game/live/87470479551	300+5	True	blitz	chess	711	win	647	timeout	Live Chess	Chess.com	2023-09-03 00:00:00	RobertPrentice	Rhythmbear1	1-0	2rr2k1/1R4pb/p3N2p/8/6n1/3B4/PPP2PPP/R5K1 b - -	UTC	C10	https://www.chess.com/openings/French-Defense-Marshall-Variation	2023-09-03 08:57:22	2023-09-03 09:08:31	2023-09-03 00:00:00	e4 e6 d4 d5 Nc3 c5 dxc5 Bxc5 exd5 Qe7 dxe6 Bxe6 Be2 Nc6 Nf3 Nf6 O-O O-O Re1 Rfd8 Bd3 h6 Qe2 Nd4 Nxd4 Bxd4 Nb5 Bb6 Be3 Bxe3 Qxe3 Ng4 Qe4 f5 Qxf5 Bxf5 Rxe7 Bh7 Rxb7 a6 Nc7 Rac8 Ne6	1. e4 e6 2. d4 d5 3. Nc3 c5 4. dxc5 Bxc5 5. exd5 Qe7 6. dxe6 Bxe6 7. Be2 Nc6 8. Nf3 Nf6 9. O-O O-O 10. Re1 Rfd8 11. Bd3 h6 12. Qe2 Nd4 13. Nxd4 Bxd4 14. Nb5 Bb6 15. Be3 Bxe3 16. Qxe3 Ng4 17. Qe4 f5 18. Qxf5 Bxf5 19. Rxe7 Bh7 20. Rxb7 a6 21. Nc7 Rac8 22. Ne6 	2023-09-01
https://www.chess.com/game/live/87471107319	300+5	True	blitz	chess	777	checkmated	658	win	Live Chess	Chess.com	2023-09-03 00:00:00	amgazapob	Rhythmbear1	0-1	4r2k/p5p1/7p/6n1/PP5K/7q/7P/8 w - -	UTC	C05	https://www.chess.com/openings/French-Defense-Tarrasch-Closed...5.c3-Nc6-6.Ngf3-cxd4-7.cxd4	2023-09-03 09:09:13	2023-09-03 09:25:11	2023-09-03 00:00:00	e4 e6 d4 d5 Bd3 c5 c3 Nc6 Nf3 Nf6 Nbd2 cxd4 cxd4 Bb4 O-O Qb6 a3 Bxd2 Bxd2 O-O e5 Nd7 Ng5 h6 Qh5 Qxd4 Bg6 Ndxe5 Bxf7+ Nxf7 Bc3 Qf4 Nxe6 Bxe6 Qg6 Nce5 Qxe6 d4 Bb4 Rfe8 Qd5 Rad8 Qxb7 Ng5 Ba5 Nef3+ gxf3 Nxf3+ Kg2 Nh4+ Kg1 Rd6 Qb3+ Kh8 Bb4 Rg6+ Kh1 Qf3+ Qxf3 Nxf3 Rae1 Nxe1 Rg1 Rxg1+ Kxg1 Nf3+ Kh1 d3 Bd2 Nxd2 b4 Ne4 a4 d2 Kg2 d1=Q f3 Ng5 Kg3 Qxf3+ Kh4 Qh3#	1. e4 e6 2. d4 d5 3. Bd3 c5 4. c3 Nc6 5. Nf3 Nf6 6. Nbd2 cxd4 7. cxd4 Bb4 8. O-O Qb6 9. a3 Bxd2 10. Bxd2 O-O 11. e5 Nd7 12. Ng5 h6 13. Qh5 Qxd4 14. Bg6 Ndxe5 15. Bxf7+ Nxf7 16. Bc3 Qf4 17. Nxe6 Bxe6 18. Qg6 Nce5 19. Qxe6 d4 20. Bb4 Rfe8 21. Qd5 Rad8 22. Qxb7 Ng5 23. Ba5 Nef3+ 24. gxf3 Nxf3+ 25. Kg2 Nh4+ 26. Kg1 Rd6 27. Qb3+ Kh8 28. Bb4 Rg6+ 29. Kh1 Qf3+ 30. Qxf3 Nxf3 31. Rae1 Nxe1 32. Rg1 Rxg1+ 33. Kxg1 Nf3+ 34. Kh1 d3 35. Bd2 Nxd2 36. b4 Ne4 37. a4 d2 38. Kg2 d1=Q 39. f3 Ng5 40. Kg3 Qxf3+ 41. Kh4 Qh3#	2023-09-01
https://www.chess.com/game/live/87473558365	300+5	True	blitz	chess	652	timeout	761	win	Live Chess	Chess.com	2023-09-03 00:00:00	Rhythmbear1	Gatsu777	0-1	8/ppR3pk/2b1p3/6p1/6P1/5r2/PPPKN2r/4R3 w - -	UTC	D00	https://www.chess.com/openings/Queens-Pawn-Opening-Blackmar-Blackmar-Diemer-Gambit-3...Nf6	2023-09-03 09:52:17	2023-09-03 10:06:54	2023-09-03 00:00:00	e4 d5 d4 dxe4 Nc3 Nf6 Nge2 Bg4 h3 Bh5 g4 Bg6 Bg2 e6 Bg5 Be7 Qd2 Nc6 Bxf6 Bxf6 O-O-O h6 Nxe4 Bg5 Nxg5 hxg5 d5 Ne5 dxe6 fxe6 Qe3 Qf6 Nc3 Nc4 Qd4 Ne5 Qc5 Qf4+ Qe3 O-O Qxf4 Rxf4 f3 Nxf3 Bxf3 Rxf3 Rd7 Raf8 Kd2 Be8 Rxc7 Bc6 Re1 Rd8+ Ke2 Rxh3 Kf2 Rf8+ Ke2 Rff3 Kd2 Rh2+ Ne2 Kh7	1. e4 d5 2. d4 dxe4 3. Nc3 Nf6 4. Nge2 Bg4 5. h3 Bh5 6. g4 Bg6 7. Bg2 e6 8. Bg5 Be7 9. Qd2 Nc6 10. Bxf6 Bxf6 11. O-O-O h6 12. Nxe4 Bg5 13. Nxg5 hxg5 14. d5 Ne5 15. dxe6 fxe6 16. Qe3 Qf6 17. Nc3 Nc4 18. Qd4 Ne5 19. Qc5 Qf4+ 20. Qe3 O-O 21. Qxf4 Rxf4 22. f3 Nxf3 23. Bxf3 Rxf3 24. Rd7 Raf8 25. Kd2 Be8 26. Rxc7 Bc6 27. Re1 Rd8+ 28. Ke2 Rxh3 29. Kf2 Rf8+ 30. Ke2 Rff3 31. Kd2 Rh2+ 32. Ne2 Kh7	2023-09-01
https://www.chess.com/game/live/87587592025	300+5	True	blitz	chess	661	win	669	timeout	Live Chess	Chess.com	2023-09-04 00:00:00	Rhythmbear1	shabiii2020	1-0	5r2/1Rp2Pk1/3p2p1/p2P2Kp/P6P/4RP2/2B5/8 b - -	UTC	C50	https://www.chess.com/openings/Italian-Game-Blackburne-Shilling-Gambit	2023-09-04 17:31:58	2023-09-04 17:48:28	2023-09-04 00:00:00	e4 e5 Nf3 Nc6 Bc4 Nd4 Nxd4 exd4 d3 Bb4+ c3 dxc3 bxc3 Ba5 O-O Nf6 Nd2 Bxc3 Rb1 O-O Ba3 d6 Nf3 Ba5 e5 Bg4 exf6 Qxf6 Rxb7 Bxf3 Qxf3 Qxf3 gxf3 Bb6 Re1 Rfe8 Re4 Red8 Bb3 h6 Kg2 Rac8 Bb2 Kh7 d4 Rf8 Bc2 Kh8 d5 Rg8 Re7 Rgf8 f4 Rcd8 h4 Rc8 Kg3 Rcd8 f3 Rfe8 Rxf7 Rg8 f5 Rde8 f6 g6 Re7 Ref8 f7+ Rg7 Bxg7+ Kxg7 Kg4 h5+ Kg5 a5 a4 Be3+ Rxe3	1. e4 e5 2. Nf3 Nc6 3. Bc4 Nd4 4. Nxd4 exd4 5. d3 Bb4+ 6. c3 dxc3 7. bxc3 Ba5 8. O-O Nf6 9. Nd2 Bxc3 10. Rb1 O-O 11. Ba3 d6 12. Nf3 Ba5 13. e5 Bg4 14. exf6 Qxf6 15. Rxb7 Bxf3 16. Qxf3 Qxf3 17. gxf3 Bb6 18. Re1 Rfe8 19. Re4 Red8 20. Bb3 h6 21. Kg2 Rac8 22. Bb2 Kh7 23. d4 Rf8 24. Bc2 Kh8 25. d5 Rg8 26. Re7 Rgf8 27. f4 Rcd8 28. h4 Rc8 29. Kg3 Rcd8 30. f3 Rfe8 31. Rxf7 Rg8 32. f5 Rde8 33. f6 g6 34. Re7 Ref8 35. f7+ Rg7 36. Bxg7+ Kxg7 37. Kg4 h5+ 38. Kg5 a5 39. a4 Be3+ 40. Rxe3 	2023-09-01
https://www.chess.com/game/live/87588777409	300+5	True	blitz	chess	654	timeout	734	win	Live Chess	Chess.com	2023-09-04 00:00:00	Rhythmbear1	r3za_b	0-1	1k2r3/1pr3p1/pQPp3p/2nPn3/3R4/1B2q3/PP4PP/5RK1 w - -	UTC	C20	https://www.chess.com/openings/Bishops-Opening-Boi-Variation-3.Nf3	2023-09-04 17:51:10	2023-09-04 18:03:06	2023-09-04 00:00:00	e4 e5 Nf3 Bc5 Bc4 Bxf2+ Kxf2 Qf6 Rf1 d6 Kg1 Be6 Bb3 h6 d4 exd4 Nxd4 Qe7 Nc3 c6 Nxe6 fxe6 Qh5+ Kd8 Bf4 Nf6 Qe2 Kc7 Rad1 e5 Bg3 Nbd7 Nd5+ cxd5 exd5 Rac8 Bxe5 Nxe5 c4 Rhe8 c5 Kb8 c6 Rc7 Qb5 a6 Qb6 Ne4 Rd4 Nc5 Rc1 Qg5 Rf1 Qe3+	1. e4 e5 2. Nf3 Bc5 3. Bc4 Bxf2+ 4. Kxf2 Qf6 5. Rf1 d6 6. Kg1 Be6 7. Bb3 h6 8. d4 exd4 9. Nxd4 Qe7 10. Nc3 c6 11. Nxe6 fxe6 12. Qh5+ Kd8 13. Bf4 Nf6 14. Qe2 Kc7 15. Rad1 e5 16. Bg3 Nbd7 17. Nd5+ cxd5 18. exd5 Rac8 19. Bxe5 Nxe5 20. c4 Rhe8 21. c5 Kb8 22. c6 Rc7 23. Qb5 a6 24. Qb6 Ne4 25. Rd4 Nc5 26. Rc1 Qg5 27. Rf1 Qe3+	2023-09-01
[2025-03-10T01:35:12.796+0000] {logging_mixin.py:190} INFO - Previewing Dataframe
[2025-03-10T01:35:12.798+0000] {logging_mixin.py:190} INFO - game_url                        object
time_control                    object
rated                             bool
time_class                      object
rules                           object
white_rating                     int64
white_result                    object
black_rating                     int64
black_result                    object
pgn_event                       object
pgn_site                        object
game_date               datetime64[us]
pgn_white_user                  object
pgn_black_user                  object
pgn_result                      object
pgn_current_position            object
pgn_timezone                    object
pgn_eco                         object
pgn_eco_url                     object
start_time              datetime64[ns]
end_time                datetime64[ns]
end_game_date           datetime64[us]
pgn_raw                         object
pgn_trans                       object
last_updated            datetime64[us]
dtype: object
[2025-03-10T01:35:12.817+0000] {logging_mixin.py:190} INFO - https://www.chess.com/game/live/87473558365	300+5	True	blitz	chess	652	timeout	761	win	Live Chess	Chess.com	2023-09-03 00:00:00	Rhythmbear1	Gatsu777	0-1	8/ppR3pk/2b1p3/6p1/6P1/5r2/PPPKN2r/4R3 w - -	UTC	D00	https://www.chess.com/openings/Queens-Pawn-Opening-Blackmar-Blackmar-Diemer-Gambit-3...Nf6	2023-09-03 09:52:17	2023-09-03 10:06:54	2023-09-03 00:00:00	e4 d5 d4 dxe4 Nc3 Nf6 Nge2 Bg4 h3 Bh5 g4 Bg6 Bg2 e6 Bg5 Be7 Qd2 Nc6 Bxf6 Bxf6 O-O-O h6 Nxe4 Bg5 Nxg5 hxg5 d5 Ne5 dxe6 fxe6 Qe3 Qf6 Nc3 Nc4 Qd4 Ne5 Qc5 Qf4+ Qe3 O-O Qxf4 Rxf4 f3 Nxf3 Bxf3 Rxf3 Rd7 Raf8 Kd2 Be8 Rxc7 Bc6 Re1 Rd8+ Ke2 Rxh3 Kf2 Rf8+ Ke2 Rff3 Kd2 Rh2+ Ne2 Kh7	1. e4 d5 2. d4 dxe4 3. Nc3 Nf6 4. Nge2 Bg4 5. h3 Bh5 6. g4 Bg6 7. Bg2 e6 8. Bg5 Be7 9. Qd2 Nc6 10. Bxf6 Bxf6 11. O-O-O h6 12. Nxe4 Bg5 13. Nxg5 hxg5 14. d5 Ne5 15. dxe6 fxe6 16. Qe3 Qf6 17. Nc3 Nc4 18. Qd4 Ne5 19. Qc5 Qf4+ 20. Qe3 O-O 21. Qxf4 Rxf4 22. f3 Nxf3 23. Bxf3 Rxf3 24. Rd7 Raf8 25. Kd2 Be8 26. Rxc7 Bc6 27. Re1 Rd8+ 28. Ke2 Rxh3 29. Kf2 Rf8+ 30. Ke2 Rff3 31. Kd2 Rh2+ 32. Ne2 Kh7	2023-09-01 00:00:00
https://www.chess.com/game/live/87686434511	300+5	True	blitz	chess	694	resigned	680	win	Live Chess	Chess.com	2023-09-05 00:00:00	iamrobatooo	Rhythmbear1	0-1	8/pp6/4p3/2kp4/2P2P2/1P1B4/P4K2/6rq w - -	UTC	C01	https://www.chess.com/openings/French-Defense-Exchange-Variation-3...exd5-4.Nf3	2023-09-05 20:54:12	2023-09-05 21:07:34	2023-09-05 00:00:00	e4 e6 Nf3 d5 exd5 exd5 d4 c6 Qe2+ Be6 Qe5 Bd6 Qxg7 Qf6 Qxf6 Nxf6 Bd3 Nbd7 O-O O-O-O Bg5 Rde8 Re1 Rhg8 Nc3 Be7 h4 h5 g3 Ng4 Ne5 Bxg5 Nxg4 Bxg4 hxg5 Rxe1+ Rxe1 Rxg5 Re8+ Kc7 Re7 Rg7 Kg2 Be6 Na4 Kd8 Rxd7+ Kxd7 Nc5+ Kc7 Nxe6+ fxe6 c4 Kd6 b3 c5 dxc5+ Kxc5 f4 h4 Kf3 Rxg3+ Ke2 h3 Bh7 h2 Kf2 Rg1 Bd3 h1=Q	1. e4 e6 2. Nf3 d5 3. exd5 exd5 4. d4 c6 5. Qe2+ Be6 6. Qe5 Bd6 7. Qxg7 Qf6 8. Qxf6 Nxf6 9. Bd3 Nbd7 10. O-O O-O-O 11. Bg5 Rde8 12. Re1 Rhg8 13. Nc3 Be7 14. h4 h5 15. g3 Ng4 16. Ne5 Bxg5 17. Nxg4 Bxg4 18. hxg5 Rxe1+ 19. Rxe1 Rxg5 20. Re8+ Kc7 21. Re7 Rg7 22. Kg2 Be6 23. Na4 Kd8 24. Rxd7+ Kxd7 25. Nc5+ Kc7 26. Nxe6+ fxe6 27. c4 Kd6 28. b3 c5 29. dxc5+ Kxc5 30. f4 h4 31. Kf3 Rxg3+ 32. Ke2 h3 33. Bh7 h2 34. Kf2 Rg1 35. Bd3 h1=Q	2023-09-01 00:00:00
https://www.chess.com/game/live/87688965987	300+5	True	blitz	chess	705	win	679	abandoned	Live Chess	Chess.com	2023-09-05 00:00:00	Rhythmbear1	skifozoa	1-0	rnbqkb1r/pp2pppp/5n2/3p4/3P4/2N2N2/PPP2PPP/R1BQKB1R b KQkq d3	UTC	B10	https://www.chess.com/openings/Caro-Kann-Defense-2.Nf3-d5-3.exd5	2023-09-05 21:42:24	2023-09-05 21:46:01	2023-09-05 00:00:00	e4 c6 Nf3 d5 exd5 Nf6 Nc3 cxd5 d4	1. e4 c6 2. Nf3 d5 3. exd5 Nf6 4. Nc3 cxd5 5. d4 	2023-09-01 00:00:00
https://www.chess.com/game/live/88543879185	300+5	True	blitz	chess	733	resigned	763	win	Live Chess	Chess.com	2023-09-15 00:00:00	Rhythmbear1	Doni2444	0-1	4k3/ppp2r1N/3p3p/8/5P2/4K3/b5PP/8 w - -	UTC	C50	https://www.chess.com/openings/Italian-Game	2023-09-15 19:06:39	2023-09-15 19:14:18	2023-09-15 00:00:00	e4 e5 Nf3 Nc6 Bc4 Nh6 d4 Bd6 Bxh6 gxh6 dxe5 Bxe5 O-O Bxb2 Bxf7+ Kxf7 Qd5+ Ke8 Qh5+ Kf8 Qxh6+ Bg7 Qf4+ Qf6 Qxf6+ Bxf6 e5 Nxe5 Nbd2 Nxf3+ Nxf3 Bxa1 Rxa1 d6 c4 Be6 Re1 Re8 Ng5 Bxc4 Rxe8+ Kxe8 f4 Bxa2 Kf2 Rf8 Ke3 h6 Nh7 Rf7	1. e4 e5 2. Nf3 Nc6 3. Bc4 Nh6 4. d4 Bd6 5. Bxh6 gxh6 6. dxe5 Bxe5 7. O-O Bxb2 8. Bxf7+ Kxf7 9. Qd5+ Ke8 10. Qh5+ Kf8 11. Qxh6+ Bg7 12. Qf4+ Qf6 13. Qxf6+ Bxf6 14. e5 Nxe5 15. Nbd2 Nxf3+ 16. Nxf3 Bxa1 17. Rxa1 d6 18. c4 Be6 19. Re1 Re8 20. Ng5 Bxc4 21. Rxe8+ Kxe8 22. f4 Bxa2 23. Kf2 Rf8 24. Ke3 h6 25. Nh7 Rf7	2023-09-01 00:00:00
https://www.chess.com/game/live/88939931383	300+5	True	blitz	chess	727	win	663	checkmated	Live Chess	Chess.com	2023-09-20 00:00:00	Rhythmbear1	saChessm	1-0	5r2/6R1/p6R/5P2/5K1k/1P4p1/P7/8 b - -	UTC	C55	https://www.chess.com/openings/Italian-Game-Anti-Fried-Liver-Defense	2023-09-20 09:11:30	2023-09-20 09:19:42	2023-09-20 00:00:00	e4 e5 Nf3 Nc6 Bc4 h6 d4 Nf6 d5 Ne7 O-O c6 Nc3 cxd5 Nxd5 Nc6 Nxf6+ Qxf6 b3 Bc5 Bb2 d6 Bb5 Bg4 Qd3 a6 Bxc6+ bxc6 Rfd1 O-O h3 Bxf3 Qxf3 Qxf3 gxf3 Rfd8 Kg2 f6 Kg3 d5 Kg4 Bxf2 exd5 cxd5 Kf5 d4 c3 Bh4 cxd4 Rd5 Ke6 Rad8 dxe5 fxe5 Rxd5 Re8+ Kf5 Bf6 Bxe5 Bxe5 Rxe5 Rf8+ Ke4 Kh7 f4 g5 f5 h5 Rc1 g4 Rc7+ Kh6 hxg4 hxg4 Re6+ Kg5 Rg7+ Kh4 Kf4 g3 Rh6#	1. e4 e5 2. Nf3 Nc6 3. Bc4 h6 4. d4 Nf6 5. d5 Ne7 6. O-O c6 7. Nc3 cxd5 8. Nxd5 Nc6 9. Nxf6+ Qxf6 10. b3 Bc5 11. Bb2 d6 12. Bb5 Bg4 13. Qd3 a6 14. Bxc6+ bxc6 15. Rfd1 O-O 16. h3 Bxf3 17. Qxf3 Qxf3 18. gxf3 Rfd8 19. Kg2 f6 20. Kg3 d5 21. Kg4 Bxf2 22. exd5 cxd5 23. Kf5 d4 24. c3 Bh4 25. cxd4 Rd5 26. Ke6 Rad8 27. dxe5 fxe5 28. Rxd5 Re8+ 29. Kf5 Bf6 30. Bxe5 Bxe5 31. Rxe5 Rf8+ 32. Ke4 Kh7 33. f4 g5 34. f5 h5 35. Rc1 g4 36. Rc7+ Kh6 37. hxg4 hxg4 38. Re6+ Kg5 39. Rg7+ Kh4 40. Kf4 g3 41. Rh6# 	2023-09-01 00:00:00
[2025-03-10T01:35:13.822+0000] {python.py:240} INFO - Done. Returned value was: None
[2025-03-10T01:35:13.842+0000] {taskinstance.py:340} INFO - ::group::Post task execution logs
[2025-03-10T01:35:13.844+0000] {taskinstance.py:352} INFO - Marking task as SUCCESS. dag_id=pull_data_from_chess_api, task_id=load_to_gold_layer, run_id=scheduled__2023-09-01T00:00:00+00:00, execution_date=20230901T000000, start_date=20250310T013510, end_date=20250310T013513
[2025-03-10T01:35:13.908+0000] {local_task_job_runner.py:266} INFO - Task exited with return code 0
[2025-03-10T01:35:13.948+0000] {taskinstance.py:3900} INFO - 0 downstream tasks scheduled from follow-on schedule check
[2025-03-10T01:35:13.955+0000] {local_task_job_runner.py:245} INFO - ::endgroup::
