[2025-03-31T18:21:30.818+0000] {local_task_job_runner.py:123} INFO - ::group::Pre task execution logs
[2025-03-31T18:21:30.869+0000] {taskinstance.py:2612} INFO - Dependencies all met for dep_context=non-requeueable deps ti=<TaskInstance: load_data_warehouse.load_dim_time_control_dw dataset_triggered__2025-03-31T18:21:08.756478+00:00 [queued]>
[2025-03-31T18:21:30.888+0000] {taskinstance.py:2612} INFO - Dependencies all met for dep_context=requeueable deps ti=<TaskInstance: load_data_warehouse.load_dim_time_control_dw dataset_triggered__2025-03-31T18:21:08.756478+00:00 [queued]>
[2025-03-31T18:21:30.889+0000] {taskinstance.py:2865} INFO - Starting attempt 1 of 2
[2025-03-31T18:21:30.923+0000] {taskinstance.py:2888} INFO - Executing <Task(PythonOperator): load_dim_time_control_dw> on 2025-03-31 18:21:08.756478+00:00
[2025-03-31T18:21:30.945+0000] {warnings.py:112} WARNING - /home/***/.local/lib/python3.12/site-packages/***/task/task_runner/standard_task_runner.py:70: DeprecationWarning: This process (pid=16629) is multi-threaded, use of fork() may lead to deadlocks in the child.
  pid = os.fork()

[2025-03-31T18:21:30.949+0000] {standard_task_runner.py:72} INFO - Started process 16677 to run task
[2025-03-31T18:21:30.948+0000] {standard_task_runner.py:104} INFO - Running: ['***', 'tasks', 'run', 'load_data_warehouse', 'load_dim_time_control_dw', 'dataset_triggered__2025-03-31T18:21:08.756478+00:00', '--job-id', '1117', '--raw', '--subdir', 'DAGS_FOLDER/load_data_warehouse_dag.py', '--cfg-path', '/tmp/tmp23pipaez']
[2025-03-31T18:21:30.958+0000] {standard_task_runner.py:105} INFO - Job 1117: Subtask load_dim_time_control_dw
[2025-03-31T18:21:31.117+0000] {task_command.py:467} INFO - Running <TaskInstance: load_data_warehouse.load_dim_time_control_dw dataset_triggered__2025-03-31T18:21:08.756478+00:00 [running]> on host 3b3ac09dc50a
[2025-03-31T18:21:31.468+0000] {taskinstance.py:3131} INFO - Exporting env vars: AIRFLOW_CTX_DAG_OWNER='***' AIRFLOW_CTX_DAG_ID='load_data_warehouse' AIRFLOW_CTX_TASK_ID='load_dim_time_control_dw' AIRFLOW_CTX_EXECUTION_DATE='2025-03-31T18:21:08.756478+00:00' AIRFLOW_CTX_TRY_NUMBER='1' AIRFLOW_CTX_DAG_RUN_ID='dataset_triggered__2025-03-31T18:21:08.756478+00:00'
[2025-03-31T18:21:31.475+0000] {taskinstance.py:731} INFO - ::endgroup::
[2025-03-31T18:21:36.203+0000] {logging_mixin.py:190} INFO - ✅ gold/dim_time_control.parquet Loaded: 10 rows, 2 columns
[2025-03-31T18:21:36.227+0000] {base.py:84} INFO - Retrieving connection 'azure_chess_dw'
[2025-03-31T18:21:36.256+0000] {base.py:84} INFO - Retrieving connection 'azure_chess_dw'
[2025-03-31T18:21:44.838+0000] {logging_mixin.py:190} INFO - Successfully Loaded gold/dim_time_control.parquet Data to Postgres table dim_time_control
[2025-03-31T18:21:44.841+0000] {python.py:240} INFO - Done. Returned value was: None
[2025-03-31T18:21:44.856+0000] {taskinstance.py:340} INFO - ::group::Post task execution logs
[2025-03-31T18:21:44.857+0000] {taskinstance.py:352} INFO - Marking task as SUCCESS. dag_id=load_data_warehouse, task_id=load_dim_time_control_dw, run_id=dataset_triggered__2025-03-31T18:21:08.756478+00:00, execution_date=20250331T182108, start_date=20250331T182130, end_date=20250331T182144
[2025-03-31T18:21:44.926+0000] {local_task_job_runner.py:266} INFO - Task exited with return code 0
[2025-03-31T18:21:44.941+0000] {local_task_job_runner.py:245} INFO - ::endgroup::
