[2025-03-19T20:46:57.319+0000] {local_task_job_runner.py:123} INFO - ::group::Pre task execution logs
[2025-03-19T20:46:57.358+0000] {taskinstance.py:2612} INFO - Dependencies all met for dep_context=non-requeueable deps ti=<TaskInstance: pull_data_from_chess_api.load_to_gold_layer manual__2025-03-10T01:32:14.394982+00:00 [queued]>
[2025-03-19T20:46:57.370+0000] {taskinstance.py:2612} INFO - Dependencies all met for dep_context=requeueable deps ti=<TaskInstance: pull_data_from_chess_api.load_to_gold_layer manual__2025-03-10T01:32:14.394982+00:00 [queued]>
[2025-03-19T20:46:57.371+0000] {taskinstance.py:2865} INFO - Starting attempt 3 of 4
[2025-03-19T20:46:57.390+0000] {taskinstance.py:2888} INFO - Executing <Task(PythonOperator): load_to_gold_layer> on 2025-03-10 01:32:14.394982+00:00
[2025-03-19T20:46:57.405+0000] {warnings.py:112} WARNING - /home/***/.local/lib/python3.12/site-packages/***/task/task_runner/standard_task_runner.py:70: DeprecationWarning: This process (pid=3332) is multi-threaded, use of fork() may lead to deadlocks in the child.
  pid = os.fork()

[2025-03-19T20:46:57.406+0000] {standard_task_runner.py:72} INFO - Started process 3341 to run task
[2025-03-19T20:46:57.407+0000] {standard_task_runner.py:104} INFO - Running: ['***', 'tasks', 'run', 'pull_data_from_chess_api', 'load_to_gold_layer', 'manual__2025-03-10T01:32:14.394982+00:00', '--job-id', '634', '--raw', '--subdir', 'DAGS_FOLDER/collect_chess_data_dag.py', '--cfg-path', '/tmp/tmpctl_3xw7']
[2025-03-19T20:46:57.409+0000] {standard_task_runner.py:105} INFO - Job 634: Subtask load_to_gold_layer
[2025-03-19T20:46:57.494+0000] {task_command.py:467} INFO - Running <TaskInstance: pull_data_from_chess_api.load_to_gold_layer manual__2025-03-10T01:32:14.394982+00:00 [running]> on host d836e7f15298
[2025-03-19T20:46:57.626+0000] {taskinstance.py:3131} INFO - Exporting env vars: AIRFLOW_CTX_DAG_OWNER='***' AIRFLOW_CTX_DAG_ID='pull_data_from_chess_api' AIRFLOW_CTX_TASK_ID='load_to_gold_layer' AIRFLOW_CTX_EXECUTION_DATE='2025-03-10T01:32:14.394982+00:00' AIRFLOW_CTX_TRY_NUMBER='3' AIRFLOW_CTX_DAG_RUN_ID='manual__2025-03-10T01:32:14.394982+00:00'
[2025-03-19T20:46:57.627+0000] {taskinstance.py:731} INFO - ::endgroup::
[2025-03-19T20:46:57.641+0000] {logging_mixin.py:190} INFO - Execution Date: 2025-03-10
[2025-03-19T20:46:57.643+0000] {connection.py:531} ERROR - Unable to retrieve connection from secrets backend (EnvironmentVariablesBackend). Checking subsequent secrets backend.
Traceback (most recent call last):
  File "/home/airflow/.local/lib/python3.12/site-packages/airflow/models/connection.py", line 526, in get_connection_from_secrets
    conn = secrets_backend.get_connection(conn_id=conn_id)
           ^^^^^^^^^^^^^^^^^^^^^^^^^^^^^^^^^^^^^^^^^^^^^^^
  File "/home/airflow/.local/lib/python3.12/site-packages/airflow/secrets/base_secrets.py", line 116, in get_connection
    return self.deserialize_connection(conn_id=conn_id, value=value)
           ^^^^^^^^^^^^^^^^^^^^^^^^^^^^^^^^^^^^^^^^^^^^^^^^^^^^^^^^^
  File "/home/airflow/.local/lib/python3.12/site-packages/airflow/secrets/base_secrets.py", line 70, in deserialize_connection
    return Connection(conn_id=conn_id, uri=value)
           ^^^^^^^^^^^^^^^^^^^^^^^^^^^^^^^^^^^^^^
  File "<string>", line 4, in __init__
  File "/home/airflow/.local/lib/python3.12/site-packages/sqlalchemy/orm/state.py", line 481, in _initialize_instance
    with util.safe_reraise():
         ^^^^^^^^^^^^^^^^^^^
  File "/home/airflow/.local/lib/python3.12/site-packages/sqlalchemy/util/langhelpers.py", line 70, in __exit__
    compat.raise_(
  File "/home/airflow/.local/lib/python3.12/site-packages/sqlalchemy/util/compat.py", line 211, in raise_
    raise exception
  File "/home/airflow/.local/lib/python3.12/site-packages/sqlalchemy/orm/state.py", line 479, in _initialize_instance
    return manager.original_init(*mixed[1:], **kwargs)
           ^^^^^^^^^^^^^^^^^^^^^^^^^^^^^^^^^^^^^^^^^^^
  File "/home/airflow/.local/lib/python3.12/site-packages/airflow/models/connection.py", line 169, in __init__
    self._parse_from_uri(uri)
  File "/home/airflow/.local/lib/python3.12/site-packages/airflow/models/connection.py", line 257, in _parse_from_uri
    self.port = uri_parts.port
                ^^^^^^^^^^^^^^
  File "/usr/local/lib/python3.12/urllib/parse.py", line 182, in port
    raise ValueError(f"Port could not be cast to integer value as {port!r}")
ValueError: Port could not be cast to integer value as 'DefaultEndpointsProtocol=https;AccountName=rbchesssa;AccountKey=lG9W+utkpTNorE0rTLlfDMUZsTPleXk6pXv6NnfDTi'
[2025-03-19T20:46:57.656+0000] {base.py:84} INFO - Retrieving connection 'azure_chess_storage'
[2025-03-19T20:46:59.084+0000] {logging_mixin.py:190} INFO - Previewing Dataframe
[2025-03-19T20:46:59.093+0000] {logging_mixin.py:190} INFO - game_url                        object
time_control                    object
rated                             bool
time_class                      object
rules                           object
white_rating                     int64
white_result                    object
black_rating                     int64
black_result                    object
pgn_event                       object
pgn_site                        object
game_date               datetime64[us]
pgn_white_user                  object
pgn_black_user                  object
pgn_result                      object
pgn_current_position            object
pgn_timezone                    object
pgn_eco                         object
pgn_eco_url                     object
start_time              datetime64[ns]
end_time                datetime64[ns]
end_game_date           datetime64[us]
pgn_raw                         object
pgn_trans                       object
last_updated                    object
dtype: object
[2025-03-19T20:46:59.117+0000] {logging_mixin.py:190} INFO - https://www.chess.com/game/live/123421379368	120+1	True	bullet	chess	927	resigned	928	win	Live Chess	Chess.com	2025-03-01 00:00:00	Rhythmbear1	sa2_3	0-1	r1b5/pp6/2n5/3k2b1/3qp3/8/PPP3PP/5R1K w - -	UTC	C23	https://www.chess.com/openings/Bishops-Opening-Philidor-Counterattack-3.d4-d5-4.exd5-cxd5	2025-03-01 11:59:07	2025-03-01 12:02:25	2025-03-01 00:00:00	e4 c6 d4 e5 Bc4 d5 exd5 cxd5 Bb3 e4 f3 exf3 Nxf3 Nf6 O-O Be7 Re1 O-O Bg5 Ne4 Ne5 Bxg5 Nxf7 Rxf7 Rxe4 dxe4 Bxf7+ Kxf7 Qh5+ g6 Qxh7+ Kf6 Nd2 Qxd4+ Kh1 Bxd2 Rf1+ Ke5 Qxg6 Nc6 Qf6+ Kd5 Qg5+ Bxg5	1. e4 c6 2. d4 e5 3. Bc4 d5 4. exd5 cxd5 5. Bb3 e4 6. f3 exf3 7. Nxf3 Nf6 8. O-O Be7 9. Re1 O-O 10. Bg5 Ne4 11. Ne5 Bxg5 12. Nxf7 Rxf7 13. Rxe4 dxe4 14. Bxf7+ Kxf7 15. Qh5+ g6 16. Qxh7+ Kf6 17. Nd2 Qxd4+ 18. Kh1 Bxd2 19. Rf1+ Ke5 20. Qxg6 Nc6 21. Qf6+ Kd5 22. Qg5+ Bxg5	2025-03-10
https://www.chess.com/game/live/123421480904	120+1	True	bullet	chess	986	win	920	timeout	Live Chess	Chess.com	2025-03-01 00:00:00	SoulEaterEXO9	Rhythmbear1	1-0	r4rk1/5pp1/7p/3p4/P7/4P3/1Q1p1PPP/2R2RK1 b - -	UTC	A40	https://www.chess.com/openings/Englund-Gambit	2025-03-01 12:02:46	2025-03-01 12:06:44	2025-03-01 00:00:00	d4 e5 c4 exd4 Qxd4 c5 Qd1 Nc6 Nf3 Nf6 Nc3 Be7 Bg5 O-O e3 h6 Bh4 a6 Bd3 b5 cxb5 axb5 Nxb5 Qa5+ Nc3 Nd5 O-O Nxc3 bxc3 Bxh4 Nxh4 Qxc3 Nf5 d5 Qg4 Bxf5 Bxf5 Ne5 Qf4 c4 a4 Nd3 Bxd3 cxd3 Rac1 Qb2 Qd4 d2 Qxb2	1. d4 e5 2. c4 exd4 3. Qxd4 c5 4. Qd1 Nc6 5. Nf3 Nf6 6. Nc3 Be7 7. Bg5 O-O 8. e3 h6 9. Bh4 a6 10. Bd3 b5 11. cxb5 axb5 12. Nxb5 Qa5+ 13. Nc3 Nd5 14. O-O Nxc3 15. bxc3 Bxh4 16. Nxh4 Qxc3 17. Nf5 d5 18. Qg4 Bxf5 19. Bxf5 Ne5 20. Qf4 c4 21. a4 Nd3 22. Bxd3 cxd3 23. Rac1 Qb2 24. Qd4 d2 25. Qxb2 	2025-03-10
https://www.chess.com/game/live/123421594752	120+1	True	bullet	chess	912	resigned	919	win	Live Chess	Chess.com	2025-03-01 00:00:00	Rhythmbear1	Valentin_formica	0-1	r5k1/ppp3p1/5n1p/4b3/6b1/3P4/P1P3PP/RN5K w - -	UTC	C57	https://www.chess.com/openings/Italian-Game-Knight-Attack	2025-03-01 12:06:52	2025-03-01 12:09:01	2025-03-01 00:00:00	e4 e5 Nf3 Nc6 Bc4 Nf6 Ng5 h6 Nxf7 Qe7 Nxh8 Nxe4 Ng6 Qf6 O-O Qxg6 f4 d6 fxe5 dxe5 Bf7+ Qxf7 Rxf7 Kxf7 Qh5+ Kg8 d3 Nf6 Qf3 Bg4 Qg3 Bc5+ Be3 Nd4 Bxd4 Bxd4+ Kh1 Bxb2 Qxe5 Bxe5	1. e4 e5 2. Nf3 Nc6 3. Bc4 Nf6 4. Ng5 h6 5. Nxf7 Qe7 6. Nxh8 Nxe4 7. Ng6 Qf6 8. O-O Qxg6 9. f4 d6 10. fxe5 dxe5 11. Bf7+ Qxf7 12. Rxf7 Kxf7 13. Qh5+ Kg8 14. d3 Nf6 15. Qf3 Bg4 16. Qg3 Bc5+ 17. Be3 Nd4 18. Bxd4 Bxd4+ 19. Kh1 Bxb2 20. Qxe5 Bxe5	2025-03-10
https://www.chess.com/game/live/123421658130	120+1	True	bullet	chess	899	resigned	920	win	Live Chess	Chess.com	2025-03-01 00:00:00	Smartservos	Rhythmbear1	0-1	r1b3k1/p2p2pp/1ppBrp2/8/1P2P2n/8/qPQ2PPP/3R1RK1 w - -	UTC	A40	https://www.chess.com/openings/Englund-Gambit-2.dxe5-Bc5	2025-03-01 12:09:07	2025-03-01 12:12:10	2025-03-01 00:00:00	d4 e5 dxe5 Bc5 Nc3 Nc6 Nf3 Nge7 e4 Ng6 Bd3 Ncxe5 O-O Nxd3 Qxd3 O-O Bg5 f6 Be3 Bd6 Rad1 Qe7 Nd5 Qf7 c3 c6 Nb4 Bxb4 cxb4 Qxa2 Bc5 Re8 Qc2 b6 Bd6 Re6 Nh4 Nxh4	1. d4 e5 2. dxe5 Bc5 3. Nc3 Nc6 4. Nf3 Nge7 5. e4 Ng6 6. Bd3 Ncxe5 7. O-O Nxd3 8. Qxd3 O-O 9. Bg5 f6 10. Be3 Bd6 11. Rad1 Qe7 12. Nd5 Qf7 13. c3 c6 14. Nb4 Bxb4 15. cxb4 Qxa2 16. Bc5 Re8 17. Qc2 b6 18. Bd6 Re6 19. Nh4 Nxh4	2025-03-10
https://www.chess.com/game/live/123421749462	120+1	True	bullet	chess	913	timeout	962	win	Live Chess	Chess.com	2025-03-01 00:00:00	Rhythmbear1	mishahhd	0-1	8/5pbk/7p/q2p4/2pP4/2Pb2NP/3Q1PPK/8 w - -	UTC	B50	https://www.chess.com/openings/Sicilian-Defense-2.Nf3-d6-3.Bc4	2025-03-01 12:12:20	2025-03-01 12:17:50	2025-03-01 00:00:00	e4 c5 Nf3 d6 Bc4 Nd7 Ng5 e6 Qf3 Ngf6 O-O Be7 d3 O-O b3 h6 Nh3 a6 a4 b6 Na3 Bb7 Bb2 Qc7 Bxf6 Bxf6 Rab1 Ne5 Qe2 Nxc4 Nxc4 b5 axb5 axb5 Ne3 Rad8 Nf4 d5 Nh5 Bd4 exd5 exd5 Nf5 Rfe8 Nxh6+ Kh7 Qg4 gxh6 Ng3 Bc8 Qd1 Bf5 Qh5 Bg6 Qd1 Re7 Qd2 Rde8 c3 Bg7 d4 c4 bxc4 bxc4 Rfe1 Rxe1+ Rxe1 Rxe1+ Qxe1 Bd3 Qd2 Qa5 h3 Qa1+ Kh2 Qa5	1. e4 c5 2. Nf3 d6 3. Bc4 Nd7 4. Ng5 e6 5. Qf3 Ngf6 6. O-O Be7 7. d3 O-O 8. b3 h6 9. Nh3 a6 10. a4 b6 11. Na3 Bb7 12. Bb2 Qc7 13. Bxf6 Bxf6 14. Rab1 Ne5 15. Qe2 Nxc4 16. Nxc4 b5 17. axb5 axb5 18. Ne3 Rad8 19. Nf4 d5 20. Nh5 Bd4 21. exd5 exd5 22. Nf5 Rfe8 23. Nxh6+ Kh7 24. Qg4 gxh6 25. Ng3 Bc8 26. Qd1 Bf5 27. Qh5 Bg6 28. Qd1 Re7 29. Qd2 Rde8 30. c3 Bg7 31. d4 c4 32. bxc4 bxc4 33. Rfe1 Rxe1+ 34. Rxe1 Rxe1+ 35. Qxe1 Bd3 36. Qd2 Qa5 37. h3 Qa1+ 38. Kh2 Qa5	2025-03-10
[2025-03-19T20:47:03.623+0000] {logging_mixin.py:190} INFO - Previewing Dataframe
[2025-03-19T20:47:03.626+0000] {logging_mixin.py:190} INFO - game_url                        object
time_control                    object
rated                             bool
time_class                      object
rules                           object
white_rating                     int64
white_result                    object
black_rating                     int64
black_result                    object
pgn_event                       object
pgn_site                        object
game_date               datetime64[us]
pgn_white_user                  object
pgn_black_user                  object
pgn_result                      object
pgn_current_position            object
pgn_timezone                    object
pgn_eco                         object
pgn_eco_url                     object
start_time              datetime64[ns]
end_time                datetime64[ns]
end_game_date           datetime64[us]
pgn_raw                         object
pgn_trans                       object
last_updated            datetime64[us]
dtype: object
[2025-03-19T20:47:03.660+0000] {logging_mixin.py:190} INFO - https://www.chess.com/game/live/100007055741	600	True	rapid	chess	1252	win	1256	resigned	Live Chess	Chess.com	2024-01-26 00:00:00	Rhythmbear1	tora44	1-0	r1bqk2r/pp1n1ppp/2pB1n2/4p3/4P3/2PP1N2/P1P1BPPP/R2QK2R b KQkq -	UTC	C42	https://www.chess.com/openings/Petrovs-Defense-Three-Knights-Game-3...Bb4	2024-01-26 11:24:21	2024-01-26 11:26:04	2024-01-26 00:00:00	e4 e5 Nf3 Nf6 Nc3 Bb4 d3 Bxc3+ bxc3 c6 Ba3 d6 Be2 Nbd7 Bxd6	1. e4 e5 2. Nf3 Nf6 3. Nc3 Bb4 4. d3 Bxc3+ 5. bxc3 c6 6. Ba3 d6 7. Be2 Nbd7 8. Bxd6 	2024-01-01 00:00:00
https://www.chess.com/game/live/100381445879	600	True	rapid	chess	1327	win	1309	abandoned	Live Chess	Chess.com	2024-01-30 00:00:00	ROBNYC13	Rhythmbear1	1-0	1k1R4/5p2/p1r5/1p6/2p3n1/N1P3P1/PPK2P2/5R2 b - -	UTC	C00	https://www.chess.com/openings/French-Defense-Knight-Variation-2...d5-3.exd5-exd5	2024-01-30 19:21:58	2024-01-30 19:28:57	2024-01-30 00:00:00	e4 e6 Nf3 d5 exd5 exd5 Nd4 c5 Bb5+ Bd7 Bxd7+ Qxd7 Nf3 Nf6 h3 Nc6 c3 O-O-O O-O h5 d3 Be7 Bg5 Nh7 Bh4 g5 Bg3 g4 hxg4 hxg4 Nh4 Bxh4 Bxh4 Nf8 Bxd8 Qd6 g3 Qh6 Qxg4+ Kb8 Bh4 Ng6 Qg5 Nxh4 Qxh6 Nf3+ Kg2 Rxh6 Kxf3 Ne5+ Ke3 Ng4+ Ke2 Re6+ Kd2 c4 dxc4 dxc4 Na3 Rd6+ Ke2 Re6+ Kd2 Rd6+ Kc2 Rc6 Rad1 a6 Rd2 b5 Rd8+	1. e4 e6 2. Nf3 d5 3. exd5 exd5 4. Nd4 c5 5. Bb5+ Bd7 6. Bxd7+ Qxd7 7. Nf3 Nf6 8. h3 Nc6 9. c3 O-O-O 10. O-O h5 11. d3 Be7 12. Bg5 Nh7 13. Bh4 g5 14. Bg3 g4 15. hxg4 hxg4 16. Nh4 Bxh4 17. Bxh4 Nf8 18. Bxd8 Qd6 19. g3 Qh6 20. Qxg4+ Kb8 21. Bh4 Ng6 22. Qg5 Nxh4 23. Qxh6 Nf3+ 24. Kg2 Rxh6 25. Kxf3 Ne5+ 26. Ke3 Ng4+ 27. Ke2 Re6+ 28. Kd2 c4 29. dxc4 dxc4 30. Na3 Rd6+ 31. Ke2 Re6+ 32. Kd2 Rd6+ 33. Kc2 Rc6 34. Rad1 a6 35. Rd2 b5 36. Rd8+ 	2024-01-01 00:00:00
https://www.chess.com/game/live/100710790583	600	True	rapid	chess	1314	win	1314	resigned	Live Chess	Chess.com	2024-02-03 00:00:00	Deadbushmaster	Rhythmbear1	1-0	1B4k1/pp2Q1pp/1bp5/5p2/PPq5/7P/5PP1/5RK1 b - -	UTC	A13	https://www.chess.com/openings/English-Opening-Agincourt-Defense-2.Nf3	2024-02-03 14:49:20	2024-02-03 15:04:58	2024-02-03 00:00:00	c4 e6 Nf3 Bc5 Nc3 d5 cxd5 Nf6 dxe6 Bxe6 d4 Bb6 e4 O-O Bf4 Ba5 Qd3 Nc6 d5 Nb4 Qd2 Bc8 a3 Nbxd5 exd5 Nxd5 b4 Re8+ Be2 Nxc3 Qxc3 Bb6 a4 Bg4 h3 Bxf3 Qxf3 Qf6 Ra2 c6 O-O Qg6 Bd3 f5 Re2 Rxe2 Qxe2 Rf8 Qe5 Qh5 Qe7 Qf7 Bc4 Qxc4 Bd6 Rb8 Bxb8	1. c4 e6 2. Nf3 Bc5 3. Nc3 d5 4. cxd5 Nf6 5. dxe6 Bxe6 6. d4 Bb6 7. e4 O-O 8. Bf4 Ba5 9. Qd3 Nc6 10. d5 Nb4 11. Qd2 Bc8 12. a3 Nbxd5 13. exd5 Nxd5 14. b4 Re8+ 15. Be2 Nxc3 16. Qxc3 Bb6 17. a4 Bg4 18. h3 Bxf3 19. Qxf3 Qf6 20. Ra2 c6 21. O-O Qg6 22. Bd3 f5 23. Re2 Rxe2 24. Qxe2 Rf8 25. Qe5 Qh5 26. Qe7 Qf7 27. Bc4 Qxc4 28. Bd6 Rb8 29. Bxb8 	2024-02-01 00:00:00
https://www.chess.com/game/live/100905148609	120+1	True	bullet	chess	528	win	567	timeout	Live Chess	Chess.com	2024-02-05 00:00:00	tantoblade	Rhythmbear1	1-0	5rk1/6pn/4p2p/2p2p1q/6P1/1P1P1P1P/2P5/4QRK1 b - g3	UTC	B40	https://www.chess.com/openings/Sicilian-Defense-French-Variation-3.Nc3-d5	2024-02-05 20:47:05	2024-02-05 20:52:06	2024-02-05 00:00:00	e4 e6 Nf3 d5 Nc3 c5 Bb5+ Bd7 a4 d4 Ne5 dxc3 Qf3 Nf6 Qxc3 Be7 Qd3 O-O Nxd7 Nbxd7 O-O a6 Bc4 Ne5 Qb3 Nxc4 Qxc4 b5 axb5 axb5 Rxa8 Qxa8 Qxb5 Nxe4 b3 Nf6 Bb2 Qd5 d3 Qh5 h3 Nd5 Qc4 Bf6 Bxf6 Nxf6 Qc3 h6 Qe1 Nh7 f3 f5 g4	1. e4 e6 2. Nf3 d5 3. Nc3 c5 4. Bb5+ Bd7 5. a4 d4 6. Ne5 dxc3 7. Qf3 Nf6 8. Qxc3 Be7 9. Qd3 O-O 10. Nxd7 Nbxd7 11. O-O a6 12. Bc4 Ne5 13. Qb3 Nxc4 14. Qxc4 b5 15. axb5 axb5 16. Rxa8 Qxa8 17. Qxb5 Nxe4 18. b3 Nf6 19. Bb2 Qd5 20. d3 Qh5 21. h3 Nd5 22. Qc4 Bf6 23. Bxf6 Nxf6 24. Qc3 h6 25. Qe1 Nh7 26. f3 f5 27. g4 	2024-02-01 00:00:00
https://www.chess.com/game/live/100961578407	120+1	True	bullet	chess	505	timeout	609	win	Live Chess	Chess.com	2024-02-06 00:00:00	MonirNatto	Rhythmbear1	0-1	5rk1/p4ppp/Pp2p3/1P1p4/4n1Q1/6P1/5q1P/2R1R2K w - -	UTC	C02	https://www.chess.com/openings/French-Defense-Advance-Variation-3...c5	2024-02-06 12:28:50	2024-02-06 12:33:41	2024-02-06 00:00:00	e4 e6 d4 d5 e5 c5 Bb5+ Bd7 Bxd7+ Qxd7 dxc5 Bxc5 Nf3 Bb6 O-O Ne7 Nc3 Ng6 Bg5 O-O a4 Nc6 Re1 Bc7 Nb5 Bxe5 Nxe5 Ncxe5 Bf4 Nc6 Bd6 Rfe8 Nc7 Qxd6 Nxa8 Rxa8 a5 Rc8 a6 b6 c3 Nce5 b4 Nc4 g3 Nge5 b5 Ng4 Qxg4 Qc5 Rab1 Nd2 Rb2 Qxc3 Ra2 Ne4 Raa1 Qc5 Rac1 Qxf2+ Kh1 Rf8	1. e4 e6 2. d4 d5 3. e5 c5 4. Bb5+ Bd7 5. Bxd7+ Qxd7 6. dxc5 Bxc5 7. Nf3 Bb6 8. O-O Ne7 9. Nc3 Ng6 10. Bg5 O-O 11. a4 Nc6 12. Re1 Bc7 13. Nb5 Bxe5 14. Nxe5 Ncxe5 15. Bf4 Nc6 16. Bd6 Rfe8 17. Nc7 Qxd6 18. Nxa8 Rxa8 19. a5 Rc8 20. a6 b6 21. c3 Nce5 22. b4 Nc4 23. g3 Nge5 24. b5 Ng4 25. Qxg4 Qc5 26. Rab1 Nd2 27. Rb2 Qxc3 28. Ra2 Ne4 29. Raa1 Qc5 30. Rac1 Qxf2+ 31. Kh1 Rf8	2024-02-01 00:00:00
[2025-03-19T20:47:06.177+0000] {python.py:240} INFO - Done. Returned value was: None
[2025-03-19T20:47:06.189+0000] {taskinstance.py:340} INFO - ::group::Post task execution logs
[2025-03-19T20:47:06.189+0000] {taskinstance.py:352} INFO - Marking task as SUCCESS. dag_id=pull_data_from_chess_api, task_id=load_to_gold_layer, run_id=manual__2025-03-10T01:32:14.394982+00:00, execution_date=20250310T013214, start_date=20250319T204657, end_date=20250319T204706
[2025-03-19T20:47:06.234+0000] {local_task_job_runner.py:266} INFO - Task exited with return code 0
[2025-03-19T20:47:06.253+0000] {taskinstance.py:3900} INFO - 0 downstream tasks scheduled from follow-on schedule check
[2025-03-19T20:47:06.255+0000] {local_task_job_runner.py:245} INFO - ::endgroup::
