[2025-03-21T20:41:39.955+0000] {local_task_job_runner.py:123} INFO - ::group::Pre task execution logs
[2025-03-21T20:41:39.975+0000] {taskinstance.py:2612} INFO - Dependencies all met for dep_context=non-requeueable deps ti=<TaskInstance: pull_data_from_chess_api.load_to_gold_layer manual__2025-03-10T01:32:14.394982+00:00 [queued]>
[2025-03-21T20:41:39.986+0000] {taskinstance.py:2612} INFO - Dependencies all met for dep_context=requeueable deps ti=<TaskInstance: pull_data_from_chess_api.load_to_gold_layer manual__2025-03-10T01:32:14.394982+00:00 [queued]>
[2025-03-21T20:41:39.987+0000] {taskinstance.py:2865} INFO - Starting attempt 4 of 5
[2025-03-21T20:41:40.006+0000] {taskinstance.py:2888} INFO - Executing <Task(PythonOperator): load_to_gold_layer> on 2025-03-10 01:32:14.394982+00:00
[2025-03-21T20:41:40.014+0000] {warnings.py:112} WARNING - /home/***/.local/lib/python3.12/site-packages/***/task/task_runner/standard_task_runner.py:70: DeprecationWarning: This process (pid=1169) is multi-threaded, use of fork() may lead to deadlocks in the child.
  pid = os.fork()

[2025-03-21T20:41:40.015+0000] {standard_task_runner.py:72} INFO - Started process 1185 to run task
[2025-03-21T20:41:40.016+0000] {standard_task_runner.py:104} INFO - Running: ['***', 'tasks', 'run', 'pull_data_from_chess_api', 'load_to_gold_layer', 'manual__2025-03-10T01:32:14.394982+00:00', '--job-id', '658', '--raw', '--subdir', 'DAGS_FOLDER/collect_chess_data_dag.py', '--cfg-path', '/tmp/tmpnvn0j0qe']
[2025-03-21T20:41:40.019+0000] {standard_task_runner.py:105} INFO - Job 658: Subtask load_to_gold_layer
[2025-03-21T20:41:40.072+0000] {task_command.py:467} INFO - Running <TaskInstance: pull_data_from_chess_api.load_to_gold_layer manual__2025-03-10T01:32:14.394982+00:00 [running]> on host 8de4e0a4beb2
[2025-03-21T20:41:40.178+0000] {taskinstance.py:3131} INFO - Exporting env vars: AIRFLOW_CTX_DAG_OWNER='***' AIRFLOW_CTX_DAG_ID='pull_data_from_chess_api' AIRFLOW_CTX_TASK_ID='load_to_gold_layer' AIRFLOW_CTX_EXECUTION_DATE='2025-03-10T01:32:14.394982+00:00' AIRFLOW_CTX_TRY_NUMBER='4' AIRFLOW_CTX_DAG_RUN_ID='manual__2025-03-10T01:32:14.394982+00:00'
[2025-03-21T20:41:40.180+0000] {taskinstance.py:731} INFO - ::endgroup::
[2025-03-21T20:41:40.191+0000] {logging_mixin.py:190} INFO - Execution Date: 2025-03-10
[2025-03-21T20:41:40.194+0000] {connection.py:531} ERROR - Unable to retrieve connection from secrets backend (EnvironmentVariablesBackend). Checking subsequent secrets backend.
Traceback (most recent call last):
  File "/home/airflow/.local/lib/python3.12/site-packages/airflow/models/connection.py", line 526, in get_connection_from_secrets
    conn = secrets_backend.get_connection(conn_id=conn_id)
           ^^^^^^^^^^^^^^^^^^^^^^^^^^^^^^^^^^^^^^^^^^^^^^^
  File "/home/airflow/.local/lib/python3.12/site-packages/airflow/secrets/base_secrets.py", line 116, in get_connection
    return self.deserialize_connection(conn_id=conn_id, value=value)
           ^^^^^^^^^^^^^^^^^^^^^^^^^^^^^^^^^^^^^^^^^^^^^^^^^^^^^^^^^
  File "/home/airflow/.local/lib/python3.12/site-packages/airflow/secrets/base_secrets.py", line 70, in deserialize_connection
    return Connection(conn_id=conn_id, uri=value)
           ^^^^^^^^^^^^^^^^^^^^^^^^^^^^^^^^^^^^^^
  File "<string>", line 4, in __init__
  File "/home/airflow/.local/lib/python3.12/site-packages/sqlalchemy/orm/state.py", line 481, in _initialize_instance
    with util.safe_reraise():
         ^^^^^^^^^^^^^^^^^^^
  File "/home/airflow/.local/lib/python3.12/site-packages/sqlalchemy/util/langhelpers.py", line 70, in __exit__
    compat.raise_(
  File "/home/airflow/.local/lib/python3.12/site-packages/sqlalchemy/util/compat.py", line 211, in raise_
    raise exception
  File "/home/airflow/.local/lib/python3.12/site-packages/sqlalchemy/orm/state.py", line 479, in _initialize_instance
    return manager.original_init(*mixed[1:], **kwargs)
           ^^^^^^^^^^^^^^^^^^^^^^^^^^^^^^^^^^^^^^^^^^^
  File "/home/airflow/.local/lib/python3.12/site-packages/airflow/models/connection.py", line 169, in __init__
    self._parse_from_uri(uri)
  File "/home/airflow/.local/lib/python3.12/site-packages/airflow/models/connection.py", line 257, in _parse_from_uri
    self.port = uri_parts.port
                ^^^^^^^^^^^^^^
  File "/usr/local/lib/python3.12/urllib/parse.py", line 182, in port
    raise ValueError(f"Port could not be cast to integer value as {port!r}")
ValueError: Port could not be cast to integer value as 'DefaultEndpointsProtocol=https;AccountName=rbchesssa;AccountKey=lG9W+utkpTNorE0rTLlfDMUZsTPleXk6pXv6NnfDTi'
[2025-03-21T20:41:40.213+0000] {base.py:84} INFO - Retrieving connection 'azure_chess_storage'
[2025-03-21T20:41:41.738+0000] {logging_mixin.py:190} INFO - Previewing Dataframe
[2025-03-21T20:41:41.741+0000] {logging_mixin.py:190} INFO - game_url                        object
time_control                    object
rated                             bool
time_class                      object
rules                           object
white_rating                     int64
white_result                    object
black_rating                     int64
black_result                    object
pgn_event                       object
pgn_site                        object
game_date               datetime64[us]
pgn_white_user                  object
pgn_black_user                  object
pgn_result                      object
pgn_current_position            object
pgn_timezone                    object
pgn_eco                         object
pgn_eco_url                     object
start_time              datetime64[ns]
end_time                datetime64[ns]
end_game_date           datetime64[us]
pgn_raw                         object
pgn_trans                       object
last_updated                    object
dtype: object
[2025-03-21T20:41:41.757+0000] {logging_mixin.py:190} INFO - https://www.chess.com/game/live/123421379368	120+1	True	bullet	chess	927	resigned	928	win	Live Chess	Chess.com	2025-03-01 00:00:00	Rhythmbear1	sa2_3	0-1	r1b5/pp6/2n5/3k2b1/3qp3/8/PPP3PP/5R1K w - -	UTC	C23	https://www.chess.com/openings/Bishops-Opening-Philidor-Counterattack-3.d4-d5-4.exd5-cxd5	2025-03-01 11:59:07	2025-03-01 12:02:25	2025-03-01 00:00:00	e4 c6 d4 e5 Bc4 d5 exd5 cxd5 Bb3 e4 f3 exf3 Nxf3 Nf6 O-O Be7 Re1 O-O Bg5 Ne4 Ne5 Bxg5 Nxf7 Rxf7 Rxe4 dxe4 Bxf7+ Kxf7 Qh5+ g6 Qxh7+ Kf6 Nd2 Qxd4+ Kh1 Bxd2 Rf1+ Ke5 Qxg6 Nc6 Qf6+ Kd5 Qg5+ Bxg5	1. e4 c6 2. d4 e5 3. Bc4 d5 4. exd5 cxd5 5. Bb3 e4 6. f3 exf3 7. Nxf3 Nf6 8. O-O Be7 9. Re1 O-O 10. Bg5 Ne4 11. Ne5 Bxg5 12. Nxf7 Rxf7 13. Rxe4 dxe4 14. Bxf7+ Kxf7 15. Qh5+ g6 16. Qxh7+ Kf6 17. Nd2 Qxd4+ 18. Kh1 Bxd2 19. Rf1+ Ke5 20. Qxg6 Nc6 21. Qf6+ Kd5 22. Qg5+ Bxg5	2025-03-10
https://www.chess.com/game/live/123421480904	120+1	True	bullet	chess	986	win	920	timeout	Live Chess	Chess.com	2025-03-01 00:00:00	SoulEaterEXO9	Rhythmbear1	1-0	r4rk1/5pp1/7p/3p4/P7/4P3/1Q1p1PPP/2R2RK1 b - -	UTC	A40	https://www.chess.com/openings/Englund-Gambit	2025-03-01 12:02:46	2025-03-01 12:06:44	2025-03-01 00:00:00	d4 e5 c4 exd4 Qxd4 c5 Qd1 Nc6 Nf3 Nf6 Nc3 Be7 Bg5 O-O e3 h6 Bh4 a6 Bd3 b5 cxb5 axb5 Nxb5 Qa5+ Nc3 Nd5 O-O Nxc3 bxc3 Bxh4 Nxh4 Qxc3 Nf5 d5 Qg4 Bxf5 Bxf5 Ne5 Qf4 c4 a4 Nd3 Bxd3 cxd3 Rac1 Qb2 Qd4 d2 Qxb2	1. d4 e5 2. c4 exd4 3. Qxd4 c5 4. Qd1 Nc6 5. Nf3 Nf6 6. Nc3 Be7 7. Bg5 O-O 8. e3 h6 9. Bh4 a6 10. Bd3 b5 11. cxb5 axb5 12. Nxb5 Qa5+ 13. Nc3 Nd5 14. O-O Nxc3 15. bxc3 Bxh4 16. Nxh4 Qxc3 17. Nf5 d5 18. Qg4 Bxf5 19. Bxf5 Ne5 20. Qf4 c4 21. a4 Nd3 22. Bxd3 cxd3 23. Rac1 Qb2 24. Qd4 d2 25. Qxb2 	2025-03-10
https://www.chess.com/game/live/123421594752	120+1	True	bullet	chess	912	resigned	919	win	Live Chess	Chess.com	2025-03-01 00:00:00	Rhythmbear1	Valentin_formica	0-1	r5k1/ppp3p1/5n1p/4b3/6b1/3P4/P1P3PP/RN5K w - -	UTC	C57	https://www.chess.com/openings/Italian-Game-Knight-Attack	2025-03-01 12:06:52	2025-03-01 12:09:01	2025-03-01 00:00:00	e4 e5 Nf3 Nc6 Bc4 Nf6 Ng5 h6 Nxf7 Qe7 Nxh8 Nxe4 Ng6 Qf6 O-O Qxg6 f4 d6 fxe5 dxe5 Bf7+ Qxf7 Rxf7 Kxf7 Qh5+ Kg8 d3 Nf6 Qf3 Bg4 Qg3 Bc5+ Be3 Nd4 Bxd4 Bxd4+ Kh1 Bxb2 Qxe5 Bxe5	1. e4 e5 2. Nf3 Nc6 3. Bc4 Nf6 4. Ng5 h6 5. Nxf7 Qe7 6. Nxh8 Nxe4 7. Ng6 Qf6 8. O-O Qxg6 9. f4 d6 10. fxe5 dxe5 11. Bf7+ Qxf7 12. Rxf7 Kxf7 13. Qh5+ Kg8 14. d3 Nf6 15. Qf3 Bg4 16. Qg3 Bc5+ 17. Be3 Nd4 18. Bxd4 Bxd4+ 19. Kh1 Bxb2 20. Qxe5 Bxe5	2025-03-10
https://www.chess.com/game/live/123421658130	120+1	True	bullet	chess	899	resigned	920	win	Live Chess	Chess.com	2025-03-01 00:00:00	Smartservos	Rhythmbear1	0-1	r1b3k1/p2p2pp/1ppBrp2/8/1P2P2n/8/qPQ2PPP/3R1RK1 w - -	UTC	A40	https://www.chess.com/openings/Englund-Gambit-2.dxe5-Bc5	2025-03-01 12:09:07	2025-03-01 12:12:10	2025-03-01 00:00:00	d4 e5 dxe5 Bc5 Nc3 Nc6 Nf3 Nge7 e4 Ng6 Bd3 Ncxe5 O-O Nxd3 Qxd3 O-O Bg5 f6 Be3 Bd6 Rad1 Qe7 Nd5 Qf7 c3 c6 Nb4 Bxb4 cxb4 Qxa2 Bc5 Re8 Qc2 b6 Bd6 Re6 Nh4 Nxh4	1. d4 e5 2. dxe5 Bc5 3. Nc3 Nc6 4. Nf3 Nge7 5. e4 Ng6 6. Bd3 Ncxe5 7. O-O Nxd3 8. Qxd3 O-O 9. Bg5 f6 10. Be3 Bd6 11. Rad1 Qe7 12. Nd5 Qf7 13. c3 c6 14. Nb4 Bxb4 15. cxb4 Qxa2 16. Bc5 Re8 17. Qc2 b6 18. Bd6 Re6 19. Nh4 Nxh4	2025-03-10
https://www.chess.com/game/live/123421749462	120+1	True	bullet	chess	913	timeout	962	win	Live Chess	Chess.com	2025-03-01 00:00:00	Rhythmbear1	mishahhd	0-1	8/5pbk/7p/q2p4/2pP4/2Pb2NP/3Q1PPK/8 w - -	UTC	B50	https://www.chess.com/openings/Sicilian-Defense-2.Nf3-d6-3.Bc4	2025-03-01 12:12:20	2025-03-01 12:17:50	2025-03-01 00:00:00	e4 c5 Nf3 d6 Bc4 Nd7 Ng5 e6 Qf3 Ngf6 O-O Be7 d3 O-O b3 h6 Nh3 a6 a4 b6 Na3 Bb7 Bb2 Qc7 Bxf6 Bxf6 Rab1 Ne5 Qe2 Nxc4 Nxc4 b5 axb5 axb5 Ne3 Rad8 Nf4 d5 Nh5 Bd4 exd5 exd5 Nf5 Rfe8 Nxh6+ Kh7 Qg4 gxh6 Ng3 Bc8 Qd1 Bf5 Qh5 Bg6 Qd1 Re7 Qd2 Rde8 c3 Bg7 d4 c4 bxc4 bxc4 Rfe1 Rxe1+ Rxe1 Rxe1+ Qxe1 Bd3 Qd2 Qa5 h3 Qa1+ Kh2 Qa5	1. e4 c5 2. Nf3 d6 3. Bc4 Nd7 4. Ng5 e6 5. Qf3 Ngf6 6. O-O Be7 7. d3 O-O 8. b3 h6 9. Nh3 a6 10. a4 b6 11. Na3 Bb7 12. Bb2 Qc7 13. Bxf6 Bxf6 14. Rab1 Ne5 15. Qe2 Nxc4 16. Nxc4 b5 17. axb5 axb5 18. Ne3 Rad8 19. Nf4 d5 20. Nh5 Bd4 21. exd5 exd5 22. Nf5 Rfe8 23. Nxh6+ Kh7 24. Qg4 gxh6 25. Ng3 Bc8 26. Qd1 Bf5 27. Qh5 Bg6 28. Qd1 Re7 29. Qd2 Rde8 30. c3 Bg7 31. d4 c4 32. bxc4 bxc4 33. Rfe1 Rxe1+ 34. Rxe1 Rxe1+ 35. Qxe1 Bd3 36. Qd2 Qa5 37. h3 Qa1+ 38. Kh2 Qa5	2025-03-10
[2025-03-21T20:41:47.372+0000] {logging_mixin.py:190} INFO - Previewing Dataframe
[2025-03-21T20:41:47.373+0000] {logging_mixin.py:190} INFO - game_url                        object
time_control                    object
rated                             bool
time_class                      object
rules                           object
white_rating                     int64
white_result                    object
black_rating                     int64
black_result                    object
pgn_event                       object
pgn_site                        object
game_date               datetime64[us]
pgn_white_user                  object
pgn_black_user                  object
pgn_result                      object
pgn_current_position            object
pgn_timezone                    object
pgn_eco                         object
pgn_eco_url                     object
start_time              datetime64[ns]
end_time                datetime64[ns]
end_game_date           datetime64[us]
pgn_raw                         object
pgn_trans                       object
last_updated            datetime64[us]
dtype: object
[2025-03-21T20:41:47.399+0000] {logging_mixin.py:190} INFO - https://www.chess.com/game/live/100271499197	120+1	True	bullet	chess	574	win	592	resigned	Live Chess	Chess.com	2024-01-29 00:00:00	syedadeel935	Rhythmbear1	1-0	6k1/pp4pp/2p2p2/2Pp1Q2/3P4/6P1/PP3P1P/4N1K1 b - -	UTC	C01	https://www.chess.com/openings/French-Defense-Exchange-Variation-3...exd5-4.Nf3-Bd6	2024-01-29 12:45:36	2024-01-29 12:49:21	2024-01-29 00:00:00	e4 e6 Nf3 d5 exd5 exd5 d4 Bd6 Nc3 Ne7 Bd3 O-O O-O c6 Bg5 f6 Bd2 Bf5 Re1 Bxd3 cxd3 Nd7 Qe2 Re8 Na4 Nf8 Nc5 Bxc5 dxc5 Nfg6 d4 Qc7 Be3 Nf5 Qd2 Nxe3 Rxe3 Rxe3 Qxe3 Ne7 Re1 Nf5 Qd3 Qd7 g3 Re8 Rxe8+ Qxe8 Qxf5 Qe1+ Nxe1	1. e4 e6 2. Nf3 d5 3. exd5 exd5 4. d4 Bd6 5. Nc3 Ne7 6. Bd3 O-O 7. O-O c6 8. Bg5 f6 9. Bd2 Bf5 10. Re1 Bxd3 11. cxd3 Nd7 12. Qe2 Re8 13. Na4 Nf8 14. Nc5 Bxc5 15. dxc5 Nfg6 16. d4 Qc7 17. Be3 Nf5 18. Qd2 Nxe3 19. Rxe3 Rxe3 20. Qxe3 Ne7 21. Re1 Nf5 22. Qd3 Qd7 23. g3 Re8 24. Rxe8+ Qxe8 25. Qxf5 Qe1+ 26. Nxe1 	2024-01-01 00:00:00
https://www.chess.com/game/live/100513966957	600	True	rapid	chess	1338	win	1321	timeout	Live Chess	Chess.com	2024-02-01 00:00:00	Rhythmbear1	Nourgn	1-0	2r3k1/pp2R3/7R/4n3/7P/8/P4PK1/2r5 b - -	UTC	C45	https://www.chess.com/openings/Scotch-Game-Scotch-Gambit-Haxo-Gambit-5.c3	2024-02-01 08:11:07	2024-02-01 08:31:14	2024-02-01 00:00:00	e4 e5 Nf3 Nc6 d4 exd4 Bc4 Bc5 c3 dxc3 Bxf7+ Kxf7 Qd5+ Kf8 Qxc5+ Qe7 Qxc3 Qxe4+ Be3 Nf6 O-O d6 Re1 h6 Nbd2 Qg6 Rad1 Bh3 Nh4 Qg4 Ndf3 Ne4 Qc4 Bxg2 Nxg2 Qxf3 Bf4 Re8 Bxd6+ cxd6 Qd5 Nd8 Rf1 Nf7 Rd3 Re5 Qxd6+ Nexd6 Rxf3 Rg5 Kh1 Kg8 Ne3 Kh7 b3 Rc8 Nc4 Nxc4 bxc4 Ne5 Rf4 Nxc4 h4 Rgc5 Rf7 Nd2 Rg1 Nf3 Rgxg7+ Kh8 Rh7+ Kg8 Re7 Rc1+ Kg2 Ne5 Rxh6	1. e4 e5 2. Nf3 Nc6 3. d4 exd4 4. Bc4 Bc5 5. c3 dxc3 6. Bxf7+ Kxf7 7. Qd5+ Kf8 8. Qxc5+ Qe7 9. Qxc3 Qxe4+ 10. Be3 Nf6 11. O-O d6 12. Re1 h6 13. Nbd2 Qg6 14. Rad1 Bh3 15. Nh4 Qg4 16. Ndf3 Ne4 17. Qc4 Bxg2 18. Nxg2 Qxf3 19. Bf4 Re8 20. Bxd6+ cxd6 21. Qd5 Nd8 22. Rf1 Nf7 23. Rd3 Re5 24. Qxd6+ Nexd6 25. Rxf3 Rg5 26. Kh1 Kg8 27. Ne3 Kh7 28. b3 Rc8 29. Nc4 Nxc4 30. bxc4 Ne5 31. Rf4 Nxc4 32. h4 Rgc5 33. Rf7 Nd2 34. Rg1 Nf3 35. Rgxg7+ Kh8 36. Rh7+ Kg8 37. Re7 Rc1+ 38. Kg2 Ne5 39. Rxh6 	2024-02-01 00:00:00
https://www.chess.com/game/live/100712113107	600	True	rapid	chess	1287	win	1313	resigned	Live Chess	Chess.com	2024-02-03 00:00:00	Paardf3	Rhythmbear1	1-0	8/4k2p/1P3p2/6p1/3R4/4P2P/5PP1/6K1 b - -	UTC	A06	https://www.chess.com/openings/Reti-Opening-Nimzowitsch-Larsen-Attack-2...Nf6	2024-02-03 15:14:56	2024-02-03 15:25:40	2024-02-03 00:00:00	Nf3 Nf6 b3 d5 d4 e6 Bb2 c5 c3 Nc6 e3 cxd4 cxd4 Bd7 Bd3 Bb4+ Nc3 O-O O-O Bd6 a3 Qc7 Rc1 Ne7 Nb5 Qd8 Nxd6 Ng6 Nxb7 Qb8 Nc5 Qd6 b4 Rac8 Ba6 Rce8 Qd3 e5 dxe5 Nxe5 Nxe5 Rxe5 Bxe5 Qxe5 Nxd7 Nxd7 Rfd1 Nf6 h3 Qh5 Bb7 Qh4 Bxd5 Nxd5 Qxd5 Kh8 Rd4 Qe7 Qd6 Qxd6 Rxd6 f6 b5 g5 a4 Rf7 a5 Kg8 b6 Kf8 Rc7 axb6 axb6 Re7 Rxe7 Kxe7 Rd4	1. Nf3 Nf6 2. b3 d5 3. d4 e6 4. Bb2 c5 5. c3 Nc6 6. e3 cxd4 7. cxd4 Bd7 8. Bd3 Bb4+ 9. Nc3 O-O 10. O-O Bd6 11. a3 Qc7 12. Rc1 Ne7 13. Nb5 Qd8 14. Nxd6 Ng6 15. Nxb7 Qb8 16. Nc5 Qd6 17. b4 Rac8 18. Ba6 Rce8 19. Qd3 e5 20. dxe5 Nxe5 21. Nxe5 Rxe5 22. Bxe5 Qxe5 23. Nxd7 Nxd7 24. Rfd1 Nf6 25. h3 Qh5 26. Bb7 Qh4 27. Bxd5 Nxd5 28. Qxd5 Kh8 29. Rd4 Qe7 30. Qd6 Qxd6 31. Rxd6 f6 32. b5 g5 33. a4 Rf7 34. a5 Kg8 35. b6 Kf8 36. Rc7 axb6 37. axb6 Re7 38. Rxe7 Kxe7 39. Rd4 	2024-02-01 00:00:00
https://www.chess.com/game/live/100820698145	600	True	rapid	chess	1320	win	1267	resigned	Live Chess	Chess.com	2024-02-04 00:00:00	Rhythmbear1	assen_mc	1-0	7r/pp5k/n3R1np/2p1P3/8/8/PPP3PP/R2Q2K1 b - -	UTC	C40	https://www.chess.com/openings/Kings-Pawn-Opening-Kings-Knight-McConnell-Defense	2024-02-04 21:25:00	2024-02-04 21:35:35	2024-02-04 00:00:00	e4 e5 Nf3 Qf6 Nc3 c6 d4 exd4 Nxd4 d6 Bc4 Be7 O-O c5 e5 dxe5 Ndb5 Na6 Nd5 Qc6 Nxe7 Nxe7 Re1 Ng6 Nd6+ Ke7 Nxf7 Be6 Bxe6 Qxe6 Nxh8 Rxh8 Bg5+ Ke8 f4 Kf7 fxe5 h6 Rf1+ Kg8 Bf6 gxf6 Rxf6 Kh7 Rxe6	1. e4 e5 2. Nf3 Qf6 3. Nc3 c6 4. d4 exd4 5. Nxd4 d6 6. Bc4 Be7 7. O-O c5 8. e5 dxe5 9. Ndb5 Na6 10. Nd5 Qc6 11. Nxe7 Nxe7 12. Re1 Ng6 13. Nd6+ Ke7 14. Nxf7 Be6 15. Bxe6 Qxe6 16. Nxh8 Rxh8 17. Bg5+ Ke8 18. f4 Kf7 19. fxe5 h6 20. Rf1+ Kg8 21. Bf6 gxf6 22. Rxf6 Kh7 23. Rxe6 	2024-02-01 00:00:00
https://www.chess.com/game/live/100884155109	600	True	rapid	chess	1318	win	1327	resigned	Live Chess	Chess.com	2024-02-05 00:00:00	linville16us	Rhythmbear1	1-0	8/2K5/8/1Q6/3k4/6p1/6R1/8 b - -	UTC	D02	https://www.chess.com/openings/London-System...4.e3-Nc6-5.Nbd2-e6-6.c3	2024-02-05 14:58:30	2024-02-05 15:16:25	2024-02-05 00:00:00	d4 e6 Bf4 d5 Nf3 c5 e3 Nf6 Nbd2 Nc6 c3 Bd7 Be2 cxd4 exd4 Be7 O-O O-O Ne5 Nxe5 dxe5 Ne4 Nxe4 dxe4 Qc2 Bc6 Bg3 Qc7 Rfd1 Qb6 h3 f6 exf6 Bxf6 Bc4 Rae8 Rd6 Bd5 Bxd5 exd5 Rxd5 e3 fxe3 Qxe3+ Kh2 Be5 Bxe5 Rxe5 Rd3 Qf4+ Kg1 Qe4 Rad1 Qg6 Qb3+ Kh8 Rd8 Ree8 Rxe8 Rxe8 Qxb7 Qb6+ Qxb6 axb6 Rd2 g5 a3 Kg7 Kf2 Rf8+ Ke3 Re8+ Kd3 Rd8+ Kc2 Rb8 Kb3 h5 Rd6 g4 hxg4 hxg4 Kb4 Kf7 Kb5 Re8 Rd2 Re6 b4 Kg6 g3 Re3 Kxb6 Rxc3 a4 Rxg3 a5 Ra3 b5 g3 Rg2 Kf7 a6 Ke7 Kb7 Kd6 a7 Rb3 b6 Kc5 a8=Q Rxb6+ Kc7 Rb3 Qa5+ Rb5 Rc2+ Kd5 Qxb5+ Kd4 Rg2	1. d4 e6 2. Bf4 d5 3. Nf3 c5 4. e3 Nf6 5. Nbd2 Nc6 6. c3 Bd7 7. Be2 cxd4 8. exd4 Be7 9. O-O O-O 10. Ne5 Nxe5 11. dxe5 Ne4 12. Nxe4 dxe4 13. Qc2 Bc6 14. Bg3 Qc7 15. Rfd1 Qb6 16. h3 f6 17. exf6 Bxf6 18. Bc4 Rae8 19. Rd6 Bd5 20. Bxd5 exd5 21. Rxd5 e3 22. fxe3 Qxe3+ 23. Kh2 Be5 24. Bxe5 Rxe5 25. Rd3 Qf4+ 26. Kg1 Qe4 27. Rad1 Qg6 28. Qb3+ Kh8 29. Rd8 Ree8 30. Rxe8 Rxe8 31. Qxb7 Qb6+ 32. Qxb6 axb6 33. Rd2 g5 34. a3 Kg7 35. Kf2 Rf8+ 36. Ke3 Re8+ 37. Kd3 Rd8+ 38. Kc2 Rb8 39. Kb3 h5 40. Rd6 g4 41. hxg4 hxg4 42. Kb4 Kf7 43. Kb5 Re8 44. Rd2 Re6 45. b4 Kg6 46. g3 Re3 47. Kxb6 Rxc3 48. a4 Rxg3 49. a5 Ra3 50. b5 g3 51. Rg2 Kf7 52. a6 Ke7 53. Kb7 Kd6 54. a7 Rb3 55. b6 Kc5 56. a8=Q Rxb6+ 57. Kc7 Rb3 58. Qa5+ Rb5 59. Rc2+ Kd5 60. Qxb5+ Kd4 61. Rg2 	2024-02-01 00:00:00
[2025-03-21T20:41:50.246+0000] {python.py:240} INFO - Done. Returned value was: None
[2025-03-21T20:41:50.258+0000] {taskinstance.py:340} INFO - ::group::Post task execution logs
[2025-03-21T20:41:50.259+0000] {taskinstance.py:352} INFO - Marking task as SUCCESS. dag_id=pull_data_from_chess_api, task_id=load_to_gold_layer, run_id=manual__2025-03-10T01:32:14.394982+00:00, execution_date=20250310T013214, start_date=20250321T204139, end_date=20250321T204150
[2025-03-21T20:41:50.314+0000] {local_task_job_runner.py:266} INFO - Task exited with return code 0
[2025-03-21T20:41:50.332+0000] {taskinstance.py:3900} INFO - 0 downstream tasks scheduled from follow-on schedule check
[2025-03-21T20:41:50.336+0000] {local_task_job_runner.py:245} INFO - ::endgroup::
