[2025-03-31T18:21:22.543+0000] {local_task_job_runner.py:123} INFO - ::group::Pre task execution logs
[2025-03-31T18:21:22.578+0000] {taskinstance.py:2612} INFO - Dependencies all met for dep_context=non-requeueable deps ti=<TaskInstance: load_data_warehouse.get_last_updated_date dataset_triggered__2025-03-31T18:21:08.756478+00:00 [queued]>
[2025-03-31T18:21:22.597+0000] {taskinstance.py:2612} INFO - Dependencies all met for dep_context=requeueable deps ti=<TaskInstance: load_data_warehouse.get_last_updated_date dataset_triggered__2025-03-31T18:21:08.756478+00:00 [queued]>
[2025-03-31T18:21:22.599+0000] {taskinstance.py:2865} INFO - Starting attempt 1 of 2
[2025-03-31T18:21:22.628+0000] {taskinstance.py:2888} INFO - Executing <Task(PostgresOperator): get_last_updated_date> on 2025-03-31 18:21:08.756478+00:00
[2025-03-31T18:21:22.648+0000] {warnings.py:112} WARNING - /home/***/.local/lib/python3.12/site-packages/***/task/task_runner/standard_task_runner.py:70: DeprecationWarning: This process (pid=16469) is multi-threaded, use of fork() may lead to deadlocks in the child.
  pid = os.fork()

[2025-03-31T18:21:22.650+0000] {standard_task_runner.py:72} INFO - Started process 16510 to run task
[2025-03-31T18:21:22.655+0000] {standard_task_runner.py:104} INFO - Running: ['***', 'tasks', 'run', 'load_data_warehouse', 'get_last_updated_date', 'dataset_triggered__2025-03-31T18:21:08.756478+00:00', '--job-id', '1112', '--raw', '--subdir', 'DAGS_FOLDER/load_data_warehouse_dag.py', '--cfg-path', '/tmp/tmprv694t4b']
[2025-03-31T18:21:22.661+0000] {standard_task_runner.py:105} INFO - Job 1112: Subtask get_last_updated_date
[2025-03-31T18:21:22.761+0000] {task_command.py:467} INFO - Running <TaskInstance: load_data_warehouse.get_last_updated_date dataset_triggered__2025-03-31T18:21:08.756478+00:00 [running]> on host 3b3ac09dc50a
[2025-03-31T18:21:23.067+0000] {taskinstance.py:3131} INFO - Exporting env vars: AIRFLOW_CTX_DAG_OWNER='***' AIRFLOW_CTX_DAG_ID='load_data_warehouse' AIRFLOW_CTX_TASK_ID='get_last_updated_date' AIRFLOW_CTX_EXECUTION_DATE='2025-03-31T18:21:08.756478+00:00' AIRFLOW_CTX_TRY_NUMBER='1' AIRFLOW_CTX_DAG_RUN_ID='dataset_triggered__2025-03-31T18:21:08.756478+00:00'
[2025-03-31T18:21:23.071+0000] {taskinstance.py:731} INFO - ::endgroup::
[2025-03-31T18:21:23.076+0000] {sql.py:266} INFO - Executing: SELECT last_updated FROM chess_dw.fact_games ORDER BY last_updated DESC LIMIT 1;
[2025-03-31T18:21:23.103+0000] {base.py:84} INFO - Retrieving connection 'azure_chess_dw'
[2025-03-31T18:21:23.121+0000] {base.py:84} INFO - Retrieving connection 'azure_chess_dw'
[2025-03-31T18:21:24.941+0000] {sql.py:509} INFO - Running statement: SELECT last_updated FROM chess_dw.fact_games ORDER BY last_updated DESC LIMIT 1;, parameters: None
[2025-03-31T18:21:25.360+0000] {sql.py:518} INFO - Rows affected: 1
[2025-03-31T18:21:25.637+0000] {taskinstance.py:340} INFO - ::group::Post task execution logs
[2025-03-31T18:21:25.638+0000] {taskinstance.py:352} INFO - Marking task as SUCCESS. dag_id=load_data_warehouse, task_id=get_last_updated_date, run_id=dataset_triggered__2025-03-31T18:21:08.756478+00:00, execution_date=20250331T182108, start_date=20250331T182122, end_date=20250331T182125
[2025-03-31T18:21:25.689+0000] {local_task_job_runner.py:266} INFO - Task exited with return code 0
[2025-03-31T18:21:25.725+0000] {warnings.py:112} WARNING - /home/***/.local/lib/python3.12/site-packages/***/models/baseoperator.py:1378: AirflowProviderDeprecationWarning: Call to deprecated class PostgresOperator. (Please use `***.providers.common.sql.operators.sql.SQLExecuteQueryOperator`.Also, you can provide `hook_params={'schema': <database>}`.)
  result = cls.__new__(cls)

[2025-03-31T18:21:25.913+0000] {taskinstance.py:3900} INFO - 4 downstream tasks scheduled from follow-on schedule check
[2025-03-31T18:21:26.010+0000] {local_task_job_runner.py:245} INFO - ::endgroup::
