[2025-03-31T18:00:29.017+0000] {local_task_job_runner.py:123} INFO - ::group::Pre task execution logs
[2025-03-31T18:00:29.167+0000] {taskinstance.py:2612} INFO - Dependencies all met for dep_context=non-requeueable deps ti=<TaskInstance: load_data_warehouse.load_dim_dates_dw dataset_triggered__2025-03-31T17:59:45.362012+00:00 [queued]>
[2025-03-31T18:00:29.261+0000] {taskinstance.py:2612} INFO - Dependencies all met for dep_context=requeueable deps ti=<TaskInstance: load_data_warehouse.load_dim_dates_dw dataset_triggered__2025-03-31T17:59:45.362012+00:00 [queued]>
[2025-03-31T18:00:29.263+0000] {taskinstance.py:2865} INFO - Starting attempt 1 of 2
[2025-03-31T18:00:29.349+0000] {taskinstance.py:2888} INFO - Executing <Task(PythonOperator): load_dim_dates_dw> on 2025-03-31 17:59:45.362012+00:00
[2025-03-31T18:00:29.402+0000] {warnings.py:112} WARNING - /home/***/.local/lib/python3.12/site-packages/***/task/task_runner/standard_task_runner.py:70: DeprecationWarning: This process (pid=13071) is multi-threaded, use of fork() may lead to deadlocks in the child.
  pid = os.fork()

[2025-03-31T18:00:29.420+0000] {standard_task_runner.py:72} INFO - Started process 13266 to run task
[2025-03-31T18:00:29.412+0000] {standard_task_runner.py:104} INFO - Running: ['***', 'tasks', 'run', 'load_data_warehouse', 'load_dim_dates_dw', 'dataset_triggered__2025-03-31T17:59:45.362012+00:00', '--job-id', '1026', '--raw', '--subdir', 'DAGS_FOLDER/load_data_warehouse_dag.py', '--cfg-path', '/tmp/tmpguu0bdqs']
[2025-03-31T18:00:29.424+0000] {standard_task_runner.py:105} INFO - Job 1026: Subtask load_dim_dates_dw
[2025-03-31T18:00:29.656+0000] {task_command.py:467} INFO - Running <TaskInstance: load_data_warehouse.load_dim_dates_dw dataset_triggered__2025-03-31T17:59:45.362012+00:00 [running]> on host 3b3ac09dc50a
[2025-03-31T18:00:30.088+0000] {taskinstance.py:3131} INFO - Exporting env vars: AIRFLOW_CTX_DAG_OWNER='***' AIRFLOW_CTX_DAG_ID='load_data_warehouse' AIRFLOW_CTX_TASK_ID='load_dim_dates_dw' AIRFLOW_CTX_EXECUTION_DATE='2025-03-31T17:59:45.362012+00:00' AIRFLOW_CTX_TRY_NUMBER='1' AIRFLOW_CTX_DAG_RUN_ID='dataset_triggered__2025-03-31T17:59:45.362012+00:00'
[2025-03-31T18:00:30.107+0000] {taskinstance.py:731} INFO - ::endgroup::
[2025-03-31T18:00:33.739+0000] {logging_mixin.py:190} INFO - ✅ gold/dim_date.parquet Loaded: 291 rows, 7 columns
[2025-03-31T18:00:33.878+0000] {base.py:84} INFO - Retrieving connection 'azure_chess_dw'
[2025-03-31T18:00:34.074+0000] {base.py:84} INFO - Retrieving connection 'azure_chess_dw'
[2025-03-31T18:00:45.077+0000] {logging_mixin.py:190} INFO - Successfully Loaded gold/dim_date.parquet Data to Postgres table dim_dates
[2025-03-31T18:00:45.128+0000] {python.py:240} INFO - Done. Returned value was: None
[2025-03-31T18:00:45.278+0000] {taskinstance.py:340} INFO - ::group::Post task execution logs
[2025-03-31T18:00:45.280+0000] {taskinstance.py:352} INFO - Marking task as SUCCESS. dag_id=load_data_warehouse, task_id=load_dim_dates_dw, run_id=dataset_triggered__2025-03-31T17:59:45.362012+00:00, execution_date=20250331T175945, start_date=20250331T180029, end_date=20250331T180045
[2025-03-31T18:00:45.551+0000] {local_task_job_runner.py:266} INFO - Task exited with return code 0
[2025-03-31T18:00:45.652+0000] {local_task_job_runner.py:245} INFO - ::endgroup::
