[2025-03-07T12:25:23.008+0000] {local_task_job_runner.py:123} INFO - ::group::Pre task execution logs
[2025-03-07T12:25:23.034+0000] {taskinstance.py:2612} INFO - Dependencies all met for dep_context=non-requeueable deps ti=<TaskInstance: pull_data_from_chess_api.load_to_gold_layer scheduled__2024-04-01T00:00:00+00:00 [queued]>
[2025-03-07T12:25:23.046+0000] {taskinstance.py:2612} INFO - Dependencies all met for dep_context=requeueable deps ti=<TaskInstance: pull_data_from_chess_api.load_to_gold_layer scheduled__2024-04-01T00:00:00+00:00 [queued]>
[2025-03-07T12:25:23.047+0000] {taskinstance.py:2865} INFO - Starting attempt 1 of 2
[2025-03-07T12:25:23.064+0000] {taskinstance.py:2888} INFO - Executing <Task(PythonOperator): load_to_gold_layer> on 2024-04-01 00:00:00+00:00
[2025-03-07T12:25:23.073+0000] {warnings.py:112} WARNING - /home/***/.local/lib/python3.12/site-packages/***/task/task_runner/standard_task_runner.py:70: DeprecationWarning: This process (pid=8188) is multi-threaded, use of fork() may lead to deadlocks in the child.
  pid = os.fork()

[2025-03-07T12:25:23.075+0000] {standard_task_runner.py:72} INFO - Started process 8189 to run task
[2025-03-07T12:25:23.076+0000] {standard_task_runner.py:104} INFO - Running: ['***', 'tasks', 'run', 'pull_data_from_chess_api', 'load_to_gold_layer', 'scheduled__2024-04-01T00:00:00+00:00', '--job-id', '343', '--raw', '--subdir', 'DAGS_FOLDER/collect_chess_data_dag.py', '--cfg-path', '/tmp/tmpnbe2vt76']
[2025-03-07T12:25:23.077+0000] {standard_task_runner.py:105} INFO - Job 343: Subtask load_to_gold_layer
[2025-03-07T12:25:23.163+0000] {task_command.py:467} INFO - Running <TaskInstance: pull_data_from_chess_api.load_to_gold_layer scheduled__2024-04-01T00:00:00+00:00 [running]> on host ebc50e07c8a4
[2025-03-07T12:25:23.282+0000] {taskinstance.py:3131} INFO - Exporting env vars: AIRFLOW_CTX_DAG_OWNER='***' AIRFLOW_CTX_DAG_ID='pull_data_from_chess_api' AIRFLOW_CTX_TASK_ID='load_to_gold_layer' AIRFLOW_CTX_EXECUTION_DATE='2024-04-01T00:00:00+00:00' AIRFLOW_CTX_TRY_NUMBER='1' AIRFLOW_CTX_DAG_RUN_ID='scheduled__2024-04-01T00:00:00+00:00'
[2025-03-07T12:25:23.283+0000] {taskinstance.py:731} INFO - ::endgroup::
[2025-03-07T12:25:23.304+0000] {logging_mixin.py:190} INFO - Execution Date: 2024-04-01
[2025-03-07T12:25:23.307+0000] {connection.py:531} ERROR - Unable to retrieve connection from secrets backend (EnvironmentVariablesBackend). Checking subsequent secrets backend.
Traceback (most recent call last):
  File "/home/airflow/.local/lib/python3.12/site-packages/airflow/models/connection.py", line 526, in get_connection_from_secrets
    conn = secrets_backend.get_connection(conn_id=conn_id)
           ^^^^^^^^^^^^^^^^^^^^^^^^^^^^^^^^^^^^^^^^^^^^^^^
  File "/home/airflow/.local/lib/python3.12/site-packages/airflow/secrets/base_secrets.py", line 116, in get_connection
    return self.deserialize_connection(conn_id=conn_id, value=value)
           ^^^^^^^^^^^^^^^^^^^^^^^^^^^^^^^^^^^^^^^^^^^^^^^^^^^^^^^^^
  File "/home/airflow/.local/lib/python3.12/site-packages/airflow/secrets/base_secrets.py", line 70, in deserialize_connection
    return Connection(conn_id=conn_id, uri=value)
           ^^^^^^^^^^^^^^^^^^^^^^^^^^^^^^^^^^^^^^
  File "<string>", line 4, in __init__
  File "/home/airflow/.local/lib/python3.12/site-packages/sqlalchemy/orm/state.py", line 481, in _initialize_instance
    with util.safe_reraise():
         ^^^^^^^^^^^^^^^^^^^
  File "/home/airflow/.local/lib/python3.12/site-packages/sqlalchemy/util/langhelpers.py", line 70, in __exit__
    compat.raise_(
  File "/home/airflow/.local/lib/python3.12/site-packages/sqlalchemy/util/compat.py", line 211, in raise_
    raise exception
  File "/home/airflow/.local/lib/python3.12/site-packages/sqlalchemy/orm/state.py", line 479, in _initialize_instance
    return manager.original_init(*mixed[1:], **kwargs)
           ^^^^^^^^^^^^^^^^^^^^^^^^^^^^^^^^^^^^^^^^^^^
  File "/home/airflow/.local/lib/python3.12/site-packages/airflow/models/connection.py", line 169, in __init__
    self._parse_from_uri(uri)
  File "/home/airflow/.local/lib/python3.12/site-packages/airflow/models/connection.py", line 257, in _parse_from_uri
    self.port = uri_parts.port
                ^^^^^^^^^^^^^^
  File "/usr/local/lib/python3.12/urllib/parse.py", line 182, in port
    raise ValueError(f"Port could not be cast to integer value as {port!r}")
ValueError: Port could not be cast to integer value as 'DefaultEndpointsProtocol=https;AccountName=rbchesssa;AccountKey=lG9W+utkpTNorE0rTLlfDMUZsTPleXk6pXv6NnfDTi'
[2025-03-07T12:25:23.322+0000] {base.py:84} INFO - Retrieving connection 'azure_chess_storage'
[2025-03-07T12:25:26.628+0000] {taskinstance.py:3310} ERROR - Task failed with exception
Traceback (most recent call last):
  File "/home/airflow/.local/lib/python3.12/site-packages/airflow/models/taskinstance.py", line 767, in _execute_task
    result = _execute_callable(context=context, **execute_callable_kwargs)
             ^^^^^^^^^^^^^^^^^^^^^^^^^^^^^^^^^^^^^^^^^^^^^^^^^^^^^^^^^^^^^
  File "/home/airflow/.local/lib/python3.12/site-packages/airflow/models/taskinstance.py", line 733, in _execute_callable
    return ExecutionCallableRunner(
           ^^^^^^^^^^^^^^^^^^^^^^^^
  File "/home/airflow/.local/lib/python3.12/site-packages/airflow/utils/operator_helpers.py", line 252, in run
    return self.func(*args, **kwargs)
           ^^^^^^^^^^^^^^^^^^^^^^^^^^
  File "/home/airflow/.local/lib/python3.12/site-packages/airflow/models/baseoperator.py", line 406, in wrapper
    return func(self, *args, **kwargs)
           ^^^^^^^^^^^^^^^^^^^^^^^^^^^
  File "/home/airflow/.local/lib/python3.12/site-packages/airflow/operators/python.py", line 238, in execute
    return_value = self.execute_callable()
                   ^^^^^^^^^^^^^^^^^^^^^^^
  File "/home/airflow/.local/lib/python3.12/site-packages/airflow/operators/python.py", line 256, in execute_callable
    return runner.run(*self.op_args, **self.op_kwargs)
           ^^^^^^^^^^^^^^^^^^^^^^^^^^^^^^^^^^^^^^^^^^^
  File "/home/airflow/.local/lib/python3.12/site-packages/airflow/utils/operator_helpers.py", line 252, in run
    return self.func(*args, **kwargs)
           ^^^^^^^^^^^^^^^^^^^^^^^^^^
  File "/opt/airflow/dags/scripts/python_scripts.py", line 186, in load_to_gold_layer
    """).fetchdf()
        ^^^^^^^^^
duckdb.duckdb.NotImplementedException: Not implemented Error: Unsupported type "TIME WITH TIME ZONE"
[2025-03-07T12:25:26.644+0000] {taskinstance.py:1225} INFO - Marking task as UP_FOR_RETRY. dag_id=pull_data_from_chess_api, task_id=load_to_gold_layer, run_id=scheduled__2024-04-01T00:00:00+00:00, execution_date=20240401T000000, start_date=20250307T122523, end_date=20250307T122526
[2025-03-07T12:25:26.666+0000] {taskinstance.py:340} INFO - ::group::Post task execution logs
[2025-03-07T12:25:26.667+0000] {standard_task_runner.py:124} ERROR - Failed to execute job 343 for task load_to_gold_layer (Not implemented Error: Unsupported type "TIME WITH TIME ZONE"; 8189)
Traceback (most recent call last):
  File "/home/airflow/.local/lib/python3.12/site-packages/airflow/task/task_runner/standard_task_runner.py", line 117, in _start_by_fork
    ret = args.func(args, dag=self.dag)
          ^^^^^^^^^^^^^^^^^^^^^^^^^^^^^
  File "/home/airflow/.local/lib/python3.12/site-packages/airflow/cli/cli_config.py", line 49, in command
    return func(*args, **kwargs)
           ^^^^^^^^^^^^^^^^^^^^^
  File "/home/airflow/.local/lib/python3.12/site-packages/airflow/utils/cli.py", line 115, in wrapper
    return f(*args, **kwargs)
           ^^^^^^^^^^^^^^^^^^
  File "/home/airflow/.local/lib/python3.12/site-packages/airflow/cli/commands/task_command.py", line 483, in task_run
    task_return_code = _run_task_by_selected_method(args, _dag, ti)
                       ^^^^^^^^^^^^^^^^^^^^^^^^^^^^^^^^^^^^^^^^^^^^
  File "/home/airflow/.local/lib/python3.12/site-packages/airflow/cli/commands/task_command.py", line 256, in _run_task_by_selected_method
    return _run_raw_task(args, ti)
           ^^^^^^^^^^^^^^^^^^^^^^^
  File "/home/airflow/.local/lib/python3.12/site-packages/airflow/cli/commands/task_command.py", line 341, in _run_raw_task
    return ti._run_raw_task(
           ^^^^^^^^^^^^^^^^^
  File "/home/airflow/.local/lib/python3.12/site-packages/airflow/utils/session.py", line 97, in wrapper
    return func(*args, session=session, **kwargs)
           ^^^^^^^^^^^^^^^^^^^^^^^^^^^^^^^^^^^^^^
  File "/home/airflow/.local/lib/python3.12/site-packages/airflow/models/taskinstance.py", line 3004, in _run_raw_task
    return _run_raw_task(
           ^^^^^^^^^^^^^^
  File "/home/airflow/.local/lib/python3.12/site-packages/airflow/models/taskinstance.py", line 273, in _run_raw_task
    TaskInstance._execute_task_with_callbacks(
  File "/home/airflow/.local/lib/python3.12/site-packages/airflow/models/taskinstance.py", line 3158, in _execute_task_with_callbacks
    result = self._execute_task(context, task_orig)
             ^^^^^^^^^^^^^^^^^^^^^^^^^^^^^^^^^^^^^^
  File "/home/airflow/.local/lib/python3.12/site-packages/airflow/models/taskinstance.py", line 3182, in _execute_task
    return _execute_task(self, context, task_orig)
           ^^^^^^^^^^^^^^^^^^^^^^^^^^^^^^^^^^^^^^^
  File "/home/airflow/.local/lib/python3.12/site-packages/airflow/models/taskinstance.py", line 767, in _execute_task
    result = _execute_callable(context=context, **execute_callable_kwargs)
             ^^^^^^^^^^^^^^^^^^^^^^^^^^^^^^^^^^^^^^^^^^^^^^^^^^^^^^^^^^^^^
  File "/home/airflow/.local/lib/python3.12/site-packages/airflow/models/taskinstance.py", line 733, in _execute_callable
    return ExecutionCallableRunner(
           ^^^^^^^^^^^^^^^^^^^^^^^^
  File "/home/airflow/.local/lib/python3.12/site-packages/airflow/utils/operator_helpers.py", line 252, in run
    return self.func(*args, **kwargs)
           ^^^^^^^^^^^^^^^^^^^^^^^^^^
  File "/home/airflow/.local/lib/python3.12/site-packages/airflow/models/baseoperator.py", line 406, in wrapper
    return func(self, *args, **kwargs)
           ^^^^^^^^^^^^^^^^^^^^^^^^^^^
  File "/home/airflow/.local/lib/python3.12/site-packages/airflow/operators/python.py", line 238, in execute
    return_value = self.execute_callable()
                   ^^^^^^^^^^^^^^^^^^^^^^^
  File "/home/airflow/.local/lib/python3.12/site-packages/airflow/operators/python.py", line 256, in execute_callable
    return runner.run(*self.op_args, **self.op_kwargs)
           ^^^^^^^^^^^^^^^^^^^^^^^^^^^^^^^^^^^^^^^^^^^
  File "/home/airflow/.local/lib/python3.12/site-packages/airflow/utils/operator_helpers.py", line 252, in run
    return self.func(*args, **kwargs)
           ^^^^^^^^^^^^^^^^^^^^^^^^^^
  File "/opt/airflow/dags/scripts/python_scripts.py", line 186, in load_to_gold_layer
    """).fetchdf()
        ^^^^^^^^^
duckdb.duckdb.NotImplementedException: Not implemented Error: Unsupported type "TIME WITH TIME ZONE"
[2025-03-07T12:25:26.707+0000] {local_task_job_runner.py:266} INFO - Task exited with return code 1
[2025-03-07T12:25:26.737+0000] {taskinstance.py:3900} INFO - 0 downstream tasks scheduled from follow-on schedule check
[2025-03-07T12:25:26.742+0000] {local_task_job_runner.py:245} INFO - ::endgroup::
[2025-03-10T01:37:57.753+0000] {local_task_job_runner.py:123} INFO - ::group::Pre task execution logs
[2025-03-10T01:37:57.783+0000] {taskinstance.py:2612} INFO - Dependencies all met for dep_context=non-requeueable deps ti=<TaskInstance: pull_data_from_chess_api.load_to_gold_layer scheduled__2024-04-01T00:00:00+00:00 [queued]>
[2025-03-10T01:37:57.794+0000] {taskinstance.py:2612} INFO - Dependencies all met for dep_context=requeueable deps ti=<TaskInstance: pull_data_from_chess_api.load_to_gold_layer scheduled__2024-04-01T00:00:00+00:00 [queued]>
[2025-03-10T01:37:57.794+0000] {taskinstance.py:2865} INFO - Starting attempt 1 of 2
[2025-03-10T01:37:57.820+0000] {taskinstance.py:2888} INFO - Executing <Task(PythonOperator): load_to_gold_layer> on 2024-04-01 00:00:00+00:00
[2025-03-10T01:37:57.829+0000] {warnings.py:112} WARNING - /home/***/.local/lib/python3.12/site-packages/***/task/task_runner/standard_task_runner.py:70: DeprecationWarning: This process (pid=17233) is multi-threaded, use of fork() may lead to deadlocks in the child.
  pid = os.fork()

[2025-03-10T01:37:57.832+0000] {standard_task_runner.py:72} INFO - Started process 17235 to run task
[2025-03-10T01:37:57.832+0000] {standard_task_runner.py:104} INFO - Running: ['***', 'tasks', 'run', 'pull_data_from_chess_api', 'load_to_gold_layer', 'scheduled__2024-04-01T00:00:00+00:00', '--job-id', '534', '--raw', '--subdir', 'DAGS_FOLDER/collect_chess_data_dag.py', '--cfg-path', '/tmp/tmp60orp6_o']
[2025-03-10T01:37:57.837+0000] {standard_task_runner.py:105} INFO - Job 534: Subtask load_to_gold_layer
[2025-03-10T01:37:57.895+0000] {task_command.py:467} INFO - Running <TaskInstance: pull_data_from_chess_api.load_to_gold_layer scheduled__2024-04-01T00:00:00+00:00 [running]> on host 70b3b9cfbba0
[2025-03-10T01:37:58.013+0000] {taskinstance.py:3131} INFO - Exporting env vars: AIRFLOW_CTX_DAG_OWNER='***' AIRFLOW_CTX_DAG_ID='pull_data_from_chess_api' AIRFLOW_CTX_TASK_ID='load_to_gold_layer' AIRFLOW_CTX_EXECUTION_DATE='2024-04-01T00:00:00+00:00' AIRFLOW_CTX_TRY_NUMBER='1' AIRFLOW_CTX_DAG_RUN_ID='scheduled__2024-04-01T00:00:00+00:00'
[2025-03-10T01:37:58.015+0000] {taskinstance.py:731} INFO - ::endgroup::
[2025-03-10T01:37:58.034+0000] {logging_mixin.py:190} INFO - Execution Date: 2024-04-01
[2025-03-10T01:37:58.036+0000] {connection.py:531} ERROR - Unable to retrieve connection from secrets backend (EnvironmentVariablesBackend). Checking subsequent secrets backend.
Traceback (most recent call last):
  File "/home/airflow/.local/lib/python3.12/site-packages/airflow/models/connection.py", line 526, in get_connection_from_secrets
    conn = secrets_backend.get_connection(conn_id=conn_id)
           ^^^^^^^^^^^^^^^^^^^^^^^^^^^^^^^^^^^^^^^^^^^^^^^
  File "/home/airflow/.local/lib/python3.12/site-packages/airflow/secrets/base_secrets.py", line 116, in get_connection
    return self.deserialize_connection(conn_id=conn_id, value=value)
           ^^^^^^^^^^^^^^^^^^^^^^^^^^^^^^^^^^^^^^^^^^^^^^^^^^^^^^^^^
  File "/home/airflow/.local/lib/python3.12/site-packages/airflow/secrets/base_secrets.py", line 70, in deserialize_connection
    return Connection(conn_id=conn_id, uri=value)
           ^^^^^^^^^^^^^^^^^^^^^^^^^^^^^^^^^^^^^^
  File "<string>", line 4, in __init__
  File "/home/airflow/.local/lib/python3.12/site-packages/sqlalchemy/orm/state.py", line 481, in _initialize_instance
    with util.safe_reraise():
         ^^^^^^^^^^^^^^^^^^^
  File "/home/airflow/.local/lib/python3.12/site-packages/sqlalchemy/util/langhelpers.py", line 70, in __exit__
    compat.raise_(
  File "/home/airflow/.local/lib/python3.12/site-packages/sqlalchemy/util/compat.py", line 211, in raise_
    raise exception
  File "/home/airflow/.local/lib/python3.12/site-packages/sqlalchemy/orm/state.py", line 479, in _initialize_instance
    return manager.original_init(*mixed[1:], **kwargs)
           ^^^^^^^^^^^^^^^^^^^^^^^^^^^^^^^^^^^^^^^^^^^
  File "/home/airflow/.local/lib/python3.12/site-packages/airflow/models/connection.py", line 169, in __init__
    self._parse_from_uri(uri)
  File "/home/airflow/.local/lib/python3.12/site-packages/airflow/models/connection.py", line 257, in _parse_from_uri
    self.port = uri_parts.port
                ^^^^^^^^^^^^^^
  File "/usr/local/lib/python3.12/urllib/parse.py", line 182, in port
    raise ValueError(f"Port could not be cast to integer value as {port!r}")
ValueError: Port could not be cast to integer value as 'DefaultEndpointsProtocol=https;AccountName=rbchesssa;AccountKey=lG9W+utkpTNorE0rTLlfDMUZsTPleXk6pXv6NnfDTi'
[2025-03-10T01:37:58.050+0000] {base.py:84} INFO - Retrieving connection 'azure_chess_storage'
[2025-03-10T01:37:59.376+0000] {logging_mixin.py:190} INFO - Previewing Dataframe
[2025-03-10T01:37:59.380+0000] {logging_mixin.py:190} INFO - game_url                        object
time_control                    object
rated                             bool
time_class                      object
rules                           object
white_rating                     int64
white_result                    object
black_rating                     int64
black_result                    object
pgn_event                       object
pgn_site                        object
game_date               datetime64[us]
pgn_white_user                  object
pgn_black_user                  object
pgn_result                      object
pgn_current_position            object
pgn_timezone                    object
pgn_eco                         object
pgn_eco_url                     object
start_time              datetime64[ns]
end_time                datetime64[ns]
end_game_date           datetime64[us]
pgn_raw                         object
pgn_trans                       object
last_updated                    object
dtype: object
[2025-03-10T01:37:59.405+0000] {logging_mixin.py:190} INFO - https://www.chess.com/game/live/105707954303	120+1	True	bullet	chess	715	timeout	752	win	Live Chess	Chess.com	2024-04-01 00:00:00	Rhythmbear1	chamkorsingh84	0-1	r4r1k/2p2Qpp/p7/1n2N1q1/3P2P1/2P4P/PP3PK1/3R4 w - -	UTC	C11	https://www.chess.com/openings/French-Defense-Classical-Delayed-Exchange-Variation	2024-04-01 10:53:41	2024-04-01 10:58:37	2024-04-01 00:00:00	e4 d5 exd5 Nf6 Nc3 e6 d4 Bb4 dxe6 Bxe6 Bd2 O-O Nf3 Re8 Be2 Bxc3 Bxc3 Bg4 O-O Nc6 h3 Bh5 Nh2 Bxe2 Qd2 Bxf1 Rxf1 Ne4 Qd3 Nxc3 Qxc3 a6 Rd1 Ne7 Nf3 Nf5 g4 Nd6 Ne5 Nb5 Qf3 Rf8 c3 Qg5 Qxb7 Rfb8 Qf3 Rf8 Qd5 Rfd8 Qxf7+ Kh8 Kg2 Rf8	1. e4 d5 2. exd5 Nf6 3. Nc3 e6 4. d4 Bb4 5. dxe6 Bxe6 6. Bd2 O-O 7. Nf3 Re8 8. Be2 Bxc3 9. Bxc3 Bg4 10. O-O Nc6 11. h3 Bh5 12. Nh2 Bxe2 13. Qd2 Bxf1 14. Rxf1 Ne4 15. Qd3 Nxc3 16. Qxc3 a6 17. Rd1 Ne7 18. Nf3 Nf5 19. g4 Nd6 20. Ne5 Nb5 21. Qf3 Rf8 22. c3 Qg5 23. Qxb7 Rfb8 24. Qf3 Rf8 25. Qd5 Rfd8 26. Qxf7+ Kh8 27. Kg2 Rf8	2024-04-01
https://www.chess.com/game/live/105708040573	120+1	True	bullet	chess	681	checkmated	722	win	Live Chess	Chess.com	2024-04-01 00:00:00	Davigaming	Rhythmbear1	0-1	r4rk1/1p4pp/p3pn2/1bbp4/6q1/4K3/2BB1PPP/2RQR3 w - -	UTC	C02	https://www.chess.com/openings/French-Defense-Advance-Paulsen-Euwe-Variation	2024-04-01 10:59:37	2024-04-01 11:03:01	2024-04-01 00:00:00	e4 e6 d4 d5 e5 c5 c3 Bd7 Nf3 Nc6 Bg5 f6 exf6 Nxf6 Ne5 Be7 Nxc6 Bxc6 Na3 cxd4 cxd4 O-O Nb5 Qb6 a4 a6 Nc3 Qxb2 Bd3 Qxc3+ Ke2 Bd6 Rc1 Qb4 Bd2 Qxa4 Bc2 Qxd4 Re1 Bb5+ Kf3 Qg4+ Ke3 Bc5#	1. e4 e6 2. d4 d5 3. e5 c5 4. c3 Bd7 5. Nf3 Nc6 6. Bg5 f6 7. exf6 Nxf6 8. Ne5 Be7 9. Nxc6 Bxc6 10. Na3 cxd4 11. cxd4 O-O 12. Nb5 Qb6 13. a4 a6 14. Nc3 Qxb2 15. Bd3 Qxc3+ 16. Ke2 Bd6 17. Rc1 Qb4 18. Bd2 Qxa4 19. Bc2 Qxd4 20. Re1 Bb5+ 21. Kf3 Qg4+ 22. Ke3 Bc5#	2024-04-01
https://www.chess.com/game/live/105708549485	120+1	True	bullet	chess	711	resigned	619	win	Live Chess	Chess.com	2024-04-01 00:00:00	Rhythmbear1	AnanthuViswanath	0-1	2q4k/6pp/1Q1R1b2/4N3/4P3/1Pp5/2P2PPP/r5K1 w - -	UTC	C41	https://www.chess.com/openings/Philidor-Defense-Exchange-Morphy-Gambit	2024-04-01 11:03:21	2024-04-01 11:06:36	2024-04-01 00:00:00	e4 e5 Nf3 d6 d4 exd4 Bc4 Be6 Bxe6 fxe6 Nxd4 e5 Nf3 Nf6 Nc3 Be7 O-O O-O Bg5 Nc6 Bxf6 Bxf6 Qd5+ Kh8 Rad1 Nb4 Qb3 a5 Nd5 c6 Nxb4 axb4 Qxb4 c5 Qb3 b6 a3 Qc8 Rxd6 Rd8 Rfd1 Rxd6 Rxd6 c4 Qxb6 c3 b3 Rxa3 Nxe5 Ra1+	1. e4 e5 2. Nf3 d6 3. d4 exd4 4. Bc4 Be6 5. Bxe6 fxe6 6. Nxd4 e5 7. Nf3 Nf6 8. Nc3 Be7 9. O-O O-O 10. Bg5 Nc6 11. Bxf6 Bxf6 12. Qd5+ Kh8 13. Rad1 Nb4 14. Qb3 a5 15. Nd5 c6 16. Nxb4 axb4 17. Qxb4 c5 18. Qb3 b6 19. a3 Qc8 20. Rxd6 Rd8 21. Rfd1 Rxd6 22. Rxd6 c4 23. Qxb6 c3 24. b3 Rxa3 25. Nxe5 Ra1+	2024-04-01
https://www.chess.com/game/live/105708598331	120+1	True	bullet	chess	706	timeout	841	win	Live Chess	Chess.com	2024-04-01 00:00:00	Rhythmbear1	amaaderboy	0-1	5Q2/p1pp2pk/1p5p/8/3Pb1qP/2P3P1/P4P1K/R3R3 w - -	UTC	C54	https://www.chess.com/openings/Giuoco-Piano-Game-Center-Attack-Greco-Attack	2024-04-01 11:06:43	2024-04-01 11:12:01	2024-04-01 00:00:00	e4 e5 Nf3 Nc6 d4 exd4 Bc4 Bc5 c3 Nf6 cxd4 Bb4+ Nc3 Bxc3+ bxc3 Nxe4 Qe2 Qe7 O-O Nf6 Qb2 b6 Re1 Ne4 Ng5 O-O Rxe4 Qf6 Re1 Bb7 Bd3 h6 Nf3 Rfe8 Be3 Ne7 Be2 Ng6 Qb3 Nf4 Bxf4 Qxf4 Ne5 Qg5 Qxf7+ Kh8 Bf3 Rf8 Ng6+ Kh7 Nxf8+ Rxf8 Qxf8 Bxf3 g3 Qh5 h4 Qg4 Kh2 Be4	1. e4 e5 2. Nf3 Nc6 3. d4 exd4 4. Bc4 Bc5 5. c3 Nf6 6. cxd4 Bb4+ 7. Nc3 Bxc3+ 8. bxc3 Nxe4 9. Qe2 Qe7 10. O-O Nf6 11. Qb2 b6 12. Re1 Ne4 13. Ng5 O-O 14. Rxe4 Qf6 15. Re1 Bb7 16. Bd3 h6 17. Nf3 Rfe8 18. Be3 Ne7 19. Be2 Ng6 20. Qb3 Nf4 21. Bxf4 Qxf4 22. Ne5 Qg5 23. Qxf7+ Kh8 24. Bf3 Rf8 25. Ng6+ Kh7 26. Nxf8+ Rxf8 27. Qxf8 Bxf3 28. g3 Qh5 29. h4 Qg4 30. Kh2 Be4	2024-04-01
https://www.chess.com/game/live/105708677541	120+1	True	bullet	chess	789	resigned	716	win	Live Chess	Chess.com	2024-04-01 00:00:00	ganesansatish	Rhythmbear1	0-1	5r1k/p5p1/1p4p1/3pP3/1P3P1P/P2b2q1/1K1n4/R6R w - -	UTC	C02	https://www.chess.com/openings/French-Defense-Advance-Paulsen-Euwe-Variation-6.Be2-Nge7	2024-04-01 11:12:07	2024-04-01 11:15:50	2024-04-01 00:00:00	e4 e6 d4 d5 e5 c5 c3 Bd7 Nf3 Nc6 Be2 Nge7 Be3 cxd4 cxd4 Ng6 Bd3 Be7 Bxg6 fxg6 Nc3 O-O a3 Qb6 b4 Rac8 Na4 Qd8 O-O h6 Qd2 Kh7 Nc5 b6 Nd3 Bg5 Bxg5 hxg5 Nxg5+ Kh8 f4 Rf5 Nf2 Ne7 g4 Rf8 h4 Bb5 Nxe6 Qd7 Nxf8 Rxf8 Nd3 Qxg4+ Kf2 Nf5 Rh1 Qg3+ Ke2 Nxd4+ Kd1 Bxd3 Kc1 Nb3+ Kb2 Nxd2	1. e4 e6 2. d4 d5 3. e5 c5 4. c3 Bd7 5. Nf3 Nc6 6. Be2 Nge7 7. Be3 cxd4 8. cxd4 Ng6 9. Bd3 Be7 10. Bxg6 fxg6 11. Nc3 O-O 12. a3 Qb6 13. b4 Rac8 14. Na4 Qd8 15. O-O h6 16. Qd2 Kh7 17. Nc5 b6 18. Nd3 Bg5 19. Bxg5 hxg5 20. Nxg5+ Kh8 21. f4 Rf5 22. Nf2 Ne7 23. g4 Rf8 24. h4 Bb5 25. Nxe6 Qd7 26. Nxf8 Rxf8 27. Nd3 Qxg4+ 28. Kf2 Nf5 29. Rh1 Qg3+ 30. Ke2 Nxd4+ 31. Kd1 Bxd3 32. Kc1 Nb3+ 33. Kb2 Nxd2	2024-04-01
[2025-03-10T01:38:01.448+0000] {logging_mixin.py:190} INFO - Previewing Dataframe
[2025-03-10T01:38:01.454+0000] {logging_mixin.py:190} INFO - game_url                        object
time_control                    object
rated                             bool
time_class                      object
rules                           object
white_rating                     int64
white_result                    object
black_rating                     int64
black_result                    object
pgn_event                       object
pgn_site                        object
game_date               datetime64[us]
pgn_white_user                  object
pgn_black_user                  object
pgn_result                      object
pgn_current_position            object
pgn_timezone                    object
pgn_eco                         object
pgn_eco_url                     object
start_time              datetime64[ns]
end_time                datetime64[ns]
end_game_date           datetime64[us]
pgn_raw                         object
pgn_trans                       object
last_updated            datetime64[us]
dtype: object
[2025-03-10T01:38:01.563+0000] {logging_mixin.py:190} INFO - https://www.chess.com/game/live/100458887921	120+1	True	bullet	chess	574	timeout	745	win	Live Chess	Chess.com	2024-01-31 00:00:00	Rhythmbear1	hussein12n	0-1	4r1k1/pppb1p1p/6p1/8/8/B1P3P1/P1P2P1P/6K1 w - -	UTC	B08	https://www.chess.com/openings/Pirc-Defense-Classical-Quiet-System-5...O-O-6.O-O	2024-01-31 16:53:24	2024-01-31 16:56:40	2024-01-31 00:00:00	e4 g6 Nf3 d6 d4 Nf6 Nc3 Bg7 Be2 O-O O-O Re8 Bg5 Nfd7 e5 dxe5 dxe5 Nxe5 Qxd8 Rxd8 Nxe5 Bxe5 Bxe7 Re8 Ba3 Bxc3 bxc3 Rxe2 Rad1 Re8 g3 Be6 Rfe1 Nd7 Rxd7 Bxd7 Rxe8+ Rxe8	1. e4 g6 2. Nf3 d6 3. d4 Nf6 4. Nc3 Bg7 5. Be2 O-O 6. O-O Re8 7. Bg5 Nfd7 8. e5 dxe5 9. dxe5 Nxe5 10. Qxd8 Rxd8 11. Nxe5 Bxe5 12. Bxe7 Re8 13. Ba3 Bxc3 14. bxc3 Rxe2 15. Rad1 Re8 16. g3 Be6 17. Rfe1 Nd7 18. Rxd7 Bxd7 19. Rxe8+ Rxe8	2024-01-01 00:00:00
https://www.chess.com/game/live/100882455715	600	True	rapid	chess	1356	resigned	1329	win	Live Chess	Chess.com	2024-02-05 00:00:00	maximus307	Rhythmbear1	0-1	r4r1k/pp4pp/2pq1np1/8/2P5/1B6/P4PPP/R1B2R1K b - -	UTC	C00	https://www.chess.com/openings/French-Defense-Knight-Variation-2...d5-3.exd5-exd5	2024-02-05 14:32:06	2024-02-05 14:36:02	2024-02-05 00:00:00	e4 e6 Nf3 d5 exd5 exd5 Be2 Bd6 O-O Ne7 d4 O-O Nc3 Bf5 Nb5 c6 Nxd6 Qxd6 c3 Bg6 Ne5 Nd7 Nxg6 fxg6 c4 dxc4 Bxc4+ Kh8 Bb3 Nf5 Qc2 Nxd4 Qc3 Ne2+ Kh1 Nxc3 bxc3 Nf6 c4	1. e4 e6 2. Nf3 d5 3. exd5 exd5 4. Be2 Bd6 5. O-O Ne7 6. d4 O-O 7. Nc3 Bf5 8. Nb5 c6 9. Nxd6 Qxd6 10. c3 Bg6 11. Ne5 Nd7 12. Nxg6 fxg6 13. c4 dxc4 14. Bxc4+ Kh8 15. Bb3 Nf5 16. Qc2 Nxd4 17. Qc3 Ne2+ 18. Kh1 Nxc3 19. bxc3 Nf6 20. c4 	2024-02-01 00:00:00
https://www.chess.com/game/live/100904698899	120+1	True	bullet	chess	576	win	608	resigned	Live Chess	Chess.com	2024-02-05 00:00:00	Rhythmbear1	MrRandy100	1-0	r1b2rk1/ppp2ppp/2n5/4P1B1/2BPQ3/1P6/P1P3PP/R4RK1 b - -	UTC	B02	https://www.chess.com/openings/Alekhines-Defense-Scandinavian-Variation-3.exd5-Nxd5-4.Nxd5-Qxd5-5.Nf3	2024-02-05 20:43:52	2024-02-05 20:46:41	2024-02-05 00:00:00	e4 d5 exd5 Nf6 Nc3 Nxd5 Nxd5 Qxd5 Nf3 e5 b3 e4 Bc4 Qc6 Qe2 Be7 Ne5 Qf6 O-O O-O Qxe4 Bd6 f4 Nc6 d4 Bxe5 fxe5 Qg5 Bxg5	1. e4 d5 2. exd5 Nf6 3. Nc3 Nxd5 4. Nxd5 Qxd5 5. Nf3 e5 6. b3 e4 7. Bc4 Qc6 8. Qe2 Be7 9. Ne5 Qf6 10. O-O O-O 11. Qxe4 Bd6 12. f4 Nc6 13. d4 Bxe5 14. fxe5 Qg5 15. Bxg5 	2024-02-01 00:00:00
https://www.chess.com/game/live/101125920089	600	True	rapid	chess	1350	checkmated	1324	win	Live Chess	Chess.com	2024-02-08 00:00:00	hardybazyani691	Rhythmbear1	0-1	r1b1r1k1/pp3pp1/2pq3p/3p4/7B/1BNP1K2/PPPQ1PPn/1R3R2 w - -	UTC	C00	https://www.chess.com/openings/French-Defense	2024-02-08 10:06:01	2024-02-08 10:08:44	2024-02-08 00:00:00	e4 e6 Bc4 d5 exd5 exd5 Bb3 Nf6 Nf3 Bd6 O-O O-O d3 c6 Bg5 h6 Bh4 Nbd7 Nc3 Re8 Qd2 Ne5 Nxe5 Bxe5 Rab1 Bxh2+ Kxh2 Ng4+ Kg3 Qd6+ Kf3 Nh2#	1. e4 e6 2. Bc4 d5 3. exd5 exd5 4. Bb3 Nf6 5. Nf3 Bd6 6. O-O O-O 7. d3 c6 8. Bg5 h6 9. Bh4 Nbd7 10. Nc3 Re8 11. Qd2 Ne5 12. Nxe5 Bxe5 13. Rab1 Bxh2+ 14. Kxh2 Ng4+ 15. Kg3 Qd6+ 16. Kf3 Nh2#	2024-02-01 00:00:00
https://www.chess.com/game/live/101127771751	600	True	rapid	chess	1346	resigned	1317	win	Live Chess	Chess.com	2024-02-08 00:00:00	sojibhossain123	Rhythmbear1	0-1	rnbqkbnr/pppp1ppp/4p3/8/4P3/5N2/PPPP1PPP/RNBQKB1R b KQkq -	UTC	C00	https://www.chess.com/openings/French-Defense-Knight-Variation	2024-02-08 10:39:06	2024-02-08 10:41:00	2024-02-08 00:00:00	e4 e6 Nf3	1. e4 e6 2. Nf3 	2024-02-01 00:00:00
[2025-03-10T01:38:03.224+0000] {python.py:240} INFO - Done. Returned value was: None
[2025-03-10T01:38:03.242+0000] {taskinstance.py:340} INFO - ::group::Post task execution logs
[2025-03-10T01:38:03.243+0000] {taskinstance.py:352} INFO - Marking task as SUCCESS. dag_id=pull_data_from_chess_api, task_id=load_to_gold_layer, run_id=scheduled__2024-04-01T00:00:00+00:00, execution_date=20240401T000000, start_date=20250310T013757, end_date=20250310T013803
[2025-03-10T01:38:03.287+0000] {local_task_job_runner.py:266} INFO - Task exited with return code 0
[2025-03-10T01:38:03.329+0000] {taskinstance.py:3900} INFO - 0 downstream tasks scheduled from follow-on schedule check
[2025-03-10T01:38:03.333+0000] {local_task_job_runner.py:245} INFO - ::endgroup::
