[2025-03-19T19:13:08.347+0000] {local_task_job_runner.py:123} INFO - ::group::Pre task execution logs
[2025-03-19T19:13:08.374+0000] {taskinstance.py:2612} INFO - Dependencies all met for dep_context=non-requeueable deps ti=<TaskInstance: pull_data_from_chess_api.load_dim_openings manual__2025-03-10T01:32:14.394982+00:00 [queued]>
[2025-03-19T19:13:08.387+0000] {taskinstance.py:2612} INFO - Dependencies all met for dep_context=requeueable deps ti=<TaskInstance: pull_data_from_chess_api.load_dim_openings manual__2025-03-10T01:32:14.394982+00:00 [queued]>
[2025-03-19T19:13:08.387+0000] {taskinstance.py:2865} INFO - Starting attempt 14 of 14
[2025-03-19T19:13:08.405+0000] {taskinstance.py:2888} INFO - Executing <Task(PythonOperator): load_dim_openings> on 2025-03-10 01:32:14.394982+00:00
[2025-03-19T19:13:08.417+0000] {warnings.py:112} WARNING - /home/***/.local/lib/python3.12/site-packages/***/task/task_runner/standard_task_runner.py:70: DeprecationWarning: This process (pid=1928) is multi-threaded, use of fork() may lead to deadlocks in the child.
  pid = os.fork()

[2025-03-19T19:13:08.418+0000] {standard_task_runner.py:72} INFO - Started process 1937 to run task
[2025-03-19T19:13:08.419+0000] {standard_task_runner.py:104} INFO - Running: ['***', 'tasks', 'run', 'pull_data_from_chess_api', 'load_dim_openings', 'manual__2025-03-10T01:32:14.394982+00:00', '--job-id', '628', '--raw', '--subdir', 'DAGS_FOLDER/collect_chess_data_dag.py', '--cfg-path', '/tmp/tmpt09llr8u']
[2025-03-19T19:13:08.423+0000] {standard_task_runner.py:105} INFO - Job 628: Subtask load_dim_openings
[2025-03-19T19:13:08.480+0000] {task_command.py:467} INFO - Running <TaskInstance: pull_data_from_chess_api.load_dim_openings manual__2025-03-10T01:32:14.394982+00:00 [running]> on host d836e7f15298
[2025-03-19T19:13:08.586+0000] {taskinstance.py:3131} INFO - Exporting env vars: AIRFLOW_CTX_DAG_OWNER='***' AIRFLOW_CTX_DAG_ID='pull_data_from_chess_api' AIRFLOW_CTX_TASK_ID='load_dim_openings' AIRFLOW_CTX_EXECUTION_DATE='2025-03-10T01:32:14.394982+00:00' AIRFLOW_CTX_TRY_NUMBER='14' AIRFLOW_CTX_DAG_RUN_ID='manual__2025-03-10T01:32:14.394982+00:00'
[2025-03-19T19:13:08.588+0000] {taskinstance.py:731} INFO - ::endgroup::
[2025-03-19T19:13:08.603+0000] {logging_mixin.py:190} INFO - Received File Name: silver/fact-2025-03-games.parquet
[2025-03-19T19:13:08.614+0000] {logging_mixin.py:190} INFO - ***
[2025-03-19T19:13:08.669+0000] {connection.py:531} ERROR - Unable to retrieve connection from secrets backend (EnvironmentVariablesBackend). Checking subsequent secrets backend.
Traceback (most recent call last):
  File "/home/airflow/.local/lib/python3.12/site-packages/airflow/models/connection.py", line 526, in get_connection_from_secrets
    conn = secrets_backend.get_connection(conn_id=conn_id)
           ^^^^^^^^^^^^^^^^^^^^^^^^^^^^^^^^^^^^^^^^^^^^^^^
  File "/home/airflow/.local/lib/python3.12/site-packages/airflow/secrets/base_secrets.py", line 116, in get_connection
    return self.deserialize_connection(conn_id=conn_id, value=value)
           ^^^^^^^^^^^^^^^^^^^^^^^^^^^^^^^^^^^^^^^^^^^^^^^^^^^^^^^^^
  File "/home/airflow/.local/lib/python3.12/site-packages/airflow/secrets/base_secrets.py", line 70, in deserialize_connection
    return Connection(conn_id=conn_id, uri=value)
           ^^^^^^^^^^^^^^^^^^^^^^^^^^^^^^^^^^^^^^
  File "<string>", line 4, in __init__
  File "/home/airflow/.local/lib/python3.12/site-packages/sqlalchemy/orm/state.py", line 481, in _initialize_instance
    with util.safe_reraise():
         ^^^^^^^^^^^^^^^^^^^
  File "/home/airflow/.local/lib/python3.12/site-packages/sqlalchemy/util/langhelpers.py", line 70, in __exit__
    compat.raise_(
  File "/home/airflow/.local/lib/python3.12/site-packages/sqlalchemy/util/compat.py", line 211, in raise_
    raise exception
  File "/home/airflow/.local/lib/python3.12/site-packages/sqlalchemy/orm/state.py", line 479, in _initialize_instance
    return manager.original_init(*mixed[1:], **kwargs)
           ^^^^^^^^^^^^^^^^^^^^^^^^^^^^^^^^^^^^^^^^^^^
  File "/home/airflow/.local/lib/python3.12/site-packages/airflow/models/connection.py", line 169, in __init__
    self._parse_from_uri(uri)
  File "/home/airflow/.local/lib/python3.12/site-packages/airflow/models/connection.py", line 257, in _parse_from_uri
    self.port = uri_parts.port
                ^^^^^^^^^^^^^^
  File "/usr/local/lib/python3.12/urllib/parse.py", line 182, in port
    raise ValueError(f"Port could not be cast to integer value as {port!r}")
ValueError: Port could not be cast to integer value as 'DefaultEndpointsProtocol=https;AccountName=rbchesssa;AccountKey=lG9W+utkpTNorE0rTLlfDMUZsTPleXk6pXv6NnfDTi'
[2025-03-19T19:13:08.685+0000] {base.py:84} INFO - Retrieving connection 'azure_chess_storage'
[2025-03-19T19:15:05.091+0000] {taskinstance.py:3310} ERROR - Task failed with exception
Traceback (most recent call last):
  File "/home/airflow/.local/lib/python3.12/site-packages/airflow/models/taskinstance.py", line 767, in _execute_task
    result = _execute_callable(context=context, **execute_callable_kwargs)
             ^^^^^^^^^^^^^^^^^^^^^^^^^^^^^^^^^^^^^^^^^^^^^^^^^^^^^^^^^^^^^
  File "/home/airflow/.local/lib/python3.12/site-packages/airflow/models/taskinstance.py", line 733, in _execute_callable
    return ExecutionCallableRunner(
           ^^^^^^^^^^^^^^^^^^^^^^^^
  File "/home/airflow/.local/lib/python3.12/site-packages/airflow/utils/operator_helpers.py", line 252, in run
    return self.func(*args, **kwargs)
           ^^^^^^^^^^^^^^^^^^^^^^^^^^
  File "/home/airflow/.local/lib/python3.12/site-packages/airflow/models/baseoperator.py", line 406, in wrapper
    return func(self, *args, **kwargs)
           ^^^^^^^^^^^^^^^^^^^^^^^^^^^
  File "/home/airflow/.local/lib/python3.12/site-packages/airflow/operators/python.py", line 238, in execute
    return_value = self.execute_callable()
                   ^^^^^^^^^^^^^^^^^^^^^^^
  File "/home/airflow/.local/lib/python3.12/site-packages/airflow/operators/python.py", line 256, in execute_callable
    return runner.run(*self.op_args, **self.op_kwargs)
           ^^^^^^^^^^^^^^^^^^^^^^^^^^^^^^^^^^^^^^^^^^^
  File "/home/airflow/.local/lib/python3.12/site-packages/airflow/utils/operator_helpers.py", line 252, in run
    return self.func(*args, **kwargs)
           ^^^^^^^^^^^^^^^^^^^^^^^^^^
  File "/opt/airflow/dags/scripts/python_scripts.py", line 451, in load_dim_openings
    cur_dim_openings.to_parquet(temp_file.name, index=False)
TypeError: to_parquet(): incompatible function arguments. The following argument types are supported:
    1. (self: duckdb.duckdb.DuckDBPyRelation, file_name: str, *, compression: object = None, field_ids: object = None, row_group_size_bytes: object = None, row_group_size: object = None) -> None

Invoked with: ┌─────────────────────────────────────────────────────────┬────────────────────────────────────────────────────────────┐
│                       pgn_eco_url                       │                        opening_name                        │
│                         varchar                         │                          varchar                           │
├─────────────────────────────────────────────────────────┼────────────────────────────────────────────────────────────┤
│ https://www.chess.com/openings/Center-Game-Accepted     │ Center Game Accepted                                       │
│ https://www.chess.com/openings/Italian-Game-3...d6-4.…  │ Italian Game                                               │
│ https://www.chess.com/openings/Center-Game-Accepted-K…  │ Center Game Accepted: Kieseritzky Variation                │
│ https://www.chess.com/openings/Bishops-Opening-Berlin…  │ Bishop's Opening: Berlin Defense                           │
│ https://www.chess.com/openings/Nimzowitsch-Defense-Sc…  │ Nimzowitsch Defense: Scandinavian, Exchange Variation      │
│ https://www.chess.com/openings/Sicilian-Defense-McDon…  │ Sicilian Defense: McDonnell Attack                         │
│ https://www.chess.com/openings/Giuoco-Piano-Game-Cent…  │ Giuoco Piano Game: Center Attack                           │
│ https://www.chess.com/openings/Modern-Defense-with-1-…  │ Modern Defense with 1.e4                                   │
│ https://www.chess.com/openings/Modern-Defense-with-1-…  │ Modern Defense with 1.d4                                   │
│ https://www.chess.com/openings/Pirc-Defense-Main-Line…  │ Pirc Defense: Main Line, Austrian Attack                   │
│                            ·                            │                 ·                                          │
│                            ·                            │                 ·                                          │
│                            ·                            │                 ·                                          │
│ https://www.chess.com/openings/French-Defense-Exchang…  │ French Defense: Exchange Variation                         │
│ https://www.chess.com/openings/Ruy-Lopez-Opening-Clas…  │ Ruy López Opening: Classical Defense                       │
│ https://www.chess.com/openings/Scotch-Game-Scotch-Gam…  │ Scotch Game: Scotch Gambit, Dubois Réti, Advance Variation │
│ https://www.chess.com/openings/French-Defense-Exchang…  │ French Defense: Exchange Variation                         │
│ https://www.chess.com/openings/French-Defense-Knight-…  │ French Defense: Knight Variation                           │
│ https://www.chess.com/openings/Scandinavian-Defense-M…  │ Scandinavian Defense: Mieses-Kotrč Variation               │
│ https://www.chess.com/openings/Queens-Pawn-Opening-Zu…  │ Queen's Pawn Opening: Zukertort Variation                  │
│ https://www.chess.com/openings/Petrovs-Defense-Steini…  │ Petrov's Defense: Steinitz Attack                          │
│ https://www.chess.com/openings/Caro-Kann-Defense-2.d4   │ Caro-Kann Defense                                          │
│ https://www.chess.com/openings/French-Defense-Classic…  │ French Defense: Classical, Steinitz Variation              │
├─────────────────────────────────────────────────────────┴────────────────────────────────────────────────────────────┤
│ 94 rows (20 shown)                                                                                         2 columns │
└──────────────────────────────────────────────────────────────────────────────────────────────────────────────────────┘
, '/tmp/tmpxy9vnrfc.parquet'; kwargs: index=False
[2025-03-19T19:15:05.120+0000] {taskinstance.py:1225} INFO - Marking task as FAILED. dag_id=pull_data_from_chess_api, task_id=load_dim_openings, run_id=manual__2025-03-10T01:32:14.394982+00:00, execution_date=20250310T013214, start_date=20250319T191308, end_date=20250319T191505
[2025-03-19T19:15:05.146+0000] {taskinstance.py:340} INFO - ::group::Post task execution logs
[2025-03-19T19:15:05.147+0000] {standard_task_runner.py:124} ERROR - Failed to execute job 628 for task load_dim_openings (to_parquet(): incompatible function arguments. The following argument types are supported:
    1. (self: duckdb.duckdb.DuckDBPyRelation, file_name: str, *, compression: object = None, field_ids: object = None, row_group_size_bytes: object = None, row_group_size: object = None) -> None

Invoked with: ┌─────────────────────────────────────────────────────────┬────────────────────────────────────────────────────────────┐
│                       pgn_eco_url                       │                        opening_name                        │
│                         varchar                         │                          varchar                           │
├─────────────────────────────────────────────────────────┼────────────────────────────────────────────────────────────┤
│ https://www.chess.com/openings/Center-Game-Accepted     │ Center Game Accepted                                       │
│ https://www.chess.com/openings/Italian-Game-3...d6-4.…  │ Italian Game                                               │
│ https://www.chess.com/openings/Center-Game-Accepted-K…  │ Center Game Accepted: Kieseritzky Variation                │
│ https://www.chess.com/openings/Bishops-Opening-Berlin…  │ Bishop's Opening: Berlin Defense                           │
│ https://www.chess.com/openings/Nimzowitsch-Defense-Sc…  │ Nimzowitsch Defense: Scandinavian, Exchange Variation      │
│ https://www.chess.com/openings/Sicilian-Defense-McDon…  │ Sicilian Defense: McDonnell Attack                         │
│ https://www.chess.com/openings/Giuoco-Piano-Game-Cent…  │ Giuoco Piano Game: Center Attack                           │
│ https://www.chess.com/openings/Modern-Defense-with-1-…  │ Modern Defense with 1.e4                                   │
│ https://www.chess.com/openings/Modern-Defense-with-1-…  │ Modern Defense with 1.d4                                   │
│ https://www.chess.com/openings/Pirc-Defense-Main-Line…  │ Pirc Defense: Main Line, Austrian Attack                   │
│                            ·                            │                 ·                                          │
│                            ·                            │                 ·                                          │
│                            ·                            │                 ·                                          │
│ https://www.chess.com/openings/French-Defense-Exchang…  │ French Defense: Exchange Variation                         │
│ https://www.chess.com/openings/Ruy-Lopez-Opening-Clas…  │ Ruy López Opening: Classical Defense                       │
│ https://www.chess.com/openings/Scotch-Game-Scotch-Gam…  │ Scotch Game: Scotch Gambit, Dubois Réti, Advance Variation │
│ https://www.chess.com/openings/French-Defense-Exchang…  │ French Defense: Exchange Variation                         │
│ https://www.chess.com/openings/French-Defense-Knight-…  │ French Defense: Knight Variation                           │
│ https://www.chess.com/openings/Scandinavian-Defense-M…  │ Scandinavian Defense: Mieses-Kotrč Variation               │
│ https://www.chess.com/openings/Queens-Pawn-Opening-Zu…  │ Queen's Pawn Opening: Zukertort Variation                  │
│ https://www.chess.com/openings/Petrovs-Defense-Steini…  │ Petrov's Defense: Steinitz Attack                          │
│ https://www.chess.com/openings/Caro-Kann-Defense-2.d4   │ Caro-Kann Defense                                          │
│ https://www.chess.com/openings/French-Defense-Classic…  │ French Defense: Classical, Steinitz Variation              │
├─────────────────────────────────────────────────────────┴────────────────────────────────────────────────────────────┤
│ 94 rows (20 shown)                                                                                         2 columns │
└──────────────────────────────────────────────────────────────────────────────────────────────────────────────────────┘
, '/tmp/tmpxy9vnrfc.parquet'; kwargs: index=False; 1937)
Traceback (most recent call last):
  File "/home/airflow/.local/lib/python3.12/site-packages/airflow/task/task_runner/standard_task_runner.py", line 117, in _start_by_fork
    ret = args.func(args, dag=self.dag)
          ^^^^^^^^^^^^^^^^^^^^^^^^^^^^^
  File "/home/airflow/.local/lib/python3.12/site-packages/airflow/cli/cli_config.py", line 49, in command
    return func(*args, **kwargs)
           ^^^^^^^^^^^^^^^^^^^^^
  File "/home/airflow/.local/lib/python3.12/site-packages/airflow/utils/cli.py", line 115, in wrapper
    return f(*args, **kwargs)
           ^^^^^^^^^^^^^^^^^^
  File "/home/airflow/.local/lib/python3.12/site-packages/airflow/cli/commands/task_command.py", line 483, in task_run
    task_return_code = _run_task_by_selected_method(args, _dag, ti)
                       ^^^^^^^^^^^^^^^^^^^^^^^^^^^^^^^^^^^^^^^^^^^^
  File "/home/airflow/.local/lib/python3.12/site-packages/airflow/cli/commands/task_command.py", line 256, in _run_task_by_selected_method
    return _run_raw_task(args, ti)
           ^^^^^^^^^^^^^^^^^^^^^^^
  File "/home/airflow/.local/lib/python3.12/site-packages/airflow/cli/commands/task_command.py", line 341, in _run_raw_task
    return ti._run_raw_task(
           ^^^^^^^^^^^^^^^^^
  File "/home/airflow/.local/lib/python3.12/site-packages/airflow/utils/session.py", line 97, in wrapper
    return func(*args, session=session, **kwargs)
           ^^^^^^^^^^^^^^^^^^^^^^^^^^^^^^^^^^^^^^
  File "/home/airflow/.local/lib/python3.12/site-packages/airflow/models/taskinstance.py", line 3004, in _run_raw_task
    return _run_raw_task(
           ^^^^^^^^^^^^^^
  File "/home/airflow/.local/lib/python3.12/site-packages/airflow/models/taskinstance.py", line 273, in _run_raw_task
    TaskInstance._execute_task_with_callbacks(
  File "/home/airflow/.local/lib/python3.12/site-packages/airflow/models/taskinstance.py", line 3158, in _execute_task_with_callbacks
    result = self._execute_task(context, task_orig)
             ^^^^^^^^^^^^^^^^^^^^^^^^^^^^^^^^^^^^^^
  File "/home/airflow/.local/lib/python3.12/site-packages/airflow/models/taskinstance.py", line 3182, in _execute_task
    return _execute_task(self, context, task_orig)
           ^^^^^^^^^^^^^^^^^^^^^^^^^^^^^^^^^^^^^^^
  File "/home/airflow/.local/lib/python3.12/site-packages/airflow/models/taskinstance.py", line 767, in _execute_task
    result = _execute_callable(context=context, **execute_callable_kwargs)
             ^^^^^^^^^^^^^^^^^^^^^^^^^^^^^^^^^^^^^^^^^^^^^^^^^^^^^^^^^^^^^
  File "/home/airflow/.local/lib/python3.12/site-packages/airflow/models/taskinstance.py", line 733, in _execute_callable
    return ExecutionCallableRunner(
           ^^^^^^^^^^^^^^^^^^^^^^^^
  File "/home/airflow/.local/lib/python3.12/site-packages/airflow/utils/operator_helpers.py", line 252, in run
    return self.func(*args, **kwargs)
           ^^^^^^^^^^^^^^^^^^^^^^^^^^
  File "/home/airflow/.local/lib/python3.12/site-packages/airflow/models/baseoperator.py", line 406, in wrapper
    return func(self, *args, **kwargs)
           ^^^^^^^^^^^^^^^^^^^^^^^^^^^
  File "/home/airflow/.local/lib/python3.12/site-packages/airflow/operators/python.py", line 238, in execute
    return_value = self.execute_callable()
                   ^^^^^^^^^^^^^^^^^^^^^^^
  File "/home/airflow/.local/lib/python3.12/site-packages/airflow/operators/python.py", line 256, in execute_callable
    return runner.run(*self.op_args, **self.op_kwargs)
           ^^^^^^^^^^^^^^^^^^^^^^^^^^^^^^^^^^^^^^^^^^^
  File "/home/airflow/.local/lib/python3.12/site-packages/airflow/utils/operator_helpers.py", line 252, in run
    return self.func(*args, **kwargs)
           ^^^^^^^^^^^^^^^^^^^^^^^^^^
  File "/opt/airflow/dags/scripts/python_scripts.py", line 451, in load_dim_openings
    cur_dim_openings.to_parquet(temp_file.name, index=False)
TypeError: to_parquet(): incompatible function arguments. The following argument types are supported:
    1. (self: duckdb.duckdb.DuckDBPyRelation, file_name: str, *, compression: object = None, field_ids: object = None, row_group_size_bytes: object = None, row_group_size: object = None) -> None

Invoked with: ┌─────────────────────────────────────────────────────────┬────────────────────────────────────────────────────────────┐
│                       pgn_eco_url                       │                        opening_name                        │
│                         varchar                         │                          varchar                           │
├─────────────────────────────────────────────────────────┼────────────────────────────────────────────────────────────┤
│ https://www.chess.com/openings/Center-Game-Accepted     │ Center Game Accepted                                       │
│ https://www.chess.com/openings/Italian-Game-3...d6-4.…  │ Italian Game                                               │
│ https://www.chess.com/openings/Center-Game-Accepted-K…  │ Center Game Accepted: Kieseritzky Variation                │
│ https://www.chess.com/openings/Bishops-Opening-Berlin…  │ Bishop's Opening: Berlin Defense                           │
│ https://www.chess.com/openings/Nimzowitsch-Defense-Sc…  │ Nimzowitsch Defense: Scandinavian, Exchange Variation      │
│ https://www.chess.com/openings/Sicilian-Defense-McDon…  │ Sicilian Defense: McDonnell Attack                         │
│ https://www.chess.com/openings/Giuoco-Piano-Game-Cent…  │ Giuoco Piano Game: Center Attack                           │
│ https://www.chess.com/openings/Modern-Defense-with-1-…  │ Modern Defense with 1.e4                                   │
│ https://www.chess.com/openings/Modern-Defense-with-1-…  │ Modern Defense with 1.d4                                   │
│ https://www.chess.com/openings/Pirc-Defense-Main-Line…  │ Pirc Defense: Main Line, Austrian Attack                   │
│                            ·                            │                 ·                                          │
│                            ·                            │                 ·                                          │
│                            ·                            │                 ·                                          │
│ https://www.chess.com/openings/French-Defense-Exchang…  │ French Defense: Exchange Variation                         │
│ https://www.chess.com/openings/Ruy-Lopez-Opening-Clas…  │ Ruy López Opening: Classical Defense                       │
│ https://www.chess.com/openings/Scotch-Game-Scotch-Gam…  │ Scotch Game: Scotch Gambit, Dubois Réti, Advance Variation │
│ https://www.chess.com/openings/French-Defense-Exchang…  │ French Defense: Exchange Variation                         │
│ https://www.chess.com/openings/French-Defense-Knight-…  │ French Defense: Knight Variation                           │
│ https://www.chess.com/openings/Scandinavian-Defense-M…  │ Scandinavian Defense: Mieses-Kotrč Variation               │
│ https://www.chess.com/openings/Queens-Pawn-Opening-Zu…  │ Queen's Pawn Opening: Zukertort Variation                  │
│ https://www.chess.com/openings/Petrovs-Defense-Steini…  │ Petrov's Defense: Steinitz Attack                          │
│ https://www.chess.com/openings/Caro-Kann-Defense-2.d4   │ Caro-Kann Defense                                          │
│ https://www.chess.com/openings/French-Defense-Classic…  │ French Defense: Classical, Steinitz Variation              │
├─────────────────────────────────────────────────────────┴────────────────────────────────────────────────────────────┤
│ 94 rows (20 shown)                                                                                         2 columns │
└──────────────────────────────────────────────────────────────────────────────────────────────────────────────────────┘
, '/tmp/tmpxy9vnrfc.parquet'; kwargs: index=False
[2025-03-19T19:15:05.174+0000] {local_task_job_runner.py:266} INFO - Task exited with return code 1
[2025-03-19T19:15:05.214+0000] {taskinstance.py:3900} INFO - 0 downstream tasks scheduled from follow-on schedule check
[2025-03-19T19:15:05.222+0000] {local_task_job_runner.py:245} INFO - ::endgroup::
