[2025-03-12T15:01:54.864+0000] {local_task_job_runner.py:123} INFO - ::group::Pre task execution logs
[2025-03-12T15:01:54.888+0000] {taskinstance.py:2612} INFO - Dependencies all met for dep_context=non-requeueable deps ti=<TaskInstance: load_data_warehouse.load_fact_table manual__2025-03-12T14:13:58.419334+00:00 [queued]>
[2025-03-12T15:01:54.899+0000] {taskinstance.py:2612} INFO - Dependencies all met for dep_context=requeueable deps ti=<TaskInstance: load_data_warehouse.load_fact_table manual__2025-03-12T14:13:58.419334+00:00 [queued]>
[2025-03-12T15:01:54.899+0000] {taskinstance.py:2865} INFO - Starting attempt 11 of 12
[2025-03-12T15:01:54.920+0000] {taskinstance.py:2888} INFO - Executing <Task(PythonOperator): load_fact_table> on 2025-03-12 14:13:58.419334+00:00
[2025-03-12T15:01:54.927+0000] {warnings.py:112} WARNING - /home/***/.local/lib/python3.12/site-packages/***/task/task_runner/standard_task_runner.py:70: DeprecationWarning: This process (pid=2191) is multi-threaded, use of fork() may lead to deadlocks in the child.
  pid = os.fork()

[2025-03-12T15:01:54.930+0000] {standard_task_runner.py:72} INFO - Started process 2193 to run task
[2025-03-12T15:01:54.931+0000] {standard_task_runner.py:104} INFO - Running: ['***', 'tasks', 'run', 'load_data_warehouse', 'load_fact_table', 'manual__2025-03-12T14:13:58.419334+00:00', '--job-id', '600', '--raw', '--subdir', 'DAGS_FOLDER/load_data_warehouse_dag.py', '--cfg-path', '/tmp/tmpmsont8pv']
[2025-03-12T15:01:54.934+0000] {standard_task_runner.py:105} INFO - Job 600: Subtask load_fact_table
[2025-03-12T15:01:54.987+0000] {task_command.py:467} INFO - Running <TaskInstance: load_data_warehouse.load_fact_table manual__2025-03-12T14:13:58.419334+00:00 [running]> on host 70b3b9cfbba0
[2025-03-12T15:01:55.126+0000] {taskinstance.py:3131} INFO - Exporting env vars: AIRFLOW_CTX_DAG_OWNER='***' AIRFLOW_CTX_DAG_ID='load_data_warehouse' AIRFLOW_CTX_TASK_ID='load_fact_table' AIRFLOW_CTX_EXECUTION_DATE='2025-03-12T14:13:58.419334+00:00' AIRFLOW_CTX_TRY_NUMBER='11' AIRFLOW_CTX_DAG_RUN_ID='manual__2025-03-12T14:13:58.419334+00:00'
[2025-03-12T15:01:55.129+0000] {taskinstance.py:731} INFO - ::endgroup::
[2025-03-12T15:01:55.166+0000] {connection.py:531} ERROR - Unable to retrieve connection from secrets backend (EnvironmentVariablesBackend). Checking subsequent secrets backend.
Traceback (most recent call last):
  File "/home/airflow/.local/lib/python3.12/site-packages/airflow/models/connection.py", line 526, in get_connection_from_secrets
    conn = secrets_backend.get_connection(conn_id=conn_id)
           ^^^^^^^^^^^^^^^^^^^^^^^^^^^^^^^^^^^^^^^^^^^^^^^
  File "/home/airflow/.local/lib/python3.12/site-packages/airflow/secrets/base_secrets.py", line 116, in get_connection
    return self.deserialize_connection(conn_id=conn_id, value=value)
           ^^^^^^^^^^^^^^^^^^^^^^^^^^^^^^^^^^^^^^^^^^^^^^^^^^^^^^^^^
  File "/home/airflow/.local/lib/python3.12/site-packages/airflow/secrets/base_secrets.py", line 70, in deserialize_connection
    return Connection(conn_id=conn_id, uri=value)
           ^^^^^^^^^^^^^^^^^^^^^^^^^^^^^^^^^^^^^^
  File "<string>", line 4, in __init__
  File "/home/airflow/.local/lib/python3.12/site-packages/sqlalchemy/orm/state.py", line 481, in _initialize_instance
    with util.safe_reraise():
         ^^^^^^^^^^^^^^^^^^^
  File "/home/airflow/.local/lib/python3.12/site-packages/sqlalchemy/util/langhelpers.py", line 70, in __exit__
    compat.raise_(
  File "/home/airflow/.local/lib/python3.12/site-packages/sqlalchemy/util/compat.py", line 211, in raise_
    raise exception
  File "/home/airflow/.local/lib/python3.12/site-packages/sqlalchemy/orm/state.py", line 479, in _initialize_instance
    return manager.original_init(*mixed[1:], **kwargs)
           ^^^^^^^^^^^^^^^^^^^^^^^^^^^^^^^^^^^^^^^^^^^
  File "/home/airflow/.local/lib/python3.12/site-packages/airflow/models/connection.py", line 169, in __init__
    self._parse_from_uri(uri)
  File "/home/airflow/.local/lib/python3.12/site-packages/airflow/models/connection.py", line 257, in _parse_from_uri
    self.port = uri_parts.port
                ^^^^^^^^^^^^^^
  File "/usr/local/lib/python3.12/urllib/parse.py", line 182, in port
    raise ValueError(f"Port could not be cast to integer value as {port!r}")
ValueError: Port could not be cast to integer value as 'DefaultEndpointsProtocol=https;AccountName=rbchesssa;AccountKey=lG9W+utkpTNorE0rTLlfDMUZsTPleXk6pXv6NnfDTi'
[2025-03-12T15:01:55.187+0000] {base.py:84} INFO - Retrieving connection 'azure_chess_storage'
[2025-03-12T15:02:56.185+0000] {postgres.py:191} INFO - Running copy expert:  COPY chess_dw.fact_games FROM STDIN DELIMITER ',' CSV HEADER; , filename: /tmp/tmp0zifrc8j.csv
[2025-03-12T15:02:56.210+0000] {base.py:84} INFO - Retrieving connection 'azure_chess_dw'
[2025-03-12T15:03:10.605+0000] {logging_mixin.py:190} INFO - Successfully Loaded Data to Warehouse
[2025-03-12T15:03:10.626+0000] {python.py:240} INFO - Done. Returned value was: None
[2025-03-12T15:03:10.638+0000] {taskinstance.py:340} INFO - ::group::Post task execution logs
[2025-03-12T15:03:10.638+0000] {taskinstance.py:352} INFO - Marking task as SUCCESS. dag_id=load_data_warehouse, task_id=load_fact_table, run_id=manual__2025-03-12T14:13:58.419334+00:00, execution_date=20250312T141358, start_date=20250312T150154, end_date=20250312T150310
[2025-03-12T15:03:10.674+0000] {local_task_job_runner.py:266} INFO - Task exited with return code 0
[2025-03-12T15:03:10.689+0000] {taskinstance.py:3900} INFO - 0 downstream tasks scheduled from follow-on schedule check
[2025-03-12T15:03:10.692+0000] {local_task_job_runner.py:245} INFO - ::endgroup::
