[2025-03-27T11:05:27.334+0000] {local_task_job_runner.py:123} INFO - ::group::Pre task execution logs
[2025-03-27T11:05:27.373+0000] {taskinstance.py:2612} INFO - Dependencies all met for dep_context=non-requeueable deps ti=<TaskInstance: load_data_warehouse.load_dim_dates_dw manual__2025-03-12T14:13:58.419334+00:00 [queued]>
[2025-03-27T11:05:27.394+0000] {taskinstance.py:2612} INFO - Dependencies all met for dep_context=requeueable deps ti=<TaskInstance: load_data_warehouse.load_dim_dates_dw manual__2025-03-12T14:13:58.419334+00:00 [queued]>
[2025-03-27T11:05:27.395+0000] {taskinstance.py:2865} INFO - Starting attempt 1 of 2
[2025-03-27T11:05:27.458+0000] {taskinstance.py:2888} INFO - Executing <Task(PythonOperator): load_dim_dates_dw> on 2025-03-12 14:13:58.419334+00:00
[2025-03-27T11:05:27.479+0000] {warnings.py:112} WARNING - /home/***/.local/lib/python3.12/site-packages/***/task/task_runner/standard_task_runner.py:70: DeprecationWarning: This process (pid=5314) is multi-threaded, use of fork() may lead to deadlocks in the child.
  pid = os.fork()

[2025-03-27T11:05:27.487+0000] {standard_task_runner.py:72} INFO - Started process 5403 to run task
[2025-03-27T11:05:27.488+0000] {standard_task_runner.py:104} INFO - Running: ['***', 'tasks', 'run', 'load_data_warehouse', 'load_dim_dates_dw', 'manual__2025-03-12T14:13:58.419334+00:00', '--job-id', '807', '--raw', '--subdir', 'DAGS_FOLDER/load_data_warehouse_dag.py', '--cfg-path', '/tmp/tmpgd2qrk0q']
[2025-03-27T11:05:27.505+0000] {standard_task_runner.py:105} INFO - Job 807: Subtask load_dim_dates_dw
[2025-03-27T11:05:30.654+0000] {task_command.py:467} INFO - Running <TaskInstance: load_data_warehouse.load_dim_dates_dw manual__2025-03-12T14:13:58.419334+00:00 [running]> on host 8de4e0a4beb2
[2025-03-27T11:05:30.875+0000] {taskinstance.py:3131} INFO - Exporting env vars: AIRFLOW_CTX_DAG_OWNER='***' AIRFLOW_CTX_DAG_ID='load_data_warehouse' AIRFLOW_CTX_TASK_ID='load_dim_dates_dw' AIRFLOW_CTX_EXECUTION_DATE='2025-03-12T14:13:58.419334+00:00' AIRFLOW_CTX_TRY_NUMBER='1' AIRFLOW_CTX_DAG_RUN_ID='manual__2025-03-12T14:13:58.419334+00:00'
[2025-03-27T11:05:30.883+0000] {taskinstance.py:731} INFO - ::endgroup::
[2025-03-27T11:05:33.513+0000] {logging_mixin.py:190} INFO - ✅ gold/dim_date.parquet Loaded: 42 rows, 7 columns
[2025-03-27T11:05:33.535+0000] {base.py:84} INFO - Retrieving connection 'azure_chess_dw'
[2025-03-27T11:05:33.561+0000] {base.py:84} INFO - Retrieving connection 'azure_chess_dw'
[2025-03-27T11:05:41.849+0000] {logging_mixin.py:190} INFO - Successfully Loaded gold/dim_date.parquet Data to Postgres table dim_dates
[2025-03-27T11:05:41.853+0000] {python.py:240} INFO - Done. Returned value was: None
[2025-03-27T11:05:41.875+0000] {taskinstance.py:340} INFO - ::group::Post task execution logs
[2025-03-27T11:05:41.876+0000] {taskinstance.py:352} INFO - Marking task as SUCCESS. dag_id=load_data_warehouse, task_id=load_dim_dates_dw, run_id=manual__2025-03-12T14:13:58.419334+00:00, execution_date=20250312T141358, start_date=20250327T110527, end_date=20250327T110541
[2025-03-27T11:05:41.941+0000] {local_task_job_runner.py:266} INFO - Task exited with return code 0
[2025-03-27T11:05:41.967+0000] {taskinstance.py:3900} INFO - 0 downstream tasks scheduled from follow-on schedule check
[2025-03-27T11:05:41.969+0000] {local_task_job_runner.py:245} INFO - ::endgroup::
