[2025-03-27T11:05:20.031+0000] {local_task_job_runner.py:123} INFO - ::group::Pre task execution logs
[2025-03-27T11:05:20.143+0000] {taskinstance.py:2612} INFO - Dependencies all met for dep_context=non-requeueable deps ti=<TaskInstance: load_data_warehouse.load_dim_openings_dw manual__2025-03-12T14:13:58.419334+00:00 [queued]>
[2025-03-27T11:05:20.183+0000] {taskinstance.py:2612} INFO - Dependencies all met for dep_context=requeueable deps ti=<TaskInstance: load_data_warehouse.load_dim_openings_dw manual__2025-03-12T14:13:58.419334+00:00 [queued]>
[2025-03-27T11:05:20.184+0000] {taskinstance.py:2865} INFO - Starting attempt 1 of 2
[2025-03-27T11:05:21.940+0000] {taskinstance.py:2888} INFO - Executing <Task(PythonOperator): load_dim_openings_dw> on 2025-03-12 14:13:58.419334+00:00
[2025-03-27T11:05:21.991+0000] {warnings.py:112} WARNING - /home/***/.local/lib/python3.12/site-packages/***/task/task_runner/standard_task_runner.py:70: DeprecationWarning: This process (pid=5305) is multi-threaded, use of fork() may lead to deadlocks in the child.
  pid = os.fork()

[2025-03-27T11:05:21.997+0000] {standard_task_runner.py:72} INFO - Started process 5369 to run task
[2025-03-27T11:05:22.198+0000] {standard_task_runner.py:104} INFO - Running: ['***', 'tasks', 'run', 'load_data_warehouse', 'load_dim_openings_dw', 'manual__2025-03-12T14:13:58.419334+00:00', '--job-id', '805', '--raw', '--subdir', 'DAGS_FOLDER/load_data_warehouse_dag.py', '--cfg-path', '/tmp/tmpts9u27rw']
[2025-03-27T11:05:22.328+0000] {standard_task_runner.py:105} INFO - Job 805: Subtask load_dim_openings_dw
[2025-03-27T11:05:22.790+0000] {task_command.py:467} INFO - Running <TaskInstance: load_data_warehouse.load_dim_openings_dw manual__2025-03-12T14:13:58.419334+00:00 [running]> on host 8de4e0a4beb2
[2025-03-27T11:05:23.137+0000] {taskinstance.py:3131} INFO - Exporting env vars: AIRFLOW_CTX_DAG_OWNER='***' AIRFLOW_CTX_DAG_ID='load_data_warehouse' AIRFLOW_CTX_TASK_ID='load_dim_openings_dw' AIRFLOW_CTX_EXECUTION_DATE='2025-03-12T14:13:58.419334+00:00' AIRFLOW_CTX_TRY_NUMBER='1' AIRFLOW_CTX_DAG_RUN_ID='manual__2025-03-12T14:13:58.419334+00:00'
[2025-03-27T11:05:23.154+0000] {taskinstance.py:731} INFO - ::endgroup::
[2025-03-27T11:05:26.413+0000] {logging_mixin.py:190} INFO - ✅ gold/dim_openings.parquet Loaded: 266 rows, 3 columns
[2025-03-27T11:05:26.442+0000] {base.py:84} INFO - Retrieving connection 'azure_chess_dw'
[2025-03-27T11:05:26.477+0000] {base.py:84} INFO - Retrieving connection 'azure_chess_dw'
[2025-03-27T11:05:35.516+0000] {logging_mixin.py:190} INFO - Successfully Loaded gold/dim_openings.parquet Data to Postgres table dim_openings
[2025-03-27T11:05:35.521+0000] {python.py:240} INFO - Done. Returned value was: None
[2025-03-27T11:05:35.544+0000] {taskinstance.py:340} INFO - ::group::Post task execution logs
[2025-03-27T11:05:35.544+0000] {taskinstance.py:352} INFO - Marking task as SUCCESS. dag_id=load_data_warehouse, task_id=load_dim_openings_dw, run_id=manual__2025-03-12T14:13:58.419334+00:00, execution_date=20250312T141358, start_date=20250327T110520, end_date=20250327T110535
[2025-03-27T11:05:35.628+0000] {local_task_job_runner.py:266} INFO - Task exited with return code 0
[2025-03-27T11:05:35.659+0000] {taskinstance.py:3900} INFO - 0 downstream tasks scheduled from follow-on schedule check
[2025-03-27T11:05:35.667+0000] {local_task_job_runner.py:245} INFO - ::endgroup::
