[2025-03-31T17:44:50.217+0000] {local_task_job_runner.py:123} INFO - ::group::Pre task execution logs
[2025-03-31T17:44:50.411+0000] {taskinstance.py:2612} INFO - Dependencies all met for dep_context=non-requeueable deps ti=<TaskInstance: load_data_warehouse.load_fact_table_to_postgres dataset_triggered__2025-03-31T17:43:53.985762+00:00 [queued]>
[2025-03-31T17:44:50.487+0000] {taskinstance.py:2612} INFO - Dependencies all met for dep_context=requeueable deps ti=<TaskInstance: load_data_warehouse.load_fact_table_to_postgres dataset_triggered__2025-03-31T17:43:53.985762+00:00 [queued]>
[2025-03-31T17:44:50.488+0000] {taskinstance.py:2865} INFO - Starting attempt 1 of 2
[2025-03-31T17:44:50.587+0000] {taskinstance.py:2888} INFO - Executing <Task(PythonOperator): load_fact_table_to_postgres> on 2025-03-31 17:43:53.985762+00:00
[2025-03-31T17:44:50.659+0000] {warnings.py:112} WARNING - /home/***/.local/lib/python3.12/site-packages/***/task/task_runner/standard_task_runner.py:70: DeprecationWarning: This process (pid=10895) is multi-threaded, use of fork() may lead to deadlocks in the child.
  pid = os.fork()

[2025-03-31T17:44:50.647+0000] {standard_task_runner.py:104} INFO - Running: ['***', 'tasks', 'run', 'load_data_warehouse', 'load_fact_table_to_postgres', 'dataset_triggered__2025-03-31T17:43:53.985762+00:00', '--job-id', '962', '--raw', '--subdir', 'DAGS_FOLDER/load_data_warehouse_dag.py', '--cfg-path', '/tmp/tmpwztyprz5']
[2025-03-31T17:44:50.664+0000] {standard_task_runner.py:72} INFO - Started process 10904 to run task
[2025-03-31T17:44:50.666+0000] {standard_task_runner.py:105} INFO - Job 962: Subtask load_fact_table_to_postgres
[2025-03-31T17:44:50.868+0000] {task_command.py:467} INFO - Running <TaskInstance: load_data_warehouse.load_fact_table_to_postgres dataset_triggered__2025-03-31T17:43:53.985762+00:00 [running]> on host 3b3ac09dc50a
[2025-03-31T17:44:51.460+0000] {taskinstance.py:3131} INFO - Exporting env vars: AIRFLOW_CTX_DAG_OWNER='***' AIRFLOW_CTX_DAG_ID='load_data_warehouse' AIRFLOW_CTX_TASK_ID='load_fact_table_to_postgres' AIRFLOW_CTX_EXECUTION_DATE='2025-03-31T17:43:53.985762+00:00' AIRFLOW_CTX_TRY_NUMBER='1' AIRFLOW_CTX_DAG_RUN_ID='dataset_triggered__2025-03-31T17:43:53.985762+00:00'
[2025-03-31T17:44:51.464+0000] {taskinstance.py:731} INFO - ::endgroup::
[2025-03-31T17:44:51.510+0000] {logging_mixin.py:190} INFO - Fetching data for Last Updated Date: 2025-03-10 01:32:14.394982
[2025-03-31T17:44:58.943+0000] {logging_mixin.py:190} INFO - ✅ DataFrame Loaded: 1928 rows, 15 columns
[2025-03-31T17:44:58.972+0000] {base.py:84} INFO - Retrieving connection 'azure_chess_dw'
[2025-03-31T17:44:59.011+0000] {base.py:84} INFO - Retrieving connection 'azure_chess_dw'
[2025-03-31T17:45:44.888+0000] {logging_mixin.py:190} INFO - Successfully Loaded Data to Postgres
[2025-03-31T17:45:44.894+0000] {python.py:240} INFO - Done. Returned value was: None
[2025-03-31T17:45:44.909+0000] {taskinstance.py:340} INFO - ::group::Post task execution logs
[2025-03-31T17:45:44.910+0000] {taskinstance.py:352} INFO - Marking task as SUCCESS. dag_id=load_data_warehouse, task_id=load_fact_table_to_postgres, run_id=dataset_triggered__2025-03-31T17:43:53.985762+00:00, execution_date=20250331T174353, start_date=20250331T174450, end_date=20250331T174544
[2025-03-31T17:45:44.977+0000] {local_task_job_runner.py:266} INFO - Task exited with return code 0
[2025-03-31T17:45:44.994+0000] {local_task_job_runner.py:245} INFO - ::endgroup::
