[2025-03-31T18:24:11.113+0000] {local_task_job_runner.py:123} INFO - ::group::Pre task execution logs
[2025-03-31T18:24:11.272+0000] {taskinstance.py:2612} INFO - Dependencies all met for dep_context=non-requeueable deps ti=<TaskInstance: load_data_warehouse.load_dim_dates_dw dataset_triggered__2025-03-31T18:23:44.402283+00:00 [queued]>
[2025-03-31T18:24:11.429+0000] {taskinstance.py:2612} INFO - Dependencies all met for dep_context=requeueable deps ti=<TaskInstance: load_data_warehouse.load_dim_dates_dw dataset_triggered__2025-03-31T18:23:44.402283+00:00 [queued]>
[2025-03-31T18:24:11.430+0000] {taskinstance.py:2865} INFO - Starting attempt 1 of 2
[2025-03-31T18:24:11.624+0000] {taskinstance.py:2888} INFO - Executing <Task(PythonOperator): load_dim_dates_dw> on 2025-03-31 18:23:44.402283+00:00
[2025-03-31T18:24:11.855+0000] {warnings.py:112} WARNING - /home/***/.local/lib/python3.12/site-packages/***/task/task_runner/standard_task_runner.py:70: DeprecationWarning: This process (pid=16987) is multi-threaded, use of fork() may lead to deadlocks in the child.
  pid = os.fork()

[2025-03-31T18:24:11.880+0000] {standard_task_runner.py:72} INFO - Started process 17149 to run task
[2025-03-31T18:24:11.932+0000] {standard_task_runner.py:104} INFO - Running: ['***', 'tasks', 'run', 'load_data_warehouse', 'load_dim_dates_dw', 'dataset_triggered__2025-03-31T18:23:44.402283+00:00', '--job-id', '1132', '--raw', '--subdir', 'DAGS_FOLDER/load_data_warehouse_dag.py', '--cfg-path', '/tmp/tmpntagi0eg']
[2025-03-31T18:24:12.087+0000] {standard_task_runner.py:105} INFO - Job 1132: Subtask load_dim_dates_dw
[2025-03-31T18:24:13.310+0000] {task_command.py:467} INFO - Running <TaskInstance: load_data_warehouse.load_dim_dates_dw dataset_triggered__2025-03-31T18:23:44.402283+00:00 [running]> on host 3b3ac09dc50a
[2025-03-31T18:24:14.494+0000] {taskinstance.py:3131} INFO - Exporting env vars: AIRFLOW_CTX_DAG_OWNER='***' AIRFLOW_CTX_DAG_ID='load_data_warehouse' AIRFLOW_CTX_TASK_ID='load_dim_dates_dw' AIRFLOW_CTX_EXECUTION_DATE='2025-03-31T18:23:44.402283+00:00' AIRFLOW_CTX_TRY_NUMBER='1' AIRFLOW_CTX_DAG_RUN_ID='dataset_triggered__2025-03-31T18:23:44.402283+00:00'
[2025-03-31T18:24:14.516+0000] {taskinstance.py:731} INFO - ::endgroup::
[2025-03-31T18:24:18.195+0000] {logging_mixin.py:190} INFO - ✅ gold/dim_date.parquet Loaded: 461 rows, 7 columns
[2025-03-31T18:24:18.244+0000] {base.py:84} INFO - Retrieving connection 'azure_chess_dw'
[2025-03-31T18:24:18.310+0000] {base.py:84} INFO - Retrieving connection 'azure_chess_dw'
[2025-03-31T18:24:27.025+0000] {logging_mixin.py:190} INFO - Successfully Loaded gold/dim_date.parquet Data to Postgres table dim_dates
[2025-03-31T18:24:27.051+0000] {python.py:240} INFO - Done. Returned value was: None
[2025-03-31T18:24:27.100+0000] {taskinstance.py:340} INFO - ::group::Post task execution logs
[2025-03-31T18:24:27.101+0000] {taskinstance.py:352} INFO - Marking task as SUCCESS. dag_id=load_data_warehouse, task_id=load_dim_dates_dw, run_id=dataset_triggered__2025-03-31T18:23:44.402283+00:00, execution_date=20250331T182344, start_date=20250331T182411, end_date=20250331T182427
[2025-03-31T18:24:27.241+0000] {local_task_job_runner.py:266} INFO - Task exited with return code 0
[2025-03-31T18:24:27.375+0000] {taskinstance.py:3900} INFO - 0 downstream tasks scheduled from follow-on schedule check
[2025-03-31T18:24:27.381+0000] {local_task_job_runner.py:245} INFO - ::endgroup::
