[2025-03-31T13:28:30.222+0000] {local_task_job_runner.py:123} INFO - ::group::Pre task execution logs
[2025-03-31T13:28:30.249+0000] {taskinstance.py:2612} INFO - Dependencies all met for dep_context=non-requeueable deps ti=<TaskInstance: load_data_warehouse.load_dim_dates_dw dataset_triggered__2025-03-31T13:28:10.333908+00:00 [queued]>
[2025-03-31T13:28:30.266+0000] {taskinstance.py:2612} INFO - Dependencies all met for dep_context=requeueable deps ti=<TaskInstance: load_data_warehouse.load_dim_dates_dw dataset_triggered__2025-03-31T13:28:10.333908+00:00 [queued]>
[2025-03-31T13:28:30.267+0000] {taskinstance.py:2865} INFO - Starting attempt 1 of 2
[2025-03-31T13:28:30.290+0000] {taskinstance.py:2888} INFO - Executing <Task(PythonOperator): load_dim_dates_dw> on 2025-03-31 13:28:10.333908+00:00
[2025-03-31T13:28:30.301+0000] {warnings.py:112} WARNING - /home/***/.local/lib/python3.12/site-packages/***/task/task_runner/standard_task_runner.py:70: DeprecationWarning: This process (pid=5309) is multi-threaded, use of fork() may lead to deadlocks in the child.
  pid = os.fork()

[2025-03-31T13:28:30.304+0000] {standard_task_runner.py:72} INFO - Started process 5344 to run task
[2025-03-31T13:28:30.306+0000] {standard_task_runner.py:104} INFO - Running: ['***', 'tasks', 'run', 'load_data_warehouse', 'load_dim_dates_dw', 'dataset_triggered__2025-03-31T13:28:10.333908+00:00', '--job-id', '883', '--raw', '--subdir', 'DAGS_FOLDER/load_data_warehouse_dag.py', '--cfg-path', '/tmp/tmp748eft7z']
[2025-03-31T13:28:30.311+0000] {standard_task_runner.py:105} INFO - Job 883: Subtask load_dim_dates_dw
[2025-03-31T13:28:30.398+0000] {task_command.py:467} INFO - Running <TaskInstance: load_data_warehouse.load_dim_dates_dw dataset_triggered__2025-03-31T13:28:10.333908+00:00 [running]> on host 3b3ac09dc50a
[2025-03-31T13:28:30.555+0000] {taskinstance.py:3131} INFO - Exporting env vars: AIRFLOW_CTX_DAG_OWNER='***' AIRFLOW_CTX_DAG_ID='load_data_warehouse' AIRFLOW_CTX_TASK_ID='load_dim_dates_dw' AIRFLOW_CTX_EXECUTION_DATE='2025-03-31T13:28:10.333908+00:00' AIRFLOW_CTX_TRY_NUMBER='1' AIRFLOW_CTX_DAG_RUN_ID='dataset_triggered__2025-03-31T13:28:10.333908+00:00'
[2025-03-31T13:28:30.558+0000] {taskinstance.py:731} INFO - ::endgroup::
[2025-03-31T13:28:33.448+0000] {logging_mixin.py:190} INFO - ✅ gold/dim_date.parquet Loaded: 108 rows, 7 columns
[2025-03-31T13:28:33.475+0000] {base.py:84} INFO - Retrieving connection 'azure_chess_dw'
[2025-03-31T13:28:33.543+0000] {base.py:84} INFO - Retrieving connection 'azure_chess_dw'
[2025-03-31T13:28:43.036+0000] {logging_mixin.py:190} INFO - Successfully Loaded gold/dim_date.parquet Data to Postgres table dim_dates
[2025-03-31T13:28:43.046+0000] {python.py:240} INFO - Done. Returned value was: None
[2025-03-31T13:28:43.088+0000] {taskinstance.py:340} INFO - ::group::Post task execution logs
[2025-03-31T13:28:43.090+0000] {taskinstance.py:352} INFO - Marking task as SUCCESS. dag_id=load_data_warehouse, task_id=load_dim_dates_dw, run_id=dataset_triggered__2025-03-31T13:28:10.333908+00:00, execution_date=20250331T132810, start_date=20250331T132830, end_date=20250331T132843
[2025-03-31T13:28:43.177+0000] {local_task_job_runner.py:266} INFO - Task exited with return code 0
[2025-03-31T13:28:43.239+0000] {taskinstance.py:3900} INFO - 0 downstream tasks scheduled from follow-on schedule check
[2025-03-31T13:28:43.384+0000] {local_task_job_runner.py:245} INFO - ::endgroup::
