[2025-02-18T16:07:56.708+0000] {local_task_job_runner.py:123} INFO - ::group::Pre task execution logs
[2025-02-18T16:07:56.723+0000] {taskinstance.py:2612} INFO - Dependencies all met for dep_context=non-requeueable deps ti=<TaskInstance: pull_data_from_chess_api.extract_data_from_chess_api scheduled__2023-02-01T00:00:00+00:00 [queued]>
[2025-02-18T16:07:56.732+0000] {taskinstance.py:2612} INFO - Dependencies all met for dep_context=requeueable deps ti=<TaskInstance: pull_data_from_chess_api.extract_data_from_chess_api scheduled__2023-02-01T00:00:00+00:00 [queued]>
[2025-02-18T16:07:56.732+0000] {taskinstance.py:2865} INFO - Starting attempt 1 of 2
[2025-02-18T16:07:56.747+0000] {taskinstance.py:2888} INFO - Executing <Task(PythonOperator): extract_data_from_chess_api> on 2023-02-01 00:00:00+00:00
[2025-02-18T16:07:56.753+0000] {warnings.py:112} WARNING - /home/***/.local/lib/python3.12/site-packages/***/task/task_runner/standard_task_runner.py:70: DeprecationWarning: This process (pid=2793) is multi-threaded, use of fork() may lead to deadlocks in the child.
  pid = os.fork()

[2025-02-18T16:07:56.754+0000] {standard_task_runner.py:72} INFO - Started process 2794 to run task
[2025-02-18T16:07:56.755+0000] {standard_task_runner.py:104} INFO - Running: ['***', 'tasks', 'run', 'pull_data_from_chess_api', 'extract_data_from_chess_api', 'scheduled__2023-02-01T00:00:00+00:00', '--job-id', '136', '--raw', '--subdir', 'DAGS_FOLDER/chess_dag.py', '--cfg-path', '/tmp/tmpl9vqis0n']
[2025-02-18T16:07:56.755+0000] {standard_task_runner.py:105} INFO - Job 136: Subtask extract_data_from_chess_api
[2025-02-18T16:07:56.798+0000] {task_command.py:467} INFO - Running <TaskInstance: pull_data_from_chess_api.extract_data_from_chess_api scheduled__2023-02-01T00:00:00+00:00 [running]> on host 4ed02a11bf8e
[2025-02-18T16:07:56.892+0000] {taskinstance.py:3131} INFO - Exporting env vars: AIRFLOW_CTX_DAG_OWNER='***' AIRFLOW_CTX_DAG_ID='pull_data_from_chess_api' AIRFLOW_CTX_TASK_ID='extract_data_from_chess_api' AIRFLOW_CTX_EXECUTION_DATE='2023-02-01T00:00:00+00:00' AIRFLOW_CTX_TRY_NUMBER='1' AIRFLOW_CTX_DAG_RUN_ID='scheduled__2023-02-01T00:00:00+00:00'
[2025-02-18T16:07:56.893+0000] {taskinstance.py:731} INFO - ::endgroup::
[2025-02-18T16:07:57.698+0000] {logging_mixin.py:190} INFO - Failed to fetch data: 404
[2025-02-18T16:07:57.699+0000] {logging_mixin.py:190} INFO - Attempting to Upload Data to Azure Storage
[2025-02-18T16:07:57.705+0000] {connection.py:531} ERROR - Unable to retrieve connection from secrets backend (EnvironmentVariablesBackend). Checking subsequent secrets backend.
Traceback (most recent call last):
  File "/home/airflow/.local/lib/python3.12/site-packages/airflow/models/connection.py", line 526, in get_connection_from_secrets
    conn = secrets_backend.get_connection(conn_id=conn_id)
           ^^^^^^^^^^^^^^^^^^^^^^^^^^^^^^^^^^^^^^^^^^^^^^^
  File "/home/airflow/.local/lib/python3.12/site-packages/airflow/secrets/base_secrets.py", line 116, in get_connection
    return self.deserialize_connection(conn_id=conn_id, value=value)
           ^^^^^^^^^^^^^^^^^^^^^^^^^^^^^^^^^^^^^^^^^^^^^^^^^^^^^^^^^
  File "/home/airflow/.local/lib/python3.12/site-packages/airflow/secrets/base_secrets.py", line 70, in deserialize_connection
    return Connection(conn_id=conn_id, uri=value)
           ^^^^^^^^^^^^^^^^^^^^^^^^^^^^^^^^^^^^^^
  File "<string>", line 4, in __init__
  File "/home/airflow/.local/lib/python3.12/site-packages/sqlalchemy/orm/state.py", line 481, in _initialize_instance
    with util.safe_reraise():
         ^^^^^^^^^^^^^^^^^^^
  File "/home/airflow/.local/lib/python3.12/site-packages/sqlalchemy/util/langhelpers.py", line 70, in __exit__
    compat.raise_(
  File "/home/airflow/.local/lib/python3.12/site-packages/sqlalchemy/util/compat.py", line 211, in raise_
    raise exception
  File "/home/airflow/.local/lib/python3.12/site-packages/sqlalchemy/orm/state.py", line 479, in _initialize_instance
    return manager.original_init(*mixed[1:], **kwargs)
           ^^^^^^^^^^^^^^^^^^^^^^^^^^^^^^^^^^^^^^^^^^^
  File "/home/airflow/.local/lib/python3.12/site-packages/airflow/models/connection.py", line 169, in __init__
    self._parse_from_uri(uri)
  File "/home/airflow/.local/lib/python3.12/site-packages/airflow/models/connection.py", line 257, in _parse_from_uri
    self.port = uri_parts.port
                ^^^^^^^^^^^^^^
  File "/usr/local/lib/python3.12/urllib/parse.py", line 182, in port
    raise ValueError(f"Port could not be cast to integer value as {port!r}")
ValueError: Port could not be cast to integer value as 'DefaultEndpointsProtocol=https;AccountName=rbchesssa;AccountKey=lG9W+utkpTNorE0rTLlfDMUZsTPleXk6pXv6NnfDTi'
[2025-02-18T16:07:57.742+0000] {base.py:84} INFO - Retrieving connection 'azure_chess_storage'
[2025-02-18T16:07:58.913+0000] {logging_mixin.py:190} INFO - Successfully Uploaded Data to Azure Storage
[2025-02-18T16:07:58.914+0000] {python.py:240} INFO - Done. Returned value was: True
[2025-02-18T16:07:58.937+0000] {taskinstance.py:340} INFO - ::group::Post task execution logs
[2025-02-18T16:07:58.937+0000] {taskinstance.py:352} INFO - Marking task as SUCCESS. dag_id=pull_data_from_chess_api, task_id=extract_data_from_chess_api, run_id=scheduled__2023-02-01T00:00:00+00:00, execution_date=20230201T000000, start_date=20250218T160756, end_date=20250218T160758
[2025-02-18T16:07:58.983+0000] {local_task_job_runner.py:266} INFO - Task exited with return code 0
[2025-02-18T16:07:59.044+0000] {taskinstance.py:3900} INFO - 0 downstream tasks scheduled from follow-on schedule check
[2025-02-18T16:07:59.050+0000] {local_task_job_runner.py:245} INFO - ::endgroup::
[2025-02-18T16:37:54.845+0000] {local_task_job_runner.py:123} INFO - ::group::Pre task execution logs
[2025-02-18T16:37:54.883+0000] {taskinstance.py:2612} INFO - Dependencies all met for dep_context=non-requeueable deps ti=<TaskInstance: pull_data_from_chess_api.extract_data_from_chess_api scheduled__2023-02-01T00:00:00+00:00 [queued]>
[2025-02-18T16:37:54.906+0000] {taskinstance.py:2612} INFO - Dependencies all met for dep_context=requeueable deps ti=<TaskInstance: pull_data_from_chess_api.extract_data_from_chess_api scheduled__2023-02-01T00:00:00+00:00 [queued]>
[2025-02-18T16:37:54.907+0000] {taskinstance.py:2865} INFO - Starting attempt 1 of 2
[2025-02-18T16:37:54.936+0000] {taskinstance.py:2888} INFO - Executing <Task(PythonOperator): extract_data_from_chess_api> on 2023-02-01 00:00:00+00:00
[2025-02-18T16:37:54.949+0000] {warnings.py:112} WARNING - /home/***/.local/lib/python3.12/site-packages/***/task/task_runner/standard_task_runner.py:70: DeprecationWarning: This process (pid=3564) is multi-threaded, use of fork() may lead to deadlocks in the child.
  pid = os.fork()

[2025-02-18T16:37:54.952+0000] {standard_task_runner.py:72} INFO - Started process 3565 to run task
[2025-02-18T16:37:54.953+0000] {standard_task_runner.py:104} INFO - Running: ['***', 'tasks', 'run', 'pull_data_from_chess_api', 'extract_data_from_chess_api', 'scheduled__2023-02-01T00:00:00+00:00', '--job-id', '190', '--raw', '--subdir', 'DAGS_FOLDER/chess_dag.py', '--cfg-path', '/tmp/tmpg9xhalg2']
[2025-02-18T16:37:54.954+0000] {standard_task_runner.py:105} INFO - Job 190: Subtask extract_data_from_chess_api
[2025-02-18T16:37:55.052+0000] {task_command.py:467} INFO - Running <TaskInstance: pull_data_from_chess_api.extract_data_from_chess_api scheduled__2023-02-01T00:00:00+00:00 [running]> on host 4ed02a11bf8e
[2025-02-18T16:37:55.274+0000] {taskinstance.py:3131} INFO - Exporting env vars: AIRFLOW_CTX_DAG_OWNER='***' AIRFLOW_CTX_DAG_ID='pull_data_from_chess_api' AIRFLOW_CTX_TASK_ID='extract_data_from_chess_api' AIRFLOW_CTX_EXECUTION_DATE='2023-02-01T00:00:00+00:00' AIRFLOW_CTX_TRY_NUMBER='1' AIRFLOW_CTX_DAG_RUN_ID='scheduled__2023-02-01T00:00:00+00:00'
[2025-02-18T16:37:55.277+0000] {taskinstance.py:731} INFO - ::endgroup::
[2025-02-18T16:37:55.287+0000] {logging_mixin.py:190} INFO - Attempting to fetch data for Year: 2023 and Month: 2, formatted as 02
[2025-02-18T16:37:55.289+0000] {logging_mixin.py:190} INFO - Attemping to Fetch Data from: https://api.chess.com/pub/player/rhythmbear1/games/2023/02
[2025-02-18T16:37:56.072+0000] {logging_mixin.py:190} INFO - Successfully Fetched Data From CHess.com API, Records Pulled: 5
[2025-02-18T16:37:56.075+0000] {logging_mixin.py:190} INFO - Attempting to Upload Data to Azure Storage
[2025-02-18T16:37:56.082+0000] {connection.py:531} ERROR - Unable to retrieve connection from secrets backend (EnvironmentVariablesBackend). Checking subsequent secrets backend.
Traceback (most recent call last):
  File "/home/airflow/.local/lib/python3.12/site-packages/airflow/models/connection.py", line 526, in get_connection_from_secrets
    conn = secrets_backend.get_connection(conn_id=conn_id)
           ^^^^^^^^^^^^^^^^^^^^^^^^^^^^^^^^^^^^^^^^^^^^^^^
  File "/home/airflow/.local/lib/python3.12/site-packages/airflow/secrets/base_secrets.py", line 116, in get_connection
    return self.deserialize_connection(conn_id=conn_id, value=value)
           ^^^^^^^^^^^^^^^^^^^^^^^^^^^^^^^^^^^^^^^^^^^^^^^^^^^^^^^^^
  File "/home/airflow/.local/lib/python3.12/site-packages/airflow/secrets/base_secrets.py", line 70, in deserialize_connection
    return Connection(conn_id=conn_id, uri=value)
           ^^^^^^^^^^^^^^^^^^^^^^^^^^^^^^^^^^^^^^
  File "<string>", line 4, in __init__
  File "/home/airflow/.local/lib/python3.12/site-packages/sqlalchemy/orm/state.py", line 481, in _initialize_instance
    with util.safe_reraise():
         ^^^^^^^^^^^^^^^^^^^
  File "/home/airflow/.local/lib/python3.12/site-packages/sqlalchemy/util/langhelpers.py", line 70, in __exit__
    compat.raise_(
  File "/home/airflow/.local/lib/python3.12/site-packages/sqlalchemy/util/compat.py", line 211, in raise_
    raise exception
  File "/home/airflow/.local/lib/python3.12/site-packages/sqlalchemy/orm/state.py", line 479, in _initialize_instance
    return manager.original_init(*mixed[1:], **kwargs)
           ^^^^^^^^^^^^^^^^^^^^^^^^^^^^^^^^^^^^^^^^^^^
  File "/home/airflow/.local/lib/python3.12/site-packages/airflow/models/connection.py", line 169, in __init__
    self._parse_from_uri(uri)
  File "/home/airflow/.local/lib/python3.12/site-packages/airflow/models/connection.py", line 257, in _parse_from_uri
    self.port = uri_parts.port
                ^^^^^^^^^^^^^^
  File "/usr/local/lib/python3.12/urllib/parse.py", line 182, in port
    raise ValueError(f"Port could not be cast to integer value as {port!r}")
ValueError: Port could not be cast to integer value as 'DefaultEndpointsProtocol=https;AccountName=rbchesssa;AccountKey=lG9W+utkpTNorE0rTLlfDMUZsTPleXk6pXv6NnfDTi'
[2025-02-18T16:37:56.102+0000] {base.py:84} INFO - Retrieving connection 'azure_chess_storage'
[2025-02-18T16:37:57.353+0000] {logging_mixin.py:190} INFO - Successfully Uploaded Data to Azure Storage as raw/2023-02-games.json
[2025-02-18T16:37:57.353+0000] {python.py:240} INFO - Done. Returned value was: True
[2025-02-18T16:37:57.451+0000] {taskinstance.py:340} INFO - ::group::Post task execution logs
[2025-02-18T16:37:57.451+0000] {taskinstance.py:352} INFO - Marking task as SUCCESS. dag_id=pull_data_from_chess_api, task_id=extract_data_from_chess_api, run_id=scheduled__2023-02-01T00:00:00+00:00, execution_date=20230201T000000, start_date=20250218T163754, end_date=20250218T163757
[2025-02-18T16:37:57.547+0000] {local_task_job_runner.py:266} INFO - Task exited with return code 0
[2025-02-18T16:37:57.617+0000] {taskinstance.py:3900} INFO - 1 downstream tasks scheduled from follow-on schedule check
[2025-02-18T16:37:57.624+0000] {local_task_job_runner.py:245} INFO - ::endgroup::
[2025-03-10T01:33:03.531+0000] {local_task_job_runner.py:123} INFO - ::group::Pre task execution logs
[2025-03-10T01:33:03.582+0000] {taskinstance.py:2612} INFO - Dependencies all met for dep_context=non-requeueable deps ti=<TaskInstance: pull_data_from_chess_api.extract_data_from_chess_api scheduled__2023-02-01T00:00:00+00:00 [queued]>
[2025-03-10T01:33:03.615+0000] {taskinstance.py:2612} INFO - Dependencies all met for dep_context=requeueable deps ti=<TaskInstance: pull_data_from_chess_api.extract_data_from_chess_api scheduled__2023-02-01T00:00:00+00:00 [queued]>
[2025-03-10T01:33:03.616+0000] {taskinstance.py:2865} INFO - Starting attempt 1 of 2
[2025-03-10T01:33:03.691+0000] {taskinstance.py:2888} INFO - Executing <Task(PythonOperator): extract_data_from_chess_api> on 2023-02-01 00:00:00+00:00
[2025-03-10T01:33:03.725+0000] {warnings.py:112} WARNING - /home/***/.local/lib/python3.12/site-packages/***/task/task_runner/standard_task_runner.py:70: DeprecationWarning: This process (pid=16490) is multi-threaded, use of fork() may lead to deadlocks in the child.
  pid = os.fork()

[2025-03-10T01:33:03.729+0000] {standard_task_runner.py:72} INFO - Started process 16492 to run task
[2025-03-10T01:33:03.731+0000] {standard_task_runner.py:104} INFO - Running: ['***', 'tasks', 'run', 'pull_data_from_chess_api', 'extract_data_from_chess_api', 'scheduled__2023-02-01T00:00:00+00:00', '--job-id', '490', '--raw', '--subdir', 'DAGS_FOLDER/collect_chess_data_dag.py', '--cfg-path', '/tmp/tmp3xk00t14']
[2025-03-10T01:33:03.757+0000] {standard_task_runner.py:105} INFO - Job 490: Subtask extract_data_from_chess_api
[2025-03-10T01:33:04.009+0000] {task_command.py:467} INFO - Running <TaskInstance: pull_data_from_chess_api.extract_data_from_chess_api scheduled__2023-02-01T00:00:00+00:00 [running]> on host 70b3b9cfbba0
[2025-03-10T01:33:04.242+0000] {taskinstance.py:3131} INFO - Exporting env vars: AIRFLOW_CTX_DAG_OWNER='***' AIRFLOW_CTX_DAG_ID='pull_data_from_chess_api' AIRFLOW_CTX_TASK_ID='extract_data_from_chess_api' AIRFLOW_CTX_EXECUTION_DATE='2023-02-01T00:00:00+00:00' AIRFLOW_CTX_TRY_NUMBER='1' AIRFLOW_CTX_DAG_RUN_ID='scheduled__2023-02-01T00:00:00+00:00'
[2025-03-10T01:33:04.245+0000] {taskinstance.py:731} INFO - ::endgroup::
[2025-03-10T01:33:04.252+0000] {logging_mixin.py:190} INFO - Attempting to fetch data for Year: 2023 and Month: 2, formatted as 02
[2025-03-10T01:33:04.252+0000] {logging_mixin.py:190} INFO - Attemping to Fetch Data from: https://api.chess.com/pub/player/rhythmbear1/games/2023/02
[2025-03-10T01:33:04.874+0000] {logging_mixin.py:190} INFO - Successfully Fetched Data From CHess.com API, Records Pulled: 5
[2025-03-10T01:33:04.876+0000] {logging_mixin.py:190} INFO - Attempting to Upload Data to Azure Storage
[2025-03-10T01:33:04.895+0000] {connection.py:531} ERROR - Unable to retrieve connection from secrets backend (EnvironmentVariablesBackend). Checking subsequent secrets backend.
Traceback (most recent call last):
  File "/home/airflow/.local/lib/python3.12/site-packages/airflow/models/connection.py", line 526, in get_connection_from_secrets
    conn = secrets_backend.get_connection(conn_id=conn_id)
           ^^^^^^^^^^^^^^^^^^^^^^^^^^^^^^^^^^^^^^^^^^^^^^^
  File "/home/airflow/.local/lib/python3.12/site-packages/airflow/secrets/base_secrets.py", line 116, in get_connection
    return self.deserialize_connection(conn_id=conn_id, value=value)
           ^^^^^^^^^^^^^^^^^^^^^^^^^^^^^^^^^^^^^^^^^^^^^^^^^^^^^^^^^
  File "/home/airflow/.local/lib/python3.12/site-packages/airflow/secrets/base_secrets.py", line 70, in deserialize_connection
    return Connection(conn_id=conn_id, uri=value)
           ^^^^^^^^^^^^^^^^^^^^^^^^^^^^^^^^^^^^^^
  File "<string>", line 4, in __init__
  File "/home/airflow/.local/lib/python3.12/site-packages/sqlalchemy/orm/state.py", line 481, in _initialize_instance
    with util.safe_reraise():
         ^^^^^^^^^^^^^^^^^^^
  File "/home/airflow/.local/lib/python3.12/site-packages/sqlalchemy/util/langhelpers.py", line 70, in __exit__
    compat.raise_(
  File "/home/airflow/.local/lib/python3.12/site-packages/sqlalchemy/util/compat.py", line 211, in raise_
    raise exception
  File "/home/airflow/.local/lib/python3.12/site-packages/sqlalchemy/orm/state.py", line 479, in _initialize_instance
    return manager.original_init(*mixed[1:], **kwargs)
           ^^^^^^^^^^^^^^^^^^^^^^^^^^^^^^^^^^^^^^^^^^^
  File "/home/airflow/.local/lib/python3.12/site-packages/airflow/models/connection.py", line 169, in __init__
    self._parse_from_uri(uri)
  File "/home/airflow/.local/lib/python3.12/site-packages/airflow/models/connection.py", line 257, in _parse_from_uri
    self.port = uri_parts.port
                ^^^^^^^^^^^^^^
  File "/usr/local/lib/python3.12/urllib/parse.py", line 182, in port
    raise ValueError(f"Port could not be cast to integer value as {port!r}")
ValueError: Port could not be cast to integer value as 'DefaultEndpointsProtocol=https;AccountName=rbchesssa;AccountKey=lG9W+utkpTNorE0rTLlfDMUZsTPleXk6pXv6NnfDTi'
[2025-03-10T01:33:04.937+0000] {base.py:84} INFO - Retrieving connection 'azure_chess_storage'
[2025-03-10T01:33:05.918+0000] {logging_mixin.py:190} INFO - Successfully Uploaded Data to Azure Storage as bronze/2023-02-games.json
[2025-03-10T01:33:05.921+0000] {python.py:240} INFO - Done. Returned value was: True
[2025-03-10T01:33:05.974+0000] {taskinstance.py:340} INFO - ::group::Post task execution logs
[2025-03-10T01:33:05.975+0000] {taskinstance.py:352} INFO - Marking task as SUCCESS. dag_id=pull_data_from_chess_api, task_id=extract_data_from_chess_api, run_id=scheduled__2023-02-01T00:00:00+00:00, execution_date=20230201T000000, start_date=20250310T013303, end_date=20250310T013305
[2025-03-10T01:33:06.023+0000] {local_task_job_runner.py:266} INFO - Task exited with return code 0
[2025-03-10T01:33:06.088+0000] {taskinstance.py:3900} INFO - 1 downstream tasks scheduled from follow-on schedule check
[2025-03-10T01:33:06.094+0000] {local_task_job_runner.py:245} INFO - ::endgroup::
