[2025-03-07T12:26:12.171+0000] {local_task_job_runner.py:123} INFO - ::group::Pre task execution logs
[2025-03-07T12:26:12.194+0000] {taskinstance.py:2612} INFO - Dependencies all met for dep_context=non-requeueable deps ti=<TaskInstance: pull_data_from_chess_api.load_to_gold_layer scheduled__2024-06-01T00:00:00+00:00 [queued]>
[2025-03-07T12:26:12.205+0000] {taskinstance.py:2612} INFO - Dependencies all met for dep_context=requeueable deps ti=<TaskInstance: pull_data_from_chess_api.load_to_gold_layer scheduled__2024-06-01T00:00:00+00:00 [queued]>
[2025-03-07T12:26:12.205+0000] {taskinstance.py:2865} INFO - Starting attempt 1 of 2
[2025-03-07T12:26:12.225+0000] {taskinstance.py:2888} INFO - Executing <Task(PythonOperator): load_to_gold_layer> on 2024-06-01 00:00:00+00:00
[2025-03-07T12:26:12.232+0000] {warnings.py:112} WARNING - /home/***/.local/lib/python3.12/site-packages/***/task/task_runner/standard_task_runner.py:70: DeprecationWarning: This process (pid=8246) is multi-threaded, use of fork() may lead to deadlocks in the child.
  pid = os.fork()

[2025-03-07T12:26:12.234+0000] {standard_task_runner.py:72} INFO - Started process 8247 to run task
[2025-03-07T12:26:12.235+0000] {standard_task_runner.py:104} INFO - Running: ['***', 'tasks', 'run', 'pull_data_from_chess_api', 'load_to_gold_layer', 'scheduled__2024-06-01T00:00:00+00:00', '--job-id', '347', '--raw', '--subdir', 'DAGS_FOLDER/collect_chess_data_dag.py', '--cfg-path', '/tmp/tmp6s5_c614']
[2025-03-07T12:26:12.236+0000] {standard_task_runner.py:105} INFO - Job 347: Subtask load_to_gold_layer
[2025-03-07T12:26:12.300+0000] {task_command.py:467} INFO - Running <TaskInstance: pull_data_from_chess_api.load_to_gold_layer scheduled__2024-06-01T00:00:00+00:00 [running]> on host ebc50e07c8a4
[2025-03-07T12:26:12.419+0000] {taskinstance.py:3131} INFO - Exporting env vars: AIRFLOW_CTX_DAG_OWNER='***' AIRFLOW_CTX_DAG_ID='pull_data_from_chess_api' AIRFLOW_CTX_TASK_ID='load_to_gold_layer' AIRFLOW_CTX_EXECUTION_DATE='2024-06-01T00:00:00+00:00' AIRFLOW_CTX_TRY_NUMBER='1' AIRFLOW_CTX_DAG_RUN_ID='scheduled__2024-06-01T00:00:00+00:00'
[2025-03-07T12:26:12.421+0000] {taskinstance.py:731} INFO - ::endgroup::
[2025-03-07T12:26:12.449+0000] {logging_mixin.py:190} INFO - Execution Date: 2024-06-01
[2025-03-07T12:26:12.453+0000] {connection.py:531} ERROR - Unable to retrieve connection from secrets backend (EnvironmentVariablesBackend). Checking subsequent secrets backend.
Traceback (most recent call last):
  File "/home/airflow/.local/lib/python3.12/site-packages/airflow/models/connection.py", line 526, in get_connection_from_secrets
    conn = secrets_backend.get_connection(conn_id=conn_id)
           ^^^^^^^^^^^^^^^^^^^^^^^^^^^^^^^^^^^^^^^^^^^^^^^
  File "/home/airflow/.local/lib/python3.12/site-packages/airflow/secrets/base_secrets.py", line 116, in get_connection
    return self.deserialize_connection(conn_id=conn_id, value=value)
           ^^^^^^^^^^^^^^^^^^^^^^^^^^^^^^^^^^^^^^^^^^^^^^^^^^^^^^^^^
  File "/home/airflow/.local/lib/python3.12/site-packages/airflow/secrets/base_secrets.py", line 70, in deserialize_connection
    return Connection(conn_id=conn_id, uri=value)
           ^^^^^^^^^^^^^^^^^^^^^^^^^^^^^^^^^^^^^^
  File "<string>", line 4, in __init__
  File "/home/airflow/.local/lib/python3.12/site-packages/sqlalchemy/orm/state.py", line 481, in _initialize_instance
    with util.safe_reraise():
         ^^^^^^^^^^^^^^^^^^^
  File "/home/airflow/.local/lib/python3.12/site-packages/sqlalchemy/util/langhelpers.py", line 70, in __exit__
    compat.raise_(
  File "/home/airflow/.local/lib/python3.12/site-packages/sqlalchemy/util/compat.py", line 211, in raise_
    raise exception
  File "/home/airflow/.local/lib/python3.12/site-packages/sqlalchemy/orm/state.py", line 479, in _initialize_instance
    return manager.original_init(*mixed[1:], **kwargs)
           ^^^^^^^^^^^^^^^^^^^^^^^^^^^^^^^^^^^^^^^^^^^
  File "/home/airflow/.local/lib/python3.12/site-packages/airflow/models/connection.py", line 169, in __init__
    self._parse_from_uri(uri)
  File "/home/airflow/.local/lib/python3.12/site-packages/airflow/models/connection.py", line 257, in _parse_from_uri
    self.port = uri_parts.port
                ^^^^^^^^^^^^^^
  File "/usr/local/lib/python3.12/urllib/parse.py", line 182, in port
    raise ValueError(f"Port could not be cast to integer value as {port!r}")
ValueError: Port could not be cast to integer value as 'DefaultEndpointsProtocol=https;AccountName=rbchesssa;AccountKey=lG9W+utkpTNorE0rTLlfDMUZsTPleXk6pXv6NnfDTi'
[2025-03-07T12:26:12.468+0000] {base.py:84} INFO - Retrieving connection 'azure_chess_storage'
[2025-03-07T12:26:28.520+0000] {taskinstance.py:3310} ERROR - Task failed with exception
Traceback (most recent call last):
  File "/home/airflow/.local/lib/python3.12/site-packages/airflow/models/taskinstance.py", line 767, in _execute_task
    result = _execute_callable(context=context, **execute_callable_kwargs)
             ^^^^^^^^^^^^^^^^^^^^^^^^^^^^^^^^^^^^^^^^^^^^^^^^^^^^^^^^^^^^^
  File "/home/airflow/.local/lib/python3.12/site-packages/airflow/models/taskinstance.py", line 733, in _execute_callable
    return ExecutionCallableRunner(
           ^^^^^^^^^^^^^^^^^^^^^^^^
  File "/home/airflow/.local/lib/python3.12/site-packages/airflow/utils/operator_helpers.py", line 252, in run
    return self.func(*args, **kwargs)
           ^^^^^^^^^^^^^^^^^^^^^^^^^^
  File "/home/airflow/.local/lib/python3.12/site-packages/airflow/models/baseoperator.py", line 406, in wrapper
    return func(self, *args, **kwargs)
           ^^^^^^^^^^^^^^^^^^^^^^^^^^^
  File "/home/airflow/.local/lib/python3.12/site-packages/airflow/operators/python.py", line 238, in execute
    return_value = self.execute_callable()
                   ^^^^^^^^^^^^^^^^^^^^^^^
  File "/home/airflow/.local/lib/python3.12/site-packages/airflow/operators/python.py", line 256, in execute_callable
    return runner.run(*self.op_args, **self.op_kwargs)
           ^^^^^^^^^^^^^^^^^^^^^^^^^^^^^^^^^^^^^^^^^^^
  File "/home/airflow/.local/lib/python3.12/site-packages/airflow/utils/operator_helpers.py", line 252, in run
    return self.func(*args, **kwargs)
           ^^^^^^^^^^^^^^^^^^^^^^^^^^
  File "/opt/airflow/dags/scripts/python_scripts.py", line 186, in load_to_gold_layer
    """).fetchdf()
        ^^^^^^^^^
duckdb.duckdb.NotImplementedException: Not implemented Error: Unsupported type "TIME WITH TIME ZONE"
[2025-03-07T12:26:28.534+0000] {taskinstance.py:1225} INFO - Marking task as UP_FOR_RETRY. dag_id=pull_data_from_chess_api, task_id=load_to_gold_layer, run_id=scheduled__2024-06-01T00:00:00+00:00, execution_date=20240601T000000, start_date=20250307T122612, end_date=20250307T122628
[2025-03-07T12:26:28.553+0000] {taskinstance.py:340} INFO - ::group::Post task execution logs
[2025-03-07T12:26:28.554+0000] {standard_task_runner.py:124} ERROR - Failed to execute job 347 for task load_to_gold_layer (Not implemented Error: Unsupported type "TIME WITH TIME ZONE"; 8247)
Traceback (most recent call last):
  File "/home/airflow/.local/lib/python3.12/site-packages/airflow/task/task_runner/standard_task_runner.py", line 117, in _start_by_fork
    ret = args.func(args, dag=self.dag)
          ^^^^^^^^^^^^^^^^^^^^^^^^^^^^^
  File "/home/airflow/.local/lib/python3.12/site-packages/airflow/cli/cli_config.py", line 49, in command
    return func(*args, **kwargs)
           ^^^^^^^^^^^^^^^^^^^^^
  File "/home/airflow/.local/lib/python3.12/site-packages/airflow/utils/cli.py", line 115, in wrapper
    return f(*args, **kwargs)
           ^^^^^^^^^^^^^^^^^^
  File "/home/airflow/.local/lib/python3.12/site-packages/airflow/cli/commands/task_command.py", line 483, in task_run
    task_return_code = _run_task_by_selected_method(args, _dag, ti)
                       ^^^^^^^^^^^^^^^^^^^^^^^^^^^^^^^^^^^^^^^^^^^^
  File "/home/airflow/.local/lib/python3.12/site-packages/airflow/cli/commands/task_command.py", line 256, in _run_task_by_selected_method
    return _run_raw_task(args, ti)
           ^^^^^^^^^^^^^^^^^^^^^^^
  File "/home/airflow/.local/lib/python3.12/site-packages/airflow/cli/commands/task_command.py", line 341, in _run_raw_task
    return ti._run_raw_task(
           ^^^^^^^^^^^^^^^^^
  File "/home/airflow/.local/lib/python3.12/site-packages/airflow/utils/session.py", line 97, in wrapper
    return func(*args, session=session, **kwargs)
           ^^^^^^^^^^^^^^^^^^^^^^^^^^^^^^^^^^^^^^
  File "/home/airflow/.local/lib/python3.12/site-packages/airflow/models/taskinstance.py", line 3004, in _run_raw_task
    return _run_raw_task(
           ^^^^^^^^^^^^^^
  File "/home/airflow/.local/lib/python3.12/site-packages/airflow/models/taskinstance.py", line 273, in _run_raw_task
    TaskInstance._execute_task_with_callbacks(
  File "/home/airflow/.local/lib/python3.12/site-packages/airflow/models/taskinstance.py", line 3158, in _execute_task_with_callbacks
    result = self._execute_task(context, task_orig)
             ^^^^^^^^^^^^^^^^^^^^^^^^^^^^^^^^^^^^^^
  File "/home/airflow/.local/lib/python3.12/site-packages/airflow/models/taskinstance.py", line 3182, in _execute_task
    return _execute_task(self, context, task_orig)
           ^^^^^^^^^^^^^^^^^^^^^^^^^^^^^^^^^^^^^^^
  File "/home/airflow/.local/lib/python3.12/site-packages/airflow/models/taskinstance.py", line 767, in _execute_task
    result = _execute_callable(context=context, **execute_callable_kwargs)
             ^^^^^^^^^^^^^^^^^^^^^^^^^^^^^^^^^^^^^^^^^^^^^^^^^^^^^^^^^^^^^
  File "/home/airflow/.local/lib/python3.12/site-packages/airflow/models/taskinstance.py", line 733, in _execute_callable
    return ExecutionCallableRunner(
           ^^^^^^^^^^^^^^^^^^^^^^^^
  File "/home/airflow/.local/lib/python3.12/site-packages/airflow/utils/operator_helpers.py", line 252, in run
    return self.func(*args, **kwargs)
           ^^^^^^^^^^^^^^^^^^^^^^^^^^
  File "/home/airflow/.local/lib/python3.12/site-packages/airflow/models/baseoperator.py", line 406, in wrapper
    return func(self, *args, **kwargs)
           ^^^^^^^^^^^^^^^^^^^^^^^^^^^
  File "/home/airflow/.local/lib/python3.12/site-packages/airflow/operators/python.py", line 238, in execute
    return_value = self.execute_callable()
                   ^^^^^^^^^^^^^^^^^^^^^^^
  File "/home/airflow/.local/lib/python3.12/site-packages/airflow/operators/python.py", line 256, in execute_callable
    return runner.run(*self.op_args, **self.op_kwargs)
           ^^^^^^^^^^^^^^^^^^^^^^^^^^^^^^^^^^^^^^^^^^^
  File "/home/airflow/.local/lib/python3.12/site-packages/airflow/utils/operator_helpers.py", line 252, in run
    return self.func(*args, **kwargs)
           ^^^^^^^^^^^^^^^^^^^^^^^^^^
  File "/opt/airflow/dags/scripts/python_scripts.py", line 186, in load_to_gold_layer
    """).fetchdf()
        ^^^^^^^^^
duckdb.duckdb.NotImplementedException: Not implemented Error: Unsupported type "TIME WITH TIME ZONE"
[2025-03-07T12:26:28.584+0000] {local_task_job_runner.py:266} INFO - Task exited with return code 1
[2025-03-07T12:26:28.609+0000] {taskinstance.py:3900} INFO - 0 downstream tasks scheduled from follow-on schedule check
[2025-03-07T12:26:28.614+0000] {local_task_job_runner.py:245} INFO - ::endgroup::
[2025-03-10T01:38:38.998+0000] {local_task_job_runner.py:123} INFO - ::group::Pre task execution logs
[2025-03-10T01:38:39.017+0000] {taskinstance.py:2612} INFO - Dependencies all met for dep_context=non-requeueable deps ti=<TaskInstance: pull_data_from_chess_api.load_to_gold_layer scheduled__2024-06-01T00:00:00+00:00 [queued]>
[2025-03-10T01:38:39.025+0000] {taskinstance.py:2612} INFO - Dependencies all met for dep_context=requeueable deps ti=<TaskInstance: pull_data_from_chess_api.load_to_gold_layer scheduled__2024-06-01T00:00:00+00:00 [queued]>
[2025-03-10T01:38:39.025+0000] {taskinstance.py:2865} INFO - Starting attempt 1 of 2
[2025-03-10T01:38:39.039+0000] {taskinstance.py:2888} INFO - Executing <Task(PythonOperator): load_to_gold_layer> on 2024-06-01 00:00:00+00:00
[2025-03-10T01:38:39.046+0000] {warnings.py:112} WARNING - /home/***/.local/lib/python3.12/site-packages/***/task/task_runner/standard_task_runner.py:70: DeprecationWarning: This process (pid=17350) is multi-threaded, use of fork() may lead to deadlocks in the child.
  pid = os.fork()

[2025-03-10T01:38:39.047+0000] {standard_task_runner.py:72} INFO - Started process 17352 to run task
[2025-03-10T01:38:39.048+0000] {standard_task_runner.py:104} INFO - Running: ['***', 'tasks', 'run', 'pull_data_from_chess_api', 'load_to_gold_layer', 'scheduled__2024-06-01T00:00:00+00:00', '--job-id', '540', '--raw', '--subdir', 'DAGS_FOLDER/collect_chess_data_dag.py', '--cfg-path', '/tmp/tmpmjah3z31']
[2025-03-10T01:38:39.050+0000] {standard_task_runner.py:105} INFO - Job 540: Subtask load_to_gold_layer
[2025-03-10T01:38:39.097+0000] {task_command.py:467} INFO - Running <TaskInstance: pull_data_from_chess_api.load_to_gold_layer scheduled__2024-06-01T00:00:00+00:00 [running]> on host 70b3b9cfbba0
[2025-03-10T01:38:39.189+0000] {taskinstance.py:3131} INFO - Exporting env vars: AIRFLOW_CTX_DAG_OWNER='***' AIRFLOW_CTX_DAG_ID='pull_data_from_chess_api' AIRFLOW_CTX_TASK_ID='load_to_gold_layer' AIRFLOW_CTX_EXECUTION_DATE='2024-06-01T00:00:00+00:00' AIRFLOW_CTX_TRY_NUMBER='1' AIRFLOW_CTX_DAG_RUN_ID='scheduled__2024-06-01T00:00:00+00:00'
[2025-03-10T01:38:39.190+0000] {taskinstance.py:731} INFO - ::endgroup::
[2025-03-10T01:38:39.205+0000] {logging_mixin.py:190} INFO - Execution Date: 2024-06-01
[2025-03-10T01:38:39.207+0000] {connection.py:531} ERROR - Unable to retrieve connection from secrets backend (EnvironmentVariablesBackend). Checking subsequent secrets backend.
Traceback (most recent call last):
  File "/home/airflow/.local/lib/python3.12/site-packages/airflow/models/connection.py", line 526, in get_connection_from_secrets
    conn = secrets_backend.get_connection(conn_id=conn_id)
           ^^^^^^^^^^^^^^^^^^^^^^^^^^^^^^^^^^^^^^^^^^^^^^^
  File "/home/airflow/.local/lib/python3.12/site-packages/airflow/secrets/base_secrets.py", line 116, in get_connection
    return self.deserialize_connection(conn_id=conn_id, value=value)
           ^^^^^^^^^^^^^^^^^^^^^^^^^^^^^^^^^^^^^^^^^^^^^^^^^^^^^^^^^
  File "/home/airflow/.local/lib/python3.12/site-packages/airflow/secrets/base_secrets.py", line 70, in deserialize_connection
    return Connection(conn_id=conn_id, uri=value)
           ^^^^^^^^^^^^^^^^^^^^^^^^^^^^^^^^^^^^^^
  File "<string>", line 4, in __init__
  File "/home/airflow/.local/lib/python3.12/site-packages/sqlalchemy/orm/state.py", line 481, in _initialize_instance
    with util.safe_reraise():
         ^^^^^^^^^^^^^^^^^^^
  File "/home/airflow/.local/lib/python3.12/site-packages/sqlalchemy/util/langhelpers.py", line 70, in __exit__
    compat.raise_(
  File "/home/airflow/.local/lib/python3.12/site-packages/sqlalchemy/util/compat.py", line 211, in raise_
    raise exception
  File "/home/airflow/.local/lib/python3.12/site-packages/sqlalchemy/orm/state.py", line 479, in _initialize_instance
    return manager.original_init(*mixed[1:], **kwargs)
           ^^^^^^^^^^^^^^^^^^^^^^^^^^^^^^^^^^^^^^^^^^^
  File "/home/airflow/.local/lib/python3.12/site-packages/airflow/models/connection.py", line 169, in __init__
    self._parse_from_uri(uri)
  File "/home/airflow/.local/lib/python3.12/site-packages/airflow/models/connection.py", line 257, in _parse_from_uri
    self.port = uri_parts.port
                ^^^^^^^^^^^^^^
  File "/usr/local/lib/python3.12/urllib/parse.py", line 182, in port
    raise ValueError(f"Port could not be cast to integer value as {port!r}")
ValueError: Port could not be cast to integer value as 'DefaultEndpointsProtocol=https;AccountName=rbchesssa;AccountKey=lG9W+utkpTNorE0rTLlfDMUZsTPleXk6pXv6NnfDTi'
[2025-03-10T01:38:39.220+0000] {base.py:84} INFO - Retrieving connection 'azure_chess_storage'
[2025-03-10T01:38:40.536+0000] {logging_mixin.py:190} INFO - Previewing Dataframe
[2025-03-10T01:38:40.539+0000] {logging_mixin.py:190} INFO - game_url                        object
time_control                    object
rated                             bool
time_class                      object
rules                           object
white_rating                     int64
white_result                    object
black_rating                     int64
black_result                    object
pgn_event                       object
pgn_site                        object
game_date               datetime64[us]
pgn_white_user                  object
pgn_black_user                  object
pgn_result                      object
pgn_current_position            object
pgn_timezone                    object
pgn_eco                         object
pgn_eco_url                     object
start_time              datetime64[ns]
end_time                datetime64[ns]
end_game_date           datetime64[us]
pgn_raw                         object
pgn_trans                       object
last_updated                    object
dtype: object
[2025-03-10T01:38:40.566+0000] {logging_mixin.py:190} INFO - https://www.chess.com/game/live/111095496657	300+5	True	blitz	chess	927	resigned	920	win	Live Chess	Chess.com	2024-06-02 00:00:00	Rhythmbear1	Sayyedjafar	0-1	N1bk4/pp2n1pp/2nP4/8/8/5r2/PP3qPP/R1B1R1K1 w - -	UTC	C45	https://www.chess.com/openings/Scotch-Game-Scotch-Gambit-Haxo-Gambit-5.c3	2024-06-02 19:30:41	2024-06-02 19:39:08	2024-06-02 00:00:00	e4 e5 Nf3 Nc6 d4 exd4 Bc4 Bc5 c3 dxc3 Bxf7+ Kxf7 Qd5+ Ke8 Qh5+ Kf8 Qxc5+ Ke8 Qxc3 Qf6 Qc2 d6 O-O Nge7 Nc3 Qg6 Re1 Rf8 Nd5 Rxf3 Nxc7+ Kd7 Nxa8 Kd8 e5 Qxc2 exd6 Qxf2+	1. e4 e5 2. Nf3 Nc6 3. d4 exd4 4. Bc4 Bc5 5. c3 dxc3 6. Bxf7+ Kxf7 7. Qd5+ Ke8 8. Qh5+ Kf8 9. Qxc5+ Ke8 10. Qxc3 Qf6 11. Qc2 d6 12. O-O Nge7 13. Nc3 Qg6 14. Re1 Rf8 15. Nd5 Rxf3 16. Nxc7+ Kd7 17. Nxa8 Kd8 18. e5 Qxc2 19. exd6 Qxf2+	2024-06-01
https://www.chess.com/game/live/111096079757	300+5	True	blitz	chess	998	win	920	resigned	Live Chess	Chess.com	2024-06-02 00:00:00	Trickyker	Rhythmbear1	1-0	1k5r/p1p2p1p/2n2Bp1/3r3b/2B5/P3P2P/1PP2PP1/R4RK1 b - -	UTC	A40	https://www.chess.com/openings/Englund-Gambit-2.dxe5-Nc6-3.Nf3-Qe7	2024-06-02 19:39:19	2024-06-02 19:45:50	2024-06-02 00:00:00	d4 e5 dxe5 Nc6 Nf3 Qe7 e3 Qb4+ Nc3 d6 exd6 Bxd6 a3 Qc5 Ne4 Qa5+ Bd2 Qd5 Nxd6+ Qxd6 Bd3 Bg4 h3 Bh5 Bc3 Nf6 O-O O-O-O Bf5+ Kb8 Qxd6 Rxd6 Nd2 g6 Nc4 Rd5 Bd3 b5 Bxf6 bxc4 Bxc4	1. d4 e5 2. dxe5 Nc6 3. Nf3 Qe7 4. e3 Qb4+ 5. Nc3 d6 6. exd6 Bxd6 7. a3 Qc5 8. Ne4 Qa5+ 9. Bd2 Qd5 10. Nxd6+ Qxd6 11. Bd3 Bg4 12. h3 Bh5 13. Bc3 Nf6 14. O-O O-O-O 15. Bf5+ Kb8 16. Qxd6 Rxd6 17. Nd2 g6 18. Nc4 Rd5 19. Bd3 b5 20. Bxf6 bxc4 21. Bxc4 	2024-06-01
https://www.chess.com/game/live/111096637159	300+5	True	blitz	chess	930	win	980	resigned	Live Chess	Chess.com	2024-06-02 00:00:00	Rhythmbear1	erlendssolberg	1-0	r3kb1r/pp3ppp/2N1p2n/qBp2bN1/3P4/8/PPP2PPP/R1BQK2R w KQkq -	UTC	B18	https://www.chess.com/openings/Caro-Kann-Defense-Classical-Variation	2024-06-02 19:45:56	2024-06-02 19:48:33	2024-06-02 00:00:00	e4 c6 d4 d5 Nc3 dxe4 Nxe4 Bf5 Ng5 e6 N1f3 c5 Ne5 Nh6 Bb5+ Nc6 Nxc6 Qa5+	1. e4 c6 2. d4 d5 3. Nc3 dxe4 4. Nxe4 Bf5 5. Ng5 e6 6. N1f3 c5 7. Ne5 Nh6 8. Bb5+ Nc6 9. Nxc6 Qa5+	2024-06-01
https://www.chess.com/game/live/111096712983	300+5	True	blitz	chess	850	resigned	936	win	Live Chess	Chess.com	2024-06-02 00:00:00	JiKaTaA	Rhythmbear1	0-1	2k4r/pp2B2p/1bp3p1/3R4/4n3/6P1/PPP3KP/3R4 w - -	UTC	A04	https://www.chess.com/openings/Reti-Opening-Black-Mustang-Defense-2.g3-e5	2024-06-02 19:52:05	2024-06-02 20:00:52	2024-06-02 00:00:00	Nf3 Nc6 g3 e5 Bg2 e4 Nh4 d5 d3 f5 dxe4 fxe4 f3 Qe7 fxe4 dxe4 O-O Bd7 Nc3 Nf6 Bg5 O-O-O Nxe4 Bf5 Nxf5 Qxe4 Bxe4 Rxd1 Raxd1 Nxe4 Bh4 Bc5+ e3 g6 Rd5 Bb6 Ne7+ Nxe7 Bxe7 Bxe3+ Kg2 Bb6 Rfd1 c6	1. Nf3 Nc6 2. g3 e5 3. Bg2 e4 4. Nh4 d5 5. d3 f5 6. dxe4 fxe4 7. f3 Qe7 8. fxe4 dxe4 9. O-O Bd7 10. Nc3 Nf6 11. Bg5 O-O-O 12. Nxe4 Bf5 13. Nxf5 Qxe4 14. Bxe4 Rxd1 15. Raxd1 Nxe4 16. Bh4 Bc5+ 17. e3 g6 18. Rd5 Bb6 19. Ne7+ Nxe7 20. Bxe7 Bxe3+ 21. Kg2 Bb6 22. Rfd1 c6	2024-06-01
https://www.chess.com/game/live/111097303287	300+5	True	blitz	chess	946	win	1011	resigned	Live Chess	Chess.com	2024-06-02 00:00:00	Rhythmbear1	Lesnoizver	1-0	5k2/2R4p/4p3/6p1/8/2P5/PP3PPP/5RK1 b - -	UTC	B00	https://www.chess.com/openings/Kings-Pawn-Opening-Borg-Defense-Borg-Gambit	2024-06-02 20:01:19	2024-06-02 20:15:40	2024-06-02 00:00:00	e4 g5 d4 Bg7 c3 c5 Be3 cxd4 Bxd4 f6 Bc4 e6 Qh5+ Kf8 Ne2 Nc6 Bc5+ Nce7 Nd2 b6 Bd6 Qe8 Qf3 Nh6 e5 f5 Qxa8 Kf7 Bxe7 Qxe7 Qxa7 Bxe5 Qxb6 d5 Qb5 dxc4 Qxe5 Rd8 Nxc4 Ng4 Qg3 Ba6 Ne5+ Nxe5 Qxe5 Rd5 Qe3 f4 Qf3 Qd6 O-O Bxe2 Qxe2 f3 Qxf3+ Rf5 Qh5+ Kg7 Rad1 Qc7 Qe8 Rf8 Rd7+ Kg8 Qxf8+ Kxf8 Rxc7	1. e4 g5 2. d4 Bg7 3. c3 c5 4. Be3 cxd4 5. Bxd4 f6 6. Bc4 e6 7. Qh5+ Kf8 8. Ne2 Nc6 9. Bc5+ Nce7 10. Nd2 b6 11. Bd6 Qe8 12. Qf3 Nh6 13. e5 f5 14. Qxa8 Kf7 15. Bxe7 Qxe7 16. Qxa7 Bxe5 17. Qxb6 d5 18. Qb5 dxc4 19. Qxe5 Rd8 20. Nxc4 Ng4 21. Qg3 Ba6 22. Ne5+ Nxe5 23. Qxe5 Rd5 24. Qe3 f4 25. Qf3 Qd6 26. O-O Bxe2 27. Qxe2 f3 28. Qxf3+ Rf5 29. Qh5+ Kg7 30. Rad1 Qc7 31. Qe8 Rf8 32. Rd7+ Kg8 33. Qxf8+ Kxf8 34. Rxc7 	2024-06-01
[2025-03-10T01:38:42.423+0000] {logging_mixin.py:190} INFO - Previewing Dataframe
[2025-03-10T01:38:42.424+0000] {logging_mixin.py:190} INFO - game_url                        object
time_control                    object
rated                             bool
time_class                      object
rules                           object
white_rating                     int64
white_result                    object
black_rating                     int64
black_result                    object
pgn_event                       object
pgn_site                        object
game_date               datetime64[us]
pgn_white_user                  object
pgn_black_user                  object
pgn_result                      object
pgn_current_position            object
pgn_timezone                    object
pgn_eco                         object
pgn_eco_url                     object
start_time              datetime64[ns]
end_time                datetime64[ns]
end_game_date           datetime64[us]
pgn_raw                         object
pgn_trans                       object
last_updated            datetime64[us]
dtype: object
[2025-03-10T01:38:42.448+0000] {logging_mixin.py:190} INFO - https://www.chess.com/game/live/100458887921	120+1	True	bullet	chess	574	timeout	745	win	Live Chess	Chess.com	2024-01-31 00:00:00	Rhythmbear1	hussein12n	0-1	4r1k1/pppb1p1p/6p1/8/8/B1P3P1/P1P2P1P/6K1 w - -	UTC	B08	https://www.chess.com/openings/Pirc-Defense-Classical-Quiet-System-5...O-O-6.O-O	2024-01-31 16:53:24	2024-01-31 16:56:40	2024-01-31 00:00:00	e4 g6 Nf3 d6 d4 Nf6 Nc3 Bg7 Be2 O-O O-O Re8 Bg5 Nfd7 e5 dxe5 dxe5 Nxe5 Qxd8 Rxd8 Nxe5 Bxe5 Bxe7 Re8 Ba3 Bxc3 bxc3 Rxe2 Rad1 Re8 g3 Be6 Rfe1 Nd7 Rxd7 Bxd7 Rxe8+ Rxe8	1. e4 g6 2. Nf3 d6 3. d4 Nf6 4. Nc3 Bg7 5. Be2 O-O 6. O-O Re8 7. Bg5 Nfd7 8. e5 dxe5 9. dxe5 Nxe5 10. Qxd8 Rxd8 11. Nxe5 Bxe5 12. Bxe7 Re8 13. Ba3 Bxc3 14. bxc3 Rxe2 15. Rad1 Re8 16. g3 Be6 17. Rfe1 Nd7 18. Rxd7 Bxd7 19. Rxe8+ Rxe8	2024-01-01 00:00:00
https://www.chess.com/game/live/100882455715	600	True	rapid	chess	1356	resigned	1329	win	Live Chess	Chess.com	2024-02-05 00:00:00	maximus307	Rhythmbear1	0-1	r4r1k/pp4pp/2pq1np1/8/2P5/1B6/P4PPP/R1B2R1K b - -	UTC	C00	https://www.chess.com/openings/French-Defense-Knight-Variation-2...d5-3.exd5-exd5	2024-02-05 14:32:06	2024-02-05 14:36:02	2024-02-05 00:00:00	e4 e6 Nf3 d5 exd5 exd5 Be2 Bd6 O-O Ne7 d4 O-O Nc3 Bf5 Nb5 c6 Nxd6 Qxd6 c3 Bg6 Ne5 Nd7 Nxg6 fxg6 c4 dxc4 Bxc4+ Kh8 Bb3 Nf5 Qc2 Nxd4 Qc3 Ne2+ Kh1 Nxc3 bxc3 Nf6 c4	1. e4 e6 2. Nf3 d5 3. exd5 exd5 4. Be2 Bd6 5. O-O Ne7 6. d4 O-O 7. Nc3 Bf5 8. Nb5 c6 9. Nxd6 Qxd6 10. c3 Bg6 11. Ne5 Nd7 12. Nxg6 fxg6 13. c4 dxc4 14. Bxc4+ Kh8 15. Bb3 Nf5 16. Qc2 Nxd4 17. Qc3 Ne2+ 18. Kh1 Nxc3 19. bxc3 Nf6 20. c4 	2024-02-01 00:00:00
https://www.chess.com/game/live/100904698899	120+1	True	bullet	chess	576	win	608	resigned	Live Chess	Chess.com	2024-02-05 00:00:00	Rhythmbear1	MrRandy100	1-0	r1b2rk1/ppp2ppp/2n5/4P1B1/2BPQ3/1P6/P1P3PP/R4RK1 b - -	UTC	B02	https://www.chess.com/openings/Alekhines-Defense-Scandinavian-Variation-3.exd5-Nxd5-4.Nxd5-Qxd5-5.Nf3	2024-02-05 20:43:52	2024-02-05 20:46:41	2024-02-05 00:00:00	e4 d5 exd5 Nf6 Nc3 Nxd5 Nxd5 Qxd5 Nf3 e5 b3 e4 Bc4 Qc6 Qe2 Be7 Ne5 Qf6 O-O O-O Qxe4 Bd6 f4 Nc6 d4 Bxe5 fxe5 Qg5 Bxg5	1. e4 d5 2. exd5 Nf6 3. Nc3 Nxd5 4. Nxd5 Qxd5 5. Nf3 e5 6. b3 e4 7. Bc4 Qc6 8. Qe2 Be7 9. Ne5 Qf6 10. O-O O-O 11. Qxe4 Bd6 12. f4 Nc6 13. d4 Bxe5 14. fxe5 Qg5 15. Bxg5 	2024-02-01 00:00:00
https://www.chess.com/game/live/101125920089	600	True	rapid	chess	1350	checkmated	1324	win	Live Chess	Chess.com	2024-02-08 00:00:00	hardybazyani691	Rhythmbear1	0-1	r1b1r1k1/pp3pp1/2pq3p/3p4/7B/1BNP1K2/PPPQ1PPn/1R3R2 w - -	UTC	C00	https://www.chess.com/openings/French-Defense	2024-02-08 10:06:01	2024-02-08 10:08:44	2024-02-08 00:00:00	e4 e6 Bc4 d5 exd5 exd5 Bb3 Nf6 Nf3 Bd6 O-O O-O d3 c6 Bg5 h6 Bh4 Nbd7 Nc3 Re8 Qd2 Ne5 Nxe5 Bxe5 Rab1 Bxh2+ Kxh2 Ng4+ Kg3 Qd6+ Kf3 Nh2#	1. e4 e6 2. Bc4 d5 3. exd5 exd5 4. Bb3 Nf6 5. Nf3 Bd6 6. O-O O-O 7. d3 c6 8. Bg5 h6 9. Bh4 Nbd7 10. Nc3 Re8 11. Qd2 Ne5 12. Nxe5 Bxe5 13. Rab1 Bxh2+ 14. Kxh2 Ng4+ 15. Kg3 Qd6+ 16. Kf3 Nh2#	2024-02-01 00:00:00
https://www.chess.com/game/live/101127771751	600	True	rapid	chess	1346	resigned	1317	win	Live Chess	Chess.com	2024-02-08 00:00:00	sojibhossain123	Rhythmbear1	0-1	rnbqkbnr/pppp1ppp/4p3/8/4P3/5N2/PPPP1PPP/RNBQKB1R b KQkq -	UTC	C00	https://www.chess.com/openings/French-Defense-Knight-Variation	2024-02-08 10:39:06	2024-02-08 10:41:00	2024-02-08 00:00:00	e4 e6 Nf3	1. e4 e6 2. Nf3 	2024-02-01 00:00:00
[2025-03-10T01:38:44.539+0000] {python.py:240} INFO - Done. Returned value was: None
[2025-03-10T01:38:44.553+0000] {taskinstance.py:340} INFO - ::group::Post task execution logs
[2025-03-10T01:38:44.554+0000] {taskinstance.py:352} INFO - Marking task as SUCCESS. dag_id=pull_data_from_chess_api, task_id=load_to_gold_layer, run_id=scheduled__2024-06-01T00:00:00+00:00, execution_date=20240601T000000, start_date=20250310T013839, end_date=20250310T013844
[2025-03-10T01:38:44.624+0000] {local_task_job_runner.py:266} INFO - Task exited with return code 0
[2025-03-10T01:38:44.643+0000] {taskinstance.py:3900} INFO - 0 downstream tasks scheduled from follow-on schedule check
[2025-03-10T01:38:44.645+0000] {local_task_job_runner.py:245} INFO - ::endgroup::
