[2025-03-07T12:21:28.997+0000] {local_task_job_runner.py:123} INFO - ::group::Pre task execution logs
[2025-03-07T12:21:29.030+0000] {taskinstance.py:2612} INFO - Dependencies all met for dep_context=non-requeueable deps ti=<TaskInstance: pull_data_from_chess_api.load_to_gold_layer scheduled__2023-05-01T00:00:00+00:00 [queued]>
[2025-03-07T12:21:29.044+0000] {taskinstance.py:2612} INFO - Dependencies all met for dep_context=requeueable deps ti=<TaskInstance: pull_data_from_chess_api.load_to_gold_layer scheduled__2023-05-01T00:00:00+00:00 [queued]>
[2025-03-07T12:21:29.044+0000] {taskinstance.py:2865} INFO - Starting attempt 1 of 2
[2025-03-07T12:21:29.065+0000] {taskinstance.py:2888} INFO - Executing <Task(PythonOperator): load_to_gold_layer> on 2023-05-01 00:00:00+00:00
[2025-03-07T12:21:29.074+0000] {warnings.py:112} WARNING - /home/***/.local/lib/python3.12/site-packages/***/task/task_runner/standard_task_runner.py:70: DeprecationWarning: This process (pid=7904) is multi-threaded, use of fork() may lead to deadlocks in the child.
  pid = os.fork()

[2025-03-07T12:21:29.077+0000] {standard_task_runner.py:72} INFO - Started process 7905 to run task
[2025-03-07T12:21:29.076+0000] {standard_task_runner.py:104} INFO - Running: ['***', 'tasks', 'run', 'pull_data_from_chess_api', 'load_to_gold_layer', 'scheduled__2023-05-01T00:00:00+00:00', '--job-id', '321', '--raw', '--subdir', 'DAGS_FOLDER/collect_chess_data_dag.py', '--cfg-path', '/tmp/tmp6xle1zd7']
[2025-03-07T12:21:29.078+0000] {standard_task_runner.py:105} INFO - Job 321: Subtask load_to_gold_layer
[2025-03-07T12:21:29.148+0000] {task_command.py:467} INFO - Running <TaskInstance: pull_data_from_chess_api.load_to_gold_layer scheduled__2023-05-01T00:00:00+00:00 [running]> on host ebc50e07c8a4
[2025-03-07T12:21:29.269+0000] {taskinstance.py:3131} INFO - Exporting env vars: AIRFLOW_CTX_DAG_OWNER='***' AIRFLOW_CTX_DAG_ID='pull_data_from_chess_api' AIRFLOW_CTX_TASK_ID='load_to_gold_layer' AIRFLOW_CTX_EXECUTION_DATE='2023-05-01T00:00:00+00:00' AIRFLOW_CTX_TRY_NUMBER='1' AIRFLOW_CTX_DAG_RUN_ID='scheduled__2023-05-01T00:00:00+00:00'
[2025-03-07T12:21:29.271+0000] {taskinstance.py:731} INFO - ::endgroup::
[2025-03-07T12:21:29.294+0000] {logging_mixin.py:190} INFO - Execution Date: 2023-05-01
[2025-03-07T12:21:29.297+0000] {connection.py:531} ERROR - Unable to retrieve connection from secrets backend (EnvironmentVariablesBackend). Checking subsequent secrets backend.
Traceback (most recent call last):
  File "/home/airflow/.local/lib/python3.12/site-packages/airflow/models/connection.py", line 526, in get_connection_from_secrets
    conn = secrets_backend.get_connection(conn_id=conn_id)
           ^^^^^^^^^^^^^^^^^^^^^^^^^^^^^^^^^^^^^^^^^^^^^^^
  File "/home/airflow/.local/lib/python3.12/site-packages/airflow/secrets/base_secrets.py", line 116, in get_connection
    return self.deserialize_connection(conn_id=conn_id, value=value)
           ^^^^^^^^^^^^^^^^^^^^^^^^^^^^^^^^^^^^^^^^^^^^^^^^^^^^^^^^^
  File "/home/airflow/.local/lib/python3.12/site-packages/airflow/secrets/base_secrets.py", line 70, in deserialize_connection
    return Connection(conn_id=conn_id, uri=value)
           ^^^^^^^^^^^^^^^^^^^^^^^^^^^^^^^^^^^^^^
  File "<string>", line 4, in __init__
  File "/home/airflow/.local/lib/python3.12/site-packages/sqlalchemy/orm/state.py", line 481, in _initialize_instance
    with util.safe_reraise():
         ^^^^^^^^^^^^^^^^^^^
  File "/home/airflow/.local/lib/python3.12/site-packages/sqlalchemy/util/langhelpers.py", line 70, in __exit__
    compat.raise_(
  File "/home/airflow/.local/lib/python3.12/site-packages/sqlalchemy/util/compat.py", line 211, in raise_
    raise exception
  File "/home/airflow/.local/lib/python3.12/site-packages/sqlalchemy/orm/state.py", line 479, in _initialize_instance
    return manager.original_init(*mixed[1:], **kwargs)
           ^^^^^^^^^^^^^^^^^^^^^^^^^^^^^^^^^^^^^^^^^^^
  File "/home/airflow/.local/lib/python3.12/site-packages/airflow/models/connection.py", line 169, in __init__
    self._parse_from_uri(uri)
  File "/home/airflow/.local/lib/python3.12/site-packages/airflow/models/connection.py", line 257, in _parse_from_uri
    self.port = uri_parts.port
                ^^^^^^^^^^^^^^
  File "/usr/local/lib/python3.12/urllib/parse.py", line 182, in port
    raise ValueError(f"Port could not be cast to integer value as {port!r}")
ValueError: Port could not be cast to integer value as 'DefaultEndpointsProtocol=https;AccountName=rbchesssa;AccountKey=lG9W+utkpTNorE0rTLlfDMUZsTPleXk6pXv6NnfDTi'
[2025-03-07T12:21:29.314+0000] {base.py:84} INFO - Retrieving connection 'azure_chess_storage'
[2025-03-07T12:21:32.911+0000] {taskinstance.py:3310} ERROR - Task failed with exception
Traceback (most recent call last):
  File "/home/airflow/.local/lib/python3.12/site-packages/airflow/models/taskinstance.py", line 767, in _execute_task
    result = _execute_callable(context=context, **execute_callable_kwargs)
             ^^^^^^^^^^^^^^^^^^^^^^^^^^^^^^^^^^^^^^^^^^^^^^^^^^^^^^^^^^^^^
  File "/home/airflow/.local/lib/python3.12/site-packages/airflow/models/taskinstance.py", line 733, in _execute_callable
    return ExecutionCallableRunner(
           ^^^^^^^^^^^^^^^^^^^^^^^^
  File "/home/airflow/.local/lib/python3.12/site-packages/airflow/utils/operator_helpers.py", line 252, in run
    return self.func(*args, **kwargs)
           ^^^^^^^^^^^^^^^^^^^^^^^^^^
  File "/home/airflow/.local/lib/python3.12/site-packages/airflow/models/baseoperator.py", line 406, in wrapper
    return func(self, *args, **kwargs)
           ^^^^^^^^^^^^^^^^^^^^^^^^^^^
  File "/home/airflow/.local/lib/python3.12/site-packages/airflow/operators/python.py", line 238, in execute
    return_value = self.execute_callable()
                   ^^^^^^^^^^^^^^^^^^^^^^^
  File "/home/airflow/.local/lib/python3.12/site-packages/airflow/operators/python.py", line 256, in execute_callable
    return runner.run(*self.op_args, **self.op_kwargs)
           ^^^^^^^^^^^^^^^^^^^^^^^^^^^^^^^^^^^^^^^^^^^
  File "/home/airflow/.local/lib/python3.12/site-packages/airflow/utils/operator_helpers.py", line 252, in run
    return self.func(*args, **kwargs)
           ^^^^^^^^^^^^^^^^^^^^^^^^^^
  File "/opt/airflow/dags/scripts/python_scripts.py", line 186, in load_to_gold_layer
    """).fetchdf()
        ^^^^^^^^^
duckdb.duckdb.NotImplementedException: Not implemented Error: Unsupported type "TIME WITH TIME ZONE"
[2025-03-07T12:21:32.934+0000] {taskinstance.py:1225} INFO - Marking task as UP_FOR_RETRY. dag_id=pull_data_from_chess_api, task_id=load_to_gold_layer, run_id=scheduled__2023-05-01T00:00:00+00:00, execution_date=20230501T000000, start_date=20250307T122129, end_date=20250307T122132
[2025-03-07T12:21:32.959+0000] {taskinstance.py:340} INFO - ::group::Post task execution logs
[2025-03-07T12:21:32.960+0000] {standard_task_runner.py:124} ERROR - Failed to execute job 321 for task load_to_gold_layer (Not implemented Error: Unsupported type "TIME WITH TIME ZONE"; 7905)
Traceback (most recent call last):
  File "/home/airflow/.local/lib/python3.12/site-packages/airflow/task/task_runner/standard_task_runner.py", line 117, in _start_by_fork
    ret = args.func(args, dag=self.dag)
          ^^^^^^^^^^^^^^^^^^^^^^^^^^^^^
  File "/home/airflow/.local/lib/python3.12/site-packages/airflow/cli/cli_config.py", line 49, in command
    return func(*args, **kwargs)
           ^^^^^^^^^^^^^^^^^^^^^
  File "/home/airflow/.local/lib/python3.12/site-packages/airflow/utils/cli.py", line 115, in wrapper
    return f(*args, **kwargs)
           ^^^^^^^^^^^^^^^^^^
  File "/home/airflow/.local/lib/python3.12/site-packages/airflow/cli/commands/task_command.py", line 483, in task_run
    task_return_code = _run_task_by_selected_method(args, _dag, ti)
                       ^^^^^^^^^^^^^^^^^^^^^^^^^^^^^^^^^^^^^^^^^^^^
  File "/home/airflow/.local/lib/python3.12/site-packages/airflow/cli/commands/task_command.py", line 256, in _run_task_by_selected_method
    return _run_raw_task(args, ti)
           ^^^^^^^^^^^^^^^^^^^^^^^
  File "/home/airflow/.local/lib/python3.12/site-packages/airflow/cli/commands/task_command.py", line 341, in _run_raw_task
    return ti._run_raw_task(
           ^^^^^^^^^^^^^^^^^
  File "/home/airflow/.local/lib/python3.12/site-packages/airflow/utils/session.py", line 97, in wrapper
    return func(*args, session=session, **kwargs)
           ^^^^^^^^^^^^^^^^^^^^^^^^^^^^^^^^^^^^^^
  File "/home/airflow/.local/lib/python3.12/site-packages/airflow/models/taskinstance.py", line 3004, in _run_raw_task
    return _run_raw_task(
           ^^^^^^^^^^^^^^
  File "/home/airflow/.local/lib/python3.12/site-packages/airflow/models/taskinstance.py", line 273, in _run_raw_task
    TaskInstance._execute_task_with_callbacks(
  File "/home/airflow/.local/lib/python3.12/site-packages/airflow/models/taskinstance.py", line 3158, in _execute_task_with_callbacks
    result = self._execute_task(context, task_orig)
             ^^^^^^^^^^^^^^^^^^^^^^^^^^^^^^^^^^^^^^
  File "/home/airflow/.local/lib/python3.12/site-packages/airflow/models/taskinstance.py", line 3182, in _execute_task
    return _execute_task(self, context, task_orig)
           ^^^^^^^^^^^^^^^^^^^^^^^^^^^^^^^^^^^^^^^
  File "/home/airflow/.local/lib/python3.12/site-packages/airflow/models/taskinstance.py", line 767, in _execute_task
    result = _execute_callable(context=context, **execute_callable_kwargs)
             ^^^^^^^^^^^^^^^^^^^^^^^^^^^^^^^^^^^^^^^^^^^^^^^^^^^^^^^^^^^^^
  File "/home/airflow/.local/lib/python3.12/site-packages/airflow/models/taskinstance.py", line 733, in _execute_callable
    return ExecutionCallableRunner(
           ^^^^^^^^^^^^^^^^^^^^^^^^
  File "/home/airflow/.local/lib/python3.12/site-packages/airflow/utils/operator_helpers.py", line 252, in run
    return self.func(*args, **kwargs)
           ^^^^^^^^^^^^^^^^^^^^^^^^^^
  File "/home/airflow/.local/lib/python3.12/site-packages/airflow/models/baseoperator.py", line 406, in wrapper
    return func(self, *args, **kwargs)
           ^^^^^^^^^^^^^^^^^^^^^^^^^^^
  File "/home/airflow/.local/lib/python3.12/site-packages/airflow/operators/python.py", line 238, in execute
    return_value = self.execute_callable()
                   ^^^^^^^^^^^^^^^^^^^^^^^
  File "/home/airflow/.local/lib/python3.12/site-packages/airflow/operators/python.py", line 256, in execute_callable
    return runner.run(*self.op_args, **self.op_kwargs)
           ^^^^^^^^^^^^^^^^^^^^^^^^^^^^^^^^^^^^^^^^^^^
  File "/home/airflow/.local/lib/python3.12/site-packages/airflow/utils/operator_helpers.py", line 252, in run
    return self.func(*args, **kwargs)
           ^^^^^^^^^^^^^^^^^^^^^^^^^^
  File "/opt/airflow/dags/scripts/python_scripts.py", line 186, in load_to_gold_layer
    """).fetchdf()
        ^^^^^^^^^
duckdb.duckdb.NotImplementedException: Not implemented Error: Unsupported type "TIME WITH TIME ZONE"
[2025-03-07T12:21:32.995+0000] {local_task_job_runner.py:266} INFO - Task exited with return code 1
[2025-03-07T12:21:33.032+0000] {taskinstance.py:3900} INFO - 0 downstream tasks scheduled from follow-on schedule check
[2025-03-07T12:21:33.036+0000] {local_task_job_runner.py:245} INFO - ::endgroup::
[2025-03-10T01:34:01.118+0000] {local_task_job_runner.py:123} INFO - ::group::Pre task execution logs
[2025-03-10T01:34:01.136+0000] {taskinstance.py:2612} INFO - Dependencies all met for dep_context=non-requeueable deps ti=<TaskInstance: pull_data_from_chess_api.load_to_gold_layer scheduled__2023-05-01T00:00:00+00:00 [queued]>
[2025-03-10T01:34:01.145+0000] {taskinstance.py:2612} INFO - Dependencies all met for dep_context=requeueable deps ti=<TaskInstance: pull_data_from_chess_api.load_to_gold_layer scheduled__2023-05-01T00:00:00+00:00 [queued]>
[2025-03-10T01:34:01.145+0000] {taskinstance.py:2865} INFO - Starting attempt 1 of 2
[2025-03-10T01:34:01.160+0000] {taskinstance.py:2888} INFO - Executing <Task(PythonOperator): load_to_gold_layer> on 2023-05-01 00:00:00+00:00
[2025-03-10T01:34:01.167+0000] {warnings.py:112} WARNING - /home/***/.local/lib/python3.12/site-packages/***/task/task_runner/standard_task_runner.py:70: DeprecationWarning: This process (pid=16667) is multi-threaded, use of fork() may lead to deadlocks in the child.
  pid = os.fork()

[2025-03-10T01:34:01.169+0000] {standard_task_runner.py:72} INFO - Started process 16669 to run task
[2025-03-10T01:34:01.170+0000] {standard_task_runner.py:104} INFO - Running: ['***', 'tasks', 'run', 'pull_data_from_chess_api', 'load_to_gold_layer', 'scheduled__2023-05-01T00:00:00+00:00', '--job-id', '501', '--raw', '--subdir', 'DAGS_FOLDER/collect_chess_data_dag.py', '--cfg-path', '/tmp/tmp5qk8li1z']
[2025-03-10T01:34:01.172+0000] {standard_task_runner.py:105} INFO - Job 501: Subtask load_to_gold_layer
[2025-03-10T01:34:01.220+0000] {task_command.py:467} INFO - Running <TaskInstance: pull_data_from_chess_api.load_to_gold_layer scheduled__2023-05-01T00:00:00+00:00 [running]> on host 70b3b9cfbba0
[2025-03-10T01:34:01.323+0000] {taskinstance.py:3131} INFO - Exporting env vars: AIRFLOW_CTX_DAG_OWNER='***' AIRFLOW_CTX_DAG_ID='pull_data_from_chess_api' AIRFLOW_CTX_TASK_ID='load_to_gold_layer' AIRFLOW_CTX_EXECUTION_DATE='2023-05-01T00:00:00+00:00' AIRFLOW_CTX_TRY_NUMBER='1' AIRFLOW_CTX_DAG_RUN_ID='scheduled__2023-05-01T00:00:00+00:00'
[2025-03-10T01:34:01.324+0000] {taskinstance.py:731} INFO - ::endgroup::
[2025-03-10T01:34:01.340+0000] {logging_mixin.py:190} INFO - Execution Date: 2023-05-01
[2025-03-10T01:34:01.342+0000] {connection.py:531} ERROR - Unable to retrieve connection from secrets backend (EnvironmentVariablesBackend). Checking subsequent secrets backend.
Traceback (most recent call last):
  File "/home/airflow/.local/lib/python3.12/site-packages/airflow/models/connection.py", line 526, in get_connection_from_secrets
    conn = secrets_backend.get_connection(conn_id=conn_id)
           ^^^^^^^^^^^^^^^^^^^^^^^^^^^^^^^^^^^^^^^^^^^^^^^
  File "/home/airflow/.local/lib/python3.12/site-packages/airflow/secrets/base_secrets.py", line 116, in get_connection
    return self.deserialize_connection(conn_id=conn_id, value=value)
           ^^^^^^^^^^^^^^^^^^^^^^^^^^^^^^^^^^^^^^^^^^^^^^^^^^^^^^^^^
  File "/home/airflow/.local/lib/python3.12/site-packages/airflow/secrets/base_secrets.py", line 70, in deserialize_connection
    return Connection(conn_id=conn_id, uri=value)
           ^^^^^^^^^^^^^^^^^^^^^^^^^^^^^^^^^^^^^^
  File "<string>", line 4, in __init__
  File "/home/airflow/.local/lib/python3.12/site-packages/sqlalchemy/orm/state.py", line 481, in _initialize_instance
    with util.safe_reraise():
         ^^^^^^^^^^^^^^^^^^^
  File "/home/airflow/.local/lib/python3.12/site-packages/sqlalchemy/util/langhelpers.py", line 70, in __exit__
    compat.raise_(
  File "/home/airflow/.local/lib/python3.12/site-packages/sqlalchemy/util/compat.py", line 211, in raise_
    raise exception
  File "/home/airflow/.local/lib/python3.12/site-packages/sqlalchemy/orm/state.py", line 479, in _initialize_instance
    return manager.original_init(*mixed[1:], **kwargs)
           ^^^^^^^^^^^^^^^^^^^^^^^^^^^^^^^^^^^^^^^^^^^
  File "/home/airflow/.local/lib/python3.12/site-packages/airflow/models/connection.py", line 169, in __init__
    self._parse_from_uri(uri)
  File "/home/airflow/.local/lib/python3.12/site-packages/airflow/models/connection.py", line 257, in _parse_from_uri
    self.port = uri_parts.port
                ^^^^^^^^^^^^^^
  File "/usr/local/lib/python3.12/urllib/parse.py", line 182, in port
    raise ValueError(f"Port could not be cast to integer value as {port!r}")
ValueError: Port could not be cast to integer value as 'DefaultEndpointsProtocol=https;AccountName=rbchesssa;AccountKey=lG9W+utkpTNorE0rTLlfDMUZsTPleXk6pXv6NnfDTi'
[2025-03-10T01:34:01.357+0000] {base.py:84} INFO - Retrieving connection 'azure_chess_storage'
[2025-03-10T01:34:02.499+0000] {logging_mixin.py:190} INFO - Previewing Dataframe
[2025-03-10T01:34:02.502+0000] {logging_mixin.py:190} INFO - game_url                        object
time_control                    object
rated                             bool
time_class                      object
rules                           object
white_rating                     int64
white_result                    object
black_rating                     int64
black_result                    object
pgn_event                       object
pgn_site                        object
game_date               datetime64[us]
pgn_white_user                  object
pgn_black_user                  object
pgn_result                      object
pgn_current_position            object
pgn_timezone                    object
pgn_eco                         object
pgn_eco_url                     object
start_time              datetime64[ns]
end_time                datetime64[ns]
end_game_date           datetime64[us]
pgn_raw                         object
pgn_trans                       object
last_updated                    object
dtype: object
[2025-03-10T01:34:02.519+0000] {logging_mixin.py:190} INFO - https://www.chess.com/game/live/76681363095	600	True	rapid	chess	1196	win	1176	timeout	Live Chess	Chess.com	2023-05-01 00:00:00	Den7802	Rhythmbear1	1-0	8/8/8/1R2nk2/7p/7P/P2N1PP1/6K1 b - -	UTC	C45	https://www.chess.com/openings/Scotch-Game-Scotch-Gambit-Dubois-Reti-Defense	2023-05-01 11:59:59	2023-05-01 12:15:44	2023-05-01 00:00:00	e4 e5 Bc4 Nc6 Nf3 Nf6 d4 exd4 Bg5 Be7 e5 d5 exf6 Bxf6 Bxf6 Qxf6 Bxd5 O-O O-O Nb4 Bb3 Re8 Nxd4 Bd7 c3 Na6 Nf3 Rad8 Bc4 Nc5 b4 Ne4 Qb3 Be6 Bxe6 Rxe6 Re1 b6 Nbd2 Nxc3 Rxe6 fxe6 Re1 Re8 Qc4 Nd5 Qc6 Nxb4 Qxe8+ Qf8 Rxe6 h5 Qxf8+ Kxf8 Ng5 g6 Rxg6 Ke7 Rg7+ Kf6 Rxc7 Kxg5 Rxa7 Nd3 Rb7 h4 h3 Kf4 Rxb6 Ne5 Rb4+ Kf5 Rb5	1. e4 e5 2. Bc4 Nc6 3. Nf3 Nf6 4. d4 exd4 5. Bg5 Be7 6. e5 d5 7. exf6 Bxf6 8. Bxf6 Qxf6 9. Bxd5 O-O 10. O-O Nb4 11. Bb3 Re8 12. Nxd4 Bd7 13. c3 Na6 14. Nf3 Rad8 15. Bc4 Nc5 16. b4 Ne4 17. Qb3 Be6 18. Bxe6 Rxe6 19. Re1 b6 20. Nbd2 Nxc3 21. Rxe6 fxe6 22. Re1 Re8 23. Qc4 Nd5 24. Qc6 Nxb4 25. Qxe8+ Qf8 26. Rxe6 h5 27. Qxf8+ Kxf8 28. Ng5 g6 29. Rxg6 Ke7 30. Rg7+ Kf6 31. Rxc7 Kxg5 32. Rxa7 Nd3 33. Rb7 h4 34. h3 Kf4 35. Rxb6 Ne5 36. Rb4+ Kf5 37. Rb5 	2023-05-01
https://www.chess.com/game/live/76682449055	600	True	rapid	chess	1140	win	1163	resigned	Live Chess	Chess.com	2023-05-01 00:00:00	Lyoncity	Rhythmbear1	1-0	r1b3Q1/pp3Rp1/2p1r1k1/7p/7P/2P5/PP3PP1/2KR4 b - -	UTC	C45	https://www.chess.com/openings/Scotch-Game	2023-05-01 12:15:54	2023-05-01 12:27:06	2023-05-01 00:00:00	e4 e5 Nf3 Nc6 d4 Nf6 d5 Ne7 Nc3 Nxe4 Nxe4 Nxd5 Qxd5 f6 Bc4 Qe7 Nfg5 fxg5 Bxg5 Qb4+ c3 Qxc4 Qxc4 c6 O-O-O d5 Qe2 dxe4 Rd8+ Kf7 Qc4+ Kg6 Qxe4+ Kxg5 h4+ Kf6 Qf3+ Ke7 Rhd1 h5 Qe4 Rh6 Qxe5+ Re6 Qc7+ Kf6 Rxf8+ Kg6 Qf7+ Kh7 Qg8+ Kg6 Rf7	1. e4 e5 2. Nf3 Nc6 3. d4 Nf6 4. d5 Ne7 5. Nc3 Nxe4 6. Nxe4 Nxd5 7. Qxd5 f6 8. Bc4 Qe7 9. Nfg5 fxg5 10. Bxg5 Qb4+ 11. c3 Qxc4 12. Qxc4 c6 13. O-O-O d5 14. Qe2 dxe4 15. Rd8+ Kf7 16. Qc4+ Kg6 17. Qxe4+ Kxg5 18. h4+ Kf6 19. Qf3+ Ke7 20. Rhd1 h5 21. Qe4 Rh6 22. Qxe5+ Re6 23. Qc7+ Kf6 24. Rxf8+ Kg6 25. Qf7+ Kh7 26. Qg8+ Kg6 27. Rf7 	2023-05-01
https://www.chess.com/game/live/76683093345	600	True	rapid	chess	1154	timeout	1220	win	Live Chess	Chess.com	2023-05-01 00:00:00	Rhythmbear1	Togtoh0	0-1	6k1/5p2/1p2p2p/1P6/5pn1/4b3/R2r2KP/8 w - -	UTC	B00	https://www.chess.com/openings/Owens-Defense-2.d4-Bb7-3.Nc3-e6	2023-05-01 12:27:26	2023-05-01 12:44:05	2023-05-01 00:00:00	e4 b6 d4 Bb7 Nc3 e6 e5 d6 Nf3 h6 d5 Qe7 Bb5+ c6 dxc6 Bxc6 exd6 Qxd6 Ne4 Qxd1+ Kxd1 Bxb5 Ne5 Nc6 Bf4 Rd8+ Ke1 Be7 a4 Nxe5 axb5 Nc4 b3 Nd6 Nc3 Nf6 Rxa7 Nde4 Na4 Bc5 Rf1 O-O f3 Nd6 Ra6 Nxb5 Bc7 Rd7 Be5 Rfd8 Nc3 Nxc3 Bxc3 Rd1+ Ke2 Rxf1 Kxf1 Nd5 Be5 Ne3+ Ke2 Nxc2 g4 Nd4+ Kf2 Nc6+ Kg3 Nxe5 b4 Be3 b5 g5 f4 gxf4+ Kg2 Nxg4 Ra2 Rd2+	1. e4 b6 2. d4 Bb7 3. Nc3 e6 4. e5 d6 5. Nf3 h6 6. d5 Qe7 7. Bb5+ c6 8. dxc6 Bxc6 9. exd6 Qxd6 10. Ne4 Qxd1+ 11. Kxd1 Bxb5 12. Ne5 Nc6 13. Bf4 Rd8+ 14. Ke1 Be7 15. a4 Nxe5 16. axb5 Nc4 17. b3 Nd6 18. Nc3 Nf6 19. Rxa7 Nde4 20. Na4 Bc5 21. Rf1 O-O 22. f3 Nd6 23. Ra6 Nxb5 24. Bc7 Rd7 25. Be5 Rfd8 26. Nc3 Nxc3 27. Bxc3 Rd1+ 28. Ke2 Rxf1 29. Kxf1 Nd5 30. Be5 Ne3+ 31. Ke2 Nxc2 32. g4 Nd4+ 33. Kf2 Nc6+ 34. Kg3 Nxe5 35. b4 Be3 36. b5 g5 37. f4 gxf4+ 38. Kg2 Nxg4 39. Ra2 Rd2+	2023-05-01
https://www.chess.com/game/live/76684202351	600	True	rapid	chess	1142	timeout	1113	win	Live Chess	Chess.com	2023-05-01 00:00:00	Rhythmbear1	Cule_LM	0-1	Qb4k1/5p1p/6p1/2B2n2/2P4P/6P1/P4P1K/1q4q1 w - -	UTC	C10	https://www.chess.com/openings/French-Defense-Rubinstein-Maric-Variation-5.Nc3	2023-05-01 12:44:22	2023-05-01 13:00:39	2023-05-01 00:00:00	e4 e6 d4 d5 exd5 Qxd5 Nc3 Qd8 Nf3 g6 Bc4 Bg7 O-O Ne7 Re1 O-O d5 exd5 Nxd5 Nf5 Qd3 c6 Nc3 b5 Bb3 Ba6 Bf4 b4 Bc4 bxc3 Bxa6 Nxa6 Qxa6 cxb2 Rab1 c5 Nd2 Qd4 Be3 Qd5 c4 Qd3 Bxc5 Rfe8 Rxe8+ Rxe8 h3 Qxd2 Qxa7 Re1+ Rxe1 Qxe1+ Kh2 Be5+ g3 b1=Q Qa8+ Bb8 h4 Qg1+	1. e4 e6 2. d4 d5 3. exd5 Qxd5 4. Nc3 Qd8 5. Nf3 g6 6. Bc4 Bg7 7. O-O Ne7 8. Re1 O-O 9. d5 exd5 10. Nxd5 Nf5 11. Qd3 c6 12. Nc3 b5 13. Bb3 Ba6 14. Bf4 b4 15. Bc4 bxc3 16. Bxa6 Nxa6 17. Qxa6 cxb2 18. Rab1 c5 19. Nd2 Qd4 20. Be3 Qd5 21. c4 Qd3 22. Bxc5 Rfe8 23. Rxe8+ Rxe8 24. h3 Qxd2 25. Qxa7 Re1+ 26. Rxe1 Qxe1+ 27. Kh2 Be5+ 28. g3 b1=Q 29. Qa8+ Bb8 30. h4 Qg1+	2023-05-01
https://www.chess.com/game/live/76685010071	600	True	rapid	chess	1132	checkmated	1152	win	Live Chess	Chess.com	2023-05-01 00:00:00	Rhythmbear1	laskarpajajaran	0-1	1r4k1/p2p1pp1/7p/2p5/2P3P1/P1KQ4/1q6/3B4 w - -	UTC	B32	https://www.chess.com/openings/Sicilian-Defense-Open-Lowenthal-Variation-5.Nxc6-bxc6	2023-05-01 13:00:54	2023-05-01 13:10:42	2023-05-01 00:00:00	e4 c5 Nf3 Nc6 d4 cxd4 Nxd4 e5 Nxc6 bxc6 c4 Bb7 Be3 Bb4+ Nc3 Nf6 a3 Bxc3+ bxc3 Nxe4 Bd3 Nxc3 Qc2 Qa5 Bd2 e4 Bxc3 Qf5 Be2 O-O O-O-O Rab8 g4 Qxf2 Qxe4 c5 Qd3 Bxh1 Rxh1 Rfe8 Bd1 Qf4+ Bd2 Qf2 Rf1 Qxh2 Bc2 Qh4 Be1 Rxe1+ Rxe1 Qxe1+ Bd1 h6 Kc2 Qf2+ Kc3 Qb2#	1. e4 c5 2. Nf3 Nc6 3. d4 cxd4 4. Nxd4 e5 5. Nxc6 bxc6 6. c4 Bb7 7. Be3 Bb4+ 8. Nc3 Nf6 9. a3 Bxc3+ 10. bxc3 Nxe4 11. Bd3 Nxc3 12. Qc2 Qa5 13. Bd2 e4 14. Bxc3 Qf5 15. Be2 O-O 16. O-O-O Rab8 17. g4 Qxf2 18. Qxe4 c5 19. Qd3 Bxh1 20. Rxh1 Rfe8 21. Bd1 Qf4+ 22. Bd2 Qf2 23. Rf1 Qxh2 24. Bc2 Qh4 25. Be1 Rxe1+ 26. Rxe1 Qxe1+ 27. Bd1 h6 28. Kc2 Qf2+ 29. Kc3 Qb2#	2023-05-01
[2025-03-10T01:34:03.114+0000] {logging_mixin.py:190} INFO - Previewing Dataframe
[2025-03-10T01:34:03.115+0000] {logging_mixin.py:190} INFO - game_url                        object
time_control                    object
rated                             bool
time_class                      object
rules                           object
white_rating                     int64
white_result                    object
black_rating                     int64
black_result                    object
pgn_event                       object
pgn_site                        object
game_date               datetime64[us]
pgn_white_user                  object
pgn_black_user                  object
pgn_result                      object
pgn_current_position            object
pgn_timezone                    object
pgn_eco                         object
pgn_eco_url                     object
start_time              datetime64[ns]
end_time                datetime64[ns]
end_game_date           datetime64[us]
pgn_raw                         object
pgn_trans                       object
last_updated            datetime64[us]
dtype: object
[2025-03-10T01:34:03.132+0000] {logging_mixin.py:190} INFO - https://www.chess.com/game/live/123502496472	120+1	True	bullet	chess	915	win	905	resigned	Live Chess	Chess.com	2025-03-03 00:00:00	Rhythmbear1	ryandograu	1-0	2R3k1/p4p1p/3r1Pp1/1p3n2/6N1/1P1B4/P1P3PP/6K1 b - -	UTC	C45	https://www.chess.com/openings/Scotch-Game-Scotch-Gambit-London-Defense	2025-03-03 16:53:54	2025-03-03 16:58:20	2025-03-03 00:00:00	e4 e5 Nf3 Nc6 d4 exd4 Bc4 Bb4+ Bd2 Nge7 Nxd4 Nxd4 Bxb4 Ndc6 Bc3 O-O Qg4 g6 Qg5 d6 Qf6 Ne5 f4 N7c6 Bxe5 dxe5 fxe5 Qxf6 exf6 Nd4 Na3 Re8 Bd3 Bd7 O-O Bg4 Rae1 Re6 e5 Rd8 Nc4 Nf5 b3 b5 Ne3 Rxe5 Nxg4 Rxe1 Rxe1 Nd4 Re7 Nf5 Rxc7 Rd6 Rc8+	1. e4 e5 2. Nf3 Nc6 3. d4 exd4 4. Bc4 Bb4+ 5. Bd2 Nge7 6. Nxd4 Nxd4 7. Bxb4 Ndc6 8. Bc3 O-O 9. Qg4 g6 10. Qg5 d6 11. Qf6 Ne5 12. f4 N7c6 13. Bxe5 dxe5 14. fxe5 Qxf6 15. exf6 Nd4 16. Na3 Re8 17. Bd3 Bd7 18. O-O Bg4 19. Rae1 Re6 20. e5 Rd8 21. Nc4 Nf5 22. b3 b5 23. Ne3 Rxe5 24. Nxg4 Rxe1 25. Rxe1 Nd4 26. Re7 Nf5 27. Rxc7 Rd6 28. Rc8+ 	2025-03-10 00:00:00
https://www.chess.com/game/live/136066661370	180+2	True	blitz	chess	1250	win	1240	abandoned	Live Chess	Chess.com	2025-03-09 00:00:00	nupio92	Rhythmbear1	1-0	r1b2rk1/2B3pp/2N1pb2/p2p1p1n/3P4/1PPB3P/P1Q2PP1/R3R1K1 b - -	UTC	D02	https://www.chess.com/openings/London-System...6.c3-Be7-7.Bd3-O-O	2025-03-09 08:14:24	2025-03-09 08:19:20	2025-03-09 00:00:00	d4 e6 Bf4 d5 e3 c5 Nf3 Nc6 c3 Nf6 Nbd2 Be7 Bd3 O-O O-O Nd7 b3 f6 Qc2 f5 Ne5 Nf6 Nxc6 bxc6 Nf3 cxd4 exd4 a5 Rfe1 Qd7 h3 Nh5 Bh2 Qd8 Ne5 Bf6 Nxc6 Qc7 Bxc7	1. d4 e6 2. Bf4 d5 3. e3 c5 4. Nf3 Nc6 5. c3 Nf6 6. Nbd2 Be7 7. Bd3 O-O 8. O-O Nd7 9. b3 f6 10. Qc2 f5 11. Ne5 Nf6 12. Nxc6 bxc6 13. Nf3 cxd4 14. exd4 a5 15. Rfe1 Qd7 16. h3 Nh5 17. Bh2 Qd8 18. Ne5 Bf6 19. Nxc6 Qc7 20. Bxc7 	2025-03-10 00:00:00
https://www.chess.com/game/live/136072351444	180+2	True	blitz	chess	1232	repetition	1244	repetition	Live Chess	Chess.com	2025-03-09 00:00:00	Rhythmbear1	geirmagnus	1/2-1/2	8/1B6/8/4p3/4P3/2k5/2p5/2K5 w - -	UTC	B01	https://www.chess.com/openings/Nimzowitsch-Defense-Scandinavian-Exchange-Variation-4.Nf3-Bg4	2025-03-09 12:07:36	2025-03-09 12:17:23	2025-03-09 00:00:00	e4 Nc6 d4 d5 exd5 Qxd5 Nf3 Bg4 Nbd2 Nxd4 Bc4 Nxf3+ gxf3 Qe5+ Qe2 Qxe2+ Kxe2 Bd7 b3 e6 Bb2 f6 h4 O-O-O Bd4 Kb8 a4 e5 Be3 Bb4 Ne4 Ne7 c3 Ba5 b4 Bb6 a5 Bxe3 fxe3 Nf5 Rhg1 Nxh4 Rad1 Ng6 Nc5 Bh3 Ne6 Rxd1 Rxd1 Bxe6 Bxe6 Re8 Bd7 Rd8 e4 Nf8 Bf5 Rxd1 Kxd1 g6 Bh3 c6 Ke2 Kc7 Ke3 a6 f4 Kd6 fxe5+ fxe5 Kf3 h6 Kg4 Ne6 Kf3 Nf4 Bf1 h5 Kg3 g5 Kf3 g4+ Kg3 c5 b5 axb5 Bxb5 Kc7 a6 bxa6 Bxa6 Kd6 Bc4 Ng6 Kf2 h4 Kg2 Nf4+ Kf2 Nd3+ Bxd3 h3 Kg3 Ke6 Bf1 Kf6 Kxg4 h2 Bg2 Kg6 Kg3 Kg5 Kxh2 Kf4 Kg1 Ke3 c4 Kd4 Kf2 Kxc4 Ke2 Kd4 Kd2 c4 Kc2 c3 Kd1 Kc4 Kc2 Kd4 Bf3 Ke3 Bh1 Kd4 Bg2 Kc4 Bh3 Kd4 Bf5 Kc4 Kc1 Kd3 Kd1 Ke3 Kc2 Kd4 Kc1 Kd3 Kd1 c2+ Kc1 Kc3 Be6 Kd4 Bd5 Kc3 Bc6 Kd3 Bb7 Kc3 Bd5 Kd3 Bc6 Kc3 Bd5 Kd3 Bb7 Kc3 Ba6 Kd4 Bb7 Kc3	1. e4 Nc6 2. d4 d5 3. exd5 Qxd5 4. Nf3 Bg4 5. Nbd2 Nxd4 6. Bc4 Nxf3+ 7. gxf3 Qe5+ 8. Qe2 Qxe2+ 9. Kxe2 Bd7 10. b3 e6 11. Bb2 f6 12. h4 O-O-O 13. Bd4 Kb8 14. a4 e5 15. Be3 Bb4 16. Ne4 Ne7 17. c3 Ba5 18. b4 Bb6 19. a5 Bxe3 20. fxe3 Nf5 21. Rhg1 Nxh4 22. Rad1 Ng6 23. Nc5 Bh3 24. Ne6 Rxd1 25. Rxd1 Bxe6 26. Bxe6 Re8 27. Bd7 Rd8 28. e4 Nf8 29. Bf5 Rxd1 30. Kxd1 g6 31. Bh3 c6 32. Ke2 Kc7 33. Ke3 a6 34. f4 Kd6 35. fxe5+ fxe5 36. Kf3 h6 37. Kg4 Ne6 38. Kf3 Nf4 39. Bf1 h5 40. Kg3 g5 41. Kf3 g4+ 42. Kg3 c5 43. b5 axb5 44. Bxb5 Kc7 45. a6 bxa6 46. Bxa6 Kd6 47. Bc4 Ng6 48. Kf2 h4 49. Kg2 Nf4+ 50. Kf2 Nd3+ 51. Bxd3 h3 52. Kg3 Ke6 53. Bf1 Kf6 54. Kxg4 h2 55. Bg2 Kg6 56. Kg3 Kg5 57. Kxh2 Kf4 58. Kg1 Ke3 59. c4 Kd4 60. Kf2 Kxc4 61. Ke2 Kd4 62. Kd2 c4 63. Kc2 c3 64. Kd1 Kc4 65. Kc2 Kd4 66. Bf3 Ke3 67. Bh1 Kd4 68. Bg2 Kc4 69. Bh3 Kd4 70. Bf5 Kc4 71. Kc1 Kd3 72. Kd1 Ke3 73. Kc2 Kd4 74. Kc1 Kd3 75. Kd1 c2+ 76. Kc1 Kc3 77. Be6 Kd4 78. Bd5 Kc3 79. Bc6 Kd3 80. Bb7 Kc3 81. Bd5 Kd3 82. Bc6 Kc3 83. Bd5 Kd3 84. Bb7 Kc3 85. Ba6 Kd4 86. Bb7 Kc3	2025-03-10 00:00:00
https://www.chess.com/game/live/71599316007	600	True	rapid	chess	1027	win	902	resigned	Live Chess	Chess.com	2023-03-03 00:00:00	SonXAzzz	Rhythmbear1	1-0	4r1k1/1bp1P2p/p5p1/2N2p2/1q3P2/P6P/1P2Q1P1/R1B1R1K1 w - -	UTC	C46	https://www.chess.com/openings/Three-Knights-Opening-3...d6	2023-03-03 16:15:37	2023-03-03 16:27:13	2023-03-03 00:00:00	e4 e5 Nf3 Nc6 Nc3 d6 Bb5 a6 Bxc6+ bxc6 O-O Nf6 h3 Bb7 d3 d5 a3 Bd6 Re1 O-O d4 Re8 dxe5 Bxe5 Nxe5 Rxe5 f4 Rh5 e5 Ng4 Qxg4 f5 Qxh5 d4 Ne2 d3 cxd3 Qxd3 Nc3 g6 Qe2 Qg3 e6 c5 e7 Re8 Na4 Qb3 Nxc5 Qb4	1. e4 e5 2. Nf3 Nc6 3. Nc3 d6 4. Bb5 a6 5. Bxc6+ bxc6 6. O-O Nf6 7. h3 Bb7 8. d3 d5 9. a3 Bd6 10. Re1 O-O 11. d4 Re8 12. dxe5 Bxe5 13. Nxe5 Rxe5 14. f4 Rh5 15. e5 Ng4 16. Qxg4 f5 17. Qxh5 d4 18. Ne2 d3 19. cxd3 Qxd3 20. Nc3 g6 21. Qe2 Qg3 22. e6 c5 23. e7 Re8 24. Na4 Qb3 25. Nxc5 Qb4	2023-03-01 00:00:00
https://www.chess.com/game/live/74011819591	900+10	True	rapid	chess	911	checkmated	1037	win	Live Chess	Chess.com	2023-03-31 00:00:00	Curious-M-Cat	Rhythmbear1	0-1	3r4/pp1k2p1/5n2/3b4/7p/P3p2P/4N1q1/3R2K1 w - -	UTC	A40	https://www.chess.com/openings/Englund-Gambit-Declined-Reversed-French-Variation	2023-03-31 14:24:19	2023-03-31 14:47:31	2023-03-31 00:00:00	d4 e5 e3 e4 f3 d5 fxe4 dxe4 c4 Nf6 b3 Bg4 Be2 h5 b4 Bxb4+ Bd2 Nc6 a3 Ba5 h3 Bf5 c5 h4 Qb3 Nxd4 exd4 Qxd4 Bc4 O-O-O Bc3 Qe3+ Ne2 Qxc5 Qa4 Bxc3+ Nexc3 e3 Ne2 Rhe8 Nbc3 Qe5 Bxf7 Re7 Rc1 Rxf7 Qc4 Be6 Nd5 Bxd5 Qc3 Qg5 Qxc7+ Rxc7 O-O Rxc1 Rxc1+ Kd7 Rd1 Qxg2#	1. d4 e5 2. e3 e4 3. f3 d5 4. fxe4 dxe4 5. c4 Nf6 6. b3 Bg4 7. Be2 h5 8. b4 Bxb4+ 9. Bd2 Nc6 10. a3 Ba5 11. h3 Bf5 12. c5 h4 13. Qb3 Nxd4 14. exd4 Qxd4 15. Bc4 O-O-O 16. Bc3 Qe3+ 17. Ne2 Qxc5 18. Qa4 Bxc3+ 19. Nexc3 e3 20. Ne2 Rhe8 21. Nbc3 Qe5 22. Bxf7 Re7 23. Rc1 Rxf7 24. Qc4 Be6 25. Nd5 Bxd5 26. Qc3 Qg5 27. Qxc7+ Rxc7 28. O-O Rxc1 29. Rxc1+ Kd7 30. Rd1 Qxg2#	2023-03-01 00:00:00
[2025-03-10T01:34:03.895+0000] {python.py:240} INFO - Done. Returned value was: None
[2025-03-10T01:34:03.904+0000] {taskinstance.py:340} INFO - ::group::Post task execution logs
[2025-03-10T01:34:03.905+0000] {taskinstance.py:352} INFO - Marking task as SUCCESS. dag_id=pull_data_from_chess_api, task_id=load_to_gold_layer, run_id=scheduled__2023-05-01T00:00:00+00:00, execution_date=20230501T000000, start_date=20250310T013401, end_date=20250310T013403
[2025-03-10T01:34:03.961+0000] {local_task_job_runner.py:266} INFO - Task exited with return code 0
[2025-03-10T01:34:03.980+0000] {taskinstance.py:3900} INFO - 0 downstream tasks scheduled from follow-on schedule check
[2025-03-10T01:34:03.986+0000] {local_task_job_runner.py:245} INFO - ::endgroup::
