[2025-03-31T17:56:39.038+0000] {local_task_job_runner.py:123} INFO - ::group::Pre task execution logs
[2025-03-31T17:56:39.270+0000] {taskinstance.py:2612} INFO - Dependencies all met for dep_context=non-requeueable deps ti=<TaskInstance: load_data_warehouse.load_dim_openings_dw dataset_triggered__2025-03-31T17:56:16.381575+00:00 [queued]>
[2025-03-31T17:56:39.307+0000] {taskinstance.py:2612} INFO - Dependencies all met for dep_context=requeueable deps ti=<TaskInstance: load_data_warehouse.load_dim_openings_dw dataset_triggered__2025-03-31T17:56:16.381575+00:00 [queued]>
[2025-03-31T17:56:39.340+0000] {taskinstance.py:2865} INFO - Starting attempt 1 of 2
[2025-03-31T17:56:39.486+0000] {taskinstance.py:2888} INFO - Executing <Task(PythonOperator): load_dim_openings_dw> on 2025-03-31 17:56:16.381575+00:00
[2025-03-31T17:56:39.654+0000] {warnings.py:112} WARNING - /home/***/.local/lib/python3.12/site-packages/***/task/task_runner/standard_task_runner.py:70: DeprecationWarning: This process (pid=12552) is multi-threaded, use of fork() may lead to deadlocks in the child.
  pid = os.fork()

[2025-03-31T17:56:39.749+0000] {standard_task_runner.py:72} INFO - Started process 12675 to run task
[2025-03-31T17:56:39.760+0000] {standard_task_runner.py:104} INFO - Running: ['***', 'tasks', 'run', 'load_data_warehouse', 'load_dim_openings_dw', 'dataset_triggered__2025-03-31T17:56:16.381575+00:00', '--job-id', '1011', '--raw', '--subdir', 'DAGS_FOLDER/load_data_warehouse_dag.py', '--cfg-path', '/tmp/tmpwz_n_f6p']
[2025-03-31T17:56:39.790+0000] {standard_task_runner.py:105} INFO - Job 1011: Subtask load_dim_openings_dw
[2025-03-31T17:56:40.202+0000] {task_command.py:467} INFO - Running <TaskInstance: load_data_warehouse.load_dim_openings_dw dataset_triggered__2025-03-31T17:56:16.381575+00:00 [running]> on host 3b3ac09dc50a
[2025-03-31T17:56:40.855+0000] {taskinstance.py:3131} INFO - Exporting env vars: AIRFLOW_CTX_DAG_OWNER='***' AIRFLOW_CTX_DAG_ID='load_data_warehouse' AIRFLOW_CTX_TASK_ID='load_dim_openings_dw' AIRFLOW_CTX_EXECUTION_DATE='2025-03-31T17:56:16.381575+00:00' AIRFLOW_CTX_TRY_NUMBER='1' AIRFLOW_CTX_DAG_RUN_ID='dataset_triggered__2025-03-31T17:56:16.381575+00:00'
[2025-03-31T17:56:40.907+0000] {taskinstance.py:731} INFO - ::endgroup::
[2025-03-31T17:56:44.340+0000] {logging_mixin.py:190} INFO - ✅ gold/dim_openings.parquet Loaded: 936 rows, 3 columns
[2025-03-31T17:56:44.394+0000] {base.py:84} INFO - Retrieving connection 'azure_chess_dw'
[2025-03-31T17:56:44.453+0000] {base.py:84} INFO - Retrieving connection 'azure_chess_dw'
[2025-03-31T17:56:53.804+0000] {logging_mixin.py:190} INFO - Successfully Loaded gold/dim_openings.parquet Data to Postgres table dim_openings
[2025-03-31T17:56:53.825+0000] {python.py:240} INFO - Done. Returned value was: None
[2025-03-31T17:56:53.869+0000] {taskinstance.py:340} INFO - ::group::Post task execution logs
[2025-03-31T17:56:53.870+0000] {taskinstance.py:352} INFO - Marking task as SUCCESS. dag_id=load_data_warehouse, task_id=load_dim_openings_dw, run_id=dataset_triggered__2025-03-31T17:56:16.381575+00:00, execution_date=20250331T175616, start_date=20250331T175639, end_date=20250331T175653
[2025-03-31T17:56:53.953+0000] {local_task_job_runner.py:266} INFO - Task exited with return code 0
[2025-03-31T17:56:53.980+0000] {local_task_job_runner.py:245} INFO - ::endgroup::
