[2025-03-27T01:42:22.298+0000] {local_task_job_runner.py:123} INFO - ::group::Pre task execution logs
[2025-03-27T01:42:22.315+0000] {taskinstance.py:2612} INFO - Dependencies all met for dep_context=non-requeueable deps ti=<TaskInstance: load_data_warehouse.load_fact_table_to_postgres manual__2025-03-12T14:13:58.419334+00:00 [queued]>
[2025-03-27T01:42:22.323+0000] {taskinstance.py:2612} INFO - Dependencies all met for dep_context=requeueable deps ti=<TaskInstance: load_data_warehouse.load_fact_table_to_postgres manual__2025-03-12T14:13:58.419334+00:00 [queued]>
[2025-03-27T01:42:22.323+0000] {taskinstance.py:2865} INFO - Starting attempt 16 of 17
[2025-03-27T01:42:22.336+0000] {taskinstance.py:2888} INFO - Executing <Task(PythonOperator): load_fact_table_to_postgres> on 2025-03-12 14:13:58.419334+00:00
[2025-03-27T01:42:22.342+0000] {warnings.py:112} WARNING - /home/***/.local/lib/python3.12/site-packages/***/task/task_runner/standard_task_runner.py:70: DeprecationWarning: This process (pid=550) is multi-threaded, use of fork() may lead to deadlocks in the child.
  pid = os.fork()

[2025-03-27T01:42:22.343+0000] {standard_task_runner.py:72} INFO - Started process 559 to run task
[2025-03-27T01:42:22.345+0000] {standard_task_runner.py:104} INFO - Running: ['***', 'tasks', 'run', 'load_data_warehouse', 'load_fact_table_to_postgres', 'manual__2025-03-12T14:13:58.419334+00:00', '--job-id', '796', '--raw', '--subdir', 'DAGS_FOLDER/load_data_warehouse_dag.py', '--cfg-path', '/tmp/tmpp39mi_5a']
[2025-03-27T01:42:22.348+0000] {standard_task_runner.py:105} INFO - Job 796: Subtask load_fact_table_to_postgres
[2025-03-27T01:42:22.394+0000] {task_command.py:467} INFO - Running <TaskInstance: load_data_warehouse.load_fact_table_to_postgres manual__2025-03-12T14:13:58.419334+00:00 [running]> on host 8de4e0a4beb2
[2025-03-27T01:42:22.540+0000] {taskinstance.py:3131} INFO - Exporting env vars: AIRFLOW_CTX_DAG_OWNER='***' AIRFLOW_CTX_DAG_ID='load_data_warehouse' AIRFLOW_CTX_TASK_ID='load_fact_table_to_postgres' AIRFLOW_CTX_EXECUTION_DATE='2025-03-12T14:13:58.419334+00:00' AIRFLOW_CTX_TRY_NUMBER='16' AIRFLOW_CTX_DAG_RUN_ID='manual__2025-03-12T14:13:58.419334+00:00'
[2025-03-27T01:42:22.542+0000] {taskinstance.py:731} INFO - ::endgroup::
[2025-03-27T01:42:22.559+0000] {logging_mixin.py:190} INFO - Fetching data for Last Updated Date: 2025-03-10 01:32:14.394982
[2025-03-27T01:42:25.007+0000] {logging_mixin.py:190} INFO - ✅ DataFrame Loaded: 0 rows, 15 columns
[2025-03-27T01:42:25.016+0000] {base.py:84} INFO - Retrieving connection 'azure_chess_dw'
[2025-03-27T01:42:25.030+0000] {base.py:84} INFO - Retrieving connection 'azure_chess_dw'
[2025-03-27T01:42:29.200+0000] {logging_mixin.py:190} INFO - Successfully Loaded Data to Postgres
[2025-03-27T01:42:29.207+0000] {python.py:240} INFO - Done. Returned value was: None
[2025-03-27T01:42:29.218+0000] {taskinstance.py:340} INFO - ::group::Post task execution logs
[2025-03-27T01:42:29.219+0000] {taskinstance.py:352} INFO - Marking task as SUCCESS. dag_id=load_data_warehouse, task_id=load_fact_table_to_postgres, run_id=manual__2025-03-12T14:13:58.419334+00:00, execution_date=20250312T141358, start_date=20250327T014222, end_date=20250327T014229
[2025-03-27T01:42:29.257+0000] {local_task_job_runner.py:266} INFO - Task exited with return code 0
[2025-03-27T01:42:29.272+0000] {taskinstance.py:3900} INFO - 0 downstream tasks scheduled from follow-on schedule check
[2025-03-27T01:42:29.274+0000] {local_task_job_runner.py:245} INFO - ::endgroup::
