[2025-03-31T18:20:14.573+0000] {local_task_job_runner.py:123} INFO - ::group::Pre task execution logs
[2025-03-31T18:20:14.599+0000] {taskinstance.py:2612} INFO - Dependencies all met for dep_context=non-requeueable deps ti=<TaskInstance: load_data_warehouse.load_fact_table_to_postgres dataset_triggered__2025-03-31T18:19:14.174507+00:00 [queued]>
[2025-03-31T18:20:14.615+0000] {taskinstance.py:2612} INFO - Dependencies all met for dep_context=requeueable deps ti=<TaskInstance: load_data_warehouse.load_fact_table_to_postgres dataset_triggered__2025-03-31T18:19:14.174507+00:00 [queued]>
[2025-03-31T18:20:14.615+0000] {taskinstance.py:2865} INFO - Starting attempt 1 of 2
[2025-03-31T18:20:14.632+0000] {taskinstance.py:2888} INFO - Executing <Task(PythonOperator): load_fact_table_to_postgres> on 2025-03-31 18:19:14.174507+00:00
[2025-03-31T18:20:14.642+0000] {warnings.py:112} WARNING - /home/***/.local/lib/python3.12/site-packages/***/task/task_runner/standard_task_runner.py:70: DeprecationWarning: This process (pid=16384) is multi-threaded, use of fork() may lead to deadlocks in the child.
  pid = os.fork()

[2025-03-31T18:20:14.643+0000] {standard_task_runner.py:72} INFO - Started process 16393 to run task
[2025-03-31T18:20:14.645+0000] {standard_task_runner.py:104} INFO - Running: ['***', 'tasks', 'run', 'load_data_warehouse', 'load_fact_table_to_postgres', 'dataset_triggered__2025-03-31T18:19:14.174507+00:00', '--job-id', '1109', '--raw', '--subdir', 'DAGS_FOLDER/load_data_warehouse_dag.py', '--cfg-path', '/tmp/tmpy1wri0rn']
[2025-03-31T18:20:14.648+0000] {standard_task_runner.py:105} INFO - Job 1109: Subtask load_fact_table_to_postgres
[2025-03-31T18:20:14.725+0000] {task_command.py:467} INFO - Running <TaskInstance: load_data_warehouse.load_fact_table_to_postgres dataset_triggered__2025-03-31T18:19:14.174507+00:00 [running]> on host 3b3ac09dc50a
[2025-03-31T18:20:14.881+0000] {taskinstance.py:3131} INFO - Exporting env vars: AIRFLOW_CTX_DAG_OWNER='***' AIRFLOW_CTX_DAG_ID='load_data_warehouse' AIRFLOW_CTX_TASK_ID='load_fact_table_to_postgres' AIRFLOW_CTX_EXECUTION_DATE='2025-03-31T18:19:14.174507+00:00' AIRFLOW_CTX_TRY_NUMBER='1' AIRFLOW_CTX_DAG_RUN_ID='dataset_triggered__2025-03-31T18:19:14.174507+00:00'
[2025-03-31T18:20:14.883+0000] {taskinstance.py:731} INFO - ::endgroup::
[2025-03-31T18:20:14.906+0000] {logging_mixin.py:190} INFO - Fetching data for Last Updated Date: 2025-03-10 01:32:14.394982
[2025-03-31T18:20:19.913+0000] {logging_mixin.py:190} INFO - ✅ DataFrame Loaded: 4757 rows, 15 columns
[2025-03-31T18:20:19.927+0000] {base.py:84} INFO - Retrieving connection 'azure_chess_dw'
[2025-03-31T18:20:19.942+0000] {base.py:84} INFO - Retrieving connection 'azure_chess_dw'
[2025-03-31T18:20:54.009+0000] {logging_mixin.py:190} INFO - Successfully Loaded Data to Postgres
[2025-03-31T18:20:54.021+0000] {python.py:240} INFO - Done. Returned value was: None
[2025-03-31T18:20:54.046+0000] {taskinstance.py:340} INFO - ::group::Post task execution logs
[2025-03-31T18:20:54.049+0000] {taskinstance.py:352} INFO - Marking task as SUCCESS. dag_id=load_data_warehouse, task_id=load_fact_table_to_postgres, run_id=dataset_triggered__2025-03-31T18:19:14.174507+00:00, execution_date=20250331T181914, start_date=20250331T182014, end_date=20250331T182054
[2025-03-31T18:20:54.159+0000] {local_task_job_runner.py:266} INFO - Task exited with return code 0
[2025-03-31T18:20:54.195+0000] {taskinstance.py:3900} INFO - 0 downstream tasks scheduled from follow-on schedule check
[2025-03-31T18:20:54.198+0000] {local_task_job_runner.py:245} INFO - ::endgroup::
