[2025-03-07T12:24:13.570+0000] {local_task_job_runner.py:123} INFO - ::group::Pre task execution logs
[2025-03-07T12:24:13.590+0000] {taskinstance.py:2612} INFO - Dependencies all met for dep_context=non-requeueable deps ti=<TaskInstance: pull_data_from_chess_api.load_to_gold_layer scheduled__2024-01-01T00:00:00+00:00 [queued]>
[2025-03-07T12:24:13.599+0000] {taskinstance.py:2612} INFO - Dependencies all met for dep_context=requeueable deps ti=<TaskInstance: pull_data_from_chess_api.load_to_gold_layer scheduled__2024-01-01T00:00:00+00:00 [queued]>
[2025-03-07T12:24:13.599+0000] {taskinstance.py:2865} INFO - Starting attempt 1 of 2
[2025-03-07T12:24:13.615+0000] {taskinstance.py:2888} INFO - Executing <Task(PythonOperator): load_to_gold_layer> on 2024-01-01 00:00:00+00:00
[2025-03-07T12:24:13.622+0000] {warnings.py:112} WARNING - /home/***/.local/lib/python3.12/site-packages/***/task/task_runner/standard_task_runner.py:70: DeprecationWarning: This process (pid=8108) is multi-threaded, use of fork() may lead to deadlocks in the child.
  pid = os.fork()

[2025-03-07T12:24:13.623+0000] {standard_task_runner.py:72} INFO - Started process 8109 to run task
[2025-03-07T12:24:13.624+0000] {standard_task_runner.py:104} INFO - Running: ['***', 'tasks', 'run', 'pull_data_from_chess_api', 'load_to_gold_layer', 'scheduled__2024-01-01T00:00:00+00:00', '--job-id', '337', '--raw', '--subdir', 'DAGS_FOLDER/collect_chess_data_dag.py', '--cfg-path', '/tmp/tmpm9tutckd']
[2025-03-07T12:24:13.625+0000] {standard_task_runner.py:105} INFO - Job 337: Subtask load_to_gold_layer
[2025-03-07T12:24:13.686+0000] {task_command.py:467} INFO - Running <TaskInstance: pull_data_from_chess_api.load_to_gold_layer scheduled__2024-01-01T00:00:00+00:00 [running]> on host ebc50e07c8a4
[2025-03-07T12:24:13.779+0000] {taskinstance.py:3131} INFO - Exporting env vars: AIRFLOW_CTX_DAG_OWNER='***' AIRFLOW_CTX_DAG_ID='pull_data_from_chess_api' AIRFLOW_CTX_TASK_ID='load_to_gold_layer' AIRFLOW_CTX_EXECUTION_DATE='2024-01-01T00:00:00+00:00' AIRFLOW_CTX_TRY_NUMBER='1' AIRFLOW_CTX_DAG_RUN_ID='scheduled__2024-01-01T00:00:00+00:00'
[2025-03-07T12:24:13.779+0000] {taskinstance.py:731} INFO - ::endgroup::
[2025-03-07T12:24:13.799+0000] {logging_mixin.py:190} INFO - Execution Date: 2024-01-01
[2025-03-07T12:24:13.801+0000] {connection.py:531} ERROR - Unable to retrieve connection from secrets backend (EnvironmentVariablesBackend). Checking subsequent secrets backend.
Traceback (most recent call last):
  File "/home/airflow/.local/lib/python3.12/site-packages/airflow/models/connection.py", line 526, in get_connection_from_secrets
    conn = secrets_backend.get_connection(conn_id=conn_id)
           ^^^^^^^^^^^^^^^^^^^^^^^^^^^^^^^^^^^^^^^^^^^^^^^
  File "/home/airflow/.local/lib/python3.12/site-packages/airflow/secrets/base_secrets.py", line 116, in get_connection
    return self.deserialize_connection(conn_id=conn_id, value=value)
           ^^^^^^^^^^^^^^^^^^^^^^^^^^^^^^^^^^^^^^^^^^^^^^^^^^^^^^^^^
  File "/home/airflow/.local/lib/python3.12/site-packages/airflow/secrets/base_secrets.py", line 70, in deserialize_connection
    return Connection(conn_id=conn_id, uri=value)
           ^^^^^^^^^^^^^^^^^^^^^^^^^^^^^^^^^^^^^^
  File "<string>", line 4, in __init__
  File "/home/airflow/.local/lib/python3.12/site-packages/sqlalchemy/orm/state.py", line 481, in _initialize_instance
    with util.safe_reraise():
         ^^^^^^^^^^^^^^^^^^^
  File "/home/airflow/.local/lib/python3.12/site-packages/sqlalchemy/util/langhelpers.py", line 70, in __exit__
    compat.raise_(
  File "/home/airflow/.local/lib/python3.12/site-packages/sqlalchemy/util/compat.py", line 211, in raise_
    raise exception
  File "/home/airflow/.local/lib/python3.12/site-packages/sqlalchemy/orm/state.py", line 479, in _initialize_instance
    return manager.original_init(*mixed[1:], **kwargs)
           ^^^^^^^^^^^^^^^^^^^^^^^^^^^^^^^^^^^^^^^^^^^
  File "/home/airflow/.local/lib/python3.12/site-packages/airflow/models/connection.py", line 169, in __init__
    self._parse_from_uri(uri)
  File "/home/airflow/.local/lib/python3.12/site-packages/airflow/models/connection.py", line 257, in _parse_from_uri
    self.port = uri_parts.port
                ^^^^^^^^^^^^^^
  File "/usr/local/lib/python3.12/urllib/parse.py", line 182, in port
    raise ValueError(f"Port could not be cast to integer value as {port!r}")
ValueError: Port could not be cast to integer value as 'DefaultEndpointsProtocol=https;AccountName=rbchesssa;AccountKey=lG9W+utkpTNorE0rTLlfDMUZsTPleXk6pXv6NnfDTi'
[2025-03-07T12:24:13.812+0000] {base.py:84} INFO - Retrieving connection 'azure_chess_storage'
[2025-03-07T12:24:19.305+0000] {taskinstance.py:3310} ERROR - Task failed with exception
Traceback (most recent call last):
  File "/home/airflow/.local/lib/python3.12/site-packages/airflow/models/taskinstance.py", line 767, in _execute_task
    result = _execute_callable(context=context, **execute_callable_kwargs)
             ^^^^^^^^^^^^^^^^^^^^^^^^^^^^^^^^^^^^^^^^^^^^^^^^^^^^^^^^^^^^^
  File "/home/airflow/.local/lib/python3.12/site-packages/airflow/models/taskinstance.py", line 733, in _execute_callable
    return ExecutionCallableRunner(
           ^^^^^^^^^^^^^^^^^^^^^^^^
  File "/home/airflow/.local/lib/python3.12/site-packages/airflow/utils/operator_helpers.py", line 252, in run
    return self.func(*args, **kwargs)
           ^^^^^^^^^^^^^^^^^^^^^^^^^^
  File "/home/airflow/.local/lib/python3.12/site-packages/airflow/models/baseoperator.py", line 406, in wrapper
    return func(self, *args, **kwargs)
           ^^^^^^^^^^^^^^^^^^^^^^^^^^^
  File "/home/airflow/.local/lib/python3.12/site-packages/airflow/operators/python.py", line 238, in execute
    return_value = self.execute_callable()
                   ^^^^^^^^^^^^^^^^^^^^^^^
  File "/home/airflow/.local/lib/python3.12/site-packages/airflow/operators/python.py", line 256, in execute_callable
    return runner.run(*self.op_args, **self.op_kwargs)
           ^^^^^^^^^^^^^^^^^^^^^^^^^^^^^^^^^^^^^^^^^^^
  File "/home/airflow/.local/lib/python3.12/site-packages/airflow/utils/operator_helpers.py", line 252, in run
    return self.func(*args, **kwargs)
           ^^^^^^^^^^^^^^^^^^^^^^^^^^
  File "/opt/airflow/dags/scripts/python_scripts.py", line 186, in load_to_gold_layer
    """).fetchdf()
        ^^^^^^^^^
duckdb.duckdb.NotImplementedException: Not implemented Error: Unsupported type "TIME WITH TIME ZONE"
[2025-03-07T12:24:19.321+0000] {taskinstance.py:1225} INFO - Marking task as UP_FOR_RETRY. dag_id=pull_data_from_chess_api, task_id=load_to_gold_layer, run_id=scheduled__2024-01-01T00:00:00+00:00, execution_date=20240101T000000, start_date=20250307T122413, end_date=20250307T122419
[2025-03-07T12:24:19.341+0000] {taskinstance.py:340} INFO - ::group::Post task execution logs
[2025-03-07T12:24:19.342+0000] {standard_task_runner.py:124} ERROR - Failed to execute job 337 for task load_to_gold_layer (Not implemented Error: Unsupported type "TIME WITH TIME ZONE"; 8109)
Traceback (most recent call last):
  File "/home/airflow/.local/lib/python3.12/site-packages/airflow/task/task_runner/standard_task_runner.py", line 117, in _start_by_fork
    ret = args.func(args, dag=self.dag)
          ^^^^^^^^^^^^^^^^^^^^^^^^^^^^^
  File "/home/airflow/.local/lib/python3.12/site-packages/airflow/cli/cli_config.py", line 49, in command
    return func(*args, **kwargs)
           ^^^^^^^^^^^^^^^^^^^^^
  File "/home/airflow/.local/lib/python3.12/site-packages/airflow/utils/cli.py", line 115, in wrapper
    return f(*args, **kwargs)
           ^^^^^^^^^^^^^^^^^^
  File "/home/airflow/.local/lib/python3.12/site-packages/airflow/cli/commands/task_command.py", line 483, in task_run
    task_return_code = _run_task_by_selected_method(args, _dag, ti)
                       ^^^^^^^^^^^^^^^^^^^^^^^^^^^^^^^^^^^^^^^^^^^^
  File "/home/airflow/.local/lib/python3.12/site-packages/airflow/cli/commands/task_command.py", line 256, in _run_task_by_selected_method
    return _run_raw_task(args, ti)
           ^^^^^^^^^^^^^^^^^^^^^^^
  File "/home/airflow/.local/lib/python3.12/site-packages/airflow/cli/commands/task_command.py", line 341, in _run_raw_task
    return ti._run_raw_task(
           ^^^^^^^^^^^^^^^^^
  File "/home/airflow/.local/lib/python3.12/site-packages/airflow/utils/session.py", line 97, in wrapper
    return func(*args, session=session, **kwargs)
           ^^^^^^^^^^^^^^^^^^^^^^^^^^^^^^^^^^^^^^
  File "/home/airflow/.local/lib/python3.12/site-packages/airflow/models/taskinstance.py", line 3004, in _run_raw_task
    return _run_raw_task(
           ^^^^^^^^^^^^^^
  File "/home/airflow/.local/lib/python3.12/site-packages/airflow/models/taskinstance.py", line 273, in _run_raw_task
    TaskInstance._execute_task_with_callbacks(
  File "/home/airflow/.local/lib/python3.12/site-packages/airflow/models/taskinstance.py", line 3158, in _execute_task_with_callbacks
    result = self._execute_task(context, task_orig)
             ^^^^^^^^^^^^^^^^^^^^^^^^^^^^^^^^^^^^^^
  File "/home/airflow/.local/lib/python3.12/site-packages/airflow/models/taskinstance.py", line 3182, in _execute_task
    return _execute_task(self, context, task_orig)
           ^^^^^^^^^^^^^^^^^^^^^^^^^^^^^^^^^^^^^^^
  File "/home/airflow/.local/lib/python3.12/site-packages/airflow/models/taskinstance.py", line 767, in _execute_task
    result = _execute_callable(context=context, **execute_callable_kwargs)
             ^^^^^^^^^^^^^^^^^^^^^^^^^^^^^^^^^^^^^^^^^^^^^^^^^^^^^^^^^^^^^
  File "/home/airflow/.local/lib/python3.12/site-packages/airflow/models/taskinstance.py", line 733, in _execute_callable
    return ExecutionCallableRunner(
           ^^^^^^^^^^^^^^^^^^^^^^^^
  File "/home/airflow/.local/lib/python3.12/site-packages/airflow/utils/operator_helpers.py", line 252, in run
    return self.func(*args, **kwargs)
           ^^^^^^^^^^^^^^^^^^^^^^^^^^
  File "/home/airflow/.local/lib/python3.12/site-packages/airflow/models/baseoperator.py", line 406, in wrapper
    return func(self, *args, **kwargs)
           ^^^^^^^^^^^^^^^^^^^^^^^^^^^
  File "/home/airflow/.local/lib/python3.12/site-packages/airflow/operators/python.py", line 238, in execute
    return_value = self.execute_callable()
                   ^^^^^^^^^^^^^^^^^^^^^^^
  File "/home/airflow/.local/lib/python3.12/site-packages/airflow/operators/python.py", line 256, in execute_callable
    return runner.run(*self.op_args, **self.op_kwargs)
           ^^^^^^^^^^^^^^^^^^^^^^^^^^^^^^^^^^^^^^^^^^^
  File "/home/airflow/.local/lib/python3.12/site-packages/airflow/utils/operator_helpers.py", line 252, in run
    return self.func(*args, **kwargs)
           ^^^^^^^^^^^^^^^^^^^^^^^^^^
  File "/opt/airflow/dags/scripts/python_scripts.py", line 186, in load_to_gold_layer
    """).fetchdf()
        ^^^^^^^^^
duckdb.duckdb.NotImplementedException: Not implemented Error: Unsupported type "TIME WITH TIME ZONE"
[2025-03-07T12:24:19.381+0000] {local_task_job_runner.py:266} INFO - Task exited with return code 1
[2025-03-07T12:24:19.409+0000] {taskinstance.py:3900} INFO - 0 downstream tasks scheduled from follow-on schedule check
[2025-03-07T12:24:19.411+0000] {local_task_job_runner.py:245} INFO - ::endgroup::
[2025-03-10T01:36:48.391+0000] {local_task_job_runner.py:123} INFO - ::group::Pre task execution logs
[2025-03-10T01:36:48.410+0000] {taskinstance.py:2612} INFO - Dependencies all met for dep_context=non-requeueable deps ti=<TaskInstance: pull_data_from_chess_api.load_to_gold_layer scheduled__2024-01-01T00:00:00+00:00 [queued]>
[2025-03-10T01:36:48.420+0000] {taskinstance.py:2612} INFO - Dependencies all met for dep_context=requeueable deps ti=<TaskInstance: pull_data_from_chess_api.load_to_gold_layer scheduled__2024-01-01T00:00:00+00:00 [queued]>
[2025-03-10T01:36:48.420+0000] {taskinstance.py:2865} INFO - Starting attempt 1 of 2
[2025-03-10T01:36:48.435+0000] {taskinstance.py:2888} INFO - Executing <Task(PythonOperator): load_to_gold_layer> on 2024-01-01 00:00:00+00:00
[2025-03-10T01:36:48.445+0000] {warnings.py:112} WARNING - /home/***/.local/lib/python3.12/site-packages/***/task/task_runner/standard_task_runner.py:70: DeprecationWarning: This process (pid=17078) is multi-threaded, use of fork() may lead to deadlocks in the child.
  pid = os.fork()

[2025-03-10T01:36:48.447+0000] {standard_task_runner.py:72} INFO - Started process 17080 to run task
[2025-03-10T01:36:48.448+0000] {standard_task_runner.py:104} INFO - Running: ['***', 'tasks', 'run', 'pull_data_from_chess_api', 'load_to_gold_layer', 'scheduled__2024-01-01T00:00:00+00:00', '--job-id', '525', '--raw', '--subdir', 'DAGS_FOLDER/collect_chess_data_dag.py', '--cfg-path', '/tmp/tmpbztynpro']
[2025-03-10T01:36:48.450+0000] {standard_task_runner.py:105} INFO - Job 525: Subtask load_to_gold_layer
[2025-03-10T01:36:48.507+0000] {task_command.py:467} INFO - Running <TaskInstance: pull_data_from_chess_api.load_to_gold_layer scheduled__2024-01-01T00:00:00+00:00 [running]> on host 70b3b9cfbba0
[2025-03-10T01:36:48.609+0000] {taskinstance.py:3131} INFO - Exporting env vars: AIRFLOW_CTX_DAG_OWNER='***' AIRFLOW_CTX_DAG_ID='pull_data_from_chess_api' AIRFLOW_CTX_TASK_ID='load_to_gold_layer' AIRFLOW_CTX_EXECUTION_DATE='2024-01-01T00:00:00+00:00' AIRFLOW_CTX_TRY_NUMBER='1' AIRFLOW_CTX_DAG_RUN_ID='scheduled__2024-01-01T00:00:00+00:00'
[2025-03-10T01:36:48.611+0000] {taskinstance.py:731} INFO - ::endgroup::
[2025-03-10T01:36:48.631+0000] {logging_mixin.py:190} INFO - Execution Date: 2024-01-01
[2025-03-10T01:36:48.633+0000] {connection.py:531} ERROR - Unable to retrieve connection from secrets backend (EnvironmentVariablesBackend). Checking subsequent secrets backend.
Traceback (most recent call last):
  File "/home/airflow/.local/lib/python3.12/site-packages/airflow/models/connection.py", line 526, in get_connection_from_secrets
    conn = secrets_backend.get_connection(conn_id=conn_id)
           ^^^^^^^^^^^^^^^^^^^^^^^^^^^^^^^^^^^^^^^^^^^^^^^
  File "/home/airflow/.local/lib/python3.12/site-packages/airflow/secrets/base_secrets.py", line 116, in get_connection
    return self.deserialize_connection(conn_id=conn_id, value=value)
           ^^^^^^^^^^^^^^^^^^^^^^^^^^^^^^^^^^^^^^^^^^^^^^^^^^^^^^^^^
  File "/home/airflow/.local/lib/python3.12/site-packages/airflow/secrets/base_secrets.py", line 70, in deserialize_connection
    return Connection(conn_id=conn_id, uri=value)
           ^^^^^^^^^^^^^^^^^^^^^^^^^^^^^^^^^^^^^^
  File "<string>", line 4, in __init__
  File "/home/airflow/.local/lib/python3.12/site-packages/sqlalchemy/orm/state.py", line 481, in _initialize_instance
    with util.safe_reraise():
         ^^^^^^^^^^^^^^^^^^^
  File "/home/airflow/.local/lib/python3.12/site-packages/sqlalchemy/util/langhelpers.py", line 70, in __exit__
    compat.raise_(
  File "/home/airflow/.local/lib/python3.12/site-packages/sqlalchemy/util/compat.py", line 211, in raise_
    raise exception
  File "/home/airflow/.local/lib/python3.12/site-packages/sqlalchemy/orm/state.py", line 479, in _initialize_instance
    return manager.original_init(*mixed[1:], **kwargs)
           ^^^^^^^^^^^^^^^^^^^^^^^^^^^^^^^^^^^^^^^^^^^
  File "/home/airflow/.local/lib/python3.12/site-packages/airflow/models/connection.py", line 169, in __init__
    self._parse_from_uri(uri)
  File "/home/airflow/.local/lib/python3.12/site-packages/airflow/models/connection.py", line 257, in _parse_from_uri
    self.port = uri_parts.port
                ^^^^^^^^^^^^^^
  File "/usr/local/lib/python3.12/urllib/parse.py", line 182, in port
    raise ValueError(f"Port could not be cast to integer value as {port!r}")
ValueError: Port could not be cast to integer value as 'DefaultEndpointsProtocol=https;AccountName=rbchesssa;AccountKey=lG9W+utkpTNorE0rTLlfDMUZsTPleXk6pXv6NnfDTi'
[2025-03-10T01:36:48.646+0000] {base.py:84} INFO - Retrieving connection 'azure_chess_storage'
[2025-03-10T01:36:50.329+0000] {logging_mixin.py:190} INFO - Previewing Dataframe
[2025-03-10T01:36:50.331+0000] {logging_mixin.py:190} INFO - game_url                        object
time_control                    object
rated                             bool
time_class                      object
rules                           object
white_rating                     int64
white_result                    object
black_rating                     int64
black_result                    object
pgn_event                       object
pgn_site                        object
game_date               datetime64[us]
pgn_white_user                  object
pgn_black_user                  object
pgn_result                      object
pgn_current_position            object
pgn_timezone                    object
pgn_eco                         object
pgn_eco_url                     object
start_time              datetime64[ns]
end_time                datetime64[ns]
end_game_date           datetime64[us]
pgn_raw                         object
pgn_trans                       object
last_updated                    object
dtype: object
[2025-03-10T01:36:50.352+0000] {logging_mixin.py:190} INFO - https://www.chess.com/game/live/97873251101	120+1	True	bullet	chess	472	timeout	513	win	Live Chess	Chess.com	2024-01-01 00:00:00	restlessbuddha	Rhythmbear1	0-1	2k1r3/1pprP1pp/1b1n1p2/5b2/1Q6/P1B2N2/2P2PPP/R3R1K1 w - -	UTC	A40	https://www.chess.com/openings/Englund-Gambit-Hartlaub-Charlick-Gambit	2024-01-01 18:37:11	2024-01-01 18:41:16	2024-01-01 00:00:00	d4 e5 dxe5 d6 exd6 Bxd6 Nc3 Nc6 Bd2 Bf5 e4 Bg6 Bb5 Qd7 Nf3 O-O-O O-O a6 Bxc6 Qxc6 e5 Bb4 a3 Ba5 b4 Bb6 Re1 f6 e6 Ne7 Qb1 Rhe8 b5 axb5 Nxb5 Qxb5 Qxb5 Nf5 Bc3 Nd6 Qb4 Bf5 e7 Rd7	1. d4 e5 2. dxe5 d6 3. exd6 Bxd6 4. Nc3 Nc6 5. Bd2 Bf5 6. e4 Bg6 7. Bb5 Qd7 8. Nf3 O-O-O 9. O-O a6 10. Bxc6 Qxc6 11. e5 Bb4 12. a3 Ba5 13. b4 Bb6 14. Re1 f6 15. e6 Ne7 16. Qb1 Rhe8 17. b5 axb5 18. Nxb5 Qxb5 19. Qxb5 Nf5 20. Bc3 Nd6 21. Qb4 Bf5 22. e7 Rd7	2024-01-01
https://www.chess.com/game/live/97873345701	120+1	True	bullet	chess	507	win	505	timeout	Live Chess	Chess.com	2024-01-01 00:00:00	Pouyanpendar	Rhythmbear1	1-0	8/8/4k3/3p1p2/3P4/3N1K2/1p5P/8 b - -	UTC	C00	https://www.chess.com/openings/French-Defense-Knight-Variation-2...d5-3.exd5-exd5	2024-01-01 18:41:30	2024-01-01 18:47:38	2024-01-01 00:00:00	e4 e6 Nf3 d5 exd5 exd5 Nc3 c6 g3 Bd6 Bg2 Ne7 O-O O-O d3 Bg4 Bg5 f6 Bh4 Nd7 Qe2 Ne5 Qe3 Re8 Rae1 N7g6 d4 Nxf3+ Bxf3 Rxe3 Rxe3 Bxf3 Rxf3 Nxh4 gxh4 Qe8 Re3 Qg6+ Kh1 Qxc2 Re2 Qg6 Rg1 Qf7 f3 Re8 Reg2 g6 h5 Bb4 hxg6 hxg6 Rxg6+ Kf8 Rg8+ Ke7 R8g7 Qxg7 Rxg7+ Kf8 Rh7 Re1+ Kg2 Re2+ Kh3 Rxb2 Na4 Bc3 Nxc3 a5 f4 b5 f5 Rf2 Nd1 Rf3+ Kg2 Rxf5 Ne3 Rg5+ Kf3 Rg7 Rxg7 Kxg7 Nf5+ Kg6 Nd6 a4 Nb7 f5 Nc5 Kf6 Nd3 Ke6 Ne5 b4 Nxc6 b3 axb3 axb3 Nb4 b2 Nd3	1. e4 e6 2. Nf3 d5 3. exd5 exd5 4. Nc3 c6 5. g3 Bd6 6. Bg2 Ne7 7. O-O O-O 8. d3 Bg4 9. Bg5 f6 10. Bh4 Nd7 11. Qe2 Ne5 12. Qe3 Re8 13. Rae1 N7g6 14. d4 Nxf3+ 15. Bxf3 Rxe3 16. Rxe3 Bxf3 17. Rxf3 Nxh4 18. gxh4 Qe8 19. Re3 Qg6+ 20. Kh1 Qxc2 21. Re2 Qg6 22. Rg1 Qf7 23. f3 Re8 24. Reg2 g6 25. h5 Bb4 26. hxg6 hxg6 27. Rxg6+ Kf8 28. Rg8+ Ke7 29. R8g7 Qxg7 30. Rxg7+ Kf8 31. Rh7 Re1+ 32. Kg2 Re2+ 33. Kh3 Rxb2 34. Na4 Bc3 35. Nxc3 a5 36. f4 b5 37. f5 Rf2 38. Nd1 Rf3+ 39. Kg2 Rxf5 40. Ne3 Rg5+ 41. Kf3 Rg7 42. Rxg7 Kxg7 43. Nf5+ Kg6 44. Nd6 a4 45. Nb7 f5 46. Nc5 Kf6 47. Nd3 Ke6 48. Ne5 b4 49. Nxc6 b3 50. axb3 axb3 51. Nb4 b2 52. Nd3 	2024-01-01
https://www.chess.com/game/live/97873876463	120+1	True	bullet	chess	513	win	517	checkmated	Live Chess	Chess.com	2024-01-01 00:00:00	Rhythmbear1	ludinho37	1-0	1k1Q4/ppp5/8/6p1/6B1/P3b3/1PP3PP/RK6 b - -	UTC	A06	https://www.chess.com/openings/Reti-Opening-Tennison-Gambit	2024-01-01 18:48:17	2024-01-01 18:52:25	2024-01-01 00:00:00	e4 d5 Nf3 dxe4 Ng5 Nf6 d3 Bf5 Bf4 Nc6 Be2 e5 Bg3 h6 dxe4 Qxd1+ Kxd1 O-O-O+ Bd3 hxg5 exf5 Bc5 Nd2 Ng4 Rf1 Rhe8 a3 e4 Be2 e3 fxe3 Rxe3 Bxg4 Ne5 Bxe5 Rxe5 f6+ Kb8 fxg7 Red5 Rxf7 Rxd2+ Kc1 Be3 Kb1 Rg8 Rf8+ Rxf8 gxf8=Q+ Rd8 Qxd8#	1. e4 d5 2. Nf3 dxe4 3. Ng5 Nf6 4. d3 Bf5 5. Bf4 Nc6 6. Be2 e5 7. Bg3 h6 8. dxe4 Qxd1+ 9. Kxd1 O-O-O+ 10. Bd3 hxg5 11. exf5 Bc5 12. Nd2 Ng4 13. Rf1 Rhe8 14. a3 e4 15. Be2 e3 16. fxe3 Rxe3 17. Bxg4 Ne5 18. Bxe5 Rxe5 19. f6+ Kb8 20. fxg7 Red5 21. Rxf7 Rxd2+ 22. Kc1 Be3 23. Kb1 Rg8 24. Rf8+ Rxf8 25. gxf8=Q+ Rd8 26. Qxd8# 	2024-01-01
https://www.chess.com/game/live/97875744235	120+1	True	bullet	chess	502	resigned	382	win	Live Chess	Chess.com	2024-01-01 00:00:00	Rhythmbear1	Draknaard	0-1	r1bqkbnr/1pp2ppp/p1np4/1B2p3/4P3/5N2/PPPP1PPP/RNBQ1K1R w kq -	UTC	C62	https://www.chess.com/openings/Ruy-Lopez-Opening-Old-Steinitz-Defense	2024-01-01 19:21:35	2024-01-01 19:22:02	2024-01-01 00:00:00	e4 e5 Nf3 Nc6 Bb5 d6 Kf1 a6	1. e4 e5 2. Nf3 Nc6 3. Bb5 d6 4. Kf1 a6	2024-01-01
https://www.chess.com/game/live/97875757239	120+1	True	bullet	chess	507	win	494	resigned	Live Chess	Chess.com	2024-01-01 00:00:00	Sportmen53	Rhythmbear1	1-0	rnb1k2r/ppp1bppp/4pn2/6N1/7Q/3B4/PP3PPP/RNB1K2R b KQkq -	UTC	C00	https://www.chess.com/openings/French-Defense	2024-01-01 19:22:11	2024-01-01 19:23:36	2024-01-01 00:00:00	e4 e6 Qh5 d5 Nf3 Nf6 Qh4 dxe4 Ng5 Be7 d3 exd3 cxd3 Qxd3 Bxd3	1. e4 e6 2. Qh5 d5 3. Nf3 Nf6 4. Qh4 dxe4 5. Ng5 Be7 6. d3 exd3 7. cxd3 Qxd3 8. Bxd3 	2024-01-01
[2025-03-10T01:36:51.734+0000] {logging_mixin.py:190} INFO - Previewing Dataframe
[2025-03-10T01:36:51.735+0000] {logging_mixin.py:190} INFO - game_url                        object
time_control                    object
rated                             bool
time_class                      object
rules                           object
white_rating                     int64
white_result                    object
black_rating                     int64
black_result                    object
pgn_event                       object
pgn_site                        object
game_date               datetime64[us]
pgn_white_user                  object
pgn_black_user                  object
pgn_result                      object
pgn_current_position            object
pgn_timezone                    object
pgn_eco                         object
pgn_eco_url                     object
start_time              datetime64[ns]
end_time                datetime64[ns]
end_game_date           datetime64[us]
pgn_raw                         object
pgn_trans                       object
last_updated            datetime64[us]
dtype: object
[2025-03-10T01:36:51.764+0000] {logging_mixin.py:190} INFO - https://www.chess.com/game/live/100458887921	120+1	True	bullet	chess	574	timeout	745	win	Live Chess	Chess.com	2024-01-31 00:00:00	Rhythmbear1	hussein12n	0-1	4r1k1/pppb1p1p/6p1/8/8/B1P3P1/P1P2P1P/6K1 w - -	UTC	B08	https://www.chess.com/openings/Pirc-Defense-Classical-Quiet-System-5...O-O-6.O-O	2024-01-31 16:53:24	2024-01-31 16:56:40	2024-01-31 00:00:00	e4 g6 Nf3 d6 d4 Nf6 Nc3 Bg7 Be2 O-O O-O Re8 Bg5 Nfd7 e5 dxe5 dxe5 Nxe5 Qxd8 Rxd8 Nxe5 Bxe5 Bxe7 Re8 Ba3 Bxc3 bxc3 Rxe2 Rad1 Re8 g3 Be6 Rfe1 Nd7 Rxd7 Bxd7 Rxe8+ Rxe8	1. e4 g6 2. Nf3 d6 3. d4 Nf6 4. Nc3 Bg7 5. Be2 O-O 6. O-O Re8 7. Bg5 Nfd7 8. e5 dxe5 9. dxe5 Nxe5 10. Qxd8 Rxd8 11. Nxe5 Bxe5 12. Bxe7 Re8 13. Ba3 Bxc3 14. bxc3 Rxe2 15. Rad1 Re8 16. g3 Be6 17. Rfe1 Nd7 18. Rxd7 Bxd7 19. Rxe8+ Rxe8	2024-01-01 00:00:00
https://www.chess.com/game/live/123503097884	120+1	True	bullet	chess	937	win	892	abandoned	Live Chess	Chess.com	2025-03-03 00:00:00	ZX-81	Rhythmbear1	1-0	rnbqkb1r/ppp2ppp/3p1n2/3Pp3/2P5/2N5/PP2PPPP/R1BQKBNR b KQkq -	UTC	A54	https://www.chess.com/openings/Old-Indian-Defense-Ukrainian-Variation-4.d5	2025-03-03 17:10:52	2025-03-03 17:12:02	2025-03-03 00:00:00	d4 e5 d5 d6 c4 Nf6 Nc3	1. d4 e5 2. d5 d6 3. c4 Nf6 4. Nc3 	2025-03-10 00:00:00
https://www.chess.com/game/live/136072612768	180+2	True	blitz	chess	1260	win	1224	checkmated	Live Chess	Chess.com	2025-03-09 00:00:00	carrascojunior	Rhythmbear1	1-0	3r3r/ppp1np1p/2k3p1/4N3/3QP3/2N5/PP3PPP/3K3R b - -	UTC	B00	https://www.chess.com/openings/Nimzowitsch-Defense-Kennedy-de-Smet-Gambit	2025-03-09 12:17:28	2025-03-09 12:20:00	2025-03-09 00:00:00	e4 d6 d4 e5 dxe5 Nc6 exd6 Bxd6 Nc3 Bg4 Qxg4 Nb4 Bd3 g6 Bf4 Nxd3+ cxd3 Bxf4 Qxf4 Qxd3 Qe5+ Kd7 Rd1 Qxd1+ Kxd1 Ne7 Qd4+ Kc6 Nf3 Rad8 Ne5#	1. e4 d6 2. d4 e5 3. dxe5 Nc6 4. exd6 Bxd6 5. Nc3 Bg4 6. Qxg4 Nb4 7. Bd3 g6 8. Bf4 Nxd3+ 9. cxd3 Bxf4 10. Qxf4 Qxd3 11. Qe5+ Kd7 12. Rd1 Qxd1+ 13. Kxd1 Ne7 14. Qd4+ Kc6 15. Nf3 Rad8 16. Ne5# 	2025-03-10 00:00:00
https://www.chess.com/game/live/75574764013	300	True	blitz	chess	682	checkmated	662	win	Live Chess	Chess.com	2023-04-18 00:00:00	Bankenga	Rhythmbear1	0-1	8/4kp2/p2p4/1pbP4/1nK5/P6q/1P6/8 w - b6	UTC	B50	https://www.chess.com/openings/Sicilian-Defense-2.Nf3-d6-3.Nc3-Nc6	2023-04-18 16:32:59	2023-04-18 16:42:16	2023-04-18 00:00:00	e4 c5 Nc3 Nc6 Nf3 d6 d3 Nf6 Bg5 e6 Bxf6 gxf6 Qd2 a6 O-O-O h5 h4 Bh6 Ng5 fxg5 hxg5 Bxg5 f4 Bf6 Be2 h4 g3 hxg3 Rxh8+ Bxh8 Rg1 Qh4 f5 Be5 fxe6 Bxe6 Kb1 Bf4 Qe1 Ke7 Nd5+ Bxd5 exd5 Ne5 c3 Rh8 d4 cxd4 cxd4 Be3 Rxg3 Bxd4 Bc4 Rg8 Rg1 Rxg1 Qxg1 Bxg1 Bd3 Nxd3 Kc2 Nb4+ Kb3 Bc5 a3 Qh3+ Kc4 b5#	1. e4 c5 2. Nc3 Nc6 3. Nf3 d6 4. d3 Nf6 5. Bg5 e6 6. Bxf6 gxf6 7. Qd2 a6 8. O-O-O h5 9. h4 Bh6 10. Ng5 fxg5 11. hxg5 Bxg5 12. f4 Bf6 13. Be2 h4 14. g3 hxg3 15. Rxh8+ Bxh8 16. Rg1 Qh4 17. f5 Be5 18. fxe6 Bxe6 19. Kb1 Bf4 20. Qe1 Ke7 21. Nd5+ Bxd5 22. exd5 Ne5 23. c3 Rh8 24. d4 cxd4 25. cxd4 Be3 26. Rxg3 Bxd4 27. Bc4 Rg8 28. Rg1 Rxg1 29. Qxg1 Bxg1 30. Bd3 Nxd3 31. Kc2 Nb4+ 32. Kb3 Bc5 33. a3 Qh3+ 34. Kc4 b5#	2023-04-01 00:00:00
https://www.chess.com/game/live/75576811149	300	True	blitz	chess	700	win	661	timeout	Live Chess	Chess.com	2023-04-18 00:00:00	Rhythmbear1	Alpay555	1-0	4kb1r/2N2ppp/r1n5/4p3/8/p1PPB2P/PP3PP1/R4RK1 b k -	UTC	C75	https://www.chess.com/openings/Ruy-Lopez-Opening-Morphy-Defense-Modern-Steinitz-Defense-5.c3-Bd7-6.O-O	2023-04-18 17:09:41	2023-04-18 17:17:45	2023-04-18 00:00:00	e4 e5 Nf3 Nc6 Bb5 d6 O-O Bd7 c3 a6 Ba4 b5 Bb3 Bg4 h3 Bxf3 Qxf3 Nf6 d3 a5 Be3 a4 Bd5 Ra6 Na3 Nxd5 exd5 Ne7 Nxb5 Qd7 Na3 c6 dxc6 Nxc6 Nc4 d5 Nb6 Qe6 Qxd5 Qxd5 Nxd5 a3 Nc7+	1. e4 e5 2. Nf3 Nc6 3. Bb5 d6 4. O-O Bd7 5. c3 a6 6. Ba4 b5 7. Bb3 Bg4 8. h3 Bxf3 9. Qxf3 Nf6 10. d3 a5 11. Be3 a4 12. Bd5 Ra6 13. Na3 Nxd5 14. exd5 Ne7 15. Nxb5 Qd7 16. Na3 c6 17. dxc6 Nxc6 18. Nc4 d5 19. Nb6 Qe6 20. Qxd5 Qxd5 21. Nxd5 a3 22. Nc7+ 	2023-04-01 00:00:00
[2025-03-10T01:36:53.185+0000] {python.py:240} INFO - Done. Returned value was: None
[2025-03-10T01:36:53.200+0000] {taskinstance.py:340} INFO - ::group::Post task execution logs
[2025-03-10T01:36:53.201+0000] {taskinstance.py:352} INFO - Marking task as SUCCESS. dag_id=pull_data_from_chess_api, task_id=load_to_gold_layer, run_id=scheduled__2024-01-01T00:00:00+00:00, execution_date=20240101T000000, start_date=20250310T013648, end_date=20250310T013653
[2025-03-10T01:36:53.250+0000] {local_task_job_runner.py:266} INFO - Task exited with return code 0
[2025-03-10T01:36:53.268+0000] {taskinstance.py:3900} INFO - 0 downstream tasks scheduled from follow-on schedule check
[2025-03-10T01:36:53.274+0000] {local_task_job_runner.py:245} INFO - ::endgroup::
