[2025-02-18T16:41:01.503+0000] {local_task_job_runner.py:123} INFO - ::group::Pre task execution logs
[2025-02-18T16:41:01.535+0000] {taskinstance.py:2612} INFO - Dependencies all met for dep_context=non-requeueable deps ti=<TaskInstance: pull_data_from_chess_api.transform_json_to_fact_table scheduled__2023-11-01T00:00:00+00:00 [queued]>
[2025-02-18T16:41:01.555+0000] {taskinstance.py:2612} INFO - Dependencies all met for dep_context=requeueable deps ti=<TaskInstance: pull_data_from_chess_api.transform_json_to_fact_table scheduled__2023-11-01T00:00:00+00:00 [queued]>
[2025-02-18T16:41:01.557+0000] {taskinstance.py:2865} INFO - Starting attempt 1 of 2
[2025-02-18T16:41:01.585+0000] {taskinstance.py:2888} INFO - Executing <Task(PythonOperator): transform_json_to_fact_table> on 2023-11-01 00:00:00+00:00
[2025-02-18T16:41:01.602+0000] {warnings.py:112} WARNING - /home/***/.local/lib/python3.12/site-packages/***/task/task_runner/standard_task_runner.py:70: DeprecationWarning: This process (pid=3751) is multi-threaded, use of fork() may lead to deadlocks in the child.
  pid = os.fork()

[2025-02-18T16:41:01.609+0000] {standard_task_runner.py:72} INFO - Started process 3752 to run task
[2025-02-18T16:41:01.609+0000] {standard_task_runner.py:104} INFO - Running: ['***', 'tasks', 'run', 'pull_data_from_chess_api', 'transform_json_to_fact_table', 'scheduled__2023-11-01T00:00:00+00:00', '--job-id', '212', '--raw', '--subdir', 'DAGS_FOLDER/chess_dag.py', '--cfg-path', '/tmp/tmp53pop2np']
[2025-02-18T16:41:01.612+0000] {standard_task_runner.py:105} INFO - Job 212: Subtask transform_json_to_fact_table
[2025-02-18T16:41:01.715+0000] {task_command.py:467} INFO - Running <TaskInstance: pull_data_from_chess_api.transform_json_to_fact_table scheduled__2023-11-01T00:00:00+00:00 [running]> on host 4ed02a11bf8e
[2025-02-18T16:41:01.947+0000] {taskinstance.py:3131} INFO - Exporting env vars: AIRFLOW_CTX_DAG_OWNER='***' AIRFLOW_CTX_DAG_ID='pull_data_from_chess_api' AIRFLOW_CTX_TASK_ID='transform_json_to_fact_table' AIRFLOW_CTX_EXECUTION_DATE='2023-11-01T00:00:00+00:00' AIRFLOW_CTX_TRY_NUMBER='1' AIRFLOW_CTX_DAG_RUN_ID='scheduled__2023-11-01T00:00:00+00:00'
[2025-02-18T16:41:01.949+0000] {taskinstance.py:731} INFO - ::endgroup::
[2025-02-18T16:41:02.016+0000] {connection.py:531} ERROR - Unable to retrieve connection from secrets backend (EnvironmentVariablesBackend). Checking subsequent secrets backend.
Traceback (most recent call last):
  File "/home/airflow/.local/lib/python3.12/site-packages/airflow/models/connection.py", line 526, in get_connection_from_secrets
    conn = secrets_backend.get_connection(conn_id=conn_id)
           ^^^^^^^^^^^^^^^^^^^^^^^^^^^^^^^^^^^^^^^^^^^^^^^
  File "/home/airflow/.local/lib/python3.12/site-packages/airflow/secrets/base_secrets.py", line 116, in get_connection
    return self.deserialize_connection(conn_id=conn_id, value=value)
           ^^^^^^^^^^^^^^^^^^^^^^^^^^^^^^^^^^^^^^^^^^^^^^^^^^^^^^^^^
  File "/home/airflow/.local/lib/python3.12/site-packages/airflow/secrets/base_secrets.py", line 70, in deserialize_connection
    return Connection(conn_id=conn_id, uri=value)
           ^^^^^^^^^^^^^^^^^^^^^^^^^^^^^^^^^^^^^^
  File "<string>", line 4, in __init__
  File "/home/airflow/.local/lib/python3.12/site-packages/sqlalchemy/orm/state.py", line 481, in _initialize_instance
    with util.safe_reraise():
         ^^^^^^^^^^^^^^^^^^^
  File "/home/airflow/.local/lib/python3.12/site-packages/sqlalchemy/util/langhelpers.py", line 70, in __exit__
    compat.raise_(
  File "/home/airflow/.local/lib/python3.12/site-packages/sqlalchemy/util/compat.py", line 211, in raise_
    raise exception
  File "/home/airflow/.local/lib/python3.12/site-packages/sqlalchemy/orm/state.py", line 479, in _initialize_instance
    return manager.original_init(*mixed[1:], **kwargs)
           ^^^^^^^^^^^^^^^^^^^^^^^^^^^^^^^^^^^^^^^^^^^
  File "/home/airflow/.local/lib/python3.12/site-packages/airflow/models/connection.py", line 169, in __init__
    self._parse_from_uri(uri)
  File "/home/airflow/.local/lib/python3.12/site-packages/airflow/models/connection.py", line 257, in _parse_from_uri
    self.port = uri_parts.port
                ^^^^^^^^^^^^^^
  File "/usr/local/lib/python3.12/urllib/parse.py", line 182, in port
    raise ValueError(f"Port could not be cast to integer value as {port!r}")
ValueError: Port could not be cast to integer value as 'DefaultEndpointsProtocol=https;AccountName=rbchesssa;AccountKey=lG9W+utkpTNorE0rTLlfDMUZsTPleXk6pXv6NnfDTi'
[2025-02-18T16:41:02.047+0000] {base.py:84} INFO - Retrieving connection 'azure_chess_storage'
[2025-02-18T16:41:05.909+0000] {logging_mixin.py:190} INFO - /tmp/tmphn3t6rx5
[2025-02-18T16:41:08.383+0000] {logging_mixin.py:190} INFO - Successfully Transformed Data and Loaded to Azure Storage as silver/fact-2023-11-games.csv
[2025-02-18T16:41:08.385+0000] {python.py:240} INFO - Done. Returned value was: None
[2025-02-18T16:41:08.409+0000] {taskinstance.py:340} INFO - ::group::Post task execution logs
[2025-02-18T16:41:08.410+0000] {taskinstance.py:352} INFO - Marking task as SUCCESS. dag_id=pull_data_from_chess_api, task_id=transform_json_to_fact_table, run_id=scheduled__2023-11-01T00:00:00+00:00, execution_date=20231101T000000, start_date=20250218T164101, end_date=20250218T164108
[2025-02-18T16:41:08.499+0000] {local_task_job_runner.py:266} INFO - Task exited with return code 0
[2025-02-18T16:41:08.525+0000] {taskinstance.py:3900} INFO - 0 downstream tasks scheduled from follow-on schedule check
[2025-02-18T16:41:08.530+0000] {local_task_job_runner.py:245} INFO - ::endgroup::
[2025-03-10T01:35:56.510+0000] {local_task_job_runner.py:123} INFO - ::group::Pre task execution logs
[2025-03-10T01:35:56.568+0000] {taskinstance.py:2612} INFO - Dependencies all met for dep_context=non-requeueable deps ti=<TaskInstance: pull_data_from_chess_api.transform_json_to_fact_table scheduled__2023-11-01T00:00:00+00:00 [queued]>
[2025-03-10T01:35:56.595+0000] {taskinstance.py:2612} INFO - Dependencies all met for dep_context=requeueable deps ti=<TaskInstance: pull_data_from_chess_api.transform_json_to_fact_table scheduled__2023-11-01T00:00:00+00:00 [queued]>
[2025-03-10T01:35:56.596+0000] {taskinstance.py:2865} INFO - Starting attempt 1 of 2
[2025-03-10T01:35:56.634+0000] {taskinstance.py:2888} INFO - Executing <Task(PythonOperator): transform_json_to_fact_table> on 2023-11-01 00:00:00+00:00
[2025-03-10T01:35:56.651+0000] {warnings.py:112} WARNING - /home/***/.local/lib/python3.12/site-packages/***/task/task_runner/standard_task_runner.py:70: DeprecationWarning: This process (pid=16952) is multi-threaded, use of fork() may lead to deadlocks in the child.
  pid = os.fork()

[2025-03-10T01:35:56.657+0000] {standard_task_runner.py:72} INFO - Started process 16954 to run task
[2025-03-10T01:35:56.655+0000] {standard_task_runner.py:104} INFO - Running: ['***', 'tasks', 'run', 'pull_data_from_chess_api', 'transform_json_to_fact_table', 'scheduled__2023-11-01T00:00:00+00:00', '--job-id', '518', '--raw', '--subdir', 'DAGS_FOLDER/collect_chess_data_dag.py', '--cfg-path', '/tmp/tmpkvrogdi1']
[2025-03-10T01:35:56.660+0000] {standard_task_runner.py:105} INFO - Job 518: Subtask transform_json_to_fact_table
[2025-03-10T01:35:56.813+0000] {task_command.py:467} INFO - Running <TaskInstance: pull_data_from_chess_api.transform_json_to_fact_table scheduled__2023-11-01T00:00:00+00:00 [running]> on host 70b3b9cfbba0
[2025-03-10T01:35:57.071+0000] {taskinstance.py:3131} INFO - Exporting env vars: AIRFLOW_CTX_DAG_OWNER='***' AIRFLOW_CTX_DAG_ID='pull_data_from_chess_api' AIRFLOW_CTX_TASK_ID='transform_json_to_fact_table' AIRFLOW_CTX_EXECUTION_DATE='2023-11-01T00:00:00+00:00' AIRFLOW_CTX_TRY_NUMBER='1' AIRFLOW_CTX_DAG_RUN_ID='scheduled__2023-11-01T00:00:00+00:00'
[2025-03-10T01:35:57.074+0000] {taskinstance.py:731} INFO - ::endgroup::
[2025-03-10T01:35:57.120+0000] {connection.py:531} ERROR - Unable to retrieve connection from secrets backend (EnvironmentVariablesBackend). Checking subsequent secrets backend.
Traceback (most recent call last):
  File "/home/airflow/.local/lib/python3.12/site-packages/airflow/models/connection.py", line 526, in get_connection_from_secrets
    conn = secrets_backend.get_connection(conn_id=conn_id)
           ^^^^^^^^^^^^^^^^^^^^^^^^^^^^^^^^^^^^^^^^^^^^^^^
  File "/home/airflow/.local/lib/python3.12/site-packages/airflow/secrets/base_secrets.py", line 116, in get_connection
    return self.deserialize_connection(conn_id=conn_id, value=value)
           ^^^^^^^^^^^^^^^^^^^^^^^^^^^^^^^^^^^^^^^^^^^^^^^^^^^^^^^^^
  File "/home/airflow/.local/lib/python3.12/site-packages/airflow/secrets/base_secrets.py", line 70, in deserialize_connection
    return Connection(conn_id=conn_id, uri=value)
           ^^^^^^^^^^^^^^^^^^^^^^^^^^^^^^^^^^^^^^
  File "<string>", line 4, in __init__
  File "/home/airflow/.local/lib/python3.12/site-packages/sqlalchemy/orm/state.py", line 481, in _initialize_instance
    with util.safe_reraise():
         ^^^^^^^^^^^^^^^^^^^
  File "/home/airflow/.local/lib/python3.12/site-packages/sqlalchemy/util/langhelpers.py", line 70, in __exit__
    compat.raise_(
  File "/home/airflow/.local/lib/python3.12/site-packages/sqlalchemy/util/compat.py", line 211, in raise_
    raise exception
  File "/home/airflow/.local/lib/python3.12/site-packages/sqlalchemy/orm/state.py", line 479, in _initialize_instance
    return manager.original_init(*mixed[1:], **kwargs)
           ^^^^^^^^^^^^^^^^^^^^^^^^^^^^^^^^^^^^^^^^^^^
  File "/home/airflow/.local/lib/python3.12/site-packages/airflow/models/connection.py", line 169, in __init__
    self._parse_from_uri(uri)
  File "/home/airflow/.local/lib/python3.12/site-packages/airflow/models/connection.py", line 257, in _parse_from_uri
    self.port = uri_parts.port
                ^^^^^^^^^^^^^^
  File "/usr/local/lib/python3.12/urllib/parse.py", line 182, in port
    raise ValueError(f"Port could not be cast to integer value as {port!r}")
ValueError: Port could not be cast to integer value as 'DefaultEndpointsProtocol=https;AccountName=rbchesssa;AccountKey=lG9W+utkpTNorE0rTLlfDMUZsTPleXk6pXv6NnfDTi'
[2025-03-10T01:35:57.149+0000] {base.py:84} INFO - Retrieving connection 'azure_chess_storage'
[2025-03-10T01:35:59.329+0000] {logging_mixin.py:190} INFO - /tmp/tmpahc22k_a
[2025-03-10T01:35:59.936+0000] {logging_mixin.py:190} INFO - Previewing Dataframe
[2025-03-10T01:35:59.950+0000] {logging_mixin.py:190} INFO - game_url                        object
time_control                    object
rated                             bool
time_class                      object
rules                           object
white_rating                     int64
white_result                    object
black_rating                     int64
black_result                    object
pgn_event                       object
pgn_site                        object
game_date               datetime64[us]
pgn_white_user                  object
pgn_black_user                  object
pgn_result                      object
pgn_current_position            object
pgn_timezone                    object
pgn_eco                         object
pgn_eco_url                     object
start_time                      object
end_time                        object
end_game_date           datetime64[us]
pgn_raw                         object
pgn_trans                       object
dtype: object
[2025-03-10T01:36:00.073+0000] {logging_mixin.py:190} INFO - https://www.chess.com/game/live/92576512361	300+5	True	blitz	chess	819	repetition	900	repetition	Live Chess	Chess.com	2023-11-01 00:00:00	Rhythmbear1	paranoidandroidedge	1/2-1/2	8/1p3pk1/p3b3/5pQ1/P4P1K/1r5P/2p3P1/8 b - -	UTC	C15	https://www.chess.com/openings/French-Defense-Winawer-Delayed-Exchange-Variation-4...exd5	11:19:57	11:35:01	2023-11-01 00:00:00	e4 e6 d4 d5 exd5 exd5 Nc3 Bb4 Bd2 Nf6 Nf3 O-O Bd3 Re8+ Ne5 Nc6 O-O Nxe5 dxe5 Rxe5 a3 Bxc3 Bxc3 d4 Bd2 c5 c3 dxc3 Bxc3 Rd5 Bxf6 gxf6 b3 Rxd3 Qe2 Rxb3 Rfd1 Qf8 Qc4 Be6 Qc2 c4 a4 Qg7 Rd4 Rc8 Rad1 h5 Rd8+ Rxd8 Rxd8+ Qf8 Rxf8+ Kxf8 h3 f5 f4 c3 Kh2 a6 Kg3 Kg7 Kh4 Kh6 Qe2 Kg7 Qxh5 c2 Qg5+ Kf8 Qd8+ Kg7 Qg5+ Kf8 Qd8+ Kg7 Qg5+	1. e4 e6 2. d4 d5 3. exd5 exd5 4. Nc3 Bb4 5. Bd2 Nf6 6. Nf3 O-O 7. Bd3 Re8+ 8. Ne5 Nc6 9. O-O Nxe5 10. dxe5 Rxe5 11. a3 Bxc3 12. Bxc3 d4 13. Bd2 c5 14. c3 dxc3 15. Bxc3 Rd5 16. Bxf6 gxf6 17. b3 Rxd3 18. Qe2 Rxb3 19. Rfd1 Qf8 20. Qc4 Be6 21. Qc2 c4 22. a4 Qg7 23. Rd4 Rc8 24. Rad1 h5 25. Rd8+ Rxd8 26. Rxd8+ Qf8 27. Rxf8+ Kxf8 28. h3 f5 29. f4 c3 30. Kh2 a6 31. Kg3 Kg7 32. Kh4 Kh6 33. Qe2 Kg7 34. Qxh5 c2 35. Qg5+ Kf8 36. Qd8+ Kg7 37. Qg5+ Kf8 38. Qd8+ Kg7 39. Qg5+ 
https://www.chess.com/game/live/92577641031	300+5	True	blitz	chess	874	checkmated	828	win	Live Chess	Chess.com	2023-11-01 00:00:00	hodalon	Rhythmbear1	0-1	7r/pp2kppp/4p3/3pP3/3b2PP/5q1K/7R/8 w - -	UTC	C02	https://www.chess.com/openings/French-Defense-Advance-Variation-3...c5-4.c3-Nc6	11:35:18	11:43:32	2023-11-01 00:00:00	d4 e6 e4 d5 e5 c5 c3 Nc6 f4 Bd7 Nf3 Qb6 a4 Nge7 a5 Nxa5 Qc2 Rc8 h4 cxd4 Nxd4 Nf5 Ne2 Nc6 g4 Nb4 Qd1 Ne3 Bxe3 Qxe3 cxb4 Bxb4+ Nc3 Rxc3 bxc3 Bxc3+ Qd2 Qxd2+ Kf2 Bxa1 Bg2 Bd4+ Kf1 Bb5 Bf3 Ke7 Rh2 Qxf4 Kg2 Bxe2 Bxe2 Qf2+ Kh3 Qe3+ Kg2 Qxe2+ Kh3 Qf3#	1. d4 e6 2. e4 d5 3. e5 c5 4. c3 Nc6 5. f4 Bd7 6. Nf3 Qb6 7. a4 Nge7 8. a5 Nxa5 9. Qc2 Rc8 10. h4 cxd4 11. Nxd4 Nf5 12. Ne2 Nc6 13. g4 Nb4 14. Qd1 Ne3 15. Bxe3 Qxe3 16. cxb4 Bxb4+ 17. Nc3 Rxc3 18. bxc3 Bxc3+ 19. Qd2 Qxd2+ 20. Kf2 Bxa1 21. Bg2 Bd4+ 22. Kf1 Bb5 23. Bf3 Ke7 24. Rh2 Qxf4 25. Kg2 Bxe2 26. Bxe2 Qf2+ 27. Kh3 Qe3+ 28. Kg2 Qxe2+ 29. Kh3 Qf3#
https://www.chess.com/game/live/92578275421	300+5	True	blitz	chess	839	win	930	checkmated	Live Chess	Chess.com	2023-11-01 00:00:00	Rhythmbear1	gigi_esse	1-0	2Q2k2/4ppbp/6p1/8/4P3/8/5PPP/5K2 b - -	UTC	B34	https://www.chess.com/openings/Sicilian-Defense-Open-Accelerated-Dragon-Exchange-Variation-5...bxc6	11:47:34	11:57:24	2023-11-01 00:00:00	e4 c5 Nf3 Nc6 d4 cxd4 Nxd4 g6 Nxc6 bxc6 c4 Bg7 Nc3 Qa5 Bd2 Qb6 Na4 Qd4 Nc3 Nf6 Bd3 Ba6 Be3 Qe5 O-O d5 cxd5 Bxd3 Qxd3 cxd5 Qb5+ Nd7 Nxd5 Rb8 Qc6 Qxb2 Rab1 Qxb1 Nc7+ Kd8 Bxa7 Qxf1+ Kxf1 Rc8 Bb6 Nxb6 Qxb6 Rxc7 a4 Kd7 a5 Rhc8 Qb5+ Rc6 a6 Ke8 a7 Kf8 Qxc6 Rxc6 a8=Q+ Rc8 Qxc8#	1. e4 c5 2. Nf3 Nc6 3. d4 cxd4 4. Nxd4 g6 5. Nxc6 bxc6 6. c4 Bg7 7. Nc3 Qa5 8. Bd2 Qb6 9. Na4 Qd4 10. Nc3 Nf6 11. Bd3 Ba6 12. Be3 Qe5 13. O-O d5 14. cxd5 Bxd3 15. Qxd3 cxd5 16. Qb5+ Nd7 17. Nxd5 Rb8 18. Qc6 Qxb2 19. Rab1 Qxb1 20. Nc7+ Kd8 21. Bxa7 Qxf1+ 22. Kxf1 Rc8 23. Bb6 Nxb6 24. Qxb6 Rxc7 25. a4 Kd7 26. a5 Rhc8 27. Qb5+ Rc6 28. a6 Ke8 29. a7 Kf8 30. Qxc6 Rxc6 31. a8=Q+ Rc8 32. Qxc8# 
https://www.chess.com/game/live/92672450423	300+5	True	blitz	chess	846	win	787	checkmated	Live Chess	Chess.com	2023-11-02 00:00:00	Rhythmbear1	RYOK99	1-0	r1r4k/pR4Q1/4p1pp/q2p4/3P4/1Bn4P/P3NPP1/5RK1 b - -	UTC	B07	https://www.chess.com/openings/Pirc-Defense-Main-Line-Byrne-Variation-4...Bg7	13:55:36	14:05:15	2023-11-02 00:00:00	e4 d6 d4 Nf6 Nc3 g6 Bg5 Bg7 Bc4 c6 Nf3 d5 exd5 cxd5 Bb3 Bf5 O-O Nc6 Ne2 O-O c3 e6 h3 Be4 Ng3 Bxf3 Qxf3 h6 Be3 Na5 Bc2 Nc4 Rac1 Nxb2 Rb1 Nc4 Rxb7 Nxe3 Qxe3 Qa5 Bb3 Rfc8 Ne2 Ne4 Qf3 Nxc3 Qxf7+ Kh8 Qxg7#	1. e4 d6 2. d4 Nf6 3. Nc3 g6 4. Bg5 Bg7 5. Bc4 c6 6. Nf3 d5 7. exd5 cxd5 8. Bb3 Bf5 9. O-O Nc6 10. Ne2 O-O 11. c3 e6 12. h3 Be4 13. Ng3 Bxf3 14. Qxf3 h6 15. Be3 Na5 16. Bc2 Nc4 17. Rac1 Nxb2 18. Rb1 Nc4 19. Rxb7 Nxe3 20. Qxe3 Qa5 21. Bb3 Rfc8 22. Ne2 Ne4 23. Qf3 Nxc3 24. Qxf7+ Kh8 25. Qxg7# 
https://www.chess.com/game/live/92673194495	300+5	True	blitz	chess	833	win	837	resigned	Live Chess	Chess.com	2023-11-02 00:00:00	LandoKarl	Rhythmbear1	1-0	2Q5/6p1/5k1p/4p3/8/3R2P1/7P/6K1 b - -	UTC	D02	https://www.chess.com/openings/Queens-Pawn-Opening-Krause-Variation-3.c3-e6-4.Bf4-Nc6-5.e3	14:13:01	14:28:24	2023-11-02 00:00:00	d4 d5 Bf4 e6 Nf3 c5 c3 Nc6 e3 Qb6 b3 Bd7 c4 cxd4 exd4 Bb4+ Bd2 Nf6 a3 Bxd2+ Qxd2 Ne4 Qd3 O-O c5 Qc7 b4 Rfe8 Nbd2 Nxd2 Qxd2 b6 Bd3 h6 O-O bxc5 dxc5 a5 Rfb1 axb4 axb4 Ne5 Nxe5 Qxe5 Rxa8 Rxa8 f4 Qc7 g3 Rb8 Qc2 Bb5 Bxb5 Rxb5 Qd3 Rb8 Qd4 f6 b5 Rd8 b6 Qe7 b7 e5 fxe5 fxe5 Qb4 Qf8 b8=Q Rxb8 Qxb8 Qxb8 Rxb8+ Kf7 Rd8 d4 c6 Ke7 c7 Kf6 c8=Q d3 Rxd3	1. d4 d5 2. Bf4 e6 3. Nf3 c5 4. c3 Nc6 5. e3 Qb6 6. b3 Bd7 7. c4 cxd4 8. exd4 Bb4+ 9. Bd2 Nf6 10. a3 Bxd2+ 11. Qxd2 Ne4 12. Qd3 O-O 13. c5 Qc7 14. b4 Rfe8 15. Nbd2 Nxd2 16. Qxd2 b6 17. Bd3 h6 18. O-O bxc5 19. dxc5 a5 20. Rfb1 axb4 21. axb4 Ne5 22. Nxe5 Qxe5 23. Rxa8 Rxa8 24. f4 Qc7 25. g3 Rb8 26. Qc2 Bb5 27. Bxb5 Rxb5 28. Qd3 Rb8 29. Qd4 f6 30. b5 Rd8 31. b6 Qe7 32. b7 e5 33. fxe5 fxe5 34. Qb4 Qf8 35. b8=Q Rxb8 36. Qxb8 Qxb8 37. Rxb8+ Kf7 38. Rd8 d4 39. c6 Ke7 40. c7 Kf6 41. c8=Q d3 42. Rxd3 
[2025-03-10T01:36:00.968+0000] {logging_mixin.py:190} INFO - Successfully Transformed Data and Loaded to Azure Storage as silver/fact-2023-11-games.parquet
[2025-03-10T01:36:00.972+0000] {python.py:240} INFO - Done. Returned value was: None
[2025-03-10T01:36:01.008+0000] {taskinstance.py:340} INFO - ::group::Post task execution logs
[2025-03-10T01:36:01.010+0000] {taskinstance.py:352} INFO - Marking task as SUCCESS. dag_id=pull_data_from_chess_api, task_id=transform_json_to_fact_table, run_id=scheduled__2023-11-01T00:00:00+00:00, execution_date=20231101T000000, start_date=20250310T013556, end_date=20250310T013601
[2025-03-10T01:36:01.146+0000] {local_task_job_runner.py:266} INFO - Task exited with return code 0
[2025-03-10T01:36:01.294+0000] {taskinstance.py:3900} INFO - 1 downstream tasks scheduled from follow-on schedule check
[2025-03-10T01:36:01.302+0000] {local_task_job_runner.py:245} INFO - ::endgroup::
