[2025-03-31T18:00:24.193+0000] {local_task_job_runner.py:123} INFO - ::group::Pre task execution logs
[2025-03-31T18:00:24.421+0000] {taskinstance.py:2612} INFO - Dependencies all met for dep_context=non-requeueable deps ti=<TaskInstance: load_data_warehouse.load_dim_results_dw dataset_triggered__2025-03-31T17:59:45.362012+00:00 [queued]>
[2025-03-31T18:00:24.500+0000] {taskinstance.py:2612} INFO - Dependencies all met for dep_context=requeueable deps ti=<TaskInstance: load_data_warehouse.load_dim_results_dw dataset_triggered__2025-03-31T17:59:45.362012+00:00 [queued]>
[2025-03-31T18:00:24.501+0000] {taskinstance.py:2865} INFO - Starting attempt 1 of 2
[2025-03-31T18:00:24.605+0000] {taskinstance.py:2888} INFO - Executing <Task(PythonOperator): load_dim_results_dw> on 2025-03-31 17:59:45.362012+00:00
[2025-03-31T18:00:24.642+0000] {warnings.py:112} WARNING - /home/***/.local/lib/python3.12/site-packages/***/task/task_runner/standard_task_runner.py:70: DeprecationWarning: This process (pid=13068) is multi-threaded, use of fork() may lead to deadlocks in the child.
  pid = os.fork()

[2025-03-31T18:00:24.646+0000] {standard_task_runner.py:72} INFO - Started process 13202 to run task
[2025-03-31T18:00:24.651+0000] {standard_task_runner.py:104} INFO - Running: ['***', 'tasks', 'run', 'load_data_warehouse', 'load_dim_results_dw', 'dataset_triggered__2025-03-31T17:59:45.362012+00:00', '--job-id', '1024', '--raw', '--subdir', 'DAGS_FOLDER/load_data_warehouse_dag.py', '--cfg-path', '/tmp/tmprgvm7wc0']
[2025-03-31T18:00:24.658+0000] {standard_task_runner.py:105} INFO - Job 1024: Subtask load_dim_results_dw
[2025-03-31T18:00:25.182+0000] {task_command.py:467} INFO - Running <TaskInstance: load_data_warehouse.load_dim_results_dw dataset_triggered__2025-03-31T17:59:45.362012+00:00 [running]> on host 3b3ac09dc50a
[2025-03-31T18:00:25.956+0000] {taskinstance.py:3131} INFO - Exporting env vars: AIRFLOW_CTX_DAG_OWNER='***' AIRFLOW_CTX_DAG_ID='load_data_warehouse' AIRFLOW_CTX_TASK_ID='load_dim_results_dw' AIRFLOW_CTX_EXECUTION_DATE='2025-03-31T17:59:45.362012+00:00' AIRFLOW_CTX_TRY_NUMBER='1' AIRFLOW_CTX_DAG_RUN_ID='dataset_triggered__2025-03-31T17:59:45.362012+00:00'
[2025-03-31T18:00:25.961+0000] {taskinstance.py:731} INFO - ::endgroup::
[2025-03-31T18:00:29.128+0000] {logging_mixin.py:190} INFO - ✅ gold/dim_results.parquet Loaded: 15 rows, 3 columns
[2025-03-31T18:00:29.196+0000] {base.py:84} INFO - Retrieving connection 'azure_chess_dw'
[2025-03-31T18:00:29.329+0000] {base.py:84} INFO - Retrieving connection 'azure_chess_dw'
[2025-03-31T18:00:39.315+0000] {logging_mixin.py:190} INFO - Successfully Loaded gold/dim_results.parquet Data to Postgres table dim_results
[2025-03-31T18:00:39.351+0000] {python.py:240} INFO - Done. Returned value was: None
[2025-03-31T18:00:39.429+0000] {taskinstance.py:340} INFO - ::group::Post task execution logs
[2025-03-31T18:00:39.430+0000] {taskinstance.py:352} INFO - Marking task as SUCCESS. dag_id=load_data_warehouse, task_id=load_dim_results_dw, run_id=dataset_triggered__2025-03-31T17:59:45.362012+00:00, execution_date=20250331T175945, start_date=20250331T180024, end_date=20250331T180039
[2025-03-31T18:00:39.629+0000] {local_task_job_runner.py:266} INFO - Task exited with return code 0
[2025-03-31T18:00:39.660+0000] {standard_task_runner.py:217} INFO - Process not found (most likely exited), stop collecting metrics
[2025-03-31T18:00:39.720+0000] {taskinstance.py:3900} INFO - 0 downstream tasks scheduled from follow-on schedule check
[2025-03-31T18:00:39.747+0000] {local_task_job_runner.py:245} INFO - ::endgroup::
