[2025-03-31T17:39:20.499+0000] {local_task_job_runner.py:123} INFO - ::group::Pre task execution logs
[2025-03-31T17:39:22.455+0000] {taskinstance.py:2612} INFO - Dependencies all met for dep_context=non-requeueable deps ti=<TaskInstance: load_data_warehouse.load_dim_dates_dw dataset_triggered__2025-03-31T17:38:25.650965+00:00 [queued]>
[2025-03-31T17:39:22.604+0000] {taskinstance.py:2612} INFO - Dependencies all met for dep_context=requeueable deps ti=<TaskInstance: load_data_warehouse.load_dim_dates_dw dataset_triggered__2025-03-31T17:38:25.650965+00:00 [queued]>
[2025-03-31T17:39:22.606+0000] {taskinstance.py:2865} INFO - Starting attempt 1 of 2
[2025-03-31T17:39:22.875+0000] {taskinstance.py:2888} INFO - Executing <Task(PythonOperator): load_dim_dates_dw> on 2025-03-31 17:38:25.650965+00:00
[2025-03-31T17:39:24.496+0000] {warnings.py:112} WARNING - /home/***/.local/lib/python3.12/site-packages/***/task/task_runner/standard_task_runner.py:70: DeprecationWarning: This process (pid=9812) is multi-threaded, use of fork() may lead to deadlocks in the child.
  pid = os.fork()

[2025-03-31T17:39:25.350+0000] {standard_task_runner.py:72} INFO - Started process 9906 to run task
[2025-03-31T17:39:26.001+0000] {standard_task_runner.py:104} INFO - Running: ['***', 'tasks', 'run', 'load_data_warehouse', 'load_dim_dates_dw', 'dataset_triggered__2025-03-31T17:38:25.650965+00:00', '--job-id', '935', '--raw', '--subdir', 'DAGS_FOLDER/load_data_warehouse_dag.py', '--cfg-path', '/tmp/tmppa_vlnem']
[2025-03-31T17:39:26.007+0000] {standard_task_runner.py:105} INFO - Job 935: Subtask load_dim_dates_dw
[2025-03-31T17:39:27.403+0000] {task_command.py:467} INFO - Running <TaskInstance: load_data_warehouse.load_dim_dates_dw dataset_triggered__2025-03-31T17:38:25.650965+00:00 [running]> on host 3b3ac09dc50a
[2025-03-31T17:39:29.137+0000] {taskinstance.py:3131} INFO - Exporting env vars: AIRFLOW_CTX_DAG_OWNER='***' AIRFLOW_CTX_DAG_ID='load_data_warehouse' AIRFLOW_CTX_TASK_ID='load_dim_dates_dw' AIRFLOW_CTX_EXECUTION_DATE='2025-03-31T17:38:25.650965+00:00' AIRFLOW_CTX_TRY_NUMBER='1' AIRFLOW_CTX_DAG_RUN_ID='dataset_triggered__2025-03-31T17:38:25.650965+00:00'
[2025-03-31T17:39:29.142+0000] {taskinstance.py:731} INFO - ::endgroup::
[2025-03-31T17:39:31.428+0000] {job.py:229} INFO - Heartbeat recovered after 13.25 seconds
[2025-03-31T17:39:36.339+0000] {logging_mixin.py:190} INFO - ✅ gold/dim_date.parquet Loaded: 156 rows, 7 columns
[2025-03-31T17:39:36.430+0000] {base.py:84} INFO - Retrieving connection 'azure_chess_dw'
[2025-03-31T17:39:36.724+0000] {base.py:84} INFO - Retrieving connection 'azure_chess_dw'
[2025-03-31T17:39:48.670+0000] {logging_mixin.py:190} INFO - Successfully Loaded gold/dim_date.parquet Data to Postgres table dim_dates
[2025-03-31T17:39:48.681+0000] {python.py:240} INFO - Done. Returned value was: None
[2025-03-31T17:39:48.766+0000] {taskinstance.py:340} INFO - ::group::Post task execution logs
[2025-03-31T17:39:48.780+0000] {taskinstance.py:352} INFO - Marking task as SUCCESS. dag_id=load_data_warehouse, task_id=load_dim_dates_dw, run_id=dataset_triggered__2025-03-31T17:38:25.650965+00:00, execution_date=20250331T173825, start_date=20250331T173922, end_date=20250331T173948
[2025-03-31T17:39:49.017+0000] {local_task_job_runner.py:266} INFO - Task exited with return code 0
[2025-03-31T17:39:49.216+0000] {taskinstance.py:3900} INFO - 0 downstream tasks scheduled from follow-on schedule check
[2025-03-31T17:39:49.279+0000] {local_task_job_runner.py:245} INFO - ::endgroup::
