[2025-03-31T18:11:46.814+0000] {local_task_job_runner.py:123} INFO - ::group::Pre task execution logs
[2025-03-31T18:11:46.907+0000] {taskinstance.py:2612} INFO - Dependencies all met for dep_context=non-requeueable deps ti=<TaskInstance: load_data_warehouse.load_dim_dates_dw dataset_triggered__2025-03-31T18:11:15.588870+00:00 [queued]>
[2025-03-31T18:11:46.948+0000] {taskinstance.py:2612} INFO - Dependencies all met for dep_context=requeueable deps ti=<TaskInstance: load_data_warehouse.load_dim_dates_dw dataset_triggered__2025-03-31T18:11:15.588870+00:00 [queued]>
[2025-03-31T18:11:46.949+0000] {taskinstance.py:2865} INFO - Starting attempt 1 of 2
[2025-03-31T18:11:47.026+0000] {taskinstance.py:2888} INFO - Executing <Task(PythonOperator): load_dim_dates_dw> on 2025-03-31 18:11:15.588870+00:00
[2025-03-31T18:11:47.079+0000] {warnings.py:112} WARNING - /home/***/.local/lib/python3.12/site-packages/***/task/task_runner/standard_task_runner.py:70: DeprecationWarning: This process (pid=14627) is multi-threaded, use of fork() may lead to deadlocks in the child.
  pid = os.fork()

[2025-03-31T18:11:47.101+0000] {standard_task_runner.py:72} INFO - Started process 14725 to run task
[2025-03-31T18:11:47.127+0000] {standard_task_runner.py:104} INFO - Running: ['***', 'tasks', 'run', 'load_data_warehouse', 'load_dim_dates_dw', 'dataset_triggered__2025-03-31T18:11:15.588870+00:00', '--job-id', '1064', '--raw', '--subdir', 'DAGS_FOLDER/load_data_warehouse_dag.py', '--cfg-path', '/tmp/tmpl0q60qj_']
[2025-03-31T18:11:47.149+0000] {standard_task_runner.py:105} INFO - Job 1064: Subtask load_dim_dates_dw
[2025-03-31T18:11:47.354+0000] {task_command.py:467} INFO - Running <TaskInstance: load_data_warehouse.load_dim_dates_dw dataset_triggered__2025-03-31T18:11:15.588870+00:00 [running]> on host 3b3ac09dc50a
[2025-03-31T18:11:47.839+0000] {taskinstance.py:3131} INFO - Exporting env vars: AIRFLOW_CTX_DAG_OWNER='***' AIRFLOW_CTX_DAG_ID='load_data_warehouse' AIRFLOW_CTX_TASK_ID='load_dim_dates_dw' AIRFLOW_CTX_EXECUTION_DATE='2025-03-31T18:11:15.588870+00:00' AIRFLOW_CTX_TRY_NUMBER='1' AIRFLOW_CTX_DAG_RUN_ID='dataset_triggered__2025-03-31T18:11:15.588870+00:00'
[2025-03-31T18:11:47.846+0000] {taskinstance.py:731} INFO - ::endgroup::
[2025-03-31T18:11:51.296+0000] {logging_mixin.py:190} INFO - ✅ gold/dim_date.parquet Loaded: 363 rows, 7 columns
[2025-03-31T18:11:51.336+0000] {base.py:84} INFO - Retrieving connection 'azure_chess_dw'
[2025-03-31T18:11:51.379+0000] {base.py:84} INFO - Retrieving connection 'azure_chess_dw'
[2025-03-31T18:11:59.883+0000] {logging_mixin.py:190} INFO - Successfully Loaded gold/dim_date.parquet Data to Postgres table dim_dates
[2025-03-31T18:11:59.892+0000] {python.py:240} INFO - Done. Returned value was: None
[2025-03-31T18:11:59.936+0000] {taskinstance.py:340} INFO - ::group::Post task execution logs
[2025-03-31T18:11:59.938+0000] {taskinstance.py:352} INFO - Marking task as SUCCESS. dag_id=load_data_warehouse, task_id=load_dim_dates_dw, run_id=dataset_triggered__2025-03-31T18:11:15.588870+00:00, execution_date=20250331T181115, start_date=20250331T181146, end_date=20250331T181159
[2025-03-31T18:12:00.099+0000] {local_task_job_runner.py:266} INFO - Task exited with return code 0
[2025-03-31T18:12:00.183+0000] {taskinstance.py:3900} INFO - 0 downstream tasks scheduled from follow-on schedule check
[2025-03-31T18:12:00.186+0000] {local_task_job_runner.py:245} INFO - ::endgroup::
