[2025-02-18T16:43:17.492+0000] {local_task_job_runner.py:123} INFO - ::group::Pre task execution logs
[2025-02-18T16:43:17.557+0000] {taskinstance.py:2612} INFO - Dependencies all met for dep_context=non-requeueable deps ti=<TaskInstance: pull_data_from_chess_api.transform_json_to_fact_table scheduled__2024-05-01T00:00:00+00:00 [queued]>
[2025-02-18T16:43:17.630+0000] {taskinstance.py:2612} INFO - Dependencies all met for dep_context=requeueable deps ti=<TaskInstance: pull_data_from_chess_api.transform_json_to_fact_table scheduled__2024-05-01T00:00:00+00:00 [queued]>
[2025-02-18T16:43:17.632+0000] {taskinstance.py:2865} INFO - Starting attempt 1 of 2
[2025-02-18T16:43:17.723+0000] {taskinstance.py:2888} INFO - Executing <Task(PythonOperator): transform_json_to_fact_table> on 2024-05-01 00:00:00+00:00
[2025-02-18T16:43:17.763+0000] {warnings.py:112} WARNING - /home/***/.local/lib/python3.12/site-packages/***/task/task_runner/standard_task_runner.py:70: DeprecationWarning: This process (pid=3863) is multi-threaded, use of fork() may lead to deadlocks in the child.
  pid = os.fork()

[2025-02-18T16:43:17.769+0000] {standard_task_runner.py:72} INFO - Started process 3864 to run task
[2025-02-18T16:43:17.773+0000] {standard_task_runner.py:104} INFO - Running: ['***', 'tasks', 'run', 'pull_data_from_chess_api', 'transform_json_to_fact_table', 'scheduled__2024-05-01T00:00:00+00:00', '--job-id', '224', '--raw', '--subdir', 'DAGS_FOLDER/chess_dag.py', '--cfg-path', '/tmp/tmp2jdmkf1u']
[2025-02-18T16:43:17.779+0000] {standard_task_runner.py:105} INFO - Job 224: Subtask transform_json_to_fact_table
[2025-02-18T16:43:18.080+0000] {task_command.py:467} INFO - Running <TaskInstance: pull_data_from_chess_api.transform_json_to_fact_table scheduled__2024-05-01T00:00:00+00:00 [running]> on host 4ed02a11bf8e
[2025-02-18T16:43:18.522+0000] {taskinstance.py:3131} INFO - Exporting env vars: AIRFLOW_CTX_DAG_OWNER='***' AIRFLOW_CTX_DAG_ID='pull_data_from_chess_api' AIRFLOW_CTX_TASK_ID='transform_json_to_fact_table' AIRFLOW_CTX_EXECUTION_DATE='2024-05-01T00:00:00+00:00' AIRFLOW_CTX_TRY_NUMBER='1' AIRFLOW_CTX_DAG_RUN_ID='scheduled__2024-05-01T00:00:00+00:00'
[2025-02-18T16:43:18.524+0000] {taskinstance.py:731} INFO - ::endgroup::
[2025-02-18T16:43:18.589+0000] {connection.py:531} ERROR - Unable to retrieve connection from secrets backend (EnvironmentVariablesBackend). Checking subsequent secrets backend.
Traceback (most recent call last):
  File "/home/airflow/.local/lib/python3.12/site-packages/airflow/models/connection.py", line 526, in get_connection_from_secrets
    conn = secrets_backend.get_connection(conn_id=conn_id)
           ^^^^^^^^^^^^^^^^^^^^^^^^^^^^^^^^^^^^^^^^^^^^^^^
  File "/home/airflow/.local/lib/python3.12/site-packages/airflow/secrets/base_secrets.py", line 116, in get_connection
    return self.deserialize_connection(conn_id=conn_id, value=value)
           ^^^^^^^^^^^^^^^^^^^^^^^^^^^^^^^^^^^^^^^^^^^^^^^^^^^^^^^^^
  File "/home/airflow/.local/lib/python3.12/site-packages/airflow/secrets/base_secrets.py", line 70, in deserialize_connection
    return Connection(conn_id=conn_id, uri=value)
           ^^^^^^^^^^^^^^^^^^^^^^^^^^^^^^^^^^^^^^
  File "<string>", line 4, in __init__
  File "/home/airflow/.local/lib/python3.12/site-packages/sqlalchemy/orm/state.py", line 481, in _initialize_instance
    with util.safe_reraise():
         ^^^^^^^^^^^^^^^^^^^
  File "/home/airflow/.local/lib/python3.12/site-packages/sqlalchemy/util/langhelpers.py", line 70, in __exit__
    compat.raise_(
  File "/home/airflow/.local/lib/python3.12/site-packages/sqlalchemy/util/compat.py", line 211, in raise_
    raise exception
  File "/home/airflow/.local/lib/python3.12/site-packages/sqlalchemy/orm/state.py", line 479, in _initialize_instance
    return manager.original_init(*mixed[1:], **kwargs)
           ^^^^^^^^^^^^^^^^^^^^^^^^^^^^^^^^^^^^^^^^^^^
  File "/home/airflow/.local/lib/python3.12/site-packages/airflow/models/connection.py", line 169, in __init__
    self._parse_from_uri(uri)
  File "/home/airflow/.local/lib/python3.12/site-packages/airflow/models/connection.py", line 257, in _parse_from_uri
    self.port = uri_parts.port
                ^^^^^^^^^^^^^^
  File "/usr/local/lib/python3.12/urllib/parse.py", line 182, in port
    raise ValueError(f"Port could not be cast to integer value as {port!r}")
ValueError: Port could not be cast to integer value as 'DefaultEndpointsProtocol=https;AccountName=rbchesssa;AccountKey=lG9W+utkpTNorE0rTLlfDMUZsTPleXk6pXv6NnfDTi'
[2025-02-18T16:43:18.625+0000] {base.py:84} INFO - Retrieving connection 'azure_chess_storage'
[2025-02-18T16:43:21.487+0000] {logging_mixin.py:190} INFO - /tmp/tmpd59005cl
[2025-02-18T16:43:24.711+0000] {logging_mixin.py:190} INFO - Successfully Transformed Data and Loaded to Azure Storage as silver/fact-2024-05-games.csv
[2025-02-18T16:43:24.712+0000] {python.py:240} INFO - Done. Returned value was: None
[2025-02-18T16:43:24.744+0000] {taskinstance.py:340} INFO - ::group::Post task execution logs
[2025-02-18T16:43:24.745+0000] {taskinstance.py:352} INFO - Marking task as SUCCESS. dag_id=pull_data_from_chess_api, task_id=transform_json_to_fact_table, run_id=scheduled__2024-05-01T00:00:00+00:00, execution_date=20240501T000000, start_date=20250218T164317, end_date=20250218T164324
[2025-02-18T16:43:24.858+0000] {local_task_job_runner.py:266} INFO - Task exited with return code 0
[2025-02-18T16:43:24.902+0000] {taskinstance.py:3900} INFO - 0 downstream tasks scheduled from follow-on schedule check
[2025-02-18T16:43:24.908+0000] {local_task_job_runner.py:245} INFO - ::endgroup::
[2025-03-10T01:38:14.198+0000] {local_task_job_runner.py:123} INFO - ::group::Pre task execution logs
[2025-03-10T01:38:14.223+0000] {taskinstance.py:2612} INFO - Dependencies all met for dep_context=non-requeueable deps ti=<TaskInstance: pull_data_from_chess_api.transform_json_to_fact_table scheduled__2024-05-01T00:00:00+00:00 [queued]>
[2025-03-10T01:38:14.237+0000] {taskinstance.py:2612} INFO - Dependencies all met for dep_context=requeueable deps ti=<TaskInstance: pull_data_from_chess_api.transform_json_to_fact_table scheduled__2024-05-01T00:00:00+00:00 [queued]>
[2025-03-10T01:38:14.238+0000] {taskinstance.py:2865} INFO - Starting attempt 1 of 2
[2025-03-10T01:38:14.253+0000] {taskinstance.py:2888} INFO - Executing <Task(PythonOperator): transform_json_to_fact_table> on 2024-05-01 00:00:00+00:00
[2025-03-10T01:38:14.261+0000] {warnings.py:112} WARNING - /home/***/.local/lib/python3.12/site-packages/***/task/task_runner/standard_task_runner.py:70: DeprecationWarning: This process (pid=17270) is multi-threaded, use of fork() may lead to deadlocks in the child.
  pid = os.fork()

[2025-03-10T01:38:14.262+0000] {standard_task_runner.py:72} INFO - Started process 17272 to run task
[2025-03-10T01:38:14.263+0000] {standard_task_runner.py:104} INFO - Running: ['***', 'tasks', 'run', 'pull_data_from_chess_api', 'transform_json_to_fact_table', 'scheduled__2024-05-01T00:00:00+00:00', '--job-id', '536', '--raw', '--subdir', 'DAGS_FOLDER/collect_chess_data_dag.py', '--cfg-path', '/tmp/tmp7hnqpp65']
[2025-03-10T01:38:14.266+0000] {standard_task_runner.py:105} INFO - Job 536: Subtask transform_json_to_fact_table
[2025-03-10T01:38:14.317+0000] {task_command.py:467} INFO - Running <TaskInstance: pull_data_from_chess_api.transform_json_to_fact_table scheduled__2024-05-01T00:00:00+00:00 [running]> on host 70b3b9cfbba0
[2025-03-10T01:38:14.409+0000] {taskinstance.py:3131} INFO - Exporting env vars: AIRFLOW_CTX_DAG_OWNER='***' AIRFLOW_CTX_DAG_ID='pull_data_from_chess_api' AIRFLOW_CTX_TASK_ID='transform_json_to_fact_table' AIRFLOW_CTX_EXECUTION_DATE='2024-05-01T00:00:00+00:00' AIRFLOW_CTX_TRY_NUMBER='1' AIRFLOW_CTX_DAG_RUN_ID='scheduled__2024-05-01T00:00:00+00:00'
[2025-03-10T01:38:14.410+0000] {taskinstance.py:731} INFO - ::endgroup::
[2025-03-10T01:38:14.434+0000] {connection.py:531} ERROR - Unable to retrieve connection from secrets backend (EnvironmentVariablesBackend). Checking subsequent secrets backend.
Traceback (most recent call last):
  File "/home/airflow/.local/lib/python3.12/site-packages/airflow/models/connection.py", line 526, in get_connection_from_secrets
    conn = secrets_backend.get_connection(conn_id=conn_id)
           ^^^^^^^^^^^^^^^^^^^^^^^^^^^^^^^^^^^^^^^^^^^^^^^
  File "/home/airflow/.local/lib/python3.12/site-packages/airflow/secrets/base_secrets.py", line 116, in get_connection
    return self.deserialize_connection(conn_id=conn_id, value=value)
           ^^^^^^^^^^^^^^^^^^^^^^^^^^^^^^^^^^^^^^^^^^^^^^^^^^^^^^^^^
  File "/home/airflow/.local/lib/python3.12/site-packages/airflow/secrets/base_secrets.py", line 70, in deserialize_connection
    return Connection(conn_id=conn_id, uri=value)
           ^^^^^^^^^^^^^^^^^^^^^^^^^^^^^^^^^^^^^^
  File "<string>", line 4, in __init__
  File "/home/airflow/.local/lib/python3.12/site-packages/sqlalchemy/orm/state.py", line 481, in _initialize_instance
    with util.safe_reraise():
         ^^^^^^^^^^^^^^^^^^^
  File "/home/airflow/.local/lib/python3.12/site-packages/sqlalchemy/util/langhelpers.py", line 70, in __exit__
    compat.raise_(
  File "/home/airflow/.local/lib/python3.12/site-packages/sqlalchemy/util/compat.py", line 211, in raise_
    raise exception
  File "/home/airflow/.local/lib/python3.12/site-packages/sqlalchemy/orm/state.py", line 479, in _initialize_instance
    return manager.original_init(*mixed[1:], **kwargs)
           ^^^^^^^^^^^^^^^^^^^^^^^^^^^^^^^^^^^^^^^^^^^
  File "/home/airflow/.local/lib/python3.12/site-packages/airflow/models/connection.py", line 169, in __init__
    self._parse_from_uri(uri)
  File "/home/airflow/.local/lib/python3.12/site-packages/airflow/models/connection.py", line 257, in _parse_from_uri
    self.port = uri_parts.port
                ^^^^^^^^^^^^^^
  File "/usr/local/lib/python3.12/urllib/parse.py", line 182, in port
    raise ValueError(f"Port could not be cast to integer value as {port!r}")
ValueError: Port could not be cast to integer value as 'DefaultEndpointsProtocol=https;AccountName=rbchesssa;AccountKey=lG9W+utkpTNorE0rTLlfDMUZsTPleXk6pXv6NnfDTi'
[2025-03-10T01:38:14.447+0000] {base.py:84} INFO - Retrieving connection 'azure_chess_storage'
[2025-03-10T01:38:17.237+0000] {logging_mixin.py:190} INFO - /tmp/tmpesm_t2be
[2025-03-10T01:38:17.323+0000] {logging_mixin.py:190} INFO - Previewing Dataframe
[2025-03-10T01:38:17.326+0000] {logging_mixin.py:190} INFO - game_url                        object
time_control                    object
rated                             bool
time_class                      object
rules                           object
white_rating                     int64
white_result                    object
black_rating                     int64
black_result                    object
pgn_event                       object
pgn_site                        object
game_date               datetime64[us]
pgn_white_user                  object
pgn_black_user                  object
pgn_result                      object
pgn_current_position            object
pgn_timezone                    object
pgn_eco                         object
pgn_eco_url                     object
start_time                      object
end_time                        object
end_game_date           datetime64[us]
pgn_raw                         object
pgn_trans                       object
dtype: object
[2025-03-10T01:38:17.343+0000] {logging_mixin.py:190} INFO - https://www.chess.com/game/live/108321613877	600	True	rapid	chess	1315	resigned	1404	win	Live Chess	Chess.com	2024-05-01 00:00:00	Rhythmbear1	Raphael_Silva	0-1	2r3k1/1b4bp/p5p1/3q4/1p6/1P6/P1B1QPPP/3R2K1 b - -	UTC	B22	https://www.chess.com/openings/Alapin-Sicilian-Defense-2...Nc6-3.d4-cxd4-4.cxd4	16:55:29	17:08:20	2024-05-01 00:00:00	e4 c5 c3 Nc6 d4 cxd4 cxd4 d6 Nf3 e6 Nc3 Nf6 Bd2 Be7 Bb5 O-O O-O a6 Ba4 b5 Bb3 Bb7 Re1 Re8 e5 dxe5 dxe5 Nd5 Nxd5 exd5 Bc3 b4 Bd2 Na5 Bc2 Nc4 b3 Nxd2 Qxd2 Rc8 Rad1 g6 e6 fxe6 Rxe6 Bf8 Rxe8 Qxe8 Re1 Qc6 Rc1 Bg7 Nd4 Qf6 Nf3 d4 Nxd4 Qxd4 Qe2 Qd5 Rd1	1. e4 c5 2. c3 Nc6 3. d4 cxd4 4. cxd4 d6 5. Nf3 e6 6. Nc3 Nf6 7. Bd2 Be7 8. Bb5 O-O 9. O-O a6 10. Ba4 b5 11. Bb3 Bb7 12. Re1 Re8 13. e5 dxe5 14. dxe5 Nd5 15. Nxd5 exd5 16. Bc3 b4 17. Bd2 Na5 18. Bc2 Nc4 19. b3 Nxd2 20. Qxd2 Rc8 21. Rad1 g6 22. e6 fxe6 23. Rxe6 Bf8 24. Rxe8 Qxe8 25. Re1 Qc6 26. Rc1 Bg7 27. Nd4 Qf6 28. Nf3 d4 29. Nxd4 Qxd4 30. Qe2 Qd5 31. Rd1 
https://www.chess.com/game/live/108322278739	600	True	rapid	chess	1259	checkmated	1322	win	Live Chess	Chess.com	2024-05-01 00:00:00	VINCENTd62	Rhythmbear1	0-1	3r1rk1/1p2b1pp/p4pb1/8/1P1P4/1PN5/1Bq2PPP/Q1KR3R w - -	UTC	A01	https://www.chess.com/openings/Nimzowitsch-Larsen-Attack-Modern-Variation-2.Bb2	17:08:38	17:16:04	2024-05-01 00:00:00	b3 e5 Bb2 f6 e3 Nc6 Bb5 Nge7 d3 a6 Bxc6 Nxc6 Ne2 d5 Nd2 Be7 c4 O-O cxd5 Qxd5 Nf3 Bg4 Nc3 Qd7 Qc2 Rad8 O-O-O Nb4 Qb1 Bh5 d4 Bg6 Qa1 exd4 Nxd4 c5 a3 cxd4 axb4 Qf5 exd4 Qc2#	1. b3 e5 2. Bb2 f6 3. e3 Nc6 4. Bb5 Nge7 5. d3 a6 6. Bxc6 Nxc6 7. Ne2 d5 8. Nd2 Be7 9. c4 O-O 10. cxd5 Qxd5 11. Nf3 Bg4 12. Nc3 Qd7 13. Qc2 Rad8 14. O-O-O Nb4 15. Qb1 Bh5 16. d4 Bg6 17. Qa1 exd4 18. Nxd4 c5 19. a3 cxd4 20. axb4 Qf5 21. exd4 Qc2#
https://www.chess.com/game/live/108335480911	600	True	rapid	chess	1316	resigned	1401	win	Live Chess	Chess.com	2024-05-01 00:00:00	Rhythmbear1	sandrokan72	0-1	6k1/5pp1/7p/p7/P7/R4P1P/2p2KP1/3r4 w - -	UTC	C45	https://www.chess.com/openings/Scotch-Game-Scotch-Gambit	20:50:13	21:06:37	2024-05-01 00:00:00	e4 e5 Nf3 Nc6 d4 exd4 Bc4 h6 O-O d6 Nxd4 Nxd4 Qxd4 Nf6 Nc3 Be7 Bf4 Be6 Bd3 a6 e5 dxe5 Qxe5 Bd6 Qe3 Ng4 Qg3 Qf6 Bxd6 cxd6 Qxd6 Ne5 Nd5 Bxd5 Qxd5 O-O Qe4 Nxd3 Qxd3 Qxb2 h3 b5 Rfe1 Rfd8 Qe4 a5 a4 b4 Qf3 Qxc2 Re2 Qc3 Qxc3 bxc3 Rc2 Rac8 Rac1 Rd3 f3 Rc4 Ra2 Rcd4 Ra3 Rd1+ Rxd1 Rxd1+ Kf2 c2	1. e4 e5 2. Nf3 Nc6 3. d4 exd4 4. Bc4 h6 5. O-O d6 6. Nxd4 Nxd4 7. Qxd4 Nf6 8. Nc3 Be7 9. Bf4 Be6 10. Bd3 a6 11. e5 dxe5 12. Qxe5 Bd6 13. Qe3 Ng4 14. Qg3 Qf6 15. Bxd6 cxd6 16. Qxd6 Ne5 17. Nd5 Bxd5 18. Qxd5 O-O 19. Qe4 Nxd3 20. Qxd3 Qxb2 21. h3 b5 22. Rfe1 Rfd8 23. Qe4 a5 24. a4 b4 25. Qf3 Qxc2 26. Re2 Qc3 27. Qxc3 bxc3 28. Rc2 Rac8 29. Rac1 Rd3 30. f3 Rc4 31. Ra2 Rcd4 32. Ra3 Rd1+ 33. Rxd1 Rxd1+ 34. Kf2 c2
https://www.chess.com/game/live/108394865273	600	True	rapid	chess	1276	win	1307	resigned	Live Chess	Chess.com	2024-05-02 00:00:00	michaelaraujo	Rhythmbear1	1-0	3k4/pp2n1p1/2p2np1/3pQ3/3P4/6Nq/PPP2P2/R3R1K1 b - -	UTC	C01	https://www.chess.com/openings/French-Defense-Exchange-Variation-3...exd5-4.Nc3	13:18:39	13:24:05	2024-05-02 00:00:00	e4 e6 d4 d5 exd5 exd5 Nc3 c6 Nf3 Bd6 Be2 Ne7 O-O Be6 Re1 Nd7 Ng5 Bf5 Bh5 Bg6 Bxg6 hxg6 Qf3 Nf6 h3 Qc7 Ne2 Rf8 Bf4 O-O-O Bxd6 Qxd6 Qf4 Qd7 Ng3 Rh8 Nxf7 Rxh3 gxh3 Qxh3 Nxd8 Kxd8 Qe5	1. e4 e6 2. d4 d5 3. exd5 exd5 4. Nc3 c6 5. Nf3 Bd6 6. Be2 Ne7 7. O-O Be6 8. Re1 Nd7 9. Ng5 Bf5 10. Bh5 Bg6 11. Bxg6 hxg6 12. Qf3 Nf6 13. h3 Qc7 14. Ne2 Rf8 15. Bf4 O-O-O 16. Bxd6 Qxd6 17. Qf4 Qd7 18. Ng3 Rh8 19. Nxf7 Rxh3 20. gxh3 Qxh3 21. Nxd8 Kxd8 22. Qe5 
https://www.chess.com/game/live/108395382907	600	True	rapid	chess	1299	timeout	1330	win	Live Chess	Chess.com	2024-05-02 00:00:00	Rhythmbear1	vichma	0-1	R7/5k2/p4p2/8/8/P5NK/1Pr2r1P/8 w - -	UTC	C45	https://www.chess.com/openings/Scotch-Game-Scotch-Gambit	13:24:10	13:42:01	2024-05-02 00:00:00	e4 e5 Nf3 Nc6 d4 exd4 Bc4 f6 O-O Bc5 Re1 d6 Bf4 g5 Bg3 Nh6 c3 g4 cxd4 gxf3 dxc5 fxg2 Qh5+ Kd7 Qxh6 Qe7 Nc3 Nd4 cxd6 cxd6 Qh3+ Kd8 Qxg2 Nc2 Rad1 Nxe1 Rxe1 h5 Rd1 Ke8 Qf1 Be6 Bb5+ Kf7 Bxd6 Qd8 Qe2 Qg8+ Bg3 h4 Bc4 Re8 Bxe6+ Rxe6 Rd7+ Ke8 Qd3 Kf8 Rd8+ Re8 Qd6+ Kf7 Rd7+ Kg6 Ne2 hxg3 Qxg3+ Kh6 Qxg8 Rhxg8+ Ng3 Rxe4 Kf1 Rf4 Rxb7 Rc8 Rb5 Rc1+ Kg2 Rc2 Rh5+ Kg6 Rb5 Rcxf2+ Kh3 Ra4 a3 a6 Rb8 Rc4 Rg8+ Kf7 Ra8 Rcc2	1. e4 e5 2. Nf3 Nc6 3. d4 exd4 4. Bc4 f6 5. O-O Bc5 6. Re1 d6 7. Bf4 g5 8. Bg3 Nh6 9. c3 g4 10. cxd4 gxf3 11. dxc5 fxg2 12. Qh5+ Kd7 13. Qxh6 Qe7 14. Nc3 Nd4 15. cxd6 cxd6 16. Qh3+ Kd8 17. Qxg2 Nc2 18. Rad1 Nxe1 19. Rxe1 h5 20. Rd1 Ke8 21. Qf1 Be6 22. Bb5+ Kf7 23. Bxd6 Qd8 24. Qe2 Qg8+ 25. Bg3 h4 26. Bc4 Re8 27. Bxe6+ Rxe6 28. Rd7+ Ke8 29. Qd3 Kf8 30. Rd8+ Re8 31. Qd6+ Kf7 32. Rd7+ Kg6 33. Ne2 hxg3 34. Qxg3+ Kh6 35. Qxg8 Rhxg8+ 36. Ng3 Rxe4 37. Kf1 Rf4 38. Rxb7 Rc8 39. Rb5 Rc1+ 40. Kg2 Rc2 41. Rh5+ Kg6 42. Rb5 Rcxf2+ 43. Kh3 Ra4 44. a3 a6 45. Rb8 Rc4 46. Rg8+ Kf7 47. Ra8 Rcc2
[2025-03-10T01:38:18.131+0000] {logging_mixin.py:190} INFO - Successfully Transformed Data and Loaded to Azure Storage as silver/fact-2024-05-games.parquet
[2025-03-10T01:38:18.132+0000] {python.py:240} INFO - Done. Returned value was: None
[2025-03-10T01:38:18.159+0000] {taskinstance.py:340} INFO - ::group::Post task execution logs
[2025-03-10T01:38:18.160+0000] {taskinstance.py:352} INFO - Marking task as SUCCESS. dag_id=pull_data_from_chess_api, task_id=transform_json_to_fact_table, run_id=scheduled__2024-05-01T00:00:00+00:00, execution_date=20240501T000000, start_date=20250310T013814, end_date=20250310T013818
[2025-03-10T01:38:18.223+0000] {local_task_job_runner.py:266} INFO - Task exited with return code 0
[2025-03-10T01:38:18.251+0000] {taskinstance.py:3900} INFO - 1 downstream tasks scheduled from follow-on schedule check
[2025-03-10T01:38:18.256+0000] {local_task_job_runner.py:245} INFO - ::endgroup::
