[2025-03-31T18:09:06.105+0000] {local_task_job_runner.py:123} INFO - ::group::Pre task execution logs
[2025-03-31T18:09:06.309+0000] {taskinstance.py:2612} INFO - Dependencies all met for dep_context=non-requeueable deps ti=<TaskInstance: load_data_warehouse.load_dim_results_dw dataset_triggered__2025-03-31T18:08:03.179613+00:00 [queued]>
[2025-03-31T18:09:06.492+0000] {taskinstance.py:2612} INFO - Dependencies all met for dep_context=requeueable deps ti=<TaskInstance: load_data_warehouse.load_dim_results_dw dataset_triggered__2025-03-31T18:08:03.179613+00:00 [queued]>
[2025-03-31T18:09:06.497+0000] {taskinstance.py:2865} INFO - Starting attempt 1 of 2
[2025-03-31T18:09:06.882+0000] {taskinstance.py:2888} INFO - Executing <Task(PythonOperator): load_dim_results_dw> on 2025-03-31 18:08:03.179613+00:00
[2025-03-31T18:09:07.024+0000] {warnings.py:112} WARNING - /home/***/.local/lib/python3.12/site-packages/***/task/task_runner/standard_task_runner.py:70: DeprecationWarning: This process (pid=14087) is multi-threaded, use of fork() may lead to deadlocks in the child.
  pid = os.fork()

[2025-03-31T18:09:07.056+0000] {standard_task_runner.py:72} INFO - Started process 14259 to run task
[2025-03-31T18:09:07.204+0000] {standard_task_runner.py:104} INFO - Running: ['***', 'tasks', 'run', 'load_data_warehouse', 'load_dim_results_dw', 'dataset_triggered__2025-03-31T18:08:03.179613+00:00', '--job-id', '1052', '--raw', '--subdir', 'DAGS_FOLDER/load_data_warehouse_dag.py', '--cfg-path', '/tmp/tmpnuwe9gkn']
[2025-03-31T18:09:07.368+0000] {standard_task_runner.py:105} INFO - Job 1052: Subtask load_dim_results_dw
[2025-03-31T18:09:08.019+0000] {task_command.py:467} INFO - Running <TaskInstance: load_data_warehouse.load_dim_results_dw dataset_triggered__2025-03-31T18:08:03.179613+00:00 [running]> on host 3b3ac09dc50a
[2025-03-31T18:09:10.071+0000] {taskinstance.py:3131} INFO - Exporting env vars: AIRFLOW_CTX_DAG_OWNER='***' AIRFLOW_CTX_DAG_ID='load_data_warehouse' AIRFLOW_CTX_TASK_ID='load_dim_results_dw' AIRFLOW_CTX_EXECUTION_DATE='2025-03-31T18:08:03.179613+00:00' AIRFLOW_CTX_TRY_NUMBER='1' AIRFLOW_CTX_DAG_RUN_ID='dataset_triggered__2025-03-31T18:08:03.179613+00:00'
[2025-03-31T18:09:10.092+0000] {taskinstance.py:731} INFO - ::endgroup::
[2025-03-31T18:09:14.671+0000] {logging_mixin.py:190} INFO - ✅ gold/dim_results.parquet Loaded: 15 rows, 3 columns
[2025-03-31T18:09:14.731+0000] {base.py:84} INFO - Retrieving connection 'azure_chess_dw'
[2025-03-31T18:09:14.805+0000] {base.py:84} INFO - Retrieving connection 'azure_chess_dw'
[2025-03-31T18:09:24.178+0000] {logging_mixin.py:190} INFO - Successfully Loaded gold/dim_results.parquet Data to Postgres table dim_results
[2025-03-31T18:09:24.196+0000] {python.py:240} INFO - Done. Returned value was: None
[2025-03-31T18:09:24.312+0000] {taskinstance.py:340} INFO - ::group::Post task execution logs
[2025-03-31T18:09:24.315+0000] {taskinstance.py:352} INFO - Marking task as SUCCESS. dag_id=load_data_warehouse, task_id=load_dim_results_dw, run_id=dataset_triggered__2025-03-31T18:08:03.179613+00:00, execution_date=20250331T180803, start_date=20250331T180906, end_date=20250331T180924
[2025-03-31T18:09:24.538+0000] {local_task_job_runner.py:266} INFO - Task exited with return code 0
[2025-03-31T18:09:24.865+0000] {taskinstance.py:3900} INFO - 1 downstream tasks scheduled from follow-on schedule check
[2025-03-31T18:09:24.936+0000] {local_task_job_runner.py:245} INFO - ::endgroup::
