[2025-03-31T17:27:30.196+0000] {local_task_job_runner.py:123} INFO - ::group::Pre task execution logs
[2025-03-31T17:27:30.424+0000] {taskinstance.py:2612} INFO - Dependencies all met for dep_context=non-requeueable deps ti=<TaskInstance: load_data_warehouse.load_dim_time_control_dw dataset_triggered__2025-03-31T17:25:50.257586+00:00 [queued]>
[2025-03-31T17:27:30.534+0000] {taskinstance.py:2612} INFO - Dependencies all met for dep_context=requeueable deps ti=<TaskInstance: load_data_warehouse.load_dim_time_control_dw dataset_triggered__2025-03-31T17:25:50.257586+00:00 [queued]>
[2025-03-31T17:27:30.538+0000] {taskinstance.py:2865} INFO - Starting attempt 1 of 2
[2025-03-31T17:27:30.910+0000] {taskinstance.py:2888} INFO - Executing <Task(PythonOperator): load_dim_time_control_dw> on 2025-03-31 17:25:50.257586+00:00
[2025-03-31T17:27:31.652+0000] {warnings.py:112} WARNING - /home/***/.local/lib/python3.12/site-packages/***/task/task_runner/standard_task_runner.py:70: DeprecationWarning: This process (pid=8819) is multi-threaded, use of fork() may lead to deadlocks in the child.
  pid = os.fork()

[2025-03-31T17:27:31.808+0000] {standard_task_runner.py:72} INFO - Started process 8885 to run task
[2025-03-31T17:27:31.845+0000] {standard_task_runner.py:104} INFO - Running: ['***', 'tasks', 'run', 'load_data_warehouse', 'load_dim_time_control_dw', 'dataset_triggered__2025-03-31T17:25:50.257586+00:00', '--job-id', '908', '--raw', '--subdir', 'DAGS_FOLDER/load_data_warehouse_dag.py', '--cfg-path', '/tmp/tmpdml_bqe1']
[2025-03-31T17:27:32.069+0000] {standard_task_runner.py:105} INFO - Job 908: Subtask load_dim_time_control_dw
[2025-03-31T17:27:33.379+0000] {task_command.py:467} INFO - Running <TaskInstance: load_data_warehouse.load_dim_time_control_dw dataset_triggered__2025-03-31T17:25:50.257586+00:00 [running]> on host 3b3ac09dc50a
[2025-03-31T17:27:34.254+0000] {taskinstance.py:3131} INFO - Exporting env vars: AIRFLOW_CTX_DAG_OWNER='***' AIRFLOW_CTX_DAG_ID='load_data_warehouse' AIRFLOW_CTX_TASK_ID='load_dim_time_control_dw' AIRFLOW_CTX_EXECUTION_DATE='2025-03-31T17:25:50.257586+00:00' AIRFLOW_CTX_TRY_NUMBER='1' AIRFLOW_CTX_DAG_RUN_ID='dataset_triggered__2025-03-31T17:25:50.257586+00:00'
[2025-03-31T17:27:34.260+0000] {taskinstance.py:731} INFO - ::endgroup::
[2025-03-31T17:27:38.206+0000] {logging_mixin.py:190} INFO - ✅ gold/dim_time_control.parquet Loaded: 6 rows, 2 columns
[2025-03-31T17:27:38.303+0000] {base.py:84} INFO - Retrieving connection 'azure_chess_dw'
[2025-03-31T17:27:38.396+0000] {base.py:84} INFO - Retrieving connection 'azure_chess_dw'
[2025-03-31T17:27:47.506+0000] {logging_mixin.py:190} INFO - Successfully Loaded gold/dim_time_control.parquet Data to Postgres table dim_time_control
[2025-03-31T17:27:47.572+0000] {python.py:240} INFO - Done. Returned value was: None
[2025-03-31T17:27:47.686+0000] {taskinstance.py:340} INFO - ::group::Post task execution logs
[2025-03-31T17:27:47.688+0000] {taskinstance.py:352} INFO - Marking task as SUCCESS. dag_id=load_data_warehouse, task_id=load_dim_time_control_dw, run_id=dataset_triggered__2025-03-31T17:25:50.257586+00:00, execution_date=20250331T172550, start_date=20250331T172730, end_date=20250331T172747
[2025-03-31T17:27:48.037+0000] {local_task_job_runner.py:266} INFO - Task exited with return code 0
[2025-03-31T17:27:48.305+0000] {taskinstance.py:3900} INFO - 0 downstream tasks scheduled from follow-on schedule check
[2025-03-31T17:27:48.332+0000] {local_task_job_runner.py:245} INFO - ::endgroup::
