[2025-03-26T02:00:06.793+0000] {local_task_job_runner.py:123} INFO - ::group::Pre task execution logs
[2025-03-26T02:00:06.828+0000] {taskinstance.py:2612} INFO - Dependencies all met for dep_context=non-requeueable deps ti=<TaskInstance: load_data_warehouse.create_data_warehouse manual__2025-03-12T14:13:58.419334+00:00 [queued]>
[2025-03-26T02:00:06.841+0000] {taskinstance.py:2612} INFO - Dependencies all met for dep_context=requeueable deps ti=<TaskInstance: load_data_warehouse.create_data_warehouse manual__2025-03-12T14:13:58.419334+00:00 [queued]>
[2025-03-26T02:00:06.841+0000] {taskinstance.py:2865} INFO - Starting attempt 10 of 11
[2025-03-26T02:00:06.895+0000] {taskinstance.py:2888} INFO - Executing <Task(PostgresOperator): create_data_warehouse> on 2025-03-12 14:13:58.419334+00:00
[2025-03-26T02:00:06.925+0000] {warnings.py:112} WARNING - /home/***/.local/lib/python3.12/site-packages/***/task/task_runner/standard_task_runner.py:70: DeprecationWarning: This process (pid=29608) is multi-threaded, use of fork() may lead to deadlocks in the child.
  pid = os.fork()

[2025-03-26T02:00:06.938+0000] {standard_task_runner.py:72} INFO - Started process 29617 to run task
[2025-03-26T02:00:06.940+0000] {standard_task_runner.py:104} INFO - Running: ['***', 'tasks', 'run', 'load_data_warehouse', 'create_data_warehouse', 'manual__2025-03-12T14:13:58.419334+00:00', '--job-id', '757', '--raw', '--subdir', 'DAGS_FOLDER/load_data_warehouse_dag.py', '--cfg-path', '/tmp/tmpphhde2x_']
[2025-03-26T02:00:06.963+0000] {standard_task_runner.py:105} INFO - Job 757: Subtask create_data_warehouse
[2025-03-26T02:00:07.145+0000] {task_command.py:467} INFO - Running <TaskInstance: load_data_warehouse.create_data_warehouse manual__2025-03-12T14:13:58.419334+00:00 [running]> on host 8de4e0a4beb2
[2025-03-26T02:00:07.323+0000] {taskinstance.py:3131} INFO - Exporting env vars: AIRFLOW_CTX_DAG_OWNER='***' AIRFLOW_CTX_DAG_ID='load_data_warehouse' AIRFLOW_CTX_TASK_ID='create_data_warehouse' AIRFLOW_CTX_EXECUTION_DATE='2025-03-12T14:13:58.419334+00:00' AIRFLOW_CTX_TRY_NUMBER='10' AIRFLOW_CTX_DAG_RUN_ID='manual__2025-03-12T14:13:58.419334+00:00'
[2025-03-26T02:00:07.326+0000] {taskinstance.py:731} INFO - ::endgroup::
[2025-03-26T02:00:07.332+0000] {sql.py:266} INFO - Executing: -- Fact Tables Creating
CREATE SCHEMA IF NOT EXISTS chess_dw;
CREATE TABLE IF NOT EXISTS chess_dw.fact_games (
    game_url VARCHAR PRIMARY KEY,
    start_time TIMESTAMP,
    end_time TIMESTAMP,
    game_duration_secs INTEGER,
    time_control VARCHAR,
    my_color VARCHAR,
    my_rating INTEGER,
    opponent_rating INTEGER,
    my_result VARCHAR,
    opponent_result VARCHAR,
    game_fen VARCHAR,
    opening_url VARCHAR,
    game_pgn VARCHAR
);


-- Dimension tables creation
CREATE TABLE IF NOT EXISTS chess_dw.dim_date (
    date_id INTEGER PRIMARY KEY,
    game_date DATE,
    year INTEGER,
    month INTEGER,
    month_name VARCHAR,
    day INTEGER,
    day_of_the_week VARCHAR,
    quarter INTEGER,
    is_weekend BOOLEAN
);


CREATE TABLE IF NOT EXISTS chess_dw.dim_openings (
    pgn_eco_url VARCHAR PRIMARY KEY,
    opening_name VARCHAR(3),
    opening_family VARCHAR,
    eco_code VARCHAR
);


CREATE TABLE IF NOT EXISTS chess_dw.dim_users (
    user_id VARCHAR PRIMARY KEY,
    full_name VARCHAR,
    nationality VARCHAR
);
[2025-03-26T02:00:07.347+0000] {base.py:84} INFO - Retrieving connection 'azure_chess_dw'
[2025-03-26T02:00:07.359+0000] {base.py:84} INFO - Retrieving connection 'azure_chess_dw'
[2025-03-26T02:00:09.255+0000] {sql.py:509} INFO - Running statement: -- Fact Tables Creating
CREATE SCHEMA IF NOT EXISTS chess_dw;
CREATE TABLE IF NOT EXISTS chess_dw.fact_games (
    game_url VARCHAR PRIMARY KEY,
    start_time TIMESTAMP,
    end_time TIMESTAMP,
    game_duration_secs INTEGER,
    time_control VARCHAR,
    my_color VARCHAR,
    my_rating INTEGER,
    opponent_rating INTEGER,
    my_result VARCHAR,
    opponent_result VARCHAR,
    game_fen VARCHAR,
    opening_url VARCHAR,
    game_pgn VARCHAR
);


-- Dimension tables creation
CREATE TABLE IF NOT EXISTS chess_dw.dim_date (
    date_id INTEGER PRIMARY KEY,
    game_date DATE,
    year INTEGER,
    month INTEGER,
    month_name VARCHAR,
    day INTEGER,
    day_of_the_week VARCHAR,
    quarter INTEGER,
    is_weekend BOOLEAN
);


CREATE TABLE IF NOT EXISTS chess_dw.dim_openings (
    pgn_eco_url VARCHAR PRIMARY KEY,
    opening_name VARCHAR(3),
    opening_family VARCHAR,
    eco_code VARCHAR
);


CREATE TABLE IF NOT EXISTS chess_dw.dim_users (
    user_id VARCHAR PRIMARY KEY,
    full_name VARCHAR,
    nationality VARCHAR
);, parameters: None
[2025-03-26T02:00:09.987+0000] {taskinstance.py:340} INFO - ::group::Post task execution logs
[2025-03-26T02:00:09.987+0000] {taskinstance.py:352} INFO - Marking task as SUCCESS. dag_id=load_data_warehouse, task_id=create_data_warehouse, run_id=manual__2025-03-12T14:13:58.419334+00:00, execution_date=20250312T141358, start_date=20250326T020006, end_date=20250326T020009
[2025-03-26T02:00:10.062+0000] {local_task_job_runner.py:266} INFO - Task exited with return code 0
[2025-03-26T02:00:10.114+0000] {warnings.py:112} WARNING - /home/***/.local/lib/python3.12/site-packages/***/models/baseoperator.py:1378: AirflowProviderDeprecationWarning: Call to deprecated class PostgresOperator. (Please use `***.providers.common.sql.operators.sql.SQLExecuteQueryOperator`.Also, you can provide `hook_params={'schema': <database>}`.)
  result = cls.__new__(cls)

[2025-03-26T02:00:10.185+0000] {taskinstance.py:3900} INFO - 1 downstream tasks scheduled from follow-on schedule check
[2025-03-26T02:00:10.189+0000] {local_task_job_runner.py:245} INFO - ::endgroup::
