[2025-03-12T14:59:26.732+0000] {local_task_job_runner.py:123} INFO - ::group::Pre task execution logs
[2025-03-12T14:59:26.769+0000] {taskinstance.py:2612} INFO - Dependencies all met for dep_context=non-requeueable deps ti=<TaskInstance: load_data_warehouse.create_data_warehouse manual__2025-03-12T14:13:58.419334+00:00 [queued]>
[2025-03-12T14:59:26.788+0000] {taskinstance.py:2612} INFO - Dependencies all met for dep_context=requeueable deps ti=<TaskInstance: load_data_warehouse.create_data_warehouse manual__2025-03-12T14:13:58.419334+00:00 [queued]>
[2025-03-12T14:59:26.788+0000] {taskinstance.py:2865} INFO - Starting attempt 4 of 5
[2025-03-12T14:59:26.821+0000] {taskinstance.py:2888} INFO - Executing <Task(PostgresOperator): create_data_warehouse> on 2025-03-12 14:13:58.419334+00:00
[2025-03-12T14:59:26.837+0000] {warnings.py:112} WARNING - /home/***/.local/lib/python3.12/site-packages/***/task/task_runner/standard_task_runner.py:70: DeprecationWarning: This process (pid=2126) is multi-threaded, use of fork() may lead to deadlocks in the child.
  pid = os.fork()

[2025-03-12T14:59:26.840+0000] {standard_task_runner.py:72} INFO - Started process 2128 to run task
[2025-03-12T14:59:26.841+0000] {standard_task_runner.py:104} INFO - Running: ['***', 'tasks', 'run', 'load_data_warehouse', 'create_data_warehouse', 'manual__2025-03-12T14:13:58.419334+00:00', '--job-id', '594', '--raw', '--subdir', 'DAGS_FOLDER/load_data_warehouse_dag.py', '--cfg-path', '/tmp/tmphjt1t89v']
[2025-03-12T14:59:26.847+0000] {standard_task_runner.py:105} INFO - Job 594: Subtask create_data_warehouse
[2025-03-12T14:59:26.941+0000] {task_command.py:467} INFO - Running <TaskInstance: load_data_warehouse.create_data_warehouse manual__2025-03-12T14:13:58.419334+00:00 [running]> on host 70b3b9cfbba0
[2025-03-12T14:59:27.129+0000] {taskinstance.py:3131} INFO - Exporting env vars: AIRFLOW_CTX_DAG_OWNER='***' AIRFLOW_CTX_DAG_ID='load_data_warehouse' AIRFLOW_CTX_TASK_ID='create_data_warehouse' AIRFLOW_CTX_EXECUTION_DATE='2025-03-12T14:13:58.419334+00:00' AIRFLOW_CTX_TRY_NUMBER='4' AIRFLOW_CTX_DAG_RUN_ID='manual__2025-03-12T14:13:58.419334+00:00'
[2025-03-12T14:59:27.132+0000] {taskinstance.py:731} INFO - ::endgroup::
[2025-03-12T14:59:27.137+0000] {sql.py:266} INFO - Executing: -- Fact Tables Creating
CREATE SCHEMA IF NOT EXISTS chess_dw;
CREATE TABLE IF NOT EXISTS chess_dw.fact_games (
    game_url VARCHAR PRIMARY KEY,
    time_control VARCHAR,
    rated BOOLEAN,
    time_class VARCHAR,
    rules VARCHAR,
    white_rating INT,
    white_result VARCHAR(10),
    black_rating INT,
    black_result VARCHAR(10),
    pgn_event VARCHAR,
    pgn_site VARCHAR,
    game_date DATE,
    pgn_white_user VARCHAR,
    pgn_black_user VARCHAR,
    pgn_result VARCHAR,
    pgn_current_position VARCHAR,
    pgn_timezone VARCHAR,
    pgn_eco VARCHAR,
    pgn_eco_url VARCHAR,
    start_time TIMESTAMP,
    end_time TIMESTAMP,
    end_game_date TIMESTAMP,
    pgn_raw VARCHAR,
    pgn_trans VARCHAR,
    last_updated TIMESTAMP
);


-- Dimension tables creation
CREATE TABLE IF NOT EXISTS chess_dw.dim_date (
    id_dim_date INTEGER,
    game_date DATE,
    day VARCHAR,
    day_of_week VARCHAR,
    day_of_month VARCHAR,
    month VARCHAR,
    month_name VARCHAR,
    quarter VARCHAR,
    year VARCHAR,
    is_weekend VARCHAR
);


CREATE TABLE IF NOT EXISTS chess_dw.dim_openings (
    eco_pgn VARCHAR PRIMARY KEY, 
    opening_letter VARCHAR(1),
    eco_family_code VARCHAR(3),
    eco_full_name VARCHAR,
    eco_shortname VARCHAR
);


CREATE TABLE IF NOT EXISTS chess_dw.dim_users (
    user_id VARCHAR PRIMARY KEY,
    full_name VARCHAR,
    Nationality VARCHAR
);
[2025-03-12T14:59:27.155+0000] {base.py:84} INFO - Retrieving connection 'azure_chess_dw'
[2025-03-12T14:59:27.171+0000] {base.py:84} INFO - Retrieving connection 'azure_chess_dw'
[2025-03-12T14:59:30.237+0000] {sql.py:509} INFO - Running statement: -- Fact Tables Creating
CREATE SCHEMA IF NOT EXISTS chess_dw;
CREATE TABLE IF NOT EXISTS chess_dw.fact_games (
    game_url VARCHAR PRIMARY KEY,
    time_control VARCHAR,
    rated BOOLEAN,
    time_class VARCHAR,
    rules VARCHAR,
    white_rating INT,
    white_result VARCHAR(10),
    black_rating INT,
    black_result VARCHAR(10),
    pgn_event VARCHAR,
    pgn_site VARCHAR,
    game_date DATE,
    pgn_white_user VARCHAR,
    pgn_black_user VARCHAR,
    pgn_result VARCHAR,
    pgn_current_position VARCHAR,
    pgn_timezone VARCHAR,
    pgn_eco VARCHAR,
    pgn_eco_url VARCHAR,
    start_time TIMESTAMP,
    end_time TIMESTAMP,
    end_game_date TIMESTAMP,
    pgn_raw VARCHAR,
    pgn_trans VARCHAR,
    last_updated TIMESTAMP
);


-- Dimension tables creation
CREATE TABLE IF NOT EXISTS chess_dw.dim_date (
    id_dim_date INTEGER,
    game_date DATE,
    day VARCHAR,
    day_of_week VARCHAR,
    day_of_month VARCHAR,
    month VARCHAR,
    month_name VARCHAR,
    quarter VARCHAR,
    year VARCHAR,
    is_weekend VARCHAR
);


CREATE TABLE IF NOT EXISTS chess_dw.dim_openings (
    eco_pgn VARCHAR PRIMARY KEY, 
    opening_letter VARCHAR(1),
    eco_family_code VARCHAR(3),
    eco_full_name VARCHAR,
    eco_shortname VARCHAR
);


CREATE TABLE IF NOT EXISTS chess_dw.dim_users (
    user_id VARCHAR PRIMARY KEY,
    full_name VARCHAR,
    Nationality VARCHAR
);, parameters: None
[2025-03-12T14:59:30.929+0000] {taskinstance.py:340} INFO - ::group::Post task execution logs
[2025-03-12T14:59:30.930+0000] {taskinstance.py:352} INFO - Marking task as SUCCESS. dag_id=load_data_warehouse, task_id=create_data_warehouse, run_id=manual__2025-03-12T14:13:58.419334+00:00, execution_date=20250312T141358, start_date=20250312T145926, end_date=20250312T145930
[2025-03-12T14:59:31.004+0000] {local_task_job_runner.py:266} INFO - Task exited with return code 0
[2025-03-12T14:59:31.031+0000] {warnings.py:112} WARNING - /home/***/.local/lib/python3.12/site-packages/***/models/baseoperator.py:1378: AirflowProviderDeprecationWarning: Call to deprecated class PostgresOperator. (Please use `***.providers.common.sql.operators.sql.SQLExecuteQueryOperator`.Also, you can provide `hook_params={'schema': <database>}`.)
  result = cls.__new__(cls)

[2025-03-12T14:59:31.073+0000] {taskinstance.py:3900} INFO - 1 downstream tasks scheduled from follow-on schedule check
[2025-03-12T14:59:31.078+0000] {local_task_job_runner.py:245} INFO - ::endgroup::
