[2025-03-31T17:56:25.182+0000] {local_task_job_runner.py:123} INFO - ::group::Pre task execution logs
[2025-03-31T17:56:25.220+0000] {taskinstance.py:2612} INFO - Dependencies all met for dep_context=non-requeueable deps ti=<TaskInstance: load_data_warehouse.get_last_updated_date dataset_triggered__2025-03-31T17:56:16.381575+00:00 [queued]>
[2025-03-31T17:56:25.237+0000] {taskinstance.py:2612} INFO - Dependencies all met for dep_context=requeueable deps ti=<TaskInstance: load_data_warehouse.get_last_updated_date dataset_triggered__2025-03-31T17:56:16.381575+00:00 [queued]>
[2025-03-31T17:56:25.238+0000] {taskinstance.py:2865} INFO - Starting attempt 1 of 2
[2025-03-31T17:56:25.263+0000] {taskinstance.py:2888} INFO - Executing <Task(PostgresOperator): get_last_updated_date> on 2025-03-31 17:56:16.381575+00:00
[2025-03-31T17:56:25.277+0000] {warnings.py:112} WARNING - /home/***/.local/lib/python3.12/site-packages/***/task/task_runner/standard_task_runner.py:70: DeprecationWarning: This process (pid=12534) is multi-threaded, use of fork() may lead to deadlocks in the child.
  pid = os.fork()

[2025-03-31T17:56:25.279+0000] {standard_task_runner.py:72} INFO - Started process 12543 to run task
[2025-03-31T17:56:25.280+0000] {standard_task_runner.py:104} INFO - Running: ['***', 'tasks', 'run', 'load_data_warehouse', 'get_last_updated_date', 'dataset_triggered__2025-03-31T17:56:16.381575+00:00', '--job-id', '1006', '--raw', '--subdir', 'DAGS_FOLDER/load_data_warehouse_dag.py', '--cfg-path', '/tmp/tmp59p566bv']
[2025-03-31T17:56:25.285+0000] {standard_task_runner.py:105} INFO - Job 1006: Subtask get_last_updated_date
[2025-03-31T17:56:25.355+0000] {task_command.py:467} INFO - Running <TaskInstance: load_data_warehouse.get_last_updated_date dataset_triggered__2025-03-31T17:56:16.381575+00:00 [running]> on host 3b3ac09dc50a
[2025-03-31T17:56:25.540+0000] {taskinstance.py:3131} INFO - Exporting env vars: AIRFLOW_CTX_DAG_OWNER='***' AIRFLOW_CTX_DAG_ID='load_data_warehouse' AIRFLOW_CTX_TASK_ID='get_last_updated_date' AIRFLOW_CTX_EXECUTION_DATE='2025-03-31T17:56:16.381575+00:00' AIRFLOW_CTX_TRY_NUMBER='1' AIRFLOW_CTX_DAG_RUN_ID='dataset_triggered__2025-03-31T17:56:16.381575+00:00'
[2025-03-31T17:56:25.545+0000] {taskinstance.py:731} INFO - ::endgroup::
[2025-03-31T17:56:25.552+0000] {sql.py:266} INFO - Executing: SELECT last_updated FROM chess_dw.fact_games ORDER BY last_updated DESC LIMIT 1;
[2025-03-31T17:56:25.571+0000] {base.py:84} INFO - Retrieving connection 'azure_chess_dw'
[2025-03-31T17:56:25.597+0000] {base.py:84} INFO - Retrieving connection 'azure_chess_dw'
[2025-03-31T17:56:27.520+0000] {sql.py:509} INFO - Running statement: SELECT last_updated FROM chess_dw.fact_games ORDER BY last_updated DESC LIMIT 1;, parameters: None
[2025-03-31T17:56:27.995+0000] {sql.py:518} INFO - Rows affected: 1
[2025-03-31T17:56:28.253+0000] {taskinstance.py:340} INFO - ::group::Post task execution logs
[2025-03-31T17:56:28.254+0000] {taskinstance.py:352} INFO - Marking task as SUCCESS. dag_id=load_data_warehouse, task_id=get_last_updated_date, run_id=dataset_triggered__2025-03-31T17:56:16.381575+00:00, execution_date=20250331T175616, start_date=20250331T175625, end_date=20250331T175628
[2025-03-31T17:56:28.312+0000] {local_task_job_runner.py:266} INFO - Task exited with return code 0
[2025-03-31T17:56:28.330+0000] {local_task_job_runner.py:245} INFO - ::endgroup::
