[2025-03-31T11:29:44.010+0000] {local_task_job_runner.py:123} INFO - ::group::Pre task execution logs
[2025-03-31T11:29:44.065+0000] {taskinstance.py:2612} INFO - Dependencies all met for dep_context=non-requeueable deps ti=<TaskInstance: load_data_warehouse.load_dim_openings_dw dataset_triggered__2025-03-31T10:40:26.615476+00:00 [queued]>
[2025-03-31T11:29:44.098+0000] {taskinstance.py:2612} INFO - Dependencies all met for dep_context=requeueable deps ti=<TaskInstance: load_data_warehouse.load_dim_openings_dw dataset_triggered__2025-03-31T10:40:26.615476+00:00 [queued]>
[2025-03-31T11:29:44.098+0000] {taskinstance.py:2865} INFO - Starting attempt 3 of 4
[2025-03-31T11:29:44.136+0000] {taskinstance.py:2888} INFO - Executing <Task(PythonOperator): load_dim_openings_dw> on 2025-03-31 10:40:26.615476+00:00
[2025-03-31T11:29:44.159+0000] {warnings.py:112} WARNING - /home/***/.local/lib/python3.12/site-packages/***/task/task_runner/standard_task_runner.py:70: DeprecationWarning: This process (pid=3335) is multi-threaded, use of fork() may lead to deadlocks in the child.
  pid = os.fork()

[2025-03-31T11:29:44.164+0000] {standard_task_runner.py:72} INFO - Started process 3371 to run task
[2025-03-31T11:29:44.169+0000] {standard_task_runner.py:104} INFO - Running: ['***', 'tasks', 'run', 'load_data_warehouse', 'load_dim_openings_dw', 'dataset_triggered__2025-03-31T10:40:26.615476+00:00', '--job-id', '869', '--raw', '--subdir', 'DAGS_FOLDER/load_data_warehouse_dag.py', '--cfg-path', '/tmp/tmpzgy_8f9q']
[2025-03-31T11:29:44.178+0000] {standard_task_runner.py:105} INFO - Job 869: Subtask load_dim_openings_dw
[2025-03-31T11:29:44.279+0000] {task_command.py:467} INFO - Running <TaskInstance: load_data_warehouse.load_dim_openings_dw dataset_triggered__2025-03-31T10:40:26.615476+00:00 [running]> on host 3b3ac09dc50a
[2025-03-31T11:29:44.419+0000] {taskinstance.py:3131} INFO - Exporting env vars: AIRFLOW_CTX_DAG_OWNER='***' AIRFLOW_CTX_DAG_ID='load_data_warehouse' AIRFLOW_CTX_TASK_ID='load_dim_openings_dw' AIRFLOW_CTX_EXECUTION_DATE='2025-03-31T10:40:26.615476+00:00' AIRFLOW_CTX_TRY_NUMBER='3' AIRFLOW_CTX_DAG_RUN_ID='dataset_triggered__2025-03-31T10:40:26.615476+00:00'
[2025-03-31T11:29:44.421+0000] {taskinstance.py:731} INFO - ::endgroup::
[2025-03-31T11:29:47.441+0000] {logging_mixin.py:190} INFO - ✅ gold/dim_openings.parquet Loaded: 483 rows, 3 columns
[2025-03-31T11:29:47.464+0000] {base.py:84} INFO - Retrieving connection 'azure_chess_dw'
[2025-03-31T11:29:47.499+0000] {base.py:84} INFO - Retrieving connection 'azure_chess_dw'
[2025-03-31T11:29:56.593+0000] {logging_mixin.py:190} INFO - Successfully Loaded gold/dim_openings.parquet Data to Postgres table dim_openings
[2025-03-31T11:29:56.595+0000] {python.py:240} INFO - Done. Returned value was: None
[2025-03-31T11:29:56.609+0000] {taskinstance.py:340} INFO - ::group::Post task execution logs
[2025-03-31T11:29:56.609+0000] {taskinstance.py:352} INFO - Marking task as SUCCESS. dag_id=load_data_warehouse, task_id=load_dim_openings_dw, run_id=dataset_triggered__2025-03-31T10:40:26.615476+00:00, execution_date=20250331T104026, start_date=20250331T112944, end_date=20250331T112956
[2025-03-31T11:29:56.661+0000] {local_task_job_runner.py:266} INFO - Task exited with return code 0
[2025-03-31T11:29:56.684+0000] {taskinstance.py:3900} INFO - 0 downstream tasks scheduled from follow-on schedule check
[2025-03-31T11:29:56.692+0000] {local_task_job_runner.py:245} INFO - ::endgroup::
