[2025-03-31T18:09:06.110+0000] {local_task_job_runner.py:123} INFO - ::group::Pre task execution logs
[2025-03-31T18:09:06.377+0000] {taskinstance.py:2612} INFO - Dependencies all met for dep_context=non-requeueable deps ti=<TaskInstance: load_data_warehouse.load_dim_openings_dw dataset_triggered__2025-03-31T18:08:03.179613+00:00 [queued]>
[2025-03-31T18:09:06.461+0000] {taskinstance.py:2612} INFO - Dependencies all met for dep_context=requeueable deps ti=<TaskInstance: load_data_warehouse.load_dim_openings_dw dataset_triggered__2025-03-31T18:08:03.179613+00:00 [queued]>
[2025-03-31T18:09:06.464+0000] {taskinstance.py:2865} INFO - Starting attempt 1 of 2
[2025-03-31T18:09:06.997+0000] {taskinstance.py:2888} INFO - Executing <Task(PythonOperator): load_dim_openings_dw> on 2025-03-31 18:08:03.179613+00:00
[2025-03-31T18:09:07.197+0000] {warnings.py:112} WARNING - /home/***/.local/lib/python3.12/site-packages/***/task/task_runner/standard_task_runner.py:70: DeprecationWarning: This process (pid=14086) is multi-threaded, use of fork() may lead to deadlocks in the child.
  pid = os.fork()

[2025-03-31T18:09:07.225+0000] {standard_task_runner.py:72} INFO - Started process 14261 to run task
[2025-03-31T18:09:07.377+0000] {standard_task_runner.py:104} INFO - Running: ['***', 'tasks', 'run', 'load_data_warehouse', 'load_dim_openings_dw', 'dataset_triggered__2025-03-31T18:08:03.179613+00:00', '--job-id', '1051', '--raw', '--subdir', 'DAGS_FOLDER/load_data_warehouse_dag.py', '--cfg-path', '/tmp/tmpl3kvthtq']
[2025-03-31T18:09:07.440+0000] {standard_task_runner.py:105} INFO - Job 1051: Subtask load_dim_openings_dw
[2025-03-31T18:09:07.971+0000] {task_command.py:467} INFO - Running <TaskInstance: load_data_warehouse.load_dim_openings_dw dataset_triggered__2025-03-31T18:08:03.179613+00:00 [running]> on host 3b3ac09dc50a
[2025-03-31T18:09:09.138+0000] {taskinstance.py:3131} INFO - Exporting env vars: AIRFLOW_CTX_DAG_OWNER='***' AIRFLOW_CTX_DAG_ID='load_data_warehouse' AIRFLOW_CTX_TASK_ID='load_dim_openings_dw' AIRFLOW_CTX_EXECUTION_DATE='2025-03-31T18:08:03.179613+00:00' AIRFLOW_CTX_TRY_NUMBER='1' AIRFLOW_CTX_DAG_RUN_ID='dataset_triggered__2025-03-31T18:08:03.179613+00:00'
[2025-03-31T18:09:09.173+0000] {taskinstance.py:731} INFO - ::endgroup::
[2025-03-31T18:09:13.528+0000] {logging_mixin.py:190} INFO - ✅ gold/dim_openings.parquet Loaded: 1171 rows, 3 columns
[2025-03-31T18:09:13.648+0000] {base.py:84} INFO - Retrieving connection 'azure_chess_dw'
[2025-03-31T18:09:13.803+0000] {base.py:84} INFO - Retrieving connection 'azure_chess_dw'
[2025-03-31T18:09:24.204+0000] {logging_mixin.py:190} INFO - Successfully Loaded gold/dim_openings.parquet Data to Postgres table dim_openings
[2025-03-31T18:09:24.227+0000] {python.py:240} INFO - Done. Returned value was: None
[2025-03-31T18:09:24.368+0000] {taskinstance.py:340} INFO - ::group::Post task execution logs
[2025-03-31T18:09:24.376+0000] {taskinstance.py:352} INFO - Marking task as SUCCESS. dag_id=load_data_warehouse, task_id=load_dim_openings_dw, run_id=dataset_triggered__2025-03-31T18:08:03.179613+00:00, execution_date=20250331T180803, start_date=20250331T180906, end_date=20250331T180924
[2025-03-31T18:09:24.660+0000] {local_task_job_runner.py:266} INFO - Task exited with return code 0
[2025-03-31T18:09:24.748+0000] {local_task_job_runner.py:245} INFO - ::endgroup::
