[2025-02-18T16:12:08.444+0000] {local_task_job_runner.py:123} INFO - ::group::Pre task execution logs
[2025-02-18T16:12:08.485+0000] {taskinstance.py:2612} INFO - Dependencies all met for dep_context=non-requeueable deps ti=<TaskInstance: pull_data_from_chess_api.transform_json_to_fact_table scheduled__2025-01-01T00:00:00+00:00 [queued]>
[2025-02-18T16:12:08.503+0000] {taskinstance.py:2612} INFO - Dependencies all met for dep_context=requeueable deps ti=<TaskInstance: pull_data_from_chess_api.transform_json_to_fact_table scheduled__2025-01-01T00:00:00+00:00 [queued]>
[2025-02-18T16:12:08.504+0000] {taskinstance.py:2865} INFO - Starting attempt 2 of 2
[2025-02-18T16:12:08.545+0000] {taskinstance.py:2888} INFO - Executing <Task(PythonOperator): transform_json_to_fact_table> on 2025-01-01 00:00:00+00:00
[2025-02-18T16:12:08.561+0000] {warnings.py:112} WARNING - /home/***/.local/lib/python3.12/site-packages/***/task/task_runner/standard_task_runner.py:70: DeprecationWarning: This process (pid=3073) is multi-threaded, use of fork() may lead to deadlocks in the child.
  pid = os.fork()

[2025-02-18T16:12:08.564+0000] {standard_task_runner.py:72} INFO - Started process 3074 to run task
[2025-02-18T16:12:08.567+0000] {standard_task_runner.py:104} INFO - Running: ['***', 'tasks', 'run', 'pull_data_from_chess_api', 'transform_json_to_fact_table', 'scheduled__2025-01-01T00:00:00+00:00', '--job-id', '166', '--raw', '--subdir', 'DAGS_FOLDER/chess_dag.py', '--cfg-path', '/tmp/tmpiy0yiw1g']
[2025-02-18T16:12:08.572+0000] {standard_task_runner.py:105} INFO - Job 166: Subtask transform_json_to_fact_table
[2025-02-18T16:12:08.669+0000] {task_command.py:467} INFO - Running <TaskInstance: pull_data_from_chess_api.transform_json_to_fact_table scheduled__2025-01-01T00:00:00+00:00 [running]> on host 4ed02a11bf8e
[2025-02-18T16:12:08.978+0000] {taskinstance.py:3131} INFO - Exporting env vars: AIRFLOW_CTX_DAG_OWNER='***' AIRFLOW_CTX_DAG_ID='pull_data_from_chess_api' AIRFLOW_CTX_TASK_ID='transform_json_to_fact_table' AIRFLOW_CTX_EXECUTION_DATE='2025-01-01T00:00:00+00:00' AIRFLOW_CTX_TRY_NUMBER='2' AIRFLOW_CTX_DAG_RUN_ID='scheduled__2025-01-01T00:00:00+00:00'
[2025-02-18T16:12:08.980+0000] {taskinstance.py:731} INFO - ::endgroup::
[2025-02-18T16:12:09.097+0000] {connection.py:531} ERROR - Unable to retrieve connection from secrets backend (EnvironmentVariablesBackend). Checking subsequent secrets backend.
Traceback (most recent call last):
  File "/home/airflow/.local/lib/python3.12/site-packages/airflow/models/connection.py", line 526, in get_connection_from_secrets
    conn = secrets_backend.get_connection(conn_id=conn_id)
           ^^^^^^^^^^^^^^^^^^^^^^^^^^^^^^^^^^^^^^^^^^^^^^^
  File "/home/airflow/.local/lib/python3.12/site-packages/airflow/secrets/base_secrets.py", line 116, in get_connection
    return self.deserialize_connection(conn_id=conn_id, value=value)
           ^^^^^^^^^^^^^^^^^^^^^^^^^^^^^^^^^^^^^^^^^^^^^^^^^^^^^^^^^
  File "/home/airflow/.local/lib/python3.12/site-packages/airflow/secrets/base_secrets.py", line 70, in deserialize_connection
    return Connection(conn_id=conn_id, uri=value)
           ^^^^^^^^^^^^^^^^^^^^^^^^^^^^^^^^^^^^^^
  File "<string>", line 4, in __init__
  File "/home/airflow/.local/lib/python3.12/site-packages/sqlalchemy/orm/state.py", line 481, in _initialize_instance
    with util.safe_reraise():
         ^^^^^^^^^^^^^^^^^^^
  File "/home/airflow/.local/lib/python3.12/site-packages/sqlalchemy/util/langhelpers.py", line 70, in __exit__
    compat.raise_(
  File "/home/airflow/.local/lib/python3.12/site-packages/sqlalchemy/util/compat.py", line 211, in raise_
    raise exception
  File "/home/airflow/.local/lib/python3.12/site-packages/sqlalchemy/orm/state.py", line 479, in _initialize_instance
    return manager.original_init(*mixed[1:], **kwargs)
           ^^^^^^^^^^^^^^^^^^^^^^^^^^^^^^^^^^^^^^^^^^^
  File "/home/airflow/.local/lib/python3.12/site-packages/airflow/models/connection.py", line 169, in __init__
    self._parse_from_uri(uri)
  File "/home/airflow/.local/lib/python3.12/site-packages/airflow/models/connection.py", line 257, in _parse_from_uri
    self.port = uri_parts.port
                ^^^^^^^^^^^^^^
  File "/usr/local/lib/python3.12/urllib/parse.py", line 182, in port
    raise ValueError(f"Port could not be cast to integer value as {port!r}")
ValueError: Port could not be cast to integer value as 'DefaultEndpointsProtocol=https;AccountName=rbchesssa;AccountKey=lG9W+utkpTNorE0rTLlfDMUZsTPleXk6pXv6NnfDTi'
[2025-02-18T16:12:09.143+0000] {base.py:84} INFO - Retrieving connection 'azure_chess_storage'
[2025-02-18T16:12:10.250+0000] {logging_mixin.py:190} INFO - /tmp/tmpa5kw8033
[2025-02-18T16:12:10.266+0000] {taskinstance.py:3310} ERROR - Task failed with exception
Traceback (most recent call last):
  File "/home/airflow/.local/lib/python3.12/site-packages/airflow/models/taskinstance.py", line 767, in _execute_task
    result = _execute_callable(context=context, **execute_callable_kwargs)
             ^^^^^^^^^^^^^^^^^^^^^^^^^^^^^^^^^^^^^^^^^^^^^^^^^^^^^^^^^^^^^
  File "/home/airflow/.local/lib/python3.12/site-packages/airflow/models/taskinstance.py", line 733, in _execute_callable
    return ExecutionCallableRunner(
           ^^^^^^^^^^^^^^^^^^^^^^^^
  File "/home/airflow/.local/lib/python3.12/site-packages/airflow/utils/operator_helpers.py", line 252, in run
    return self.func(*args, **kwargs)
           ^^^^^^^^^^^^^^^^^^^^^^^^^^
  File "/home/airflow/.local/lib/python3.12/site-packages/airflow/models/baseoperator.py", line 406, in wrapper
    return func(self, *args, **kwargs)
           ^^^^^^^^^^^^^^^^^^^^^^^^^^^
  File "/home/airflow/.local/lib/python3.12/site-packages/airflow/operators/python.py", line 238, in execute
    return_value = self.execute_callable()
                   ^^^^^^^^^^^^^^^^^^^^^^^
  File "/home/airflow/.local/lib/python3.12/site-packages/airflow/operators/python.py", line 256, in execute_callable
    return runner.run(*self.op_args, **self.op_kwargs)
           ^^^^^^^^^^^^^^^^^^^^^^^^^^^^^^^^^^^^^^^^^^^
  File "/home/airflow/.local/lib/python3.12/site-packages/airflow/utils/operator_helpers.py", line 252, in run
    return self.func(*args, **kwargs)
           ^^^^^^^^^^^^^^^^^^^^^^^^^^
  File "/opt/airflow/dags/scripts/python_scripts.py", line 109, in transform_json_to_fact_table
    fact_table = duckdb.sql("""
                 ^^^^^^^^^^^^^^
duckdb.duckdb.BinderException: Binder Error: Referenced column "url" not found in FROM clause!
Candidate bindings: "json"
[2025-02-18T16:12:10.296+0000] {taskinstance.py:1225} INFO - Marking task as FAILED. dag_id=pull_data_from_chess_api, task_id=transform_json_to_fact_table, run_id=scheduled__2025-01-01T00:00:00+00:00, execution_date=20250101T000000, start_date=20250218T161208, end_date=20250218T161210
[2025-02-18T16:12:10.326+0000] {taskinstance.py:340} INFO - ::group::Post task execution logs
[2025-02-18T16:12:10.327+0000] {standard_task_runner.py:124} ERROR - Failed to execute job 166 for task transform_json_to_fact_table (Binder Error: Referenced column "url" not found in FROM clause!
Candidate bindings: "json"; 3074)
Traceback (most recent call last):
  File "/home/airflow/.local/lib/python3.12/site-packages/airflow/task/task_runner/standard_task_runner.py", line 117, in _start_by_fork
    ret = args.func(args, dag=self.dag)
          ^^^^^^^^^^^^^^^^^^^^^^^^^^^^^
  File "/home/airflow/.local/lib/python3.12/site-packages/airflow/cli/cli_config.py", line 49, in command
    return func(*args, **kwargs)
           ^^^^^^^^^^^^^^^^^^^^^
  File "/home/airflow/.local/lib/python3.12/site-packages/airflow/utils/cli.py", line 115, in wrapper
    return f(*args, **kwargs)
           ^^^^^^^^^^^^^^^^^^
  File "/home/airflow/.local/lib/python3.12/site-packages/airflow/cli/commands/task_command.py", line 483, in task_run
    task_return_code = _run_task_by_selected_method(args, _dag, ti)
                       ^^^^^^^^^^^^^^^^^^^^^^^^^^^^^^^^^^^^^^^^^^^^
  File "/home/airflow/.local/lib/python3.12/site-packages/airflow/cli/commands/task_command.py", line 256, in _run_task_by_selected_method
    return _run_raw_task(args, ti)
           ^^^^^^^^^^^^^^^^^^^^^^^
  File "/home/airflow/.local/lib/python3.12/site-packages/airflow/cli/commands/task_command.py", line 341, in _run_raw_task
    return ti._run_raw_task(
           ^^^^^^^^^^^^^^^^^
  File "/home/airflow/.local/lib/python3.12/site-packages/airflow/utils/session.py", line 97, in wrapper
    return func(*args, session=session, **kwargs)
           ^^^^^^^^^^^^^^^^^^^^^^^^^^^^^^^^^^^^^^
  File "/home/airflow/.local/lib/python3.12/site-packages/airflow/models/taskinstance.py", line 3004, in _run_raw_task
    return _run_raw_task(
           ^^^^^^^^^^^^^^
  File "/home/airflow/.local/lib/python3.12/site-packages/airflow/models/taskinstance.py", line 273, in _run_raw_task
    TaskInstance._execute_task_with_callbacks(
  File "/home/airflow/.local/lib/python3.12/site-packages/airflow/models/taskinstance.py", line 3158, in _execute_task_with_callbacks
    result = self._execute_task(context, task_orig)
             ^^^^^^^^^^^^^^^^^^^^^^^^^^^^^^^^^^^^^^
  File "/home/airflow/.local/lib/python3.12/site-packages/airflow/models/taskinstance.py", line 3182, in _execute_task
    return _execute_task(self, context, task_orig)
           ^^^^^^^^^^^^^^^^^^^^^^^^^^^^^^^^^^^^^^^
  File "/home/airflow/.local/lib/python3.12/site-packages/airflow/models/taskinstance.py", line 767, in _execute_task
    result = _execute_callable(context=context, **execute_callable_kwargs)
             ^^^^^^^^^^^^^^^^^^^^^^^^^^^^^^^^^^^^^^^^^^^^^^^^^^^^^^^^^^^^^
  File "/home/airflow/.local/lib/python3.12/site-packages/airflow/models/taskinstance.py", line 733, in _execute_callable
    return ExecutionCallableRunner(
           ^^^^^^^^^^^^^^^^^^^^^^^^
  File "/home/airflow/.local/lib/python3.12/site-packages/airflow/utils/operator_helpers.py", line 252, in run
    return self.func(*args, **kwargs)
           ^^^^^^^^^^^^^^^^^^^^^^^^^^
  File "/home/airflow/.local/lib/python3.12/site-packages/airflow/models/baseoperator.py", line 406, in wrapper
    return func(self, *args, **kwargs)
           ^^^^^^^^^^^^^^^^^^^^^^^^^^^
  File "/home/airflow/.local/lib/python3.12/site-packages/airflow/operators/python.py", line 238, in execute
    return_value = self.execute_callable()
                   ^^^^^^^^^^^^^^^^^^^^^^^
  File "/home/airflow/.local/lib/python3.12/site-packages/airflow/operators/python.py", line 256, in execute_callable
    return runner.run(*self.op_args, **self.op_kwargs)
           ^^^^^^^^^^^^^^^^^^^^^^^^^^^^^^^^^^^^^^^^^^^
  File "/home/airflow/.local/lib/python3.12/site-packages/airflow/utils/operator_helpers.py", line 252, in run
    return self.func(*args, **kwargs)
           ^^^^^^^^^^^^^^^^^^^^^^^^^^
  File "/opt/airflow/dags/scripts/python_scripts.py", line 109, in transform_json_to_fact_table
    fact_table = duckdb.sql("""
                 ^^^^^^^^^^^^^^
duckdb.duckdb.BinderException: Binder Error: Referenced column "url" not found in FROM clause!
Candidate bindings: "json"
[2025-02-18T16:12:10.363+0000] {local_task_job_runner.py:266} INFO - Task exited with return code 1
[2025-02-18T16:12:10.428+0000] {taskinstance.py:3900} INFO - 0 downstream tasks scheduled from follow-on schedule check
[2025-02-18T16:12:10.445+0000] {local_task_job_runner.py:245} INFO - ::endgroup::
[2025-03-24T21:08:32.526+0000] {local_task_job_runner.py:123} INFO - ::group::Pre task execution logs
[2025-03-24T21:08:32.555+0000] {taskinstance.py:2612} INFO - Dependencies all met for dep_context=non-requeueable deps ti=<TaskInstance: pull_data_from_chess_api.transform_json_to_fact_table scheduled__2025-01-01T00:00:00+00:00 [queued]>
[2025-03-24T21:08:32.567+0000] {taskinstance.py:2612} INFO - Dependencies all met for dep_context=requeueable deps ti=<TaskInstance: pull_data_from_chess_api.transform_json_to_fact_table scheduled__2025-01-01T00:00:00+00:00 [queued]>
[2025-03-24T21:08:32.567+0000] {taskinstance.py:2865} INFO - Starting attempt 2 of 3
[2025-03-24T21:08:32.587+0000] {taskinstance.py:2888} INFO - Executing <Task(PythonOperator): transform_json_to_fact_table> on 2025-01-01 00:00:00+00:00
[2025-03-24T21:08:32.595+0000] {warnings.py:112} WARNING - /home/***/.local/lib/python3.12/site-packages/***/task/task_runner/standard_task_runner.py:70: DeprecationWarning: This process (pid=17155) is multi-threaded, use of fork() may lead to deadlocks in the child.
  pid = os.fork()

[2025-03-24T21:08:32.597+0000] {standard_task_runner.py:72} INFO - Started process 17164 to run task
[2025-03-24T21:08:32.598+0000] {standard_task_runner.py:104} INFO - Running: ['***', 'tasks', 'run', 'pull_data_from_chess_api', 'transform_json_to_fact_table', 'scheduled__2025-01-01T00:00:00+00:00', '--job-id', '728', '--raw', '--subdir', 'DAGS_FOLDER/collect_chess_data_dag.py', '--cfg-path', '/tmp/tmpms28qklg']
[2025-03-24T21:08:32.601+0000] {standard_task_runner.py:105} INFO - Job 728: Subtask transform_json_to_fact_table
[2025-03-24T21:08:32.679+0000] {task_command.py:467} INFO - Running <TaskInstance: pull_data_from_chess_api.transform_json_to_fact_table scheduled__2025-01-01T00:00:00+00:00 [running]> on host 8de4e0a4beb2
[2025-03-24T21:08:32.864+0000] {taskinstance.py:3131} INFO - Exporting env vars: AIRFLOW_CTX_DAG_OWNER='***' AIRFLOW_CTX_DAG_ID='pull_data_from_chess_api' AIRFLOW_CTX_TASK_ID='transform_json_to_fact_table' AIRFLOW_CTX_EXECUTION_DATE='2025-01-01T00:00:00+00:00' AIRFLOW_CTX_TRY_NUMBER='2' AIRFLOW_CTX_DAG_RUN_ID='scheduled__2025-01-01T00:00:00+00:00'
[2025-03-24T21:08:32.866+0000] {taskinstance.py:731} INFO - ::endgroup::
[2025-03-24T21:08:32.880+0000] {connection.py:531} ERROR - Unable to retrieve connection from secrets backend (EnvironmentVariablesBackend). Checking subsequent secrets backend.
Traceback (most recent call last):
  File "/home/airflow/.local/lib/python3.12/site-packages/airflow/models/connection.py", line 526, in get_connection_from_secrets
    conn = secrets_backend.get_connection(conn_id=conn_id)
           ^^^^^^^^^^^^^^^^^^^^^^^^^^^^^^^^^^^^^^^^^^^^^^^
  File "/home/airflow/.local/lib/python3.12/site-packages/airflow/secrets/base_secrets.py", line 116, in get_connection
    return self.deserialize_connection(conn_id=conn_id, value=value)
           ^^^^^^^^^^^^^^^^^^^^^^^^^^^^^^^^^^^^^^^^^^^^^^^^^^^^^^^^^
  File "/home/airflow/.local/lib/python3.12/site-packages/airflow/secrets/base_secrets.py", line 70, in deserialize_connection
    return Connection(conn_id=conn_id, uri=value)
           ^^^^^^^^^^^^^^^^^^^^^^^^^^^^^^^^^^^^^^
  File "<string>", line 4, in __init__
  File "/home/airflow/.local/lib/python3.12/site-packages/sqlalchemy/orm/state.py", line 481, in _initialize_instance
    with util.safe_reraise():
         ^^^^^^^^^^^^^^^^^^^
  File "/home/airflow/.local/lib/python3.12/site-packages/sqlalchemy/util/langhelpers.py", line 70, in __exit__
    compat.raise_(
  File "/home/airflow/.local/lib/python3.12/site-packages/sqlalchemy/util/compat.py", line 211, in raise_
    raise exception
  File "/home/airflow/.local/lib/python3.12/site-packages/sqlalchemy/orm/state.py", line 479, in _initialize_instance
    return manager.original_init(*mixed[1:], **kwargs)
           ^^^^^^^^^^^^^^^^^^^^^^^^^^^^^^^^^^^^^^^^^^^
  File "/home/airflow/.local/lib/python3.12/site-packages/airflow/models/connection.py", line 169, in __init__
    self._parse_from_uri(uri)
  File "/home/airflow/.local/lib/python3.12/site-packages/airflow/models/connection.py", line 257, in _parse_from_uri
    self.port = uri_parts.port
                ^^^^^^^^^^^^^^
  File "/usr/local/lib/python3.12/urllib/parse.py", line 182, in port
    raise ValueError(f"Port could not be cast to integer value as {port!r}")
ValueError: Port could not be cast to integer value as 'DefaultEndpointsProtocol=https;AccountName=rbchesssa;AccountKey=lG9W+utkpTNorE0rTLlfDMUZsTPleXk6pXv6NnfDTi'
[2025-03-24T21:08:32.901+0000] {base.py:84} INFO - Retrieving connection 'azure_chess_storage'
[2025-03-24T21:08:35.135+0000] {logging_mixin.py:190} INFO - /tmp/tmpd5ucjevn
[2025-03-24T21:08:35.225+0000] {logging_mixin.py:190} INFO - Previewing Dataframe
[2025-03-24T21:08:35.230+0000] {logging_mixin.py:190} INFO - game_url                        object
time_control                    object
rated                             bool
time_class                      object
rules                           object
white_rating                     int64
white_result                    object
black_rating                     int64
black_result                    object
pgn_event                       object
pgn_site                        object
game_date               datetime64[us]
pgn_white_user                  object
pgn_black_user                  object
pgn_result                      object
pgn_current_position            object
pgn_timezone                    object
pgn_eco                         object
pgn_eco_url                     object
start_time                      object
end_time                        object
end_game_date           datetime64[us]
pgn_raw                         object
pgn_trans                       object
dtype: object
[2025-03-24T21:08:35.252+0000] {logging_mixin.py:190} INFO - https://www.chess.com/game/live/129473644755	180+2	True	blitz	chess	1333	timeout	1348	win	Live Chess	Chess.com	2025-01-01 00:00:00	i-k-i	Rhythmbear1	0-1	5R2/8/2p5/8/6p1/6k1/2r4p/5K2 w - -	UTC	C01	https://www.chess.com/openings/French-Defense-Exchange-Variation-3...exd5-4.Nc3	12:35:19	12:45:27	2025-01-01 00:00:00	e4 e6 d4 d5 exd5 exd5 Nc3 c6 Nf3 Bd6 Bd3 Ne7 Bg5 f6 Bh4 Bf5 Bg3 Bxd3 Qxd3 O-O O-O-O Nd7 h4 Qc7 Bxd6 Qxd6 g4 Rae8 h5 b5 Kb1 b4 Na4 Qf4 Rdg1 Nc8 h6 g6 Nc5 Nxc5 dxc5 a5 b3 Na7 g5 fxg5 Nxg5 Nb5 Nh3 Qf5 Qxf5 Rxf5 f4 Re2 Re1 Nc3+ Kb2 Kf7 Rxe2 Nxe2 Re1 Nxf4 Nxf4 Rxf4 a3 g5 axb4 axb4 Ra1 Kg6 Ra6 Rf6 Rb6 Kxh6 Rxb4 Kg6 Rg4 h5 Rg1 g4 c4 dxc4 bxc4 Rf2+ Kc3 Kf5 Kd4 Rf4+ Ke3 Rxc4 Rf1+ Kg5 Rf8 Rxc5 Rg8+ Kh4 Kf2 Rc3 Re8 Kg5 Rg8+ Kh4 Re8 Rc2+ Kg1 Kg3 Re1 h4 Re3+ Kf4 Re8 h3 Rf8+ Kg3 Kf1 h2	1. e4 e6 2. d4 d5 3. exd5 exd5 4. Nc3 c6 5. Nf3 Bd6 6. Bd3 Ne7 7. Bg5 f6 8. Bh4 Bf5 9. Bg3 Bxd3 10. Qxd3 O-O 11. O-O-O Nd7 12. h4 Qc7 13. Bxd6 Qxd6 14. g4 Rae8 15. h5 b5 16. Kb1 b4 17. Na4 Qf4 18. Rdg1 Nc8 19. h6 g6 20. Nc5 Nxc5 21. dxc5 a5 22. b3 Na7 23. g5 fxg5 24. Nxg5 Nb5 25. Nh3 Qf5 26. Qxf5 Rxf5 27. f4 Re2 28. Re1 Nc3+ 29. Kb2 Kf7 30. Rxe2 Nxe2 31. Re1 Nxf4 32. Nxf4 Rxf4 33. a3 g5 34. axb4 axb4 35. Ra1 Kg6 36. Ra6 Rf6 37. Rb6 Kxh6 38. Rxb4 Kg6 39. Rg4 h5 40. Rg1 g4 41. c4 dxc4 42. bxc4 Rf2+ 43. Kc3 Kf5 44. Kd4 Rf4+ 45. Ke3 Rxc4 46. Rf1+ Kg5 47. Rf8 Rxc5 48. Rg8+ Kh4 49. Kf2 Rc3 50. Re8 Kg5 51. Rg8+ Kh4 52. Re8 Rc2+ 53. Kg1 Kg3 54. Re1 h4 55. Re3+ Kf4 56. Re8 h3 57. Rf8+ Kg3 58. Kf1 h2
https://www.chess.com/game/live/129474743497	180+2	True	blitz	chess	1368	win	1340	timeout	Live Chess	Chess.com	2025-01-01 00:00:00	AdamLoblaw	Rhythmbear1	1-0	5bk1/5pp1/4p2p/4P3/1P6/3Q3P/5KP1/2R5 b - -	UTC	C00	https://www.chess.com/openings/French-Defense	12:45:56	12:53:57	2025-01-01 00:00:00	e4 e6 c3 d5 Qc2 c5 Nf3 Nf6 e5 Nfd7 Bb5 Be7 d4 cxd4 cxd4 O-O O-O Nb6 Bf4 Bd7 a4 Nc6 Nbd2 Rc8 Qb3 Na5 Qa2 Bxb5 axb5 Nac4 Qxa7 Qc7 Qa2 Ra8 Qb1 Rab8 b4 Qd7 Nxc4 Nxc4 b6 Qb5 Qd3 Qxb6 Rfb1 Ra8 Rxa8 Rxa8 Nd2 Ra3 Nxc4 Qb5 Qxa3 Qxc4 Qa8+ Bf8 Qxb7 Qxd4 Be3 Qd3 Rc1 h6 h3 d4 Qd7 dxe3 Qxd3 exf2+ Kxf2	1. e4 e6 2. c3 d5 3. Qc2 c5 4. Nf3 Nf6 5. e5 Nfd7 6. Bb5 Be7 7. d4 cxd4 8. cxd4 O-O 9. O-O Nb6 10. Bf4 Bd7 11. a4 Nc6 12. Nbd2 Rc8 13. Qb3 Na5 14. Qa2 Bxb5 15. axb5 Nac4 16. Qxa7 Qc7 17. Qa2 Ra8 18. Qb1 Rab8 19. b4 Qd7 20. Nxc4 Nxc4 21. b6 Qb5 22. Qd3 Qxb6 23. Rfb1 Ra8 24. Rxa8 Rxa8 25. Nd2 Ra3 26. Nxc4 Qb5 27. Qxa3 Qxc4 28. Qa8+ Bf8 29. Qxb7 Qxd4 30. Be3 Qd3 31. Rc1 h6 32. h3 d4 33. Qd7 dxe3 34. Qxd3 exf2+ 35. Kxf2 
https://www.chess.com/game/live/129479562359	180+2	True	blitz	chess	1432	win	1334	checkmated	Live Chess	Chess.com	2025-01-01 00:00:00	thrNew	Rhythmbear1	1-0	4R2k/1bp2npp/1p1p4/5q1N/3P4/6PP/PP5K/2R5 b - -	UTC	C20	https://www.chess.com/openings/Kings-Pawn-Opening-The-Whale-Variation	14:07:29	14:14:47	2025-01-01 00:00:00	c4 e5 e4 d6 Ne2 f5 Nbc3 Nf6 d3 Be7 h3 O-O g3 Nc6 Bg2 b6 exf5 Bb7 f4 exf4 Nxf4 Qd7 Ne6 Rfe8 O-O Rab8 Bd5 Kh8 Kh2 Nxd5 cxd5 Ne5 d4 Nf7 Be3 Bf6 Qd2 Qe7 Nb5 Rec8 Nxa7 Bxd5 Nxc8 Rxc8 Nf4 Bb7 Rac1 Bg5 Rfe1 Qf6 Nh5 Bxe3 Qxe3 Qxf5 Qe8+ Rxe8 Rxe8#	1. c4 e5 2. e4 d6 3. Ne2 f5 4. Nbc3 Nf6 5. d3 Be7 6. h3 O-O 7. g3 Nc6 8. Bg2 b6 9. exf5 Bb7 10. f4 exf4 11. Nxf4 Qd7 12. Ne6 Rfe8 13. O-O Rab8 14. Bd5 Kh8 15. Kh2 Nxd5 16. cxd5 Ne5 17. d4 Nf7 18. Be3 Bf6 19. Qd2 Qe7 20. Nb5 Rec8 21. Nxa7 Bxd5 22. Nxc8 Rxc8 23. Nf4 Bb7 24. Rac1 Bg5 25. Rfe1 Qf6 26. Nh5 Bxe3 27. Qxe3 Qxf5 28. Qe8+ Rxe8 29. Rxe8# 
https://www.chess.com/game/live/129479652553	180+2	True	blitz	chess	1342	win	1337	timeout	Live Chess	Chess.com	2025-01-01 00:00:00	Rhythmbear1	Onizukaaaaaaaaaaa	1-0	1r2k3/4pn2/b3Q2p/p1Np2p1/P7/1P3P1P/1r4PK/1B2R3 b - -	UTC	B00	https://www.chess.com/openings/Kings-Pawn-Opening-Borg-Defense-Borg-Gambit	14:14:54	14:23:23	2025-01-01 00:00:00	e4 g5 d4 Bg7 Nf3 h6 h3 c5 c3 cxd4 Nxd4 Nc6 Nxc6 bxc6 Bc4 Qb6 Bb3 a5 O-O Ba6 Be3 Qb7 Re1 Nf6 a4 Nxe4 Qc2 d5 Ba2 Rb8 b3 O-O Bd4 Bxd4 cxd4 Qb4 f3 Qxe1+ Kh2 Qg3+ Kg1 Nd6 Nd2 Rfc8 Bb1 Qe1+ Kh2 f5 Ba2 Kf8 Rxe1 c5 dxc5 Nf7 Qxf5 Rxc5 Ne4 Rc2 Bb1 Rb2 Nc5 Ke8 Qe6	1. e4 g5 2. d4 Bg7 3. Nf3 h6 4. h3 c5 5. c3 cxd4 6. Nxd4 Nc6 7. Nxc6 bxc6 8. Bc4 Qb6 9. Bb3 a5 10. O-O Ba6 11. Be3 Qb7 12. Re1 Nf6 13. a4 Nxe4 14. Qc2 d5 15. Ba2 Rb8 16. b3 O-O 17. Bd4 Bxd4 18. cxd4 Qb4 19. f3 Qxe1+ 20. Kh2 Qg3+ 21. Kg1 Nd6 22. Nd2 Rfc8 23. Bb1 Qe1+ 24. Kh2 f5 25. Ba2 Kf8 26. Rxe1 c5 27. dxc5 Nf7 28. Qxf5 Rxc5 29. Ne4 Rc2 30. Bb1 Rb2 31. Nc5 Ke8 32. Qe6 
https://www.chess.com/game/live/129480236557	180+2	True	blitz	chess	1334	timeout	1363	win	Live Chess	Chess.com	2025-01-01 00:00:00	Rhythmbear1	serhatdog34	0-1	r2q1rk1/ppp1p1bp/2n3p1/3pP3/2nP2b1/1NP2N2/PP2B1PP/R1BQ1RK1 w - -	UTC	B06	https://www.chess.com/openings/Modern-Defense-with-1-e4-2.d4-Bg7-3.c3-d5	14:23:29	14:28:58	2025-01-01 00:00:00	e4 g6 d4 Bg7 c3 d5 Bd3 Nf6 Nd2 O-O e5 Nfd7 f4 f6 Ngf3 fxe5 fxe5 Nb6 O-O Nc6 Nb3 Bg4 Be2 Nc4	1. e4 g6 2. d4 Bg7 3. c3 d5 4. Bd3 Nf6 5. Nd2 O-O 6. e5 Nfd7 7. f4 f6 8. Ngf3 fxe5 9. fxe5 Nb6 10. O-O Nc6 11. Nb3 Bg4 12. Be2 Nc4
[2025-03-24T21:08:35.992+0000] {logging_mixin.py:190} INFO - Successfully Transformed Data and Loaded to Azure Storage as silver/fact-2025-01-games.parquet
[2025-03-24T21:08:35.993+0000] {python.py:240} INFO - Done. Returned value was: None
[2025-03-24T21:08:36.005+0000] {taskinstance.py:340} INFO - ::group::Post task execution logs
[2025-03-24T21:08:36.006+0000] {taskinstance.py:352} INFO - Marking task as SUCCESS. dag_id=pull_data_from_chess_api, task_id=transform_json_to_fact_table, run_id=scheduled__2025-01-01T00:00:00+00:00, execution_date=20250101T000000, start_date=20250324T210832, end_date=20250324T210836
[2025-03-24T21:08:36.072+0000] {local_task_job_runner.py:266} INFO - Task exited with return code 0
[2025-03-24T21:08:36.107+0000] {taskinstance.py:3900} INFO - 4 downstream tasks scheduled from follow-on schedule check
[2025-03-24T21:08:36.111+0000] {local_task_job_runner.py:245} INFO - ::endgroup::
