[2025-02-18T16:09:47.972+0000] {local_task_job_runner.py:123} INFO - ::group::Pre task execution logs
[2025-02-18T16:09:48.009+0000] {taskinstance.py:2612} INFO - Dependencies all met for dep_context=non-requeueable deps ti=<TaskInstance: pull_data_from_chess_api.extract_data_from_chess_api scheduled__2023-07-01T00:00:00+00:00 [queued]>
[2025-02-18T16:09:48.030+0000] {taskinstance.py:2612} INFO - Dependencies all met for dep_context=requeueable deps ti=<TaskInstance: pull_data_from_chess_api.extract_data_from_chess_api scheduled__2023-07-01T00:00:00+00:00 [queued]>
[2025-02-18T16:09:48.031+0000] {taskinstance.py:2865} INFO - Starting attempt 1 of 2
[2025-02-18T16:09:48.053+0000] {taskinstance.py:2888} INFO - Executing <Task(PythonOperator): extract_data_from_chess_api> on 2023-07-01 00:00:00+00:00
[2025-02-18T16:09:48.063+0000] {warnings.py:112} WARNING - /home/***/.local/lib/python3.12/site-packages/***/task/task_runner/standard_task_runner.py:70: DeprecationWarning: This process (pid=2936) is multi-threaded, use of fork() may lead to deadlocks in the child.
  pid = os.fork()

[2025-02-18T16:09:48.066+0000] {standard_task_runner.py:72} INFO - Started process 2937 to run task
[2025-02-18T16:09:48.066+0000] {standard_task_runner.py:104} INFO - Running: ['***', 'tasks', 'run', 'pull_data_from_chess_api', 'extract_data_from_chess_api', 'scheduled__2023-07-01T00:00:00+00:00', '--job-id', '151', '--raw', '--subdir', 'DAGS_FOLDER/chess_dag.py', '--cfg-path', '/tmp/tmptof6kqxe']
[2025-02-18T16:09:48.069+0000] {standard_task_runner.py:105} INFO - Job 151: Subtask extract_data_from_chess_api
[2025-02-18T16:09:48.166+0000] {task_command.py:467} INFO - Running <TaskInstance: pull_data_from_chess_api.extract_data_from_chess_api scheduled__2023-07-01T00:00:00+00:00 [running]> on host 4ed02a11bf8e
[2025-02-18T16:09:48.379+0000] {taskinstance.py:3131} INFO - Exporting env vars: AIRFLOW_CTX_DAG_OWNER='***' AIRFLOW_CTX_DAG_ID='pull_data_from_chess_api' AIRFLOW_CTX_TASK_ID='extract_data_from_chess_api' AIRFLOW_CTX_EXECUTION_DATE='2023-07-01T00:00:00+00:00' AIRFLOW_CTX_TRY_NUMBER='1' AIRFLOW_CTX_DAG_RUN_ID='scheduled__2023-07-01T00:00:00+00:00'
[2025-02-18T16:09:48.381+0000] {taskinstance.py:731} INFO - ::endgroup::
[2025-02-18T16:09:49.131+0000] {logging_mixin.py:190} INFO - Failed to fetch data: 404
[2025-02-18T16:09:49.134+0000] {logging_mixin.py:190} INFO - Attempting to Upload Data to Azure Storage
[2025-02-18T16:09:49.141+0000] {connection.py:531} ERROR - Unable to retrieve connection from secrets backend (EnvironmentVariablesBackend). Checking subsequent secrets backend.
Traceback (most recent call last):
  File "/home/airflow/.local/lib/python3.12/site-packages/airflow/models/connection.py", line 526, in get_connection_from_secrets
    conn = secrets_backend.get_connection(conn_id=conn_id)
           ^^^^^^^^^^^^^^^^^^^^^^^^^^^^^^^^^^^^^^^^^^^^^^^
  File "/home/airflow/.local/lib/python3.12/site-packages/airflow/secrets/base_secrets.py", line 116, in get_connection
    return self.deserialize_connection(conn_id=conn_id, value=value)
           ^^^^^^^^^^^^^^^^^^^^^^^^^^^^^^^^^^^^^^^^^^^^^^^^^^^^^^^^^
  File "/home/airflow/.local/lib/python3.12/site-packages/airflow/secrets/base_secrets.py", line 70, in deserialize_connection
    return Connection(conn_id=conn_id, uri=value)
           ^^^^^^^^^^^^^^^^^^^^^^^^^^^^^^^^^^^^^^
  File "<string>", line 4, in __init__
  File "/home/airflow/.local/lib/python3.12/site-packages/sqlalchemy/orm/state.py", line 481, in _initialize_instance
    with util.safe_reraise():
         ^^^^^^^^^^^^^^^^^^^
  File "/home/airflow/.local/lib/python3.12/site-packages/sqlalchemy/util/langhelpers.py", line 70, in __exit__
    compat.raise_(
  File "/home/airflow/.local/lib/python3.12/site-packages/sqlalchemy/util/compat.py", line 211, in raise_
    raise exception
  File "/home/airflow/.local/lib/python3.12/site-packages/sqlalchemy/orm/state.py", line 479, in _initialize_instance
    return manager.original_init(*mixed[1:], **kwargs)
           ^^^^^^^^^^^^^^^^^^^^^^^^^^^^^^^^^^^^^^^^^^^
  File "/home/airflow/.local/lib/python3.12/site-packages/airflow/models/connection.py", line 169, in __init__
    self._parse_from_uri(uri)
  File "/home/airflow/.local/lib/python3.12/site-packages/airflow/models/connection.py", line 257, in _parse_from_uri
    self.port = uri_parts.port
                ^^^^^^^^^^^^^^
  File "/usr/local/lib/python3.12/urllib/parse.py", line 182, in port
    raise ValueError(f"Port could not be cast to integer value as {port!r}")
ValueError: Port could not be cast to integer value as 'DefaultEndpointsProtocol=https;AccountName=rbchesssa;AccountKey=lG9W+utkpTNorE0rTLlfDMUZsTPleXk6pXv6NnfDTi'
[2025-02-18T16:09:49.166+0000] {base.py:84} INFO - Retrieving connection 'azure_chess_storage'
[2025-02-18T16:09:50.104+0000] {logging_mixin.py:190} INFO - Successfully Uploaded Data to Azure Storage
[2025-02-18T16:09:50.106+0000] {python.py:240} INFO - Done. Returned value was: True
[2025-02-18T16:09:50.148+0000] {taskinstance.py:340} INFO - ::group::Post task execution logs
[2025-02-18T16:09:50.150+0000] {taskinstance.py:352} INFO - Marking task as SUCCESS. dag_id=pull_data_from_chess_api, task_id=extract_data_from_chess_api, run_id=scheduled__2023-07-01T00:00:00+00:00, execution_date=20230701T000000, start_date=20250218T160948, end_date=20250218T160950
[2025-02-18T16:09:50.212+0000] {local_task_job_runner.py:266} INFO - Task exited with return code 0
[2025-02-18T16:09:50.287+0000] {taskinstance.py:3900} INFO - 1 downstream tasks scheduled from follow-on schedule check
[2025-02-18T16:09:50.297+0000] {local_task_job_runner.py:245} INFO - ::endgroup::
[2025-02-18T16:39:51.028+0000] {local_task_job_runner.py:123} INFO - ::group::Pre task execution logs
[2025-02-18T16:39:51.058+0000] {taskinstance.py:2612} INFO - Dependencies all met for dep_context=non-requeueable deps ti=<TaskInstance: pull_data_from_chess_api.extract_data_from_chess_api scheduled__2023-07-01T00:00:00+00:00 [queued]>
[2025-02-18T16:39:51.076+0000] {taskinstance.py:2612} INFO - Dependencies all met for dep_context=requeueable deps ti=<TaskInstance: pull_data_from_chess_api.extract_data_from_chess_api scheduled__2023-07-01T00:00:00+00:00 [queued]>
[2025-02-18T16:39:51.076+0000] {taskinstance.py:2865} INFO - Starting attempt 1 of 2
[2025-02-18T16:39:51.100+0000] {taskinstance.py:2888} INFO - Executing <Task(PythonOperator): extract_data_from_chess_api> on 2023-07-01 00:00:00+00:00
[2025-02-18T16:39:51.114+0000] {warnings.py:112} WARNING - /home/***/.local/lib/python3.12/site-packages/***/task/task_runner/standard_task_runner.py:70: DeprecationWarning: This process (pid=3678) is multi-threaded, use of fork() may lead to deadlocks in the child.
  pid = os.fork()

[2025-02-18T16:39:51.117+0000] {standard_task_runner.py:72} INFO - Started process 3679 to run task
[2025-02-18T16:39:51.119+0000] {standard_task_runner.py:104} INFO - Running: ['***', 'tasks', 'run', 'pull_data_from_chess_api', 'extract_data_from_chess_api', 'scheduled__2023-07-01T00:00:00+00:00', '--job-id', '203', '--raw', '--subdir', 'DAGS_FOLDER/chess_dag.py', '--cfg-path', '/tmp/tmpf8q4ishs']
[2025-02-18T16:39:51.121+0000] {standard_task_runner.py:105} INFO - Job 203: Subtask extract_data_from_chess_api
[2025-02-18T16:39:51.207+0000] {task_command.py:467} INFO - Running <TaskInstance: pull_data_from_chess_api.extract_data_from_chess_api scheduled__2023-07-01T00:00:00+00:00 [running]> on host 4ed02a11bf8e
[2025-02-18T16:39:51.355+0000] {taskinstance.py:3131} INFO - Exporting env vars: AIRFLOW_CTX_DAG_OWNER='***' AIRFLOW_CTX_DAG_ID='pull_data_from_chess_api' AIRFLOW_CTX_TASK_ID='extract_data_from_chess_api' AIRFLOW_CTX_EXECUTION_DATE='2023-07-01T00:00:00+00:00' AIRFLOW_CTX_TRY_NUMBER='1' AIRFLOW_CTX_DAG_RUN_ID='scheduled__2023-07-01T00:00:00+00:00'
[2025-02-18T16:39:51.357+0000] {taskinstance.py:731} INFO - ::endgroup::
[2025-02-18T16:39:51.361+0000] {logging_mixin.py:190} INFO - Attempting to fetch data for Year: 2023 and Month: 7, formatted as 07
[2025-02-18T16:39:51.362+0000] {logging_mixin.py:190} INFO - Attemping to Fetch Data from: https://api.chess.com/pub/player/rhythmbear1/games/2023/07
[2025-02-18T16:39:52.769+0000] {logging_mixin.py:190} INFO - Successfully Fetched Data From CHess.com API, Records Pulled: 126
[2025-02-18T16:39:52.771+0000] {logging_mixin.py:190} INFO - Attempting to Upload Data to Azure Storage
[2025-02-18T16:39:52.794+0000] {connection.py:531} ERROR - Unable to retrieve connection from secrets backend (EnvironmentVariablesBackend). Checking subsequent secrets backend.
Traceback (most recent call last):
  File "/home/airflow/.local/lib/python3.12/site-packages/airflow/models/connection.py", line 526, in get_connection_from_secrets
    conn = secrets_backend.get_connection(conn_id=conn_id)
           ^^^^^^^^^^^^^^^^^^^^^^^^^^^^^^^^^^^^^^^^^^^^^^^
  File "/home/airflow/.local/lib/python3.12/site-packages/airflow/secrets/base_secrets.py", line 116, in get_connection
    return self.deserialize_connection(conn_id=conn_id, value=value)
           ^^^^^^^^^^^^^^^^^^^^^^^^^^^^^^^^^^^^^^^^^^^^^^^^^^^^^^^^^
  File "/home/airflow/.local/lib/python3.12/site-packages/airflow/secrets/base_secrets.py", line 70, in deserialize_connection
    return Connection(conn_id=conn_id, uri=value)
           ^^^^^^^^^^^^^^^^^^^^^^^^^^^^^^^^^^^^^^
  File "<string>", line 4, in __init__
  File "/home/airflow/.local/lib/python3.12/site-packages/sqlalchemy/orm/state.py", line 481, in _initialize_instance
    with util.safe_reraise():
         ^^^^^^^^^^^^^^^^^^^
  File "/home/airflow/.local/lib/python3.12/site-packages/sqlalchemy/util/langhelpers.py", line 70, in __exit__
    compat.raise_(
  File "/home/airflow/.local/lib/python3.12/site-packages/sqlalchemy/util/compat.py", line 211, in raise_
    raise exception
  File "/home/airflow/.local/lib/python3.12/site-packages/sqlalchemy/orm/state.py", line 479, in _initialize_instance
    return manager.original_init(*mixed[1:], **kwargs)
           ^^^^^^^^^^^^^^^^^^^^^^^^^^^^^^^^^^^^^^^^^^^
  File "/home/airflow/.local/lib/python3.12/site-packages/airflow/models/connection.py", line 169, in __init__
    self._parse_from_uri(uri)
  File "/home/airflow/.local/lib/python3.12/site-packages/airflow/models/connection.py", line 257, in _parse_from_uri
    self.port = uri_parts.port
                ^^^^^^^^^^^^^^
  File "/usr/local/lib/python3.12/urllib/parse.py", line 182, in port
    raise ValueError(f"Port could not be cast to integer value as {port!r}")
ValueError: Port could not be cast to integer value as 'DefaultEndpointsProtocol=https;AccountName=rbchesssa;AccountKey=lG9W+utkpTNorE0rTLlfDMUZsTPleXk6pXv6NnfDTi'
[2025-02-18T16:39:52.812+0000] {base.py:84} INFO - Retrieving connection 'azure_chess_storage'
[2025-02-18T16:39:55.501+0000] {logging_mixin.py:190} INFO - Successfully Uploaded Data to Azure Storage as raw/2023-07-games.json
[2025-02-18T16:39:55.503+0000] {python.py:240} INFO - Done. Returned value was: True
[2025-02-18T16:39:55.548+0000] {taskinstance.py:340} INFO - ::group::Post task execution logs
[2025-02-18T16:39:55.549+0000] {taskinstance.py:352} INFO - Marking task as SUCCESS. dag_id=pull_data_from_chess_api, task_id=extract_data_from_chess_api, run_id=scheduled__2023-07-01T00:00:00+00:00, execution_date=20230701T000000, start_date=20250218T163951, end_date=20250218T163955
[2025-02-18T16:39:55.603+0000] {local_task_job_runner.py:266} INFO - Task exited with return code 0
[2025-02-18T16:39:55.659+0000] {taskinstance.py:3900} INFO - 1 downstream tasks scheduled from follow-on schedule check
[2025-02-18T16:39:55.663+0000] {local_task_job_runner.py:245} INFO - ::endgroup::
