[2025-03-31T18:06:21.624+0000] {local_task_job_runner.py:123} INFO - ::group::Pre task execution logs
[2025-03-31T18:06:21.746+0000] {taskinstance.py:2612} INFO - Dependencies all met for dep_context=non-requeueable deps ti=<TaskInstance: load_data_warehouse.load_dim_time_control_dw dataset_triggered__2025-03-31T18:04:45.046641+00:00 [queued]>
[2025-03-31T18:06:21.807+0000] {taskinstance.py:2612} INFO - Dependencies all met for dep_context=requeueable deps ti=<TaskInstance: load_data_warehouse.load_dim_time_control_dw dataset_triggered__2025-03-31T18:04:45.046641+00:00 [queued]>
[2025-03-31T18:06:21.809+0000] {taskinstance.py:2865} INFO - Starting attempt 2 of 2
[2025-03-31T18:06:21.884+0000] {taskinstance.py:2888} INFO - Executing <Task(PythonOperator): load_dim_time_control_dw> on 2025-03-31 18:04:45.046641+00:00
[2025-03-31T18:06:21.920+0000] {warnings.py:112} WARNING - /home/***/.local/lib/python3.12/site-packages/***/task/task_runner/standard_task_runner.py:70: DeprecationWarning: This process (pid=13779) is multi-threaded, use of fork() may lead to deadlocks in the child.
  pid = os.fork()

[2025-03-31T18:06:21.925+0000] {standard_task_runner.py:72} INFO - Started process 13839 to run task
[2025-03-31T18:06:21.928+0000] {standard_task_runner.py:104} INFO - Running: ['***', 'tasks', 'run', 'load_data_warehouse', 'load_dim_time_control_dw', 'dataset_triggered__2025-03-31T18:04:45.046641+00:00', '--job-id', '1040', '--raw', '--subdir', 'DAGS_FOLDER/load_data_warehouse_dag.py', '--cfg-path', '/tmp/tmp1bpuuaud']
[2025-03-31T18:06:21.937+0000] {standard_task_runner.py:105} INFO - Job 1040: Subtask load_dim_time_control_dw
[2025-03-31T18:06:22.162+0000] {task_command.py:467} INFO - Running <TaskInstance: load_data_warehouse.load_dim_time_control_dw dataset_triggered__2025-03-31T18:04:45.046641+00:00 [running]> on host 3b3ac09dc50a
[2025-03-31T18:06:22.595+0000] {taskinstance.py:3131} INFO - Exporting env vars: AIRFLOW_CTX_DAG_OWNER='***' AIRFLOW_CTX_DAG_ID='load_data_warehouse' AIRFLOW_CTX_TASK_ID='load_dim_time_control_dw' AIRFLOW_CTX_EXECUTION_DATE='2025-03-31T18:04:45.046641+00:00' AIRFLOW_CTX_TRY_NUMBER='2' AIRFLOW_CTX_DAG_RUN_ID='dataset_triggered__2025-03-31T18:04:45.046641+00:00'
[2025-03-31T18:06:22.604+0000] {taskinstance.py:731} INFO - ::endgroup::
[2025-03-31T18:06:26.669+0000] {logging_mixin.py:190} INFO - ✅ gold/dim_time_control.parquet Loaded: 9 rows, 2 columns
[2025-03-31T18:06:26.700+0000] {base.py:84} INFO - Retrieving connection 'azure_chess_dw'
[2025-03-31T18:06:26.744+0000] {base.py:84} INFO - Retrieving connection 'azure_chess_dw'
[2025-03-31T18:06:35.097+0000] {logging_mixin.py:190} INFO - Successfully Loaded gold/dim_time_control.parquet Data to Postgres table dim_time_control
[2025-03-31T18:06:35.117+0000] {python.py:240} INFO - Done. Returned value was: None
[2025-03-31T18:06:35.168+0000] {taskinstance.py:340} INFO - ::group::Post task execution logs
[2025-03-31T18:06:35.169+0000] {taskinstance.py:352} INFO - Marking task as SUCCESS. dag_id=load_data_warehouse, task_id=load_dim_time_control_dw, run_id=dataset_triggered__2025-03-31T18:04:45.046641+00:00, execution_date=20250331T180445, start_date=20250331T180621, end_date=20250331T180635
[2025-03-31T18:06:35.285+0000] {local_task_job_runner.py:266} INFO - Task exited with return code 0
[2025-03-31T18:06:35.382+0000] {taskinstance.py:3900} INFO - 1 downstream tasks scheduled from follow-on schedule check
[2025-03-31T18:06:35.394+0000] {local_task_job_runner.py:245} INFO - ::endgroup::
