[2025-03-31T17:31:59.120+0000] {local_task_job_runner.py:123} INFO - ::group::Pre task execution logs
[2025-03-31T17:31:59.298+0000] {taskinstance.py:2612} INFO - Dependencies all met for dep_context=non-requeueable deps ti=<TaskInstance: load_data_warehouse.load_dim_dates_dw dataset_triggered__2025-03-31T17:29:13.221971+00:00 [queued]>
[2025-03-31T17:31:59.372+0000] {taskinstance.py:2612} INFO - Dependencies all met for dep_context=requeueable deps ti=<TaskInstance: load_data_warehouse.load_dim_dates_dw dataset_triggered__2025-03-31T17:29:13.221971+00:00 [queued]>
[2025-03-31T17:31:59.374+0000] {taskinstance.py:2865} INFO - Starting attempt 2 of 2
[2025-03-31T17:31:59.674+0000] {taskinstance.py:2888} INFO - Executing <Task(PythonOperator): load_dim_dates_dw> on 2025-03-31 17:29:13.221971+00:00
[2025-03-31T17:31:59.876+0000] {warnings.py:112} WARNING - /home/***/.local/lib/python3.12/site-packages/***/task/task_runner/standard_task_runner.py:70: DeprecationWarning: This process (pid=9344) is multi-threaded, use of fork() may lead to deadlocks in the child.
  pid = os.fork()

[2025-03-31T17:31:59.957+0000] {standard_task_runner.py:72} INFO - Started process 9401 to run task
[2025-03-31T17:32:00.128+0000] {standard_task_runner.py:104} INFO - Running: ['***', 'tasks', 'run', 'load_data_warehouse', 'load_dim_dates_dw', 'dataset_triggered__2025-03-31T17:29:13.221971+00:00', '--job-id', '919', '--raw', '--subdir', 'DAGS_FOLDER/load_data_warehouse_dag.py', '--cfg-path', '/tmp/tmp9_1_2mua']
[2025-03-31T17:32:00.170+0000] {standard_task_runner.py:105} INFO - Job 919: Subtask load_dim_dates_dw
[2025-03-31T17:32:01.812+0000] {task_command.py:467} INFO - Running <TaskInstance: load_data_warehouse.load_dim_dates_dw dataset_triggered__2025-03-31T17:29:13.221971+00:00 [running]> on host 3b3ac09dc50a
[2025-03-31T17:33:50.042+0000] {job.py:229} INFO - Heartbeat recovered after 113.23 seconds
[2025-03-31T17:33:50.869+0000] {taskinstance.py:3131} INFO - Exporting env vars: AIRFLOW_CTX_DAG_OWNER='***' AIRFLOW_CTX_DAG_ID='load_data_warehouse' AIRFLOW_CTX_TASK_ID='load_dim_dates_dw' AIRFLOW_CTX_EXECUTION_DATE='2025-03-31T17:29:13.221971+00:00' AIRFLOW_CTX_TRY_NUMBER='2' AIRFLOW_CTX_DAG_RUN_ID='dataset_triggered__2025-03-31T17:29:13.221971+00:00'
[2025-03-31T17:33:51.896+0000] {taskinstance.py:731} INFO - ::endgroup::
[2025-03-31T17:34:09.408+0000] {logging_mixin.py:190} INFO - ✅ gold/dim_date.parquet Loaded: 128 rows, 7 columns
[2025-03-31T17:34:09.853+0000] {base.py:84} INFO - Retrieving connection 'azure_chess_dw'
[2025-03-31T17:34:12.005+0000] {base.py:84} INFO - Retrieving connection 'azure_chess_dw'
[2025-03-31T17:34:26.967+0000] {logging_mixin.py:190} INFO - Successfully Loaded gold/dim_date.parquet Data to Postgres table dim_dates
[2025-03-31T17:34:27.558+0000] {python.py:240} INFO - Done. Returned value was: None
[2025-03-31T17:34:28.749+0000] {taskinstance.py:340} INFO - ::group::Post task execution logs
[2025-03-31T17:34:28.760+0000] {taskinstance.py:352} INFO - Marking task as SUCCESS. dag_id=load_data_warehouse, task_id=load_dim_dates_dw, run_id=dataset_triggered__2025-03-31T17:29:13.221971+00:00, execution_date=20250331T172913, start_date=20250331T173159, end_date=20250331T173428
[2025-03-31T17:34:31.205+0000] {local_task_job_runner.py:266} INFO - Task exited with return code 0
[2025-03-31T17:34:32.306+0000] {taskinstance.py:3900} INFO - 0 downstream tasks scheduled from follow-on schedule check
[2025-03-31T17:34:32.396+0000] {local_task_job_runner.py:245} INFO - ::endgroup::
