[2025-03-31T18:09:05.877+0000] {local_task_job_runner.py:123} INFO - ::group::Pre task execution logs
[2025-03-31T18:09:05.977+0000] {taskinstance.py:2612} INFO - Dependencies all met for dep_context=non-requeueable deps ti=<TaskInstance: load_data_warehouse.load_dim_time_control_dw dataset_triggered__2025-03-31T18:08:03.179613+00:00 [queued]>
[2025-03-31T18:09:06.060+0000] {taskinstance.py:2612} INFO - Dependencies all met for dep_context=requeueable deps ti=<TaskInstance: load_data_warehouse.load_dim_time_control_dw dataset_triggered__2025-03-31T18:08:03.179613+00:00 [queued]>
[2025-03-31T18:09:06.062+0000] {taskinstance.py:2865} INFO - Starting attempt 1 of 2
[2025-03-31T18:09:06.226+0000] {taskinstance.py:2888} INFO - Executing <Task(PythonOperator): load_dim_time_control_dw> on 2025-03-31 18:08:03.179613+00:00
[2025-03-31T18:09:06.295+0000] {warnings.py:112} WARNING - /home/***/.local/lib/python3.12/site-packages/***/task/task_runner/standard_task_runner.py:70: DeprecationWarning: This process (pid=14085) is multi-threaded, use of fork() may lead to deadlocks in the child.
  pid = os.fork()

[2025-03-31T18:09:06.309+0000] {standard_task_runner.py:72} INFO - Started process 14257 to run task
[2025-03-31T18:09:06.305+0000] {standard_task_runner.py:104} INFO - Running: ['***', 'tasks', 'run', 'load_data_warehouse', 'load_dim_time_control_dw', 'dataset_triggered__2025-03-31T18:08:03.179613+00:00', '--job-id', '1050', '--raw', '--subdir', 'DAGS_FOLDER/load_data_warehouse_dag.py', '--cfg-path', '/tmp/tmpftnn2kzv']
[2025-03-31T18:09:06.331+0000] {standard_task_runner.py:105} INFO - Job 1050: Subtask load_dim_time_control_dw
[2025-03-31T18:09:07.173+0000] {task_command.py:467} INFO - Running <TaskInstance: load_data_warehouse.load_dim_time_control_dw dataset_triggered__2025-03-31T18:08:03.179613+00:00 [running]> on host 3b3ac09dc50a
[2025-03-31T18:09:08.399+0000] {taskinstance.py:3131} INFO - Exporting env vars: AIRFLOW_CTX_DAG_OWNER='***' AIRFLOW_CTX_DAG_ID='load_data_warehouse' AIRFLOW_CTX_TASK_ID='load_dim_time_control_dw' AIRFLOW_CTX_EXECUTION_DATE='2025-03-31T18:08:03.179613+00:00' AIRFLOW_CTX_TRY_NUMBER='1' AIRFLOW_CTX_DAG_RUN_ID='dataset_triggered__2025-03-31T18:08:03.179613+00:00'
[2025-03-31T18:09:08.415+0000] {taskinstance.py:731} INFO - ::endgroup::
[2025-03-31T18:09:14.328+0000] {logging_mixin.py:190} INFO - ✅ gold/dim_time_control.parquet Loaded: 9 rows, 2 columns
[2025-03-31T18:09:14.365+0000] {base.py:84} INFO - Retrieving connection 'azure_chess_dw'
[2025-03-31T18:09:14.413+0000] {base.py:84} INFO - Retrieving connection 'azure_chess_dw'
[2025-03-31T18:09:23.480+0000] {logging_mixin.py:190} INFO - Successfully Loaded gold/dim_time_control.parquet Data to Postgres table dim_time_control
[2025-03-31T18:09:23.532+0000] {python.py:240} INFO - Done. Returned value was: None
[2025-03-31T18:09:23.652+0000] {taskinstance.py:340} INFO - ::group::Post task execution logs
[2025-03-31T18:09:23.655+0000] {taskinstance.py:352} INFO - Marking task as SUCCESS. dag_id=load_data_warehouse, task_id=load_dim_time_control_dw, run_id=dataset_triggered__2025-03-31T18:08:03.179613+00:00, execution_date=20250331T180803, start_date=20250331T180905, end_date=20250331T180923
[2025-03-31T18:09:23.854+0000] {local_task_job_runner.py:266} INFO - Task exited with return code 0
[2025-03-31T18:09:24.026+0000] {taskinstance.py:3900} INFO - 0 downstream tasks scheduled from follow-on schedule check
[2025-03-31T18:09:24.044+0000] {local_task_job_runner.py:245} INFO - ::endgroup::
