[2025-03-07T12:01:45.877+0000] {local_task_job_runner.py:123} INFO - ::group::Pre task execution logs
[2025-03-07T12:01:45.904+0000] {taskinstance.py:2612} INFO - Dependencies all met for dep_context=non-requeueable deps ti=<TaskInstance: pull_data_from_chess_api.load_to_gold_layer scheduled__2025-02-01T00:00:00+00:00 [queued]>
[2025-03-07T12:01:45.919+0000] {taskinstance.py:2612} INFO - Dependencies all met for dep_context=requeueable deps ti=<TaskInstance: pull_data_from_chess_api.load_to_gold_layer scheduled__2025-02-01T00:00:00+00:00 [queued]>
[2025-03-07T12:01:45.920+0000] {taskinstance.py:2865} INFO - Starting attempt 2 of 2
[2025-03-07T12:01:45.948+0000] {taskinstance.py:2888} INFO - Executing <Task(PythonOperator): load_to_gold_layer> on 2025-02-01 00:00:00+00:00
[2025-03-07T12:01:45.959+0000] {warnings.py:112} WARNING - /home/***/.local/lib/python3.12/site-packages/***/task/task_runner/standard_task_runner.py:70: DeprecationWarning: This process (pid=7384) is multi-threaded, use of fork() may lead to deadlocks in the child.
  pid = os.fork()

[2025-03-07T12:01:45.961+0000] {standard_task_runner.py:72} INFO - Started process 7385 to run task
[2025-03-07T12:01:45.961+0000] {standard_task_runner.py:104} INFO - Running: ['***', 'tasks', 'run', 'pull_data_from_chess_api', 'load_to_gold_layer', 'scheduled__2025-02-01T00:00:00+00:00', '--job-id', '294', '--raw', '--subdir', 'DAGS_FOLDER/collect_chess_data_dag.py', '--cfg-path', '/tmp/tmpcj9imqz2']
[2025-03-07T12:01:45.963+0000] {standard_task_runner.py:105} INFO - Job 294: Subtask load_to_gold_layer
[2025-03-07T12:01:46.038+0000] {task_command.py:467} INFO - Running <TaskInstance: pull_data_from_chess_api.load_to_gold_layer scheduled__2025-02-01T00:00:00+00:00 [running]> on host ebc50e07c8a4
[2025-03-07T12:01:46.138+0000] {taskinstance.py:3131} INFO - Exporting env vars: AIRFLOW_CTX_DAG_OWNER='***' AIRFLOW_CTX_DAG_ID='pull_data_from_chess_api' AIRFLOW_CTX_TASK_ID='load_to_gold_layer' AIRFLOW_CTX_EXECUTION_DATE='2025-02-01T00:00:00+00:00' AIRFLOW_CTX_TRY_NUMBER='2' AIRFLOW_CTX_DAG_RUN_ID='scheduled__2025-02-01T00:00:00+00:00'
[2025-03-07T12:01:46.139+0000] {taskinstance.py:731} INFO - ::endgroup::
[2025-03-07T12:01:46.163+0000] {connection.py:531} ERROR - Unable to retrieve connection from secrets backend (EnvironmentVariablesBackend). Checking subsequent secrets backend.
Traceback (most recent call last):
  File "/home/airflow/.local/lib/python3.12/site-packages/airflow/models/connection.py", line 526, in get_connection_from_secrets
    conn = secrets_backend.get_connection(conn_id=conn_id)
           ^^^^^^^^^^^^^^^^^^^^^^^^^^^^^^^^^^^^^^^^^^^^^^^
  File "/home/airflow/.local/lib/python3.12/site-packages/airflow/secrets/base_secrets.py", line 116, in get_connection
    return self.deserialize_connection(conn_id=conn_id, value=value)
           ^^^^^^^^^^^^^^^^^^^^^^^^^^^^^^^^^^^^^^^^^^^^^^^^^^^^^^^^^
  File "/home/airflow/.local/lib/python3.12/site-packages/airflow/secrets/base_secrets.py", line 70, in deserialize_connection
    return Connection(conn_id=conn_id, uri=value)
           ^^^^^^^^^^^^^^^^^^^^^^^^^^^^^^^^^^^^^^
  File "<string>", line 4, in __init__
  File "/home/airflow/.local/lib/python3.12/site-packages/sqlalchemy/orm/state.py", line 481, in _initialize_instance
    with util.safe_reraise():
         ^^^^^^^^^^^^^^^^^^^
  File "/home/airflow/.local/lib/python3.12/site-packages/sqlalchemy/util/langhelpers.py", line 70, in __exit__
    compat.raise_(
  File "/home/airflow/.local/lib/python3.12/site-packages/sqlalchemy/util/compat.py", line 211, in raise_
    raise exception
  File "/home/airflow/.local/lib/python3.12/site-packages/sqlalchemy/orm/state.py", line 479, in _initialize_instance
    return manager.original_init(*mixed[1:], **kwargs)
           ^^^^^^^^^^^^^^^^^^^^^^^^^^^^^^^^^^^^^^^^^^^
  File "/home/airflow/.local/lib/python3.12/site-packages/airflow/models/connection.py", line 169, in __init__
    self._parse_from_uri(uri)
  File "/home/airflow/.local/lib/python3.12/site-packages/airflow/models/connection.py", line 257, in _parse_from_uri
    self.port = uri_parts.port
                ^^^^^^^^^^^^^^
  File "/usr/local/lib/python3.12/urllib/parse.py", line 182, in port
    raise ValueError(f"Port could not be cast to integer value as {port!r}")
ValueError: Port could not be cast to integer value as 'DefaultEndpointsProtocol=https;AccountName=rbchesssa;AccountKey=lG9W+utkpTNorE0rTLlfDMUZsTPleXk6pXv6NnfDTi'
[2025-03-07T12:01:46.186+0000] {base.py:84} INFO - Retrieving connection 'azure_chess_storage'
[2025-03-07T12:01:49.909+0000] {taskinstance.py:3310} ERROR - Task failed with exception
Traceback (most recent call last):
  File "/home/airflow/.local/lib/python3.12/site-packages/airflow/models/taskinstance.py", line 767, in _execute_task
    result = _execute_callable(context=context, **execute_callable_kwargs)
             ^^^^^^^^^^^^^^^^^^^^^^^^^^^^^^^^^^^^^^^^^^^^^^^^^^^^^^^^^^^^^
  File "/home/airflow/.local/lib/python3.12/site-packages/airflow/models/taskinstance.py", line 733, in _execute_callable
    return ExecutionCallableRunner(
           ^^^^^^^^^^^^^^^^^^^^^^^^
  File "/home/airflow/.local/lib/python3.12/site-packages/airflow/utils/operator_helpers.py", line 252, in run
    return self.func(*args, **kwargs)
           ^^^^^^^^^^^^^^^^^^^^^^^^^^
  File "/home/airflow/.local/lib/python3.12/site-packages/airflow/models/baseoperator.py", line 406, in wrapper
    return func(self, *args, **kwargs)
           ^^^^^^^^^^^^^^^^^^^^^^^^^^^
  File "/home/airflow/.local/lib/python3.12/site-packages/airflow/operators/python.py", line 238, in execute
    return_value = self.execute_callable()
                   ^^^^^^^^^^^^^^^^^^^^^^^
  File "/home/airflow/.local/lib/python3.12/site-packages/airflow/operators/python.py", line 256, in execute_callable
    return runner.run(*self.op_args, **self.op_kwargs)
           ^^^^^^^^^^^^^^^^^^^^^^^^^^^^^^^^^^^^^^^^^^^
  File "/home/airflow/.local/lib/python3.12/site-packages/airflow/utils/operator_helpers.py", line 252, in run
    return self.func(*args, **kwargs)
           ^^^^^^^^^^^^^^^^^^^^^^^^^^
  File "/opt/airflow/dags/scripts/python_scripts.py", line 169, in load_to_gold_layer
    upd_fact_table = conn.execute(f""" SELECT *, {date} as last_updated FROM read_csv('{file_path}')""").fetchdf()
                     ^^^^^^^^^^^^^^^^^^^^^^^^^^^^^^^^^^^^^^^^^^^^^^^^^^^^^^^^^^^^^^^^^^^^^^^^^^^^^^^^^^^
duckdb.duckdb.ParserException: Parser Error: syntax error at or near "00"
[2025-03-07T12:01:49.920+0000] {taskinstance.py:1225} INFO - Marking task as FAILED. dag_id=pull_data_from_chess_api, task_id=load_to_gold_layer, run_id=scheduled__2025-02-01T00:00:00+00:00, execution_date=20250201T000000, start_date=20250307T120145, end_date=20250307T120149
[2025-03-07T12:01:49.934+0000] {taskinstance.py:340} INFO - ::group::Post task execution logs
[2025-03-07T12:01:49.934+0000] {standard_task_runner.py:124} ERROR - Failed to execute job 294 for task load_to_gold_layer (Parser Error: syntax error at or near "00"; 7385)
Traceback (most recent call last):
  File "/home/airflow/.local/lib/python3.12/site-packages/airflow/task/task_runner/standard_task_runner.py", line 117, in _start_by_fork
    ret = args.func(args, dag=self.dag)
          ^^^^^^^^^^^^^^^^^^^^^^^^^^^^^
  File "/home/airflow/.local/lib/python3.12/site-packages/airflow/cli/cli_config.py", line 49, in command
    return func(*args, **kwargs)
           ^^^^^^^^^^^^^^^^^^^^^
  File "/home/airflow/.local/lib/python3.12/site-packages/airflow/utils/cli.py", line 115, in wrapper
    return f(*args, **kwargs)
           ^^^^^^^^^^^^^^^^^^
  File "/home/airflow/.local/lib/python3.12/site-packages/airflow/cli/commands/task_command.py", line 483, in task_run
    task_return_code = _run_task_by_selected_method(args, _dag, ti)
                       ^^^^^^^^^^^^^^^^^^^^^^^^^^^^^^^^^^^^^^^^^^^^
  File "/home/airflow/.local/lib/python3.12/site-packages/airflow/cli/commands/task_command.py", line 256, in _run_task_by_selected_method
    return _run_raw_task(args, ti)
           ^^^^^^^^^^^^^^^^^^^^^^^
  File "/home/airflow/.local/lib/python3.12/site-packages/airflow/cli/commands/task_command.py", line 341, in _run_raw_task
    return ti._run_raw_task(
           ^^^^^^^^^^^^^^^^^
  File "/home/airflow/.local/lib/python3.12/site-packages/airflow/utils/session.py", line 97, in wrapper
    return func(*args, session=session, **kwargs)
           ^^^^^^^^^^^^^^^^^^^^^^^^^^^^^^^^^^^^^^
  File "/home/airflow/.local/lib/python3.12/site-packages/airflow/models/taskinstance.py", line 3004, in _run_raw_task
    return _run_raw_task(
           ^^^^^^^^^^^^^^
  File "/home/airflow/.local/lib/python3.12/site-packages/airflow/models/taskinstance.py", line 273, in _run_raw_task
    TaskInstance._execute_task_with_callbacks(
  File "/home/airflow/.local/lib/python3.12/site-packages/airflow/models/taskinstance.py", line 3158, in _execute_task_with_callbacks
    result = self._execute_task(context, task_orig)
             ^^^^^^^^^^^^^^^^^^^^^^^^^^^^^^^^^^^^^^
  File "/home/airflow/.local/lib/python3.12/site-packages/airflow/models/taskinstance.py", line 3182, in _execute_task
    return _execute_task(self, context, task_orig)
           ^^^^^^^^^^^^^^^^^^^^^^^^^^^^^^^^^^^^^^^
  File "/home/airflow/.local/lib/python3.12/site-packages/airflow/models/taskinstance.py", line 767, in _execute_task
    result = _execute_callable(context=context, **execute_callable_kwargs)
             ^^^^^^^^^^^^^^^^^^^^^^^^^^^^^^^^^^^^^^^^^^^^^^^^^^^^^^^^^^^^^
  File "/home/airflow/.local/lib/python3.12/site-packages/airflow/models/taskinstance.py", line 733, in _execute_callable
    return ExecutionCallableRunner(
           ^^^^^^^^^^^^^^^^^^^^^^^^
  File "/home/airflow/.local/lib/python3.12/site-packages/airflow/utils/operator_helpers.py", line 252, in run
    return self.func(*args, **kwargs)
           ^^^^^^^^^^^^^^^^^^^^^^^^^^
  File "/home/airflow/.local/lib/python3.12/site-packages/airflow/models/baseoperator.py", line 406, in wrapper
    return func(self, *args, **kwargs)
           ^^^^^^^^^^^^^^^^^^^^^^^^^^^
  File "/home/airflow/.local/lib/python3.12/site-packages/airflow/operators/python.py", line 238, in execute
    return_value = self.execute_callable()
                   ^^^^^^^^^^^^^^^^^^^^^^^
  File "/home/airflow/.local/lib/python3.12/site-packages/airflow/operators/python.py", line 256, in execute_callable
    return runner.run(*self.op_args, **self.op_kwargs)
           ^^^^^^^^^^^^^^^^^^^^^^^^^^^^^^^^^^^^^^^^^^^
  File "/home/airflow/.local/lib/python3.12/site-packages/airflow/utils/operator_helpers.py", line 252, in run
    return self.func(*args, **kwargs)
           ^^^^^^^^^^^^^^^^^^^^^^^^^^
  File "/opt/airflow/dags/scripts/python_scripts.py", line 169, in load_to_gold_layer
    upd_fact_table = conn.execute(f""" SELECT *, {date} as last_updated FROM read_csv('{file_path}')""").fetchdf()
                     ^^^^^^^^^^^^^^^^^^^^^^^^^^^^^^^^^^^^^^^^^^^^^^^^^^^^^^^^^^^^^^^^^^^^^^^^^^^^^^^^^^^
duckdb.duckdb.ParserException: Parser Error: syntax error at or near "00"
[2025-03-07T12:01:49.958+0000] {local_task_job_runner.py:266} INFO - Task exited with return code 1
[2025-03-07T12:01:49.976+0000] {taskinstance.py:3900} INFO - 0 downstream tasks scheduled from follow-on schedule check
[2025-03-07T12:01:49.979+0000] {local_task_job_runner.py:245} INFO - ::endgroup::
[2025-03-10T01:28:55.167+0000] {local_task_job_runner.py:123} INFO - ::group::Pre task execution logs
[2025-03-10T01:28:55.217+0000] {taskinstance.py:2612} INFO - Dependencies all met for dep_context=non-requeueable deps ti=<TaskInstance: pull_data_from_chess_api.load_to_gold_layer scheduled__2025-02-01T00:00:00+00:00 [queued]>
[2025-03-10T01:28:55.249+0000] {taskinstance.py:2612} INFO - Dependencies all met for dep_context=requeueable deps ti=<TaskInstance: pull_data_from_chess_api.load_to_gold_layer scheduled__2025-02-01T00:00:00+00:00 [queued]>
[2025-03-10T01:28:55.251+0000] {taskinstance.py:2865} INFO - Starting attempt 2 of 2
[2025-03-10T01:28:55.300+0000] {taskinstance.py:2888} INFO - Executing <Task(PythonOperator): load_to_gold_layer> on 2025-02-01 00:00:00+00:00
[2025-03-10T01:28:55.331+0000] {warnings.py:112} WARNING - /home/***/.local/lib/python3.12/site-packages/***/task/task_runner/standard_task_runner.py:70: DeprecationWarning: This process (pid=16358) is multi-threaded, use of fork() may lead to deadlocks in the child.
  pid = os.fork()

[2025-03-10T01:28:55.335+0000] {standard_task_runner.py:72} INFO - Started process 16360 to run task
[2025-03-10T01:28:55.335+0000] {standard_task_runner.py:104} INFO - Running: ['***', 'tasks', 'run', 'pull_data_from_chess_api', 'load_to_gold_layer', 'scheduled__2025-02-01T00:00:00+00:00', '--job-id', '483', '--raw', '--subdir', 'DAGS_FOLDER/collect_chess_data_dag.py', '--cfg-path', '/tmp/tmp6u56ewd_']
[2025-03-10T01:28:55.342+0000] {standard_task_runner.py:105} INFO - Job 483: Subtask load_to_gold_layer
[2025-03-10T01:28:55.456+0000] {task_command.py:467} INFO - Running <TaskInstance: pull_data_from_chess_api.load_to_gold_layer scheduled__2025-02-01T00:00:00+00:00 [running]> on host 70b3b9cfbba0
[2025-03-10T01:28:55.787+0000] {taskinstance.py:3131} INFO - Exporting env vars: AIRFLOW_CTX_DAG_OWNER='***' AIRFLOW_CTX_DAG_ID='pull_data_from_chess_api' AIRFLOW_CTX_TASK_ID='load_to_gold_layer' AIRFLOW_CTX_EXECUTION_DATE='2025-02-01T00:00:00+00:00' AIRFLOW_CTX_TRY_NUMBER='2' AIRFLOW_CTX_DAG_RUN_ID='scheduled__2025-02-01T00:00:00+00:00'
[2025-03-10T01:28:55.790+0000] {taskinstance.py:731} INFO - ::endgroup::
[2025-03-10T01:28:55.839+0000] {logging_mixin.py:190} INFO - Execution Date: 2025-02-01
[2025-03-10T01:28:55.842+0000] {connection.py:531} ERROR - Unable to retrieve connection from secrets backend (EnvironmentVariablesBackend). Checking subsequent secrets backend.
Traceback (most recent call last):
  File "/home/airflow/.local/lib/python3.12/site-packages/airflow/models/connection.py", line 526, in get_connection_from_secrets
    conn = secrets_backend.get_connection(conn_id=conn_id)
           ^^^^^^^^^^^^^^^^^^^^^^^^^^^^^^^^^^^^^^^^^^^^^^^
  File "/home/airflow/.local/lib/python3.12/site-packages/airflow/secrets/base_secrets.py", line 116, in get_connection
    return self.deserialize_connection(conn_id=conn_id, value=value)
           ^^^^^^^^^^^^^^^^^^^^^^^^^^^^^^^^^^^^^^^^^^^^^^^^^^^^^^^^^
  File "/home/airflow/.local/lib/python3.12/site-packages/airflow/secrets/base_secrets.py", line 70, in deserialize_connection
    return Connection(conn_id=conn_id, uri=value)
           ^^^^^^^^^^^^^^^^^^^^^^^^^^^^^^^^^^^^^^
  File "<string>", line 4, in __init__
  File "/home/airflow/.local/lib/python3.12/site-packages/sqlalchemy/orm/state.py", line 481, in _initialize_instance
    with util.safe_reraise():
         ^^^^^^^^^^^^^^^^^^^
  File "/home/airflow/.local/lib/python3.12/site-packages/sqlalchemy/util/langhelpers.py", line 70, in __exit__
    compat.raise_(
  File "/home/airflow/.local/lib/python3.12/site-packages/sqlalchemy/util/compat.py", line 211, in raise_
    raise exception
  File "/home/airflow/.local/lib/python3.12/site-packages/sqlalchemy/orm/state.py", line 479, in _initialize_instance
    return manager.original_init(*mixed[1:], **kwargs)
           ^^^^^^^^^^^^^^^^^^^^^^^^^^^^^^^^^^^^^^^^^^^
  File "/home/airflow/.local/lib/python3.12/site-packages/airflow/models/connection.py", line 169, in __init__
    self._parse_from_uri(uri)
  File "/home/airflow/.local/lib/python3.12/site-packages/airflow/models/connection.py", line 257, in _parse_from_uri
    self.port = uri_parts.port
                ^^^^^^^^^^^^^^
  File "/usr/local/lib/python3.12/urllib/parse.py", line 182, in port
    raise ValueError(f"Port could not be cast to integer value as {port!r}")
ValueError: Port could not be cast to integer value as 'DefaultEndpointsProtocol=https;AccountName=rbchesssa;AccountKey=lG9W+utkpTNorE0rTLlfDMUZsTPleXk6pXv6NnfDTi'
[2025-03-10T01:28:55.864+0000] {base.py:84} INFO - Retrieving connection 'azure_chess_storage'
[2025-03-10T01:28:57.384+0000] {logging_mixin.py:190} INFO - Previewing Dataframe
[2025-03-10T01:28:57.387+0000] {logging_mixin.py:190} INFO - game_url                        object
time_control                    object
rated                             bool
time_class                      object
rules                           object
white_rating                     int64
white_result                    object
black_rating                     int64
black_result                    object
pgn_event                       object
pgn_site                        object
game_date               datetime64[us]
pgn_white_user                  object
pgn_black_user                  object
pgn_result                      object
pgn_current_position            object
pgn_timezone                    object
pgn_eco                         object
pgn_eco_url                     object
start_time              datetime64[ns]
end_time                datetime64[ns]
end_game_date           datetime64[us]
pgn_raw                         object
pgn_trans                       object
last_updated                    object
dtype: object
[2025-03-10T01:28:57.410+0000] {logging_mixin.py:190} INFO - https://www.chess.com/game/live/132268879791	600	True	rapid	chess	1505	repetition	1516	repetition	Live Chess	Chess.com	2025-02-02 00:00:00	Rhythmbear1	Sohaib_214	1/2-1/2	rn1qkb1r/ppp2pp1/3pbn1p/4p3/2B1P3/2P2N2/PP1P1PPP/RNBQ1RK1 w kq - 9 10	UTC	C41	https://www.chess.com/openings/Philidor-Defense-3.Bc4	2025-02-02 21:01:01	2025-02-02 21:02:02	2025-02-02 00:00:00	e4 e5 Nf3 d6 Bc4 h6 O-O Nf6 c3 Be6 Bb5+ Bd7 Bc4 Be6 Bb5+ Bd7 Bc4 Be6	1. e4 e5 2. Nf3 d6 3. Bc4 h6 4. O-O Nf6 5. c3 Be6 6. Bb5+ Bd7 7. Bc4 Be6 8. Bb5+ Bd7 9. Bc4 Be6	2025-02-01
https://www.chess.com/game/live/132268893111	600	True	rapid	chess	1499	resigned	1513	win	Live Chess	Chess.com	2025-02-02 00:00:00	Migas82	Rhythmbear1	0-1	2rq1rk1/pb3ppp/3p1n2/1P1Np3/1P1b4/P2B3P/1BQ1NPP1/R3K2R b KQ - 0 16	UTC	A40	https://www.chess.com/openings/Englund-Gambit-Declined-2...Bc5	2025-02-02 21:02:08	2025-02-02 21:04:21	2025-02-02 00:00:00	d4 e5 d5 Bc5 c4 Nf6 Nc3 O-O e3 b6 Bd3 Bb7 h3 Na6 a3 c6 e4 Nc7 Nge2 cxd5 exd5 d6 b4 Bd4 Qc2 Rc8 Bb2 b5 cxb5 Ncxd5 Nxd5	1. d4 e5 2. d5 Bc5 3. c4 Nf6 4. Nc3 O-O 5. e3 b6 6. Bd3 Bb7 7. h3 Na6 8. a3 c6 9. e4 Nc7 10. Nge2 cxd5 11. exd5 d6 12. b4 Bd4 13. Qc2 Rc8 14. Bb2 b5 15. cxb5 Ncxd5 16. Nxd5 	2025-02-01
https://www.chess.com/game/live/132269399329	600	True	rapid	chess	1505	resigned	1516	win	Live Chess	Chess.com	2025-02-02 00:00:00	Rhythmbear1	pogradeci	0-1	1q4k1/6p1/3p1p2/3P1Pp1/4P3/7P/1p4PK/1r6 w - - 0 44	UTC	C00	https://www.chess.com/openings/French-Defense-La-Bourdonnais-Variation	2025-02-02 21:04:25	2025-02-02 21:18:40	2025-02-02 00:00:00	e4 e6 f4 d6 Nf3 Ne7 d4 Nd7 c4 b6 Nc3 Bb7 Bd3 c5 d5 exd5 cxd5 Ng6 O-O Be7 f5 Nge5 Bc2 a6 Bf4 Bf6 Qd2 b5 a3 O-O Bg3 Qc7 Rac1 Nc4 Qf4 b4 axb4 cxb4 Na4 Nde5 b3 Nxf3+ Rxf3 Ne5 Rff1 a5 Bb1 Qb8 Qe3 Ba6 Rfe1 h6 Nb2 Bg5 Bf4 f6 Bxg5 hxg5 Nc4 Bxc4 bxc4 a4 Re2 b3 Qc3 Rc8 Bd3 a3 Ree1 a2 Qb2 Nxd3 Qd2 Nxe1 Qxe1 a1=Q Rxa1 Rxa1 Qxa1 b2 Qb1 Rxc4 h3 Rc1+ Kh2 Rxb1	1. e4 e6 2. f4 d6 3. Nf3 Ne7 4. d4 Nd7 5. c4 b6 6. Nc3 Bb7 7. Bd3 c5 8. d5 exd5 9. cxd5 Ng6 10. O-O Be7 11. f5 Nge5 12. Bc2 a6 13. Bf4 Bf6 14. Qd2 b5 15. a3 O-O 16. Bg3 Qc7 17. Rac1 Nc4 18. Qf4 b4 19. axb4 cxb4 20. Na4 Nde5 21. b3 Nxf3+ 22. Rxf3 Ne5 23. Rff1 a5 24. Bb1 Qb8 25. Qe3 Ba6 26. Rfe1 h6 27. Nb2 Bg5 28. Bf4 f6 29. Bxg5 hxg5 30. Nc4 Bxc4 31. bxc4 a4 32. Re2 b3 33. Qc3 Rc8 34. Bd3 a3 35. Ree1 a2 36. Qb2 Nxd3 37. Qd2 Nxe1 38. Qxe1 a1=Q 39. Rxa1 Rxa1 40. Qxa1 b2 41. Qb1 Rxc4 42. h3 Rc1+ 43. Kh2 Rxb1	2025-02-01
https://www.chess.com/game/live/132270050065	600	True	rapid	chess	1502	win	1497	abandoned	Live Chess	Chess.com	2025-02-02 00:00:00	Jazzman1452	Rhythmbear1	1-0	rnbq1rk1/p5pn/1p5p/3Pb3/PP2N3/2N1B3/2B3PP/R2Q1RK1 b - - 2 19	UTC	B07	https://www.chess.com/openings/Pirc-Defense-Lions-Jaw-Variation-3...e5-4.d5	2025-02-02 21:18:45	2025-02-02 21:24:19	2025-02-02 00:00:00	d4 d6 e4 e5 d5 Nf6 f3 h6 c4 Be7 Nc3 O-O Bd3 c6 Nge2 cxd5 cxd5 Nbd7 O-O Nc5 Bc2 b6 b4 Ncd7 a4 Nb8 Be3 Nh7 f4 f5 fxe5 fxe4 exd6 Bxd6 Nxe4 Be5 N2c3	1. d4 d6 2. e4 e5 3. d5 Nf6 4. f3 h6 5. c4 Be7 6. Nc3 O-O 7. Bd3 c6 8. Nge2 cxd5 9. cxd5 Nbd7 10. O-O Nc5 11. Bc2 b6 12. b4 Ncd7 13. a4 Nb8 14. Be3 Nh7 15. f4 f5 16. fxe5 fxe4 17. exd6 Bxd6 18. Nxe4 Be5 19. N2c3 	2025-02-01
https://www.chess.com/game/live/132270683105	600	True	rapid	chess	1489	timeout	1495	win	Live Chess	Chess.com	2025-02-02 00:00:00	Rhythmbear1	zolushka12	0-1	8/1k6/8/PKPPN1p1/8/1r6/8/8 w - - 1 79	UTC	C00	https://www.chess.com/openings/French-Defense-La-Bourdonnais-Variation-2...d5	2025-02-02 21:31:39	2025-02-02 21:50:40	2025-02-02 00:00:00	e4 e6 f4 d5 exd5 exd5 Nf3 h6 d4 a6 Bd3 Nf6 O-O Be7 c3 O-O Nbd2 c6 Nb3 b5 a3 a5 Nbd2 a4 Rf2 Na6 Nf1 Nc7 Ne5 Bb7 Be3 Qc8 Qc2 Ne4 Bxe4 dxe4 Qxe4 f5 Qc2 Qe6 Re1 Nd5 Bc1 Qd6 Ng3 Bc8 Rff1 Bh4 Qd3 Bxg3 Qxg3 Rf6 Qh4 Ne7 Rf3 Ng6 Qf2 Kh7 Rg3 Bd7 Qf3 Be6 Qh5 Bd5 Rg5 Nf8 Rxf5 Rxf5 Qxf5+ g6 Qh3 Be6 f5 Bxf5 Qxh6+ Kg8 Qg5 Ra7 Bf4 Qe6 Kf2 Rg7 Nf3 Qb3 Be5 Qxb2+ Re2 Bd3 Qe3 Bxe2 Qxe2 Qxe2+ Kxe2 Rf7 Ng5 Rf5 h4 Nd7 Bd6 Nf6 Bc5 Nh5 Ne6 Ng3+ Kd3 Kf7 Ng5+ Kg8 Ne6 Nh5 Nd8 Nf4+ Ke3 Nxg2+ Ke4 Nxh4 Nxc6 Rg5 Ne5 Ng2 Kd5 Nf4+ Kc6 Ne6 Kxb5 Nxc5 Kxc5 Rf5 Kb4 g5 Kxa4 Kg7 Kb4 Rf8 a4 Rb8+ Ka5 Rb3 c4 Rd3 d5 Re3 Nc6 Kf7 Kb5 Ke8 Kc5 Kd7 a5 Ra3 Ne5+ Kc7 Kb5 Kb7 c5 Rb3+	1. e4 e6 2. f4 d5 3. exd5 exd5 4. Nf3 h6 5. d4 a6 6. Bd3 Nf6 7. O-O Be7 8. c3 O-O 9. Nbd2 c6 10. Nb3 b5 11. a3 a5 12. Nbd2 a4 13. Rf2 Na6 14. Nf1 Nc7 15. Ne5 Bb7 16. Be3 Qc8 17. Qc2 Ne4 18. Bxe4 dxe4 19. Qxe4 f5 20. Qc2 Qe6 21. Re1 Nd5 22. Bc1 Qd6 23. Ng3 Bc8 24. Rff1 Bh4 25. Qd3 Bxg3 26. Qxg3 Rf6 27. Qh4 Ne7 28. Rf3 Ng6 29. Qf2 Kh7 30. Rg3 Bd7 31. Qf3 Be6 32. Qh5 Bd5 33. Rg5 Nf8 34. Rxf5 Rxf5 35. Qxf5+ g6 36. Qh3 Be6 37. f5 Bxf5 38. Qxh6+ Kg8 39. Qg5 Ra7 40. Bf4 Qe6 41. Kf2 Rg7 42. Nf3 Qb3 43. Be5 Qxb2+ 44. Re2 Bd3 45. Qe3 Bxe2 46. Qxe2 Qxe2+ 47. Kxe2 Rf7 48. Ng5 Rf5 49. h4 Nd7 50. Bd6 Nf6 51. Bc5 Nh5 52. Ne6 Ng3+ 53. Kd3 Kf7 54. Ng5+ Kg8 55. Ne6 Nh5 56. Nd8 Nf4+ 57. Ke3 Nxg2+ 58. Ke4 Nxh4 59. Nxc6 Rg5 60. Ne5 Ng2 61. Kd5 Nf4+ 62. Kc6 Ne6 63. Kxb5 Nxc5 64. Kxc5 Rf5 65. Kb4 g5 66. Kxa4 Kg7 67. Kb4 Rf8 68. a4 Rb8+ 69. Ka5 Rb3 70. c4 Rd3 71. d5 Re3 72. Nc6 Kf7 73. Kb5 Ke8 74. Kc5 Kd7 75. a5 Ra3 76. Ne5+ Kc7 77. Kb5 Kb7 78. c5 Rb3+	2025-02-01
[2025-03-10T01:28:57.826+0000] {taskinstance.py:3310} ERROR - Task failed with exception
Traceback (most recent call last):
  File "/home/airflow/.local/lib/python3.12/site-packages/airflow/models/taskinstance.py", line 767, in _execute_task
    result = _execute_callable(context=context, **execute_callable_kwargs)
             ^^^^^^^^^^^^^^^^^^^^^^^^^^^^^^^^^^^^^^^^^^^^^^^^^^^^^^^^^^^^^
  File "/home/airflow/.local/lib/python3.12/site-packages/airflow/models/taskinstance.py", line 733, in _execute_callable
    return ExecutionCallableRunner(
           ^^^^^^^^^^^^^^^^^^^^^^^^
  File "/home/airflow/.local/lib/python3.12/site-packages/airflow/utils/operator_helpers.py", line 252, in run
    return self.func(*args, **kwargs)
           ^^^^^^^^^^^^^^^^^^^^^^^^^^
  File "/home/airflow/.local/lib/python3.12/site-packages/airflow/models/baseoperator.py", line 406, in wrapper
    return func(self, *args, **kwargs)
           ^^^^^^^^^^^^^^^^^^^^^^^^^^^
  File "/home/airflow/.local/lib/python3.12/site-packages/airflow/operators/python.py", line 238, in execute
    return_value = self.execute_callable()
                   ^^^^^^^^^^^^^^^^^^^^^^^
  File "/home/airflow/.local/lib/python3.12/site-packages/airflow/operators/python.py", line 256, in execute_callable
    return runner.run(*self.op_args, **self.op_kwargs)
           ^^^^^^^^^^^^^^^^^^^^^^^^^^^^^^^^^^^^^^^^^^^
  File "/home/airflow/.local/lib/python3.12/site-packages/airflow/utils/operator_helpers.py", line 252, in run
    return self.func(*args, **kwargs)
           ^^^^^^^^^^^^^^^^^^^^^^^^^^
  File "/opt/airflow/dags/scripts/python_scripts.py", line 219, in load_to_gold_layer
    final_fact = conn.execute(f"""
                 ^^^^^^^^^^^^^^^^^
duckdb.duckdb.BinderException: Binder Error: Set operations can only apply to expressions with the same number of result columns
[2025-03-10T01:28:57.842+0000] {taskinstance.py:1225} INFO - Marking task as FAILED. dag_id=pull_data_from_chess_api, task_id=load_to_gold_layer, run_id=scheduled__2025-02-01T00:00:00+00:00, execution_date=20250201T000000, start_date=20250310T012855, end_date=20250310T012857
[2025-03-10T01:28:57.863+0000] {taskinstance.py:340} INFO - ::group::Post task execution logs
[2025-03-10T01:28:57.864+0000] {standard_task_runner.py:124} ERROR - Failed to execute job 483 for task load_to_gold_layer (Binder Error: Set operations can only apply to expressions with the same number of result columns; 16360)
Traceback (most recent call last):
  File "/home/airflow/.local/lib/python3.12/site-packages/airflow/task/task_runner/standard_task_runner.py", line 117, in _start_by_fork
    ret = args.func(args, dag=self.dag)
          ^^^^^^^^^^^^^^^^^^^^^^^^^^^^^
  File "/home/airflow/.local/lib/python3.12/site-packages/airflow/cli/cli_config.py", line 49, in command
    return func(*args, **kwargs)
           ^^^^^^^^^^^^^^^^^^^^^
  File "/home/airflow/.local/lib/python3.12/site-packages/airflow/utils/cli.py", line 115, in wrapper
    return f(*args, **kwargs)
           ^^^^^^^^^^^^^^^^^^
  File "/home/airflow/.local/lib/python3.12/site-packages/airflow/cli/commands/task_command.py", line 483, in task_run
    task_return_code = _run_task_by_selected_method(args, _dag, ti)
                       ^^^^^^^^^^^^^^^^^^^^^^^^^^^^^^^^^^^^^^^^^^^^
  File "/home/airflow/.local/lib/python3.12/site-packages/airflow/cli/commands/task_command.py", line 256, in _run_task_by_selected_method
    return _run_raw_task(args, ti)
           ^^^^^^^^^^^^^^^^^^^^^^^
  File "/home/airflow/.local/lib/python3.12/site-packages/airflow/cli/commands/task_command.py", line 341, in _run_raw_task
    return ti._run_raw_task(
           ^^^^^^^^^^^^^^^^^
  File "/home/airflow/.local/lib/python3.12/site-packages/airflow/utils/session.py", line 97, in wrapper
    return func(*args, session=session, **kwargs)
           ^^^^^^^^^^^^^^^^^^^^^^^^^^^^^^^^^^^^^^
  File "/home/airflow/.local/lib/python3.12/site-packages/airflow/models/taskinstance.py", line 3004, in _run_raw_task
    return _run_raw_task(
           ^^^^^^^^^^^^^^
  File "/home/airflow/.local/lib/python3.12/site-packages/airflow/models/taskinstance.py", line 273, in _run_raw_task
    TaskInstance._execute_task_with_callbacks(
  File "/home/airflow/.local/lib/python3.12/site-packages/airflow/models/taskinstance.py", line 3158, in _execute_task_with_callbacks
    result = self._execute_task(context, task_orig)
             ^^^^^^^^^^^^^^^^^^^^^^^^^^^^^^^^^^^^^^
  File "/home/airflow/.local/lib/python3.12/site-packages/airflow/models/taskinstance.py", line 3182, in _execute_task
    return _execute_task(self, context, task_orig)
           ^^^^^^^^^^^^^^^^^^^^^^^^^^^^^^^^^^^^^^^
  File "/home/airflow/.local/lib/python3.12/site-packages/airflow/models/taskinstance.py", line 767, in _execute_task
    result = _execute_callable(context=context, **execute_callable_kwargs)
             ^^^^^^^^^^^^^^^^^^^^^^^^^^^^^^^^^^^^^^^^^^^^^^^^^^^^^^^^^^^^^
  File "/home/airflow/.local/lib/python3.12/site-packages/airflow/models/taskinstance.py", line 733, in _execute_callable
    return ExecutionCallableRunner(
           ^^^^^^^^^^^^^^^^^^^^^^^^
  File "/home/airflow/.local/lib/python3.12/site-packages/airflow/utils/operator_helpers.py", line 252, in run
    return self.func(*args, **kwargs)
           ^^^^^^^^^^^^^^^^^^^^^^^^^^
  File "/home/airflow/.local/lib/python3.12/site-packages/airflow/models/baseoperator.py", line 406, in wrapper
    return func(self, *args, **kwargs)
           ^^^^^^^^^^^^^^^^^^^^^^^^^^^
  File "/home/airflow/.local/lib/python3.12/site-packages/airflow/operators/python.py", line 238, in execute
    return_value = self.execute_callable()
                   ^^^^^^^^^^^^^^^^^^^^^^^
  File "/home/airflow/.local/lib/python3.12/site-packages/airflow/operators/python.py", line 256, in execute_callable
    return runner.run(*self.op_args, **self.op_kwargs)
           ^^^^^^^^^^^^^^^^^^^^^^^^^^^^^^^^^^^^^^^^^^^
  File "/home/airflow/.local/lib/python3.12/site-packages/airflow/utils/operator_helpers.py", line 252, in run
    return self.func(*args, **kwargs)
           ^^^^^^^^^^^^^^^^^^^^^^^^^^
  File "/opt/airflow/dags/scripts/python_scripts.py", line 219, in load_to_gold_layer
    final_fact = conn.execute(f"""
                 ^^^^^^^^^^^^^^^^^
duckdb.duckdb.BinderException: Binder Error: Set operations can only apply to expressions with the same number of result columns
[2025-03-10T01:28:57.895+0000] {local_task_job_runner.py:266} INFO - Task exited with return code 1
[2025-03-10T01:28:57.936+0000] {taskinstance.py:3900} INFO - 0 downstream tasks scheduled from follow-on schedule check
[2025-03-10T01:28:57.944+0000] {local_task_job_runner.py:245} INFO - ::endgroup::
[2025-03-19T20:56:52.222+0000] {local_task_job_runner.py:123} INFO - ::group::Pre task execution logs
[2025-03-19T20:56:52.256+0000] {taskinstance.py:2612} INFO - Dependencies all met for dep_context=non-requeueable deps ti=<TaskInstance: pull_data_from_chess_api.load_to_gold_layer scheduled__2025-02-01T00:00:00+00:00 [queued]>
[2025-03-19T20:56:52.270+0000] {taskinstance.py:2612} INFO - Dependencies all met for dep_context=requeueable deps ti=<TaskInstance: pull_data_from_chess_api.load_to_gold_layer scheduled__2025-02-01T00:00:00+00:00 [queued]>
[2025-03-19T20:56:52.270+0000] {taskinstance.py:2865} INFO - Starting attempt 2 of 3
[2025-03-19T20:56:52.293+0000] {taskinstance.py:2888} INFO - Executing <Task(PythonOperator): load_to_gold_layer> on 2025-02-01 00:00:00+00:00
[2025-03-19T20:56:52.305+0000] {warnings.py:112} WARNING - /home/***/.local/lib/python3.12/site-packages/***/task/task_runner/standard_task_runner.py:70: DeprecationWarning: This process (pid=3549) is multi-threaded, use of fork() may lead to deadlocks in the child.
  pid = os.fork()

[2025-03-19T20:56:52.307+0000] {standard_task_runner.py:72} INFO - Started process 3565 to run task
[2025-03-19T20:56:52.309+0000] {standard_task_runner.py:104} INFO - Running: ['***', 'tasks', 'run', 'pull_data_from_chess_api', 'load_to_gold_layer', 'scheduled__2025-02-01T00:00:00+00:00', '--job-id', '637', '--raw', '--subdir', 'DAGS_FOLDER/collect_chess_data_dag.py', '--cfg-path', '/tmp/tmpkig0z4q2']
[2025-03-19T20:56:52.314+0000] {standard_task_runner.py:105} INFO - Job 637: Subtask load_to_gold_layer
[2025-03-19T20:56:52.392+0000] {task_command.py:467} INFO - Running <TaskInstance: pull_data_from_chess_api.load_to_gold_layer scheduled__2025-02-01T00:00:00+00:00 [running]> on host d836e7f15298
[2025-03-19T20:56:52.531+0000] {taskinstance.py:3131} INFO - Exporting env vars: AIRFLOW_CTX_DAG_OWNER='***' AIRFLOW_CTX_DAG_ID='pull_data_from_chess_api' AIRFLOW_CTX_TASK_ID='load_to_gold_layer' AIRFLOW_CTX_EXECUTION_DATE='2025-02-01T00:00:00+00:00' AIRFLOW_CTX_TRY_NUMBER='2' AIRFLOW_CTX_DAG_RUN_ID='scheduled__2025-02-01T00:00:00+00:00'
[2025-03-19T20:56:52.533+0000] {taskinstance.py:731} INFO - ::endgroup::
[2025-03-19T20:56:52.551+0000] {logging_mixin.py:190} INFO - Execution Date: 2025-02-01
[2025-03-19T20:56:52.554+0000] {connection.py:531} ERROR - Unable to retrieve connection from secrets backend (EnvironmentVariablesBackend). Checking subsequent secrets backend.
Traceback (most recent call last):
  File "/home/airflow/.local/lib/python3.12/site-packages/airflow/models/connection.py", line 526, in get_connection_from_secrets
    conn = secrets_backend.get_connection(conn_id=conn_id)
           ^^^^^^^^^^^^^^^^^^^^^^^^^^^^^^^^^^^^^^^^^^^^^^^
  File "/home/airflow/.local/lib/python3.12/site-packages/airflow/secrets/base_secrets.py", line 116, in get_connection
    return self.deserialize_connection(conn_id=conn_id, value=value)
           ^^^^^^^^^^^^^^^^^^^^^^^^^^^^^^^^^^^^^^^^^^^^^^^^^^^^^^^^^
  File "/home/airflow/.local/lib/python3.12/site-packages/airflow/secrets/base_secrets.py", line 70, in deserialize_connection
    return Connection(conn_id=conn_id, uri=value)
           ^^^^^^^^^^^^^^^^^^^^^^^^^^^^^^^^^^^^^^
  File "<string>", line 4, in __init__
  File "/home/airflow/.local/lib/python3.12/site-packages/sqlalchemy/orm/state.py", line 481, in _initialize_instance
    with util.safe_reraise():
         ^^^^^^^^^^^^^^^^^^^
  File "/home/airflow/.local/lib/python3.12/site-packages/sqlalchemy/util/langhelpers.py", line 70, in __exit__
    compat.raise_(
  File "/home/airflow/.local/lib/python3.12/site-packages/sqlalchemy/util/compat.py", line 211, in raise_
    raise exception
  File "/home/airflow/.local/lib/python3.12/site-packages/sqlalchemy/orm/state.py", line 479, in _initialize_instance
    return manager.original_init(*mixed[1:], **kwargs)
           ^^^^^^^^^^^^^^^^^^^^^^^^^^^^^^^^^^^^^^^^^^^
  File "/home/airflow/.local/lib/python3.12/site-packages/airflow/models/connection.py", line 169, in __init__
    self._parse_from_uri(uri)
  File "/home/airflow/.local/lib/python3.12/site-packages/airflow/models/connection.py", line 257, in _parse_from_uri
    self.port = uri_parts.port
                ^^^^^^^^^^^^^^
  File "/usr/local/lib/python3.12/urllib/parse.py", line 182, in port
    raise ValueError(f"Port could not be cast to integer value as {port!r}")
ValueError: Port could not be cast to integer value as 'DefaultEndpointsProtocol=https;AccountName=rbchesssa;AccountKey=lG9W+utkpTNorE0rTLlfDMUZsTPleXk6pXv6NnfDTi'
[2025-03-19T20:56:52.617+0000] {base.py:84} INFO - Retrieving connection 'azure_chess_storage'
[2025-03-19T20:56:54.366+0000] {logging_mixin.py:190} INFO - Previewing Dataframe
[2025-03-19T20:56:54.372+0000] {logging_mixin.py:190} INFO - game_url                        object
time_control                    object
rated                             bool
time_class                      object
rules                           object
white_rating                     int64
white_result                    object
black_rating                     int64
black_result                    object
pgn_event                       object
pgn_site                        object
game_date               datetime64[us]
pgn_white_user                  object
pgn_black_user                  object
pgn_result                      object
pgn_current_position            object
pgn_timezone                    object
pgn_eco                         object
pgn_eco_url                     object
start_time              datetime64[ns]
end_time                datetime64[ns]
end_game_date           datetime64[us]
pgn_raw                         object
pgn_trans                       object
last_updated                    object
dtype: object
[2025-03-19T20:56:54.403+0000] {logging_mixin.py:190} INFO - https://www.chess.com/game/live/132268879791	600	True	rapid	chess	1505	repetition	1516	repetition	Live Chess	Chess.com	2025-02-02 00:00:00	Rhythmbear1	Sohaib_214	1/2-1/2	rn1qkb1r/ppp2pp1/3pbn1p/4p3/2B1P3/2P2N2/PP1P1PPP/RNBQ1RK1 w kq - 9 10	UTC	C41	https://www.chess.com/openings/Philidor-Defense-3.Bc4	2025-02-02 21:01:01	2025-02-02 21:02:02	2025-02-02 00:00:00	e4 e5 Nf3 d6 Bc4 h6 O-O Nf6 c3 Be6 Bb5+ Bd7 Bc4 Be6 Bb5+ Bd7 Bc4 Be6	1. e4 e5 2. Nf3 d6 3. Bc4 h6 4. O-O Nf6 5. c3 Be6 6. Bb5+ Bd7 7. Bc4 Be6 8. Bb5+ Bd7 9. Bc4 Be6	2025-02-01
https://www.chess.com/game/live/132268893111	600	True	rapid	chess	1499	resigned	1513	win	Live Chess	Chess.com	2025-02-02 00:00:00	Migas82	Rhythmbear1	0-1	2rq1rk1/pb3ppp/3p1n2/1P1Np3/1P1b4/P2B3P/1BQ1NPP1/R3K2R b KQ - 0 16	UTC	A40	https://www.chess.com/openings/Englund-Gambit-Declined-2...Bc5	2025-02-02 21:02:08	2025-02-02 21:04:21	2025-02-02 00:00:00	d4 e5 d5 Bc5 c4 Nf6 Nc3 O-O e3 b6 Bd3 Bb7 h3 Na6 a3 c6 e4 Nc7 Nge2 cxd5 exd5 d6 b4 Bd4 Qc2 Rc8 Bb2 b5 cxb5 Ncxd5 Nxd5	1. d4 e5 2. d5 Bc5 3. c4 Nf6 4. Nc3 O-O 5. e3 b6 6. Bd3 Bb7 7. h3 Na6 8. a3 c6 9. e4 Nc7 10. Nge2 cxd5 11. exd5 d6 12. b4 Bd4 13. Qc2 Rc8 14. Bb2 b5 15. cxb5 Ncxd5 16. Nxd5 	2025-02-01
https://www.chess.com/game/live/132269399329	600	True	rapid	chess	1505	resigned	1516	win	Live Chess	Chess.com	2025-02-02 00:00:00	Rhythmbear1	pogradeci	0-1	1q4k1/6p1/3p1p2/3P1Pp1/4P3/7P/1p4PK/1r6 w - - 0 44	UTC	C00	https://www.chess.com/openings/French-Defense-La-Bourdonnais-Variation	2025-02-02 21:04:25	2025-02-02 21:18:40	2025-02-02 00:00:00	e4 e6 f4 d6 Nf3 Ne7 d4 Nd7 c4 b6 Nc3 Bb7 Bd3 c5 d5 exd5 cxd5 Ng6 O-O Be7 f5 Nge5 Bc2 a6 Bf4 Bf6 Qd2 b5 a3 O-O Bg3 Qc7 Rac1 Nc4 Qf4 b4 axb4 cxb4 Na4 Nde5 b3 Nxf3+ Rxf3 Ne5 Rff1 a5 Bb1 Qb8 Qe3 Ba6 Rfe1 h6 Nb2 Bg5 Bf4 f6 Bxg5 hxg5 Nc4 Bxc4 bxc4 a4 Re2 b3 Qc3 Rc8 Bd3 a3 Ree1 a2 Qb2 Nxd3 Qd2 Nxe1 Qxe1 a1=Q Rxa1 Rxa1 Qxa1 b2 Qb1 Rxc4 h3 Rc1+ Kh2 Rxb1	1. e4 e6 2. f4 d6 3. Nf3 Ne7 4. d4 Nd7 5. c4 b6 6. Nc3 Bb7 7. Bd3 c5 8. d5 exd5 9. cxd5 Ng6 10. O-O Be7 11. f5 Nge5 12. Bc2 a6 13. Bf4 Bf6 14. Qd2 b5 15. a3 O-O 16. Bg3 Qc7 17. Rac1 Nc4 18. Qf4 b4 19. axb4 cxb4 20. Na4 Nde5 21. b3 Nxf3+ 22. Rxf3 Ne5 23. Rff1 a5 24. Bb1 Qb8 25. Qe3 Ba6 26. Rfe1 h6 27. Nb2 Bg5 28. Bf4 f6 29. Bxg5 hxg5 30. Nc4 Bxc4 31. bxc4 a4 32. Re2 b3 33. Qc3 Rc8 34. Bd3 a3 35. Ree1 a2 36. Qb2 Nxd3 37. Qd2 Nxe1 38. Qxe1 a1=Q 39. Rxa1 Rxa1 40. Qxa1 b2 41. Qb1 Rxc4 42. h3 Rc1+ 43. Kh2 Rxb1	2025-02-01
https://www.chess.com/game/live/132270050065	600	True	rapid	chess	1502	win	1497	abandoned	Live Chess	Chess.com	2025-02-02 00:00:00	Jazzman1452	Rhythmbear1	1-0	rnbq1rk1/p5pn/1p5p/3Pb3/PP2N3/2N1B3/2B3PP/R2Q1RK1 b - - 2 19	UTC	B07	https://www.chess.com/openings/Pirc-Defense-Lions-Jaw-Variation-3...e5-4.d5	2025-02-02 21:18:45	2025-02-02 21:24:19	2025-02-02 00:00:00	d4 d6 e4 e5 d5 Nf6 f3 h6 c4 Be7 Nc3 O-O Bd3 c6 Nge2 cxd5 cxd5 Nbd7 O-O Nc5 Bc2 b6 b4 Ncd7 a4 Nb8 Be3 Nh7 f4 f5 fxe5 fxe4 exd6 Bxd6 Nxe4 Be5 N2c3	1. d4 d6 2. e4 e5 3. d5 Nf6 4. f3 h6 5. c4 Be7 6. Nc3 O-O 7. Bd3 c6 8. Nge2 cxd5 9. cxd5 Nbd7 10. O-O Nc5 11. Bc2 b6 12. b4 Ncd7 13. a4 Nb8 14. Be3 Nh7 15. f4 f5 16. fxe5 fxe4 17. exd6 Bxd6 18. Nxe4 Be5 19. N2c3 	2025-02-01
https://www.chess.com/game/live/132270683105	600	True	rapid	chess	1489	timeout	1495	win	Live Chess	Chess.com	2025-02-02 00:00:00	Rhythmbear1	zolushka12	0-1	8/1k6/8/PKPPN1p1/8/1r6/8/8 w - - 1 79	UTC	C00	https://www.chess.com/openings/French-Defense-La-Bourdonnais-Variation-2...d5	2025-02-02 21:31:39	2025-02-02 21:50:40	2025-02-02 00:00:00	e4 e6 f4 d5 exd5 exd5 Nf3 h6 d4 a6 Bd3 Nf6 O-O Be7 c3 O-O Nbd2 c6 Nb3 b5 a3 a5 Nbd2 a4 Rf2 Na6 Nf1 Nc7 Ne5 Bb7 Be3 Qc8 Qc2 Ne4 Bxe4 dxe4 Qxe4 f5 Qc2 Qe6 Re1 Nd5 Bc1 Qd6 Ng3 Bc8 Rff1 Bh4 Qd3 Bxg3 Qxg3 Rf6 Qh4 Ne7 Rf3 Ng6 Qf2 Kh7 Rg3 Bd7 Qf3 Be6 Qh5 Bd5 Rg5 Nf8 Rxf5 Rxf5 Qxf5+ g6 Qh3 Be6 f5 Bxf5 Qxh6+ Kg8 Qg5 Ra7 Bf4 Qe6 Kf2 Rg7 Nf3 Qb3 Be5 Qxb2+ Re2 Bd3 Qe3 Bxe2 Qxe2 Qxe2+ Kxe2 Rf7 Ng5 Rf5 h4 Nd7 Bd6 Nf6 Bc5 Nh5 Ne6 Ng3+ Kd3 Kf7 Ng5+ Kg8 Ne6 Nh5 Nd8 Nf4+ Ke3 Nxg2+ Ke4 Nxh4 Nxc6 Rg5 Ne5 Ng2 Kd5 Nf4+ Kc6 Ne6 Kxb5 Nxc5 Kxc5 Rf5 Kb4 g5 Kxa4 Kg7 Kb4 Rf8 a4 Rb8+ Ka5 Rb3 c4 Rd3 d5 Re3 Nc6 Kf7 Kb5 Ke8 Kc5 Kd7 a5 Ra3 Ne5+ Kc7 Kb5 Kb7 c5 Rb3+	1. e4 e6 2. f4 d5 3. exd5 exd5 4. Nf3 h6 5. d4 a6 6. Bd3 Nf6 7. O-O Be7 8. c3 O-O 9. Nbd2 c6 10. Nb3 b5 11. a3 a5 12. Nbd2 a4 13. Rf2 Na6 14. Nf1 Nc7 15. Ne5 Bb7 16. Be3 Qc8 17. Qc2 Ne4 18. Bxe4 dxe4 19. Qxe4 f5 20. Qc2 Qe6 21. Re1 Nd5 22. Bc1 Qd6 23. Ng3 Bc8 24. Rff1 Bh4 25. Qd3 Bxg3 26. Qxg3 Rf6 27. Qh4 Ne7 28. Rf3 Ng6 29. Qf2 Kh7 30. Rg3 Bd7 31. Qf3 Be6 32. Qh5 Bd5 33. Rg5 Nf8 34. Rxf5 Rxf5 35. Qxf5+ g6 36. Qh3 Be6 37. f5 Bxf5 38. Qxh6+ Kg8 39. Qg5 Ra7 40. Bf4 Qe6 41. Kf2 Rg7 42. Nf3 Qb3 43. Be5 Qxb2+ 44. Re2 Bd3 45. Qe3 Bxe2 46. Qxe2 Qxe2+ 47. Kxe2 Rf7 48. Ng5 Rf5 49. h4 Nd7 50. Bd6 Nf6 51. Bc5 Nh5 52. Ne6 Ng3+ 53. Kd3 Kf7 54. Ng5+ Kg8 55. Ne6 Nh5 56. Nd8 Nf4+ 57. Ke3 Nxg2+ 58. Ke4 Nxh4 59. Nxc6 Rg5 60. Ne5 Ng2 61. Kd5 Nf4+ 62. Kc6 Ne6 63. Kxb5 Nxc5 64. Kxc5 Rf5 65. Kb4 g5 66. Kxa4 Kg7 67. Kb4 Rf8 68. a4 Rb8+ 69. Ka5 Rb3 70. c4 Rd3 71. d5 Re3 72. Nc6 Kf7 73. Kb5 Ke8 74. Kc5 Kd7 75. a5 Ra3 76. Ne5+ Kc7 77. Kb5 Kb7 78. c5 Rb3+	2025-02-01
[2025-03-19T20:56:58.374+0000] {logging_mixin.py:190} INFO - Previewing Dataframe
[2025-03-19T20:56:58.376+0000] {logging_mixin.py:190} INFO - game_url                        object
time_control                    object
rated                             bool
time_class                      object
rules                           object
white_rating                     int64
white_result                    object
black_rating                     int64
black_result                    object
pgn_event                       object
pgn_site                        object
game_date               datetime64[us]
pgn_white_user                  object
pgn_black_user                  object
pgn_result                      object
pgn_current_position            object
pgn_timezone                    object
pgn_eco                         object
pgn_eco_url                     object
start_time              datetime64[ns]
end_time                datetime64[ns]
end_game_date           datetime64[us]
pgn_raw                         object
pgn_trans                       object
last_updated            datetime64[us]
dtype: object
[2025-03-19T20:56:58.401+0000] {logging_mixin.py:190} INFO - https://www.chess.com/game/live/100291493075	120+1	True	bullet	chess	590	timeout	693	win	Live Chess	Chess.com	2024-01-29 00:00:00	Rhythmbear1	arditojosh	0-1	8/1Q3pkp/4p1p1/4q3/3p4/6PP/5P2/6K1 w - -	UTC	B10	https://www.chess.com/openings/Caro-Kann-Defense-2.Nf3-d5-3.exd5-cxd5	2024-01-29 18:23:33	2024-01-29 18:28:43	2024-01-29 00:00:00	e4 c6 Nf3 d5 exd5 cxd5 Nc3 Nf6 d4 Nc6 h3 Bf5 Bd3 e6 O-O Bxd3 Qxd3 Bd6 Re1 O-O Bg5 Be7 Ne5 Nxe5 dxe5 Nd7 Bxe7 Qxe7 Qg3 Rac8 Rac1 a6 Ne2 b5 Nf4 Rc4 b3 Rc5 Nh5 g6 Nf6+ Nxf6 exf6 Qxf6 Qd6 Rfc8 Qxa6 Rxc2 Rxc2 Rxc2 Qxb5 Rxa2 Qb8+ Kg7 b4 Ra4 b5 Rb4 b6 Qb2 Qd6 Rxb6 Qe7 Qd2 Rf1 Qc2 g3 Rb1 Rxb1 Qxb1+ Kg2 Qe4+ Kg1 Qe1+ Kg2 Qe4+ Kg1 Qe5 Qb7 d4	1. e4 c6 2. Nf3 d5 3. exd5 cxd5 4. Nc3 Nf6 5. d4 Nc6 6. h3 Bf5 7. Bd3 e6 8. O-O Bxd3 9. Qxd3 Bd6 10. Re1 O-O 11. Bg5 Be7 12. Ne5 Nxe5 13. dxe5 Nd7 14. Bxe7 Qxe7 15. Qg3 Rac8 16. Rac1 a6 17. Ne2 b5 18. Nf4 Rc4 19. b3 Rc5 20. Nh5 g6 21. Nf6+ Nxf6 22. exf6 Qxf6 23. Qd6 Rfc8 24. Qxa6 Rxc2 25. Rxc2 Rxc2 26. Qxb5 Rxa2 27. Qb8+ Kg7 28. b4 Ra4 29. b5 Rb4 30. b6 Qb2 31. Qd6 Rxb6 32. Qe7 Qd2 33. Rf1 Qc2 34. g3 Rb1 35. Rxb1 Qxb1+ 36. Kg2 Qe4+ 37. Kg1 Qe1+ 38. Kg2 Qe4+ 39. Kg1 Qe5 40. Qb7 d4	2024-01-01 00:00:00
https://www.chess.com/game/live/100360978249	600	True	rapid	chess	1333	win	1327	resigned	Live Chess	Chess.com	2024-01-30 00:00:00	negor58	Rhythmbear1	1-0	8/p2kPK2/8/1P1p4/8/2P5/5P2/8 b - -	UTC	C02	https://www.chess.com/openings/French-Defense-Advance-Variation-3...c5	2024-01-30 13:39:56	2024-01-30 13:54:52	2024-01-30 00:00:00	e4 e6 d4 d5 e5 c5 Bb5+ Bd7 Qd3 c4 Bxd7+ Qxd7 Qe3 Nc6 c3 Nh6 Qf3 Nf5 Ne2 Be7 h4 Bxh4 Qg4 Be7 Ng3 O-O-O Nxf5 exf5 Qxg7 Rhg8 Qxf7 Rxg2 Be3 Rdg8 Ke2 R2g7 Qh5 Bg5 Bxg5 Rxg5 Qxh7 Qxh7 Rxh7 Rg2 Nd2 f4 Kf3 R2g7 Rah1 Rxh7 Rxh7 Rf8 Rh4 Ne7 Rxf4 Rxf4+ Kxf4 Ng6+ Kf5 Nh4+ Kg4 Ng6 b3 cxb3 Nxb3 Kd7 Nc5+ Kc6 a4 Nxe5+ dxe5 Kxc5 Kf5 Kc6 e6 Kd6 Kf6 b5 axb5 Kc7 e7 Kd7 Kf7	1. e4 e6 2. d4 d5 3. e5 c5 4. Bb5+ Bd7 5. Qd3 c4 6. Bxd7+ Qxd7 7. Qe3 Nc6 8. c3 Nh6 9. Qf3 Nf5 10. Ne2 Be7 11. h4 Bxh4 12. Qg4 Be7 13. Ng3 O-O-O 14. Nxf5 exf5 15. Qxg7 Rhg8 16. Qxf7 Rxg2 17. Be3 Rdg8 18. Ke2 R2g7 19. Qh5 Bg5 20. Bxg5 Rxg5 21. Qxh7 Qxh7 22. Rxh7 Rg2 23. Nd2 f4 24. Kf3 R2g7 25. Rah1 Rxh7 26. Rxh7 Rf8 27. Rh4 Ne7 28. Rxf4 Rxf4+ 29. Kxf4 Ng6+ 30. Kf5 Nh4+ 31. Kg4 Ng6 32. b3 cxb3 33. Nxb3 Kd7 34. Nc5+ Kc6 35. a4 Nxe5+ 36. dxe5 Kxc5 37. Kf5 Kc6 38. e6 Kd6 39. Kf6 b5 40. axb5 Kc7 41. e7 Kd7 42. Kf7 	2024-01-01 00:00:00
https://www.chess.com/game/live/100603317629	600	True	rapid	chess	1347	abandoned	1366	win	Live Chess	Chess.com	2024-02-02 00:00:00	Rhythmbear1	Cobby06	0-1	8/p3k3/5p1p/5K2/4N3/7P/1r6/1b6 w - -	UTC	C45	https://www.chess.com/openings/Scotch-Game-Scotch-Gambit	2024-02-02 08:56:11	2024-02-02 09:09:51	2024-02-02 00:00:00	e4 e5 Nf3 Nc6 d4 exd4 Bc4 h6 O-O Bc5 c3 dxc3 Bxf7+ Kxf7 Qd5+ Kf8 Qh5 d6 Nxc3 Nf6 Qg6 Ng4 e5 dxe5 Nxe5 Ncxe5 Qe4 Nxf2 Qf4+ Qf6 Qxf6+ gxf6 Rxf2 Bxf2+ Kxf2 Nd3+ Ke2 Nxc1+ Rxc1 Bg4+ Ke3 Re8+ Kf4 Rg8 h3 Be6 Ne4 Kf7 Rxc7+ Re7 Nd6+ Kf8 Rxe7 Kxe7 Nxb7 Bxa2 Nc5 Rxg2 Ne4 Rxb2 Kf5 Bb1	1. e4 e5 2. Nf3 Nc6 3. d4 exd4 4. Bc4 h6 5. O-O Bc5 6. c3 dxc3 7. Bxf7+ Kxf7 8. Qd5+ Kf8 9. Qh5 d6 10. Nxc3 Nf6 11. Qg6 Ng4 12. e5 dxe5 13. Nxe5 Ncxe5 14. Qe4 Nxf2 15. Qf4+ Qf6 16. Qxf6+ gxf6 17. Rxf2 Bxf2+ 18. Kxf2 Nd3+ 19. Ke2 Nxc1+ 20. Rxc1 Bg4+ 21. Ke3 Re8+ 22. Kf4 Rg8 23. h3 Be6 24. Ne4 Kf7 25. Rxc7+ Re7 26. Nd6+ Kf8 27. Rxe7 Kxe7 28. Nxb7 Bxa2 29. Nc5 Rxg2 30. Ne4 Rxb2 31. Kf5 Bb1	2024-02-01 00:00:00
https://www.chess.com/game/live/100607663691	600	True	rapid	chess	1337	timeout	1305	win	Live Chess	Chess.com	2024-02-02 00:00:00	Rhythmbear1	Peter_pan111	0-1	8/p6R/1p1kpr2/1P1p4/2r5/8/5P1P/7K w - -	UTC	E91	https://www.chess.com/openings/Kings-Indian-Defense-Orthodox-Variation	2024-02-02 10:14:55	2024-02-02 10:34:48	2024-02-02 00:00:00	e4 g6 Nf3 Bg7 d4 d6 c4 Nf6 Nc3 O-O Be2 b6 O-O Bb7 d5 Nbd7 Qb3 c6 Bf4 cxd5 cxd5 Nc5 Qc2 Rc8 Be3 Ncxe4 Bb5 Nxc3 bxc3 Nxd5 Bd4 Bxd4 Nxd4 Nxc3 Qb2 Nxb5 Nxb5 Ba6 a4 Bxb5 axb5 Rc7 Rae1 e6 Re3 d5 Rh3 h5 Qe5 Kh7 g4 h4 Kh1 Qe7 g5 f6 Rxh4+ Kg7 gxf6+ Rxf6 Rg1 Rc4 Rxg6+ Kxg6 Qh5+ Kg7 Qh8+ Kg6 Rh6+ Kf5 Rh5+ Ke4 Rh4+ Ke5 Rh5+ Kd6 Qb8+ Qc7 Qxc7+ Kxc7 Rh7+ Kd6	1. e4 g6 2. Nf3 Bg7 3. d4 d6 4. c4 Nf6 5. Nc3 O-O 6. Be2 b6 7. O-O Bb7 8. d5 Nbd7 9. Qb3 c6 10. Bf4 cxd5 11. cxd5 Nc5 12. Qc2 Rc8 13. Be3 Ncxe4 14. Bb5 Nxc3 15. bxc3 Nxd5 16. Bd4 Bxd4 17. Nxd4 Nxc3 18. Qb2 Nxb5 19. Nxb5 Ba6 20. a4 Bxb5 21. axb5 Rc7 22. Rae1 e6 23. Re3 d5 24. Rh3 h5 25. Qe5 Kh7 26. g4 h4 27. Kh1 Qe7 28. g5 f6 29. Rxh4+ Kg7 30. gxf6+ Rxf6 31. Rg1 Rc4 32. Rxg6+ Kxg6 33. Qh5+ Kg7 34. Qh8+ Kg6 35. Rh6+ Kf5 36. Rh5+ Ke4 37. Rh4+ Ke5 38. Rh5+ Kd6 39. Qb8+ Qc7 40. Qxc7+ Kxc7 41. Rh7+ Kd6	2024-02-01 00:00:00
https://www.chess.com/game/live/100610514591	600	True	rapid	chess	1382	win	1329	timeout	Live Chess	Chess.com	2024-02-02 00:00:00	Kc4real002	Rhythmbear1	1-0	8/5pkp/P3p1p1/3p4/3b4/5QPP/8/7K b - -	UTC	C02	https://www.chess.com/openings/French-Defense-Advance-Paulsen-Main-Line-6...Bd7-7.b4-cxd4	2024-02-02 10:55:46	2024-02-02 11:11:47	2024-02-02 00:00:00	e4 e6 d4 d5 e5 c5 Nf3 Bd7 a3 Nc6 c3 Qb6 b4 cxd4 Nxd4 Nxe5 Bf4 Bd6 a4 Nf6 a5 Qd8 Be2 O-O O-O Rc8 Bg3 Ne4 Bxe5 Bxe5 Qd3 a6 f3 Bb5 Nxb5 axb5 Qxb5 Nxc3 Nxc3 Bxc3 Rac1 Bd4+ Kh1 Qe7 Qd3 Qf6 b5 Rc3 Qd1 Rfc8 Rxc3 Rxc3 a6 bxa6 bxa6 Ra3 Qc2 Qe7 Qc8+ Qf8 Qc6 Ba7 Qb7 Qb8 h3 Rb3 Qd7 g6 Rc1 Rb1 Rxb1 Qxb1+ Kh2 Bb8+ g3 Qb2 Qc8+ Kg7 Kg1 Qxe2 Qc3+ Be5 Qa3 Bd4+ Kh1 Qxf3+ Qxf3	1. e4 e6 2. d4 d5 3. e5 c5 4. Nf3 Bd7 5. a3 Nc6 6. c3 Qb6 7. b4 cxd4 8. Nxd4 Nxe5 9. Bf4 Bd6 10. a4 Nf6 11. a5 Qd8 12. Be2 O-O 13. O-O Rc8 14. Bg3 Ne4 15. Bxe5 Bxe5 16. Qd3 a6 17. f3 Bb5 18. Nxb5 axb5 19. Qxb5 Nxc3 20. Nxc3 Bxc3 21. Rac1 Bd4+ 22. Kh1 Qe7 23. Qd3 Qf6 24. b5 Rc3 25. Qd1 Rfc8 26. Rxc3 Rxc3 27. a6 bxa6 28. bxa6 Ra3 29. Qc2 Qe7 30. Qc8+ Qf8 31. Qc6 Ba7 32. Qb7 Qb8 33. h3 Rb3 34. Qd7 g6 35. Rc1 Rb1 36. Rxb1 Qxb1+ 37. Kh2 Bb8+ 38. g3 Qb2 39. Qc8+ Kg7 40. Kg1 Qxe2 41. Qc3+ Be5 42. Qa3 Bd4+ 43. Kh1 Qxf3+ 44. Qxf3 	2024-02-01 00:00:00
[2025-03-19T20:57:01.505+0000] {python.py:240} INFO - Done. Returned value was: None
[2025-03-19T20:57:01.519+0000] {taskinstance.py:340} INFO - ::group::Post task execution logs
[2025-03-19T20:57:01.519+0000] {taskinstance.py:352} INFO - Marking task as SUCCESS. dag_id=pull_data_from_chess_api, task_id=load_to_gold_layer, run_id=scheduled__2025-02-01T00:00:00+00:00, execution_date=20250201T000000, start_date=20250319T205652, end_date=20250319T205701
[2025-03-19T20:57:01.569+0000] {local_task_job_runner.py:266} INFO - Task exited with return code 0
[2025-03-19T20:57:01.587+0000] {taskinstance.py:3900} INFO - 0 downstream tasks scheduled from follow-on schedule check
[2025-03-19T20:57:01.590+0000] {local_task_job_runner.py:245} INFO - ::endgroup::
