[2025-03-31T17:44:15.871+0000] {local_task_job_runner.py:123} INFO - ::group::Pre task execution logs
[2025-03-31T17:44:15.931+0000] {taskinstance.py:2612} INFO - Dependencies all met for dep_context=non-requeueable deps ti=<TaskInstance: load_data_warehouse.load_dim_dates_dw dataset_triggered__2025-03-31T17:43:53.985762+00:00 [queued]>
[2025-03-31T17:44:15.980+0000] {taskinstance.py:2612} INFO - Dependencies all met for dep_context=requeueable deps ti=<TaskInstance: load_data_warehouse.load_dim_dates_dw dataset_triggered__2025-03-31T17:43:53.985762+00:00 [queued]>
[2025-03-31T17:44:15.981+0000] {taskinstance.py:2865} INFO - Starting attempt 1 of 2
[2025-03-31T17:44:16.071+0000] {taskinstance.py:2888} INFO - Executing <Task(PythonOperator): load_dim_dates_dw> on 2025-03-31 17:43:53.985762+00:00
[2025-03-31T17:44:16.202+0000] {warnings.py:112} WARNING - /home/***/.local/lib/python3.12/site-packages/***/task/task_runner/standard_task_runner.py:70: DeprecationWarning: This process (pid=10725) is multi-threaded, use of fork() may lead to deadlocks in the child.
  pid = os.fork()

[2025-03-31T17:44:16.238+0000] {standard_task_runner.py:72} INFO - Started process 10761 to run task
[2025-03-31T17:44:16.207+0000] {standard_task_runner.py:104} INFO - Running: ['***', 'tasks', 'run', 'load_data_warehouse', 'load_dim_dates_dw', 'dataset_triggered__2025-03-31T17:43:53.985762+00:00', '--job-id', '958', '--raw', '--subdir', 'DAGS_FOLDER/load_data_warehouse_dag.py', '--cfg-path', '/tmp/tmpe79nqfbu']
[2025-03-31T17:44:16.306+0000] {standard_task_runner.py:105} INFO - Job 958: Subtask load_dim_dates_dw
[2025-03-31T17:44:16.718+0000] {task_command.py:467} INFO - Running <TaskInstance: load_data_warehouse.load_dim_dates_dw dataset_triggered__2025-03-31T17:43:53.985762+00:00 [running]> on host 3b3ac09dc50a
[2025-03-31T17:44:17.124+0000] {taskinstance.py:3131} INFO - Exporting env vars: AIRFLOW_CTX_DAG_OWNER='***' AIRFLOW_CTX_DAG_ID='load_data_warehouse' AIRFLOW_CTX_TASK_ID='load_dim_dates_dw' AIRFLOW_CTX_EXECUTION_DATE='2025-03-31T17:43:53.985762+00:00' AIRFLOW_CTX_TRY_NUMBER='1' AIRFLOW_CTX_DAG_RUN_ID='dataset_triggered__2025-03-31T17:43:53.985762+00:00'
[2025-03-31T17:44:17.129+0000] {taskinstance.py:731} INFO - ::endgroup::
[2025-03-31T17:44:20.326+0000] {logging_mixin.py:190} INFO - ✅ gold/dim_date.parquet Loaded: 176 rows, 7 columns
[2025-03-31T17:44:20.546+0000] {base.py:84} INFO - Retrieving connection 'azure_chess_dw'
[2025-03-31T17:44:21.128+0000] {base.py:84} INFO - Retrieving connection 'azure_chess_dw'
[2025-03-31T17:44:34.051+0000] {logging_mixin.py:190} INFO - Successfully Loaded gold/dim_date.parquet Data to Postgres table dim_dates
[2025-03-31T17:44:34.107+0000] {python.py:240} INFO - Done. Returned value was: None
[2025-03-31T17:44:34.216+0000] {taskinstance.py:340} INFO - ::group::Post task execution logs
[2025-03-31T17:44:34.221+0000] {taskinstance.py:352} INFO - Marking task as SUCCESS. dag_id=load_data_warehouse, task_id=load_dim_dates_dw, run_id=dataset_triggered__2025-03-31T17:43:53.985762+00:00, execution_date=20250331T174353, start_date=20250331T174415, end_date=20250331T174434
[2025-03-31T17:44:34.722+0000] {local_task_job_runner.py:266} INFO - Task exited with return code 0
[2025-03-31T17:44:35.116+0000] {local_task_job_runner.py:245} INFO - ::endgroup::
