[2025-03-31T18:06:20.638+0000] {local_task_job_runner.py:123} INFO - ::group::Pre task execution logs
[2025-03-31T18:06:20.722+0000] {taskinstance.py:2612} INFO - Dependencies all met for dep_context=non-requeueable deps ti=<TaskInstance: load_data_warehouse.load_dim_results_dw dataset_triggered__2025-03-31T18:04:45.046641+00:00 [queued]>
[2025-03-31T18:06:20.766+0000] {taskinstance.py:2612} INFO - Dependencies all met for dep_context=requeueable deps ti=<TaskInstance: load_data_warehouse.load_dim_results_dw dataset_triggered__2025-03-31T18:04:45.046641+00:00 [queued]>
[2025-03-31T18:06:20.767+0000] {taskinstance.py:2865} INFO - Starting attempt 2 of 2
[2025-03-31T18:06:20.865+0000] {taskinstance.py:2888} INFO - Executing <Task(PythonOperator): load_dim_results_dw> on 2025-03-31 18:04:45.046641+00:00
[2025-03-31T18:06:20.905+0000] {warnings.py:112} WARNING - /home/***/.local/lib/python3.12/site-packages/***/task/task_runner/standard_task_runner.py:70: DeprecationWarning: This process (pid=13778) is multi-threaded, use of fork() may lead to deadlocks in the child.
  pid = os.fork()

[2025-03-31T18:06:20.924+0000] {standard_task_runner.py:72} INFO - Started process 13835 to run task
[2025-03-31T18:06:20.921+0000] {standard_task_runner.py:104} INFO - Running: ['***', 'tasks', 'run', 'load_data_warehouse', 'load_dim_results_dw', 'dataset_triggered__2025-03-31T18:04:45.046641+00:00', '--job-id', '1039', '--raw', '--subdir', 'DAGS_FOLDER/load_data_warehouse_dag.py', '--cfg-path', '/tmp/tmpkqk4bzp4']
[2025-03-31T18:06:20.933+0000] {standard_task_runner.py:105} INFO - Job 1039: Subtask load_dim_results_dw
[2025-03-31T18:06:21.170+0000] {task_command.py:467} INFO - Running <TaskInstance: load_data_warehouse.load_dim_results_dw dataset_triggered__2025-03-31T18:04:45.046641+00:00 [running]> on host 3b3ac09dc50a
[2025-03-31T18:06:21.827+0000] {taskinstance.py:3131} INFO - Exporting env vars: AIRFLOW_CTX_DAG_OWNER='***' AIRFLOW_CTX_DAG_ID='load_data_warehouse' AIRFLOW_CTX_TASK_ID='load_dim_results_dw' AIRFLOW_CTX_EXECUTION_DATE='2025-03-31T18:04:45.046641+00:00' AIRFLOW_CTX_TRY_NUMBER='2' AIRFLOW_CTX_DAG_RUN_ID='dataset_triggered__2025-03-31T18:04:45.046641+00:00'
[2025-03-31T18:06:21.841+0000] {taskinstance.py:731} INFO - ::endgroup::
[2025-03-31T18:06:25.433+0000] {logging_mixin.py:190} INFO - ✅ gold/dim_results.parquet Loaded: 15 rows, 3 columns
[2025-03-31T18:06:25.463+0000] {base.py:84} INFO - Retrieving connection 'azure_chess_dw'
[2025-03-31T18:06:25.512+0000] {base.py:84} INFO - Retrieving connection 'azure_chess_dw'
[2025-03-31T18:06:34.007+0000] {logging_mixin.py:190} INFO - Successfully Loaded gold/dim_results.parquet Data to Postgres table dim_results
[2025-03-31T18:06:34.029+0000] {python.py:240} INFO - Done. Returned value was: None
[2025-03-31T18:06:34.113+0000] {taskinstance.py:340} INFO - ::group::Post task execution logs
[2025-03-31T18:06:34.124+0000] {taskinstance.py:352} INFO - Marking task as SUCCESS. dag_id=load_data_warehouse, task_id=load_dim_results_dw, run_id=dataset_triggered__2025-03-31T18:04:45.046641+00:00, execution_date=20250331T180445, start_date=20250331T180620, end_date=20250331T180634
[2025-03-31T18:06:34.321+0000] {local_task_job_runner.py:266} INFO - Task exited with return code 0
[2025-03-31T18:06:34.449+0000] {taskinstance.py:3900} INFO - 0 downstream tasks scheduled from follow-on schedule check
[2025-03-31T18:06:34.463+0000] {local_task_job_runner.py:245} INFO - ::endgroup::
