[2025-03-31T11:29:38.896+0000] {local_task_job_runner.py:123} INFO - ::group::Pre task execution logs
[2025-03-31T11:29:38.914+0000] {taskinstance.py:2612} INFO - Dependencies all met for dep_context=non-requeueable deps ti=<TaskInstance: load_data_warehouse.get_last_updated_date dataset_triggered__2025-03-31T10:40:26.615476+00:00 [queued]>
[2025-03-31T11:29:38.925+0000] {taskinstance.py:2612} INFO - Dependencies all met for dep_context=requeueable deps ti=<TaskInstance: load_data_warehouse.get_last_updated_date dataset_triggered__2025-03-31T10:40:26.615476+00:00 [queued]>
[2025-03-31T11:29:38.925+0000] {taskinstance.py:2865} INFO - Starting attempt 3 of 4
[2025-03-31T11:29:38.942+0000] {taskinstance.py:2888} INFO - Executing <Task(PostgresOperator): get_last_updated_date> on 2025-03-31 10:40:26.615476+00:00
[2025-03-31T11:29:38.950+0000] {warnings.py:112} WARNING - /home/***/.local/lib/python3.12/site-packages/***/task/task_runner/standard_task_runner.py:70: DeprecationWarning: This process (pid=3322) is multi-threaded, use of fork() may lead to deadlocks in the child.
  pid = os.fork()

[2025-03-31T11:29:38.954+0000] {standard_task_runner.py:72} INFO - Started process 3331 to run task
[2025-03-31T11:29:38.956+0000] {standard_task_runner.py:104} INFO - Running: ['***', 'tasks', 'run', 'load_data_warehouse', 'get_last_updated_date', 'dataset_triggered__2025-03-31T10:40:26.615476+00:00', '--job-id', '867', '--raw', '--subdir', 'DAGS_FOLDER/load_data_warehouse_dag.py', '--cfg-path', '/tmp/tmp0h2g2sha']
[2025-03-31T11:29:38.963+0000] {standard_task_runner.py:105} INFO - Job 867: Subtask get_last_updated_date
[2025-03-31T11:29:39.029+0000] {task_command.py:467} INFO - Running <TaskInstance: load_data_warehouse.get_last_updated_date dataset_triggered__2025-03-31T10:40:26.615476+00:00 [running]> on host 3b3ac09dc50a
[2025-03-31T11:29:39.148+0000] {taskinstance.py:3131} INFO - Exporting env vars: AIRFLOW_CTX_DAG_OWNER='***' AIRFLOW_CTX_DAG_ID='load_data_warehouse' AIRFLOW_CTX_TASK_ID='get_last_updated_date' AIRFLOW_CTX_EXECUTION_DATE='2025-03-31T10:40:26.615476+00:00' AIRFLOW_CTX_TRY_NUMBER='3' AIRFLOW_CTX_DAG_RUN_ID='dataset_triggered__2025-03-31T10:40:26.615476+00:00'
[2025-03-31T11:29:39.150+0000] {taskinstance.py:731} INFO - ::endgroup::
[2025-03-31T11:29:39.154+0000] {sql.py:266} INFO - Executing: SELECT last_updated FROM chess_dw.fact_games ORDER BY last_updated DESC LIMIT 1;
[2025-03-31T11:29:39.169+0000] {base.py:84} INFO - Retrieving connection 'azure_chess_dw'
[2025-03-31T11:29:39.183+0000] {base.py:84} INFO - Retrieving connection 'azure_chess_dw'
[2025-03-31T11:29:40.675+0000] {sql.py:509} INFO - Running statement: SELECT last_updated FROM chess_dw.fact_games ORDER BY last_updated DESC LIMIT 1;, parameters: None
[2025-03-31T11:29:41.117+0000] {sql.py:518} INFO - Rows affected: 1
[2025-03-31T11:29:41.394+0000] {taskinstance.py:340} INFO - ::group::Post task execution logs
[2025-03-31T11:29:41.395+0000] {taskinstance.py:352} INFO - Marking task as SUCCESS. dag_id=load_data_warehouse, task_id=get_last_updated_date, run_id=dataset_triggered__2025-03-31T10:40:26.615476+00:00, execution_date=20250331T104026, start_date=20250331T112938, end_date=20250331T112941
[2025-03-31T11:29:41.465+0000] {local_task_job_runner.py:266} INFO - Task exited with return code 0
[2025-03-31T11:29:41.481+0000] {warnings.py:112} WARNING - /home/***/.local/lib/python3.12/site-packages/***/models/baseoperator.py:1378: AirflowProviderDeprecationWarning: Call to deprecated class PostgresOperator. (Please use `***.providers.common.sql.operators.sql.SQLExecuteQueryOperator`.Also, you can provide `hook_params={'schema': <database>}`.)
  result = cls.__new__(cls)

[2025-03-31T11:29:41.508+0000] {taskinstance.py:3900} INFO - 4 downstream tasks scheduled from follow-on schedule check
[2025-03-31T11:29:41.511+0000] {local_task_job_runner.py:245} INFO - ::endgroup::
