[2025-03-23T16:23:37.356+0000] {local_task_job_runner.py:123} INFO - ::group::Pre task execution logs
[2025-03-23T16:23:37.400+0000] {taskinstance.py:2612} INFO - Dependencies all met for dep_context=non-requeueable deps ti=<TaskInstance: pull_data_from_chess_api.transform_json_to_fact_table scheduled__2025-02-01T00:00:00+00:00 [queued]>
[2025-03-23T16:23:37.424+0000] {taskinstance.py:2612} INFO - Dependencies all met for dep_context=requeueable deps ti=<TaskInstance: pull_data_from_chess_api.transform_json_to_fact_table scheduled__2025-02-01T00:00:00+00:00 [queued]>
[2025-03-23T16:23:37.425+0000] {taskinstance.py:2865} INFO - Starting attempt 3 of 4
[2025-03-23T16:23:37.462+0000] {taskinstance.py:2888} INFO - Executing <Task(PythonOperator): transform_json_to_fact_table> on 2025-02-01 00:00:00+00:00
[2025-03-23T16:23:37.478+0000] {warnings.py:112} WARNING - /home/***/.local/lib/python3.12/site-packages/***/task/task_runner/standard_task_runner.py:70: DeprecationWarning: This process (pid=4635) is multi-threaded, use of fork() may lead to deadlocks in the child.
  pid = os.fork()

[2025-03-23T16:23:37.484+0000] {standard_task_runner.py:72} INFO - Started process 4644 to run task
[2025-03-23T16:23:37.484+0000] {standard_task_runner.py:104} INFO - Running: ['***', 'tasks', 'run', 'pull_data_from_chess_api', 'transform_json_to_fact_table', 'scheduled__2025-02-01T00:00:00+00:00', '--job-id', '662', '--raw', '--subdir', 'DAGS_FOLDER/collect_chess_data_dag.py', '--cfg-path', '/tmp/tmpfjdobprk']
[2025-03-23T16:23:37.493+0000] {standard_task_runner.py:105} INFO - Job 662: Subtask transform_json_to_fact_table
[2025-03-23T16:23:37.635+0000] {task_command.py:467} INFO - Running <TaskInstance: pull_data_from_chess_api.transform_json_to_fact_table scheduled__2025-02-01T00:00:00+00:00 [running]> on host 8de4e0a4beb2
[2025-03-23T16:23:37.811+0000] {taskinstance.py:3131} INFO - Exporting env vars: AIRFLOW_CTX_DAG_OWNER='***' AIRFLOW_CTX_DAG_ID='pull_data_from_chess_api' AIRFLOW_CTX_TASK_ID='transform_json_to_fact_table' AIRFLOW_CTX_EXECUTION_DATE='2025-02-01T00:00:00+00:00' AIRFLOW_CTX_TRY_NUMBER='3' AIRFLOW_CTX_DAG_RUN_ID='scheduled__2025-02-01T00:00:00+00:00'
[2025-03-23T16:23:37.813+0000] {taskinstance.py:731} INFO - ::endgroup::
[2025-03-23T16:23:37.866+0000] {connection.py:531} ERROR - Unable to retrieve connection from secrets backend (EnvironmentVariablesBackend). Checking subsequent secrets backend.
Traceback (most recent call last):
  File "/home/airflow/.local/lib/python3.12/site-packages/airflow/models/connection.py", line 526, in get_connection_from_secrets
    conn = secrets_backend.get_connection(conn_id=conn_id)
           ^^^^^^^^^^^^^^^^^^^^^^^^^^^^^^^^^^^^^^^^^^^^^^^
  File "/home/airflow/.local/lib/python3.12/site-packages/airflow/secrets/base_secrets.py", line 116, in get_connection
    return self.deserialize_connection(conn_id=conn_id, value=value)
           ^^^^^^^^^^^^^^^^^^^^^^^^^^^^^^^^^^^^^^^^^^^^^^^^^^^^^^^^^
  File "/home/airflow/.local/lib/python3.12/site-packages/airflow/secrets/base_secrets.py", line 70, in deserialize_connection
    return Connection(conn_id=conn_id, uri=value)
           ^^^^^^^^^^^^^^^^^^^^^^^^^^^^^^^^^^^^^^
  File "<string>", line 4, in __init__
  File "/home/airflow/.local/lib/python3.12/site-packages/sqlalchemy/orm/state.py", line 481, in _initialize_instance
    with util.safe_reraise():
         ^^^^^^^^^^^^^^^^^^^
  File "/home/airflow/.local/lib/python3.12/site-packages/sqlalchemy/util/langhelpers.py", line 70, in __exit__
    compat.raise_(
  File "/home/airflow/.local/lib/python3.12/site-packages/sqlalchemy/util/compat.py", line 211, in raise_
    raise exception
  File "/home/airflow/.local/lib/python3.12/site-packages/sqlalchemy/orm/state.py", line 479, in _initialize_instance
    return manager.original_init(*mixed[1:], **kwargs)
           ^^^^^^^^^^^^^^^^^^^^^^^^^^^^^^^^^^^^^^^^^^^
  File "/home/airflow/.local/lib/python3.12/site-packages/airflow/models/connection.py", line 169, in __init__
    self._parse_from_uri(uri)
  File "/home/airflow/.local/lib/python3.12/site-packages/airflow/models/connection.py", line 257, in _parse_from_uri
    self.port = uri_parts.port
                ^^^^^^^^^^^^^^
  File "/usr/local/lib/python3.12/urllib/parse.py", line 182, in port
    raise ValueError(f"Port could not be cast to integer value as {port!r}")
ValueError: Port could not be cast to integer value as 'DefaultEndpointsProtocol=https;AccountName=rbchesssa;AccountKey=lG9W+utkpTNorE0rTLlfDMUZsTPleXk6pXv6NnfDTi'
[2025-03-23T16:23:37.887+0000] {base.py:84} INFO - Retrieving connection 'azure_chess_storage'
[2025-03-23T16:23:45.285+0000] {logging_mixin.py:190} INFO - /tmp/tmp60hzx5z_
[2025-03-23T16:23:45.881+0000] {logging_mixin.py:190} INFO - Previewing Dataframe
[2025-03-23T16:23:45.897+0000] {logging_mixin.py:190} INFO - game_url                        object
time_control                    object
rated                             bool
time_class                      object
rules                           object
white_rating                     int64
white_result                    object
black_rating                     int64
black_result                    object
pgn_event                       object
pgn_site                        object
game_date               datetime64[us]
pgn_white_user                  object
pgn_black_user                  object
pgn_result                      object
pgn_current_position            object
pgn_timezone                    object
pgn_eco                         object
pgn_eco_url                     object
start_time                      object
end_time                        object
end_game_date           datetime64[us]
pgn_raw                         object
pgn_trans                       object
dtype: object
[2025-03-23T16:23:45.970+0000] {logging_mixin.py:190} INFO - https://www.chess.com/game/live/132268879791	600	True	rapid	chess	1505	repetition	1516	repetition	Live Chess	Chess.com	2025-02-02 00:00:00	Rhythmbear1	Sohaib_214	1/2-1/2	rn1qkb1r/ppp2pp1/3pbn1p/4p3/2B1P3/2P2N2/PP1P1PPP/RNBQ1RK1 w kq - 9 10	UTC	C41	https://www.chess.com/openings/Philidor-Defense-3.Bc4	21:01:01	21:02:02	2025-02-02 00:00:00	e4 e5 Nf3 d6 Bc4 h6 O-O Nf6 c3 Be6 Bb5+ Bd7 Bc4 Be6 Bb5+ Bd7 Bc4 Be6	1. e4 e5 2. Nf3 d6 3. Bc4 h6 4. O-O Nf6 5. c3 Be6 6. Bb5+ Bd7 7. Bc4 Be6 8. Bb5+ Bd7 9. Bc4 Be6
https://www.chess.com/game/live/132268893111	600	True	rapid	chess	1499	resigned	1513	win	Live Chess	Chess.com	2025-02-02 00:00:00	Migas82	Rhythmbear1	0-1	2rq1rk1/pb3ppp/3p1n2/1P1Np3/1P1b4/P2B3P/1BQ1NPP1/R3K2R b KQ - 0 16	UTC	A40	https://www.chess.com/openings/Englund-Gambit-Declined-2...Bc5	21:02:08	21:04:21	2025-02-02 00:00:00	d4 e5 d5 Bc5 c4 Nf6 Nc3 O-O e3 b6 Bd3 Bb7 h3 Na6 a3 c6 e4 Nc7 Nge2 cxd5 exd5 d6 b4 Bd4 Qc2 Rc8 Bb2 b5 cxb5 Ncxd5 Nxd5	1. d4 e5 2. d5 Bc5 3. c4 Nf6 4. Nc3 O-O 5. e3 b6 6. Bd3 Bb7 7. h3 Na6 8. a3 c6 9. e4 Nc7 10. Nge2 cxd5 11. exd5 d6 12. b4 Bd4 13. Qc2 Rc8 14. Bb2 b5 15. cxb5 Ncxd5 16. Nxd5 
https://www.chess.com/game/live/132269399329	600	True	rapid	chess	1505	resigned	1516	win	Live Chess	Chess.com	2025-02-02 00:00:00	Rhythmbear1	pogradeci	0-1	1q4k1/6p1/3p1p2/3P1Pp1/4P3/7P/1p4PK/1r6 w - - 0 44	UTC	C00	https://www.chess.com/openings/French-Defense-La-Bourdonnais-Variation	21:04:25	21:18:40	2025-02-02 00:00:00	e4 e6 f4 d6 Nf3 Ne7 d4 Nd7 c4 b6 Nc3 Bb7 Bd3 c5 d5 exd5 cxd5 Ng6 O-O Be7 f5 Nge5 Bc2 a6 Bf4 Bf6 Qd2 b5 a3 O-O Bg3 Qc7 Rac1 Nc4 Qf4 b4 axb4 cxb4 Na4 Nde5 b3 Nxf3+ Rxf3 Ne5 Rff1 a5 Bb1 Qb8 Qe3 Ba6 Rfe1 h6 Nb2 Bg5 Bf4 f6 Bxg5 hxg5 Nc4 Bxc4 bxc4 a4 Re2 b3 Qc3 Rc8 Bd3 a3 Ree1 a2 Qb2 Nxd3 Qd2 Nxe1 Qxe1 a1=Q Rxa1 Rxa1 Qxa1 b2 Qb1 Rxc4 h3 Rc1+ Kh2 Rxb1	1. e4 e6 2. f4 d6 3. Nf3 Ne7 4. d4 Nd7 5. c4 b6 6. Nc3 Bb7 7. Bd3 c5 8. d5 exd5 9. cxd5 Ng6 10. O-O Be7 11. f5 Nge5 12. Bc2 a6 13. Bf4 Bf6 14. Qd2 b5 15. a3 O-O 16. Bg3 Qc7 17. Rac1 Nc4 18. Qf4 b4 19. axb4 cxb4 20. Na4 Nde5 21. b3 Nxf3+ 22. Rxf3 Ne5 23. Rff1 a5 24. Bb1 Qb8 25. Qe3 Ba6 26. Rfe1 h6 27. Nb2 Bg5 28. Bf4 f6 29. Bxg5 hxg5 30. Nc4 Bxc4 31. bxc4 a4 32. Re2 b3 33. Qc3 Rc8 34. Bd3 a3 35. Ree1 a2 36. Qb2 Nxd3 37. Qd2 Nxe1 38. Qxe1 a1=Q 39. Rxa1 Rxa1 40. Qxa1 b2 41. Qb1 Rxc4 42. h3 Rc1+ 43. Kh2 Rxb1
https://www.chess.com/game/live/132270050065	600	True	rapid	chess	1502	win	1497	abandoned	Live Chess	Chess.com	2025-02-02 00:00:00	Jazzman1452	Rhythmbear1	1-0	rnbq1rk1/p5pn/1p5p/3Pb3/PP2N3/2N1B3/2B3PP/R2Q1RK1 b - - 2 19	UTC	B07	https://www.chess.com/openings/Pirc-Defense-Lions-Jaw-Variation-3...e5-4.d5	21:18:45	21:24:19	2025-02-02 00:00:00	d4 d6 e4 e5 d5 Nf6 f3 h6 c4 Be7 Nc3 O-O Bd3 c6 Nge2 cxd5 cxd5 Nbd7 O-O Nc5 Bc2 b6 b4 Ncd7 a4 Nb8 Be3 Nh7 f4 f5 fxe5 fxe4 exd6 Bxd6 Nxe4 Be5 N2c3	1. d4 d6 2. e4 e5 3. d5 Nf6 4. f3 h6 5. c4 Be7 6. Nc3 O-O 7. Bd3 c6 8. Nge2 cxd5 9. cxd5 Nbd7 10. O-O Nc5 11. Bc2 b6 12. b4 Ncd7 13. a4 Nb8 14. Be3 Nh7 15. f4 f5 16. fxe5 fxe4 17. exd6 Bxd6 18. Nxe4 Be5 19. N2c3 
https://www.chess.com/game/live/132270683105	600	True	rapid	chess	1489	timeout	1495	win	Live Chess	Chess.com	2025-02-02 00:00:00	Rhythmbear1	zolushka12	0-1	8/1k6/8/PKPPN1p1/8/1r6/8/8 w - - 1 79	UTC	C00	https://www.chess.com/openings/French-Defense-La-Bourdonnais-Variation-2...d5	21:31:39	21:50:40	2025-02-02 00:00:00	e4 e6 f4 d5 exd5 exd5 Nf3 h6 d4 a6 Bd3 Nf6 O-O Be7 c3 O-O Nbd2 c6 Nb3 b5 a3 a5 Nbd2 a4 Rf2 Na6 Nf1 Nc7 Ne5 Bb7 Be3 Qc8 Qc2 Ne4 Bxe4 dxe4 Qxe4 f5 Qc2 Qe6 Re1 Nd5 Bc1 Qd6 Ng3 Bc8 Rff1 Bh4 Qd3 Bxg3 Qxg3 Rf6 Qh4 Ne7 Rf3 Ng6 Qf2 Kh7 Rg3 Bd7 Qf3 Be6 Qh5 Bd5 Rg5 Nf8 Rxf5 Rxf5 Qxf5+ g6 Qh3 Be6 f5 Bxf5 Qxh6+ Kg8 Qg5 Ra7 Bf4 Qe6 Kf2 Rg7 Nf3 Qb3 Be5 Qxb2+ Re2 Bd3 Qe3 Bxe2 Qxe2 Qxe2+ Kxe2 Rf7 Ng5 Rf5 h4 Nd7 Bd6 Nf6 Bc5 Nh5 Ne6 Ng3+ Kd3 Kf7 Ng5+ Kg8 Ne6 Nh5 Nd8 Nf4+ Ke3 Nxg2+ Ke4 Nxh4 Nxc6 Rg5 Ne5 Ng2 Kd5 Nf4+ Kc6 Ne6 Kxb5 Nxc5 Kxc5 Rf5 Kb4 g5 Kxa4 Kg7 Kb4 Rf8 a4 Rb8+ Ka5 Rb3 c4 Rd3 d5 Re3 Nc6 Kf7 Kb5 Ke8 Kc5 Kd7 a5 Ra3 Ne5+ Kc7 Kb5 Kb7 c5 Rb3+	1. e4 e6 2. f4 d5 3. exd5 exd5 4. Nf3 h6 5. d4 a6 6. Bd3 Nf6 7. O-O Be7 8. c3 O-O 9. Nbd2 c6 10. Nb3 b5 11. a3 a5 12. Nbd2 a4 13. Rf2 Na6 14. Nf1 Nc7 15. Ne5 Bb7 16. Be3 Qc8 17. Qc2 Ne4 18. Bxe4 dxe4 19. Qxe4 f5 20. Qc2 Qe6 21. Re1 Nd5 22. Bc1 Qd6 23. Ng3 Bc8 24. Rff1 Bh4 25. Qd3 Bxg3 26. Qxg3 Rf6 27. Qh4 Ne7 28. Rf3 Ng6 29. Qf2 Kh7 30. Rg3 Bd7 31. Qf3 Be6 32. Qh5 Bd5 33. Rg5 Nf8 34. Rxf5 Rxf5 35. Qxf5+ g6 36. Qh3 Be6 37. f5 Bxf5 38. Qxh6+ Kg8 39. Qg5 Ra7 40. Bf4 Qe6 41. Kf2 Rg7 42. Nf3 Qb3 43. Be5 Qxb2+ 44. Re2 Bd3 45. Qe3 Bxe2 46. Qxe2 Qxe2+ 47. Kxe2 Rf7 48. Ng5 Rf5 49. h4 Nd7 50. Bd6 Nf6 51. Bc5 Nh5 52. Ne6 Ng3+ 53. Kd3 Kf7 54. Ng5+ Kg8 55. Ne6 Nh5 56. Nd8 Nf4+ 57. Ke3 Nxg2+ 58. Ke4 Nxh4 59. Nxc6 Rg5 60. Ne5 Ng2 61. Kd5 Nf4+ 62. Kc6 Ne6 63. Kxb5 Nxc5 64. Kxc5 Rf5 65. Kb4 g5 66. Kxa4 Kg7 67. Kb4 Rf8 68. a4 Rb8+ 69. Ka5 Rb3 70. c4 Rd3 71. d5 Re3 72. Nc6 Kf7 73. Kb5 Ke8 74. Kc5 Kd7 75. a5 Ra3 76. Ne5+ Kc7 77. Kb5 Kb7 78. c5 Rb3+
[2025-03-23T16:23:47.821+0000] {logging_mixin.py:190} INFO - Successfully Transformed Data and Loaded to Azure Storage as silver/fact-2025-02-games.parquet
[2025-03-23T16:23:47.825+0000] {python.py:240} INFO - Done. Returned value was: None
[2025-03-23T16:23:47.895+0000] {taskinstance.py:340} INFO - ::group::Post task execution logs
[2025-03-23T16:23:47.898+0000] {taskinstance.py:352} INFO - Marking task as SUCCESS. dag_id=pull_data_from_chess_api, task_id=transform_json_to_fact_table, run_id=scheduled__2025-02-01T00:00:00+00:00, execution_date=20250201T000000, start_date=20250323T162337, end_date=20250323T162347
[2025-03-23T16:23:47.955+0000] {local_task_job_runner.py:266} INFO - Task exited with return code 0
[2025-03-23T16:23:48.012+0000] {taskinstance.py:3900} INFO - 4 downstream tasks scheduled from follow-on schedule check
[2025-03-23T16:23:48.018+0000] {local_task_job_runner.py:245} INFO - ::endgroup::
