[2025-03-31T11:29:58.657+0000] {local_task_job_runner.py:123} INFO - ::group::Pre task execution logs
[2025-03-31T11:29:58.675+0000] {taskinstance.py:2612} INFO - Dependencies all met for dep_context=non-requeueable deps ti=<TaskInstance: load_data_warehouse.load_fact_table_to_postgres dataset_triggered__2025-03-31T10:40:26.615476+00:00 [queued]>
[2025-03-31T11:29:58.686+0000] {taskinstance.py:2612} INFO - Dependencies all met for dep_context=requeueable deps ti=<TaskInstance: load_data_warehouse.load_fact_table_to_postgres dataset_triggered__2025-03-31T10:40:26.615476+00:00 [queued]>
[2025-03-31T11:29:58.687+0000] {taskinstance.py:2865} INFO - Starting attempt 5 of 6
[2025-03-31T11:29:58.705+0000] {taskinstance.py:2888} INFO - Executing <Task(PythonOperator): load_fact_table_to_postgres> on 2025-03-31 10:40:26.615476+00:00
[2025-03-31T11:29:58.716+0000] {warnings.py:112} WARNING - /home/***/.local/lib/python3.12/site-packages/***/task/task_runner/standard_task_runner.py:70: DeprecationWarning: This process (pid=3489) is multi-threaded, use of fork() may lead to deadlocks in the child.
  pid = os.fork()

[2025-03-31T11:29:58.718+0000] {standard_task_runner.py:72} INFO - Started process 3498 to run task
[2025-03-31T11:29:58.719+0000] {standard_task_runner.py:104} INFO - Running: ['***', 'tasks', 'run', 'load_data_warehouse', 'load_fact_table_to_postgres', 'dataset_triggered__2025-03-31T10:40:26.615476+00:00', '--job-id', '872', '--raw', '--subdir', 'DAGS_FOLDER/load_data_warehouse_dag.py', '--cfg-path', '/tmp/tmpl7upo1xd']
[2025-03-31T11:29:58.723+0000] {standard_task_runner.py:105} INFO - Job 872: Subtask load_fact_table_to_postgres
[2025-03-31T11:29:58.784+0000] {task_command.py:467} INFO - Running <TaskInstance: load_data_warehouse.load_fact_table_to_postgres dataset_triggered__2025-03-31T10:40:26.615476+00:00 [running]> on host 3b3ac09dc50a
[2025-03-31T11:29:58.911+0000] {taskinstance.py:3131} INFO - Exporting env vars: AIRFLOW_CTX_DAG_OWNER='***' AIRFLOW_CTX_DAG_ID='load_data_warehouse' AIRFLOW_CTX_TASK_ID='load_fact_table_to_postgres' AIRFLOW_CTX_EXECUTION_DATE='2025-03-31T10:40:26.615476+00:00' AIRFLOW_CTX_TRY_NUMBER='5' AIRFLOW_CTX_DAG_RUN_ID='dataset_triggered__2025-03-31T10:40:26.615476+00:00'
[2025-03-31T11:29:58.914+0000] {taskinstance.py:731} INFO - ::endgroup::
[2025-03-31T11:29:58.935+0000] {logging_mixin.py:190} INFO - Fetching data for Last Updated Date: 2025-03-10 01:32:14.394982
[2025-03-31T11:30:02.553+0000] {logging_mixin.py:190} INFO - ✅ DataFrame Loaded: 1207 rows, 15 columns
[2025-03-31T11:30:02.567+0000] {base.py:84} INFO - Retrieving connection 'azure_chess_dw'
[2025-03-31T11:30:02.586+0000] {base.py:84} INFO - Retrieving connection 'azure_chess_dw'
[2025-03-31T11:30:15.337+0000] {logging_mixin.py:190} INFO - Successfully Loaded Data to Postgres
[2025-03-31T11:30:15.347+0000] {python.py:240} INFO - Done. Returned value was: None
[2025-03-31T11:30:15.367+0000] {taskinstance.py:340} INFO - ::group::Post task execution logs
[2025-03-31T11:30:15.369+0000] {taskinstance.py:352} INFO - Marking task as SUCCESS. dag_id=load_data_warehouse, task_id=load_fact_table_to_postgres, run_id=dataset_triggered__2025-03-31T10:40:26.615476+00:00, execution_date=20250331T104026, start_date=20250331T112958, end_date=20250331T113015
[2025-03-31T11:30:15.437+0000] {local_task_job_runner.py:266} INFO - Task exited with return code 0
[2025-03-31T11:30:15.457+0000] {taskinstance.py:3900} INFO - 0 downstream tasks scheduled from follow-on schedule check
[2025-03-31T11:30:15.461+0000] {local_task_job_runner.py:245} INFO - ::endgroup::
