[2025-03-07T12:20:47.403+0000] {local_task_job_runner.py:123} INFO - ::group::Pre task execution logs
[2025-03-07T12:20:47.431+0000] {taskinstance.py:2612} INFO - Dependencies all met for dep_context=non-requeueable deps ti=<TaskInstance: pull_data_from_chess_api.load_to_gold_layer scheduled__2023-03-01T00:00:00+00:00 [queued]>
[2025-03-07T12:20:47.442+0000] {taskinstance.py:2612} INFO - Dependencies all met for dep_context=requeueable deps ti=<TaskInstance: pull_data_from_chess_api.load_to_gold_layer scheduled__2023-03-01T00:00:00+00:00 [queued]>
[2025-03-07T12:20:47.442+0000] {taskinstance.py:2865} INFO - Starting attempt 1 of 2
[2025-03-07T12:20:47.461+0000] {taskinstance.py:2888} INFO - Executing <Task(PythonOperator): load_to_gold_layer> on 2023-03-01 00:00:00+00:00
[2025-03-07T12:20:47.470+0000] {warnings.py:112} WARNING - /home/***/.local/lib/python3.12/site-packages/***/task/task_runner/standard_task_runner.py:70: DeprecationWarning: This process (pid=7845) is multi-threaded, use of fork() may lead to deadlocks in the child.
  pid = os.fork()

[2025-03-07T12:20:47.472+0000] {standard_task_runner.py:72} INFO - Started process 7846 to run task
[2025-03-07T12:20:47.473+0000] {standard_task_runner.py:104} INFO - Running: ['***', 'tasks', 'run', 'pull_data_from_chess_api', 'load_to_gold_layer', 'scheduled__2023-03-01T00:00:00+00:00', '--job-id', '317', '--raw', '--subdir', 'DAGS_FOLDER/collect_chess_data_dag.py', '--cfg-path', '/tmp/tmpjfvavn_w']
[2025-03-07T12:20:47.474+0000] {standard_task_runner.py:105} INFO - Job 317: Subtask load_to_gold_layer
[2025-03-07T12:20:47.526+0000] {task_command.py:467} INFO - Running <TaskInstance: pull_data_from_chess_api.load_to_gold_layer scheduled__2023-03-01T00:00:00+00:00 [running]> on host ebc50e07c8a4
[2025-03-07T12:20:47.620+0000] {taskinstance.py:3131} INFO - Exporting env vars: AIRFLOW_CTX_DAG_OWNER='***' AIRFLOW_CTX_DAG_ID='pull_data_from_chess_api' AIRFLOW_CTX_TASK_ID='load_to_gold_layer' AIRFLOW_CTX_EXECUTION_DATE='2023-03-01T00:00:00+00:00' AIRFLOW_CTX_TRY_NUMBER='1' AIRFLOW_CTX_DAG_RUN_ID='scheduled__2023-03-01T00:00:00+00:00'
[2025-03-07T12:20:47.622+0000] {taskinstance.py:731} INFO - ::endgroup::
[2025-03-07T12:20:47.641+0000] {logging_mixin.py:190} INFO - Execution Date: 2023-03-01
[2025-03-07T12:20:47.643+0000] {connection.py:531} ERROR - Unable to retrieve connection from secrets backend (EnvironmentVariablesBackend). Checking subsequent secrets backend.
Traceback (most recent call last):
  File "/home/airflow/.local/lib/python3.12/site-packages/airflow/models/connection.py", line 526, in get_connection_from_secrets
    conn = secrets_backend.get_connection(conn_id=conn_id)
           ^^^^^^^^^^^^^^^^^^^^^^^^^^^^^^^^^^^^^^^^^^^^^^^
  File "/home/airflow/.local/lib/python3.12/site-packages/airflow/secrets/base_secrets.py", line 116, in get_connection
    return self.deserialize_connection(conn_id=conn_id, value=value)
           ^^^^^^^^^^^^^^^^^^^^^^^^^^^^^^^^^^^^^^^^^^^^^^^^^^^^^^^^^
  File "/home/airflow/.local/lib/python3.12/site-packages/airflow/secrets/base_secrets.py", line 70, in deserialize_connection
    return Connection(conn_id=conn_id, uri=value)
           ^^^^^^^^^^^^^^^^^^^^^^^^^^^^^^^^^^^^^^
  File "<string>", line 4, in __init__
  File "/home/airflow/.local/lib/python3.12/site-packages/sqlalchemy/orm/state.py", line 481, in _initialize_instance
    with util.safe_reraise():
         ^^^^^^^^^^^^^^^^^^^
  File "/home/airflow/.local/lib/python3.12/site-packages/sqlalchemy/util/langhelpers.py", line 70, in __exit__
    compat.raise_(
  File "/home/airflow/.local/lib/python3.12/site-packages/sqlalchemy/util/compat.py", line 211, in raise_
    raise exception
  File "/home/airflow/.local/lib/python3.12/site-packages/sqlalchemy/orm/state.py", line 479, in _initialize_instance
    return manager.original_init(*mixed[1:], **kwargs)
           ^^^^^^^^^^^^^^^^^^^^^^^^^^^^^^^^^^^^^^^^^^^
  File "/home/airflow/.local/lib/python3.12/site-packages/airflow/models/connection.py", line 169, in __init__
    self._parse_from_uri(uri)
  File "/home/airflow/.local/lib/python3.12/site-packages/airflow/models/connection.py", line 257, in _parse_from_uri
    self.port = uri_parts.port
                ^^^^^^^^^^^^^^
  File "/usr/local/lib/python3.12/urllib/parse.py", line 182, in port
    raise ValueError(f"Port could not be cast to integer value as {port!r}")
ValueError: Port could not be cast to integer value as 'DefaultEndpointsProtocol=https;AccountName=rbchesssa;AccountKey=lG9W+utkpTNorE0rTLlfDMUZsTPleXk6pXv6NnfDTi'
[2025-03-07T12:20:47.657+0000] {base.py:84} INFO - Retrieving connection 'azure_chess_storage'
[2025-03-07T12:20:50.441+0000] {taskinstance.py:3310} ERROR - Task failed with exception
Traceback (most recent call last):
  File "/home/airflow/.local/lib/python3.12/site-packages/airflow/models/taskinstance.py", line 767, in _execute_task
    result = _execute_callable(context=context, **execute_callable_kwargs)
             ^^^^^^^^^^^^^^^^^^^^^^^^^^^^^^^^^^^^^^^^^^^^^^^^^^^^^^^^^^^^^
  File "/home/airflow/.local/lib/python3.12/site-packages/airflow/models/taskinstance.py", line 733, in _execute_callable
    return ExecutionCallableRunner(
           ^^^^^^^^^^^^^^^^^^^^^^^^
  File "/home/airflow/.local/lib/python3.12/site-packages/airflow/utils/operator_helpers.py", line 252, in run
    return self.func(*args, **kwargs)
           ^^^^^^^^^^^^^^^^^^^^^^^^^^
  File "/home/airflow/.local/lib/python3.12/site-packages/airflow/models/baseoperator.py", line 406, in wrapper
    return func(self, *args, **kwargs)
           ^^^^^^^^^^^^^^^^^^^^^^^^^^^
  File "/home/airflow/.local/lib/python3.12/site-packages/airflow/operators/python.py", line 238, in execute
    return_value = self.execute_callable()
                   ^^^^^^^^^^^^^^^^^^^^^^^
  File "/home/airflow/.local/lib/python3.12/site-packages/airflow/operators/python.py", line 256, in execute_callable
    return runner.run(*self.op_args, **self.op_kwargs)
           ^^^^^^^^^^^^^^^^^^^^^^^^^^^^^^^^^^^^^^^^^^^
  File "/home/airflow/.local/lib/python3.12/site-packages/airflow/utils/operator_helpers.py", line 252, in run
    return self.func(*args, **kwargs)
           ^^^^^^^^^^^^^^^^^^^^^^^^^^
  File "/opt/airflow/dags/scripts/python_scripts.py", line 186, in load_to_gold_layer
    """).fetchdf()
        ^^^^^^^^^
duckdb.duckdb.NotImplementedException: Not implemented Error: Unsupported type "TIME WITH TIME ZONE"
[2025-03-07T12:20:50.456+0000] {taskinstance.py:1225} INFO - Marking task as UP_FOR_RETRY. dag_id=pull_data_from_chess_api, task_id=load_to_gold_layer, run_id=scheduled__2023-03-01T00:00:00+00:00, execution_date=20230301T000000, start_date=20250307T122047, end_date=20250307T122050
[2025-03-07T12:20:50.478+0000] {taskinstance.py:340} INFO - ::group::Post task execution logs
[2025-03-07T12:20:50.479+0000] {standard_task_runner.py:124} ERROR - Failed to execute job 317 for task load_to_gold_layer (Not implemented Error: Unsupported type "TIME WITH TIME ZONE"; 7846)
Traceback (most recent call last):
  File "/home/airflow/.local/lib/python3.12/site-packages/airflow/task/task_runner/standard_task_runner.py", line 117, in _start_by_fork
    ret = args.func(args, dag=self.dag)
          ^^^^^^^^^^^^^^^^^^^^^^^^^^^^^
  File "/home/airflow/.local/lib/python3.12/site-packages/airflow/cli/cli_config.py", line 49, in command
    return func(*args, **kwargs)
           ^^^^^^^^^^^^^^^^^^^^^
  File "/home/airflow/.local/lib/python3.12/site-packages/airflow/utils/cli.py", line 115, in wrapper
    return f(*args, **kwargs)
           ^^^^^^^^^^^^^^^^^^
  File "/home/airflow/.local/lib/python3.12/site-packages/airflow/cli/commands/task_command.py", line 483, in task_run
    task_return_code = _run_task_by_selected_method(args, _dag, ti)
                       ^^^^^^^^^^^^^^^^^^^^^^^^^^^^^^^^^^^^^^^^^^^^
  File "/home/airflow/.local/lib/python3.12/site-packages/airflow/cli/commands/task_command.py", line 256, in _run_task_by_selected_method
    return _run_raw_task(args, ti)
           ^^^^^^^^^^^^^^^^^^^^^^^
  File "/home/airflow/.local/lib/python3.12/site-packages/airflow/cli/commands/task_command.py", line 341, in _run_raw_task
    return ti._run_raw_task(
           ^^^^^^^^^^^^^^^^^
  File "/home/airflow/.local/lib/python3.12/site-packages/airflow/utils/session.py", line 97, in wrapper
    return func(*args, session=session, **kwargs)
           ^^^^^^^^^^^^^^^^^^^^^^^^^^^^^^^^^^^^^^
  File "/home/airflow/.local/lib/python3.12/site-packages/airflow/models/taskinstance.py", line 3004, in _run_raw_task
    return _run_raw_task(
           ^^^^^^^^^^^^^^
  File "/home/airflow/.local/lib/python3.12/site-packages/airflow/models/taskinstance.py", line 273, in _run_raw_task
    TaskInstance._execute_task_with_callbacks(
  File "/home/airflow/.local/lib/python3.12/site-packages/airflow/models/taskinstance.py", line 3158, in _execute_task_with_callbacks
    result = self._execute_task(context, task_orig)
             ^^^^^^^^^^^^^^^^^^^^^^^^^^^^^^^^^^^^^^
  File "/home/airflow/.local/lib/python3.12/site-packages/airflow/models/taskinstance.py", line 3182, in _execute_task
    return _execute_task(self, context, task_orig)
           ^^^^^^^^^^^^^^^^^^^^^^^^^^^^^^^^^^^^^^^
  File "/home/airflow/.local/lib/python3.12/site-packages/airflow/models/taskinstance.py", line 767, in _execute_task
    result = _execute_callable(context=context, **execute_callable_kwargs)
             ^^^^^^^^^^^^^^^^^^^^^^^^^^^^^^^^^^^^^^^^^^^^^^^^^^^^^^^^^^^^^
  File "/home/airflow/.local/lib/python3.12/site-packages/airflow/models/taskinstance.py", line 733, in _execute_callable
    return ExecutionCallableRunner(
           ^^^^^^^^^^^^^^^^^^^^^^^^
  File "/home/airflow/.local/lib/python3.12/site-packages/airflow/utils/operator_helpers.py", line 252, in run
    return self.func(*args, **kwargs)
           ^^^^^^^^^^^^^^^^^^^^^^^^^^
  File "/home/airflow/.local/lib/python3.12/site-packages/airflow/models/baseoperator.py", line 406, in wrapper
    return func(self, *args, **kwargs)
           ^^^^^^^^^^^^^^^^^^^^^^^^^^^
  File "/home/airflow/.local/lib/python3.12/site-packages/airflow/operators/python.py", line 238, in execute
    return_value = self.execute_callable()
                   ^^^^^^^^^^^^^^^^^^^^^^^
  File "/home/airflow/.local/lib/python3.12/site-packages/airflow/operators/python.py", line 256, in execute_callable
    return runner.run(*self.op_args, **self.op_kwargs)
           ^^^^^^^^^^^^^^^^^^^^^^^^^^^^^^^^^^^^^^^^^^^
  File "/home/airflow/.local/lib/python3.12/site-packages/airflow/utils/operator_helpers.py", line 252, in run
    return self.func(*args, **kwargs)
           ^^^^^^^^^^^^^^^^^^^^^^^^^^
  File "/opt/airflow/dags/scripts/python_scripts.py", line 186, in load_to_gold_layer
    """).fetchdf()
        ^^^^^^^^^
duckdb.duckdb.NotImplementedException: Not implemented Error: Unsupported type "TIME WITH TIME ZONE"
[2025-03-07T12:20:50.503+0000] {local_task_job_runner.py:266} INFO - Task exited with return code 1
[2025-03-07T12:20:50.533+0000] {taskinstance.py:3900} INFO - 0 downstream tasks scheduled from follow-on schedule check
[2025-03-07T12:20:50.535+0000] {local_task_job_runner.py:245} INFO - ::endgroup::
[2025-03-10T01:33:29.116+0000] {local_task_job_runner.py:123} INFO - ::group::Pre task execution logs
[2025-03-10T01:33:29.132+0000] {taskinstance.py:2612} INFO - Dependencies all met for dep_context=non-requeueable deps ti=<TaskInstance: pull_data_from_chess_api.load_to_gold_layer scheduled__2023-03-01T00:00:00+00:00 [queued]>
[2025-03-10T01:33:29.140+0000] {taskinstance.py:2612} INFO - Dependencies all met for dep_context=requeueable deps ti=<TaskInstance: pull_data_from_chess_api.load_to_gold_layer scheduled__2023-03-01T00:00:00+00:00 [queued]>
[2025-03-10T01:33:29.140+0000] {taskinstance.py:2865} INFO - Starting attempt 1 of 2
[2025-03-10T01:33:29.153+0000] {taskinstance.py:2888} INFO - Executing <Task(PythonOperator): load_to_gold_layer> on 2023-03-01 00:00:00+00:00
[2025-03-10T01:33:29.160+0000] {warnings.py:112} WARNING - /home/***/.local/lib/python3.12/site-packages/***/task/task_runner/standard_task_runner.py:70: DeprecationWarning: This process (pid=16566) is multi-threaded, use of fork() may lead to deadlocks in the child.
  pid = os.fork()

[2025-03-10T01:33:29.161+0000] {standard_task_runner.py:72} INFO - Started process 16568 to run task
[2025-03-10T01:33:29.162+0000] {standard_task_runner.py:104} INFO - Running: ['***', 'tasks', 'run', 'pull_data_from_chess_api', 'load_to_gold_layer', 'scheduled__2023-03-01T00:00:00+00:00', '--job-id', '495', '--raw', '--subdir', 'DAGS_FOLDER/collect_chess_data_dag.py', '--cfg-path', '/tmp/tmp9dghsmrh']
[2025-03-10T01:33:29.164+0000] {standard_task_runner.py:105} INFO - Job 495: Subtask load_to_gold_layer
[2025-03-10T01:33:29.215+0000] {task_command.py:467} INFO - Running <TaskInstance: pull_data_from_chess_api.load_to_gold_layer scheduled__2023-03-01T00:00:00+00:00 [running]> on host 70b3b9cfbba0
[2025-03-10T01:33:29.313+0000] {taskinstance.py:3131} INFO - Exporting env vars: AIRFLOW_CTX_DAG_OWNER='***' AIRFLOW_CTX_DAG_ID='pull_data_from_chess_api' AIRFLOW_CTX_TASK_ID='load_to_gold_layer' AIRFLOW_CTX_EXECUTION_DATE='2023-03-01T00:00:00+00:00' AIRFLOW_CTX_TRY_NUMBER='1' AIRFLOW_CTX_DAG_RUN_ID='scheduled__2023-03-01T00:00:00+00:00'
[2025-03-10T01:33:29.314+0000] {taskinstance.py:731} INFO - ::endgroup::
[2025-03-10T01:33:29.329+0000] {logging_mixin.py:190} INFO - Execution Date: 2023-03-01
[2025-03-10T01:33:29.331+0000] {connection.py:531} ERROR - Unable to retrieve connection from secrets backend (EnvironmentVariablesBackend). Checking subsequent secrets backend.
Traceback (most recent call last):
  File "/home/airflow/.local/lib/python3.12/site-packages/airflow/models/connection.py", line 526, in get_connection_from_secrets
    conn = secrets_backend.get_connection(conn_id=conn_id)
           ^^^^^^^^^^^^^^^^^^^^^^^^^^^^^^^^^^^^^^^^^^^^^^^
  File "/home/airflow/.local/lib/python3.12/site-packages/airflow/secrets/base_secrets.py", line 116, in get_connection
    return self.deserialize_connection(conn_id=conn_id, value=value)
           ^^^^^^^^^^^^^^^^^^^^^^^^^^^^^^^^^^^^^^^^^^^^^^^^^^^^^^^^^
  File "/home/airflow/.local/lib/python3.12/site-packages/airflow/secrets/base_secrets.py", line 70, in deserialize_connection
    return Connection(conn_id=conn_id, uri=value)
           ^^^^^^^^^^^^^^^^^^^^^^^^^^^^^^^^^^^^^^
  File "<string>", line 4, in __init__
  File "/home/airflow/.local/lib/python3.12/site-packages/sqlalchemy/orm/state.py", line 481, in _initialize_instance
    with util.safe_reraise():
         ^^^^^^^^^^^^^^^^^^^
  File "/home/airflow/.local/lib/python3.12/site-packages/sqlalchemy/util/langhelpers.py", line 70, in __exit__
    compat.raise_(
  File "/home/airflow/.local/lib/python3.12/site-packages/sqlalchemy/util/compat.py", line 211, in raise_
    raise exception
  File "/home/airflow/.local/lib/python3.12/site-packages/sqlalchemy/orm/state.py", line 479, in _initialize_instance
    return manager.original_init(*mixed[1:], **kwargs)
           ^^^^^^^^^^^^^^^^^^^^^^^^^^^^^^^^^^^^^^^^^^^
  File "/home/airflow/.local/lib/python3.12/site-packages/airflow/models/connection.py", line 169, in __init__
    self._parse_from_uri(uri)
  File "/home/airflow/.local/lib/python3.12/site-packages/airflow/models/connection.py", line 257, in _parse_from_uri
    self.port = uri_parts.port
                ^^^^^^^^^^^^^^
  File "/usr/local/lib/python3.12/urllib/parse.py", line 182, in port
    raise ValueError(f"Port could not be cast to integer value as {port!r}")
ValueError: Port could not be cast to integer value as 'DefaultEndpointsProtocol=https;AccountName=rbchesssa;AccountKey=lG9W+utkpTNorE0rTLlfDMUZsTPleXk6pXv6NnfDTi'
[2025-03-10T01:33:29.344+0000] {base.py:84} INFO - Retrieving connection 'azure_chess_storage'
[2025-03-10T01:33:30.778+0000] {logging_mixin.py:190} INFO - Previewing Dataframe
[2025-03-10T01:33:30.780+0000] {logging_mixin.py:190} INFO - game_url                        object
time_control                    object
rated                             bool
time_class                      object
rules                           object
white_rating                     int64
white_result                    object
black_rating                     int64
black_result                    object
pgn_event                       object
pgn_site                        object
game_date               datetime64[us]
pgn_white_user                  object
pgn_black_user                  object
pgn_result                      object
pgn_current_position            object
pgn_timezone                    object
pgn_eco                         object
pgn_eco_url                     object
start_time              datetime64[ns]
end_time                datetime64[ns]
end_game_date           datetime64[us]
pgn_raw                         object
pgn_trans                       object
last_updated                    object
dtype: object
[2025-03-10T01:33:30.794+0000] {logging_mixin.py:190} INFO - https://www.chess.com/game/live/71599316007	600	True	rapid	chess	1027	win	902	resigned	Live Chess	Chess.com	2023-03-03 00:00:00	SonXAzzz	Rhythmbear1	1-0	4r1k1/1bp1P2p/p5p1/2N2p2/1q3P2/P6P/1P2Q1P1/R1B1R1K1 w - -	UTC	C46	https://www.chess.com/openings/Three-Knights-Opening-3...d6	2023-03-03 16:15:37	2023-03-03 16:27:13	2023-03-03 00:00:00	e4 e5 Nf3 Nc6 Nc3 d6 Bb5 a6 Bxc6+ bxc6 O-O Nf6 h3 Bb7 d3 d5 a3 Bd6 Re1 O-O d4 Re8 dxe5 Bxe5 Nxe5 Rxe5 f4 Rh5 e5 Ng4 Qxg4 f5 Qxh5 d4 Ne2 d3 cxd3 Qxd3 Nc3 g6 Qe2 Qg3 e6 c5 e7 Re8 Na4 Qb3 Nxc5 Qb4	1. e4 e5 2. Nf3 Nc6 3. Nc3 d6 4. Bb5 a6 5. Bxc6+ bxc6 6. O-O Nf6 7. h3 Bb7 8. d3 d5 9. a3 Bd6 10. Re1 O-O 11. d4 Re8 12. dxe5 Bxe5 13. Nxe5 Rxe5 14. f4 Rh5 15. e5 Ng4 16. Qxg4 f5 17. Qxh5 d4 18. Ne2 d3 19. cxd3 Qxd3 20. Nc3 g6 21. Qe2 Qg3 22. e6 c5 23. e7 Re8 24. Na4 Qb3 25. Nxc5 Qb4	2023-03-01
https://www.chess.com/game/live/72088506679	600	True	rapid	chess	940	win	893	checkmated	Live Chess	Chess.com	2023-03-09 00:00:00	Rhythmbear1	Orsolya_111	1-0	r4k1Q/p1pp4/bp1n2p1/5pN1/2Pn4/3B4/P1P2PPP/2K1R3 b - -	UTC	C42	https://www.chess.com/openings/Petrovs-Defense-Three-Knights-Game	2023-03-09 08:13:56	2023-03-09 08:22:59	2023-03-09 00:00:00	e4 Nf6 Nc3 e5 Nf3 Bd6 d4 exd4 Qxd4 h6 e5 Qe7 Bf4 Nc6 Qd3 Bxe5 Be3 Bxc3+ bxc3 O-O O-O-O g6 c4 b6 Be2 Ba6 Rhe1 Rfd8 Bd4 Qa3+ Qxa3 Ne4 Qe3 Nd6 Bd3 Re8 Qxh6 Rxe1 Rxe1 f5 Ng5 Nxd4 Qh7+ Kf8 Qh8#	1. e4 Nf6 2. Nc3 e5 3. Nf3 Bd6 4. d4 exd4 5. Qxd4 h6 6. e5 Qe7 7. Bf4 Nc6 8. Qd3 Bxe5 9. Be3 Bxc3+ 10. bxc3 O-O 11. O-O-O g6 12. c4 b6 13. Be2 Ba6 14. Rhe1 Rfd8 15. Bd4 Qa3+ 16. Qxa3 Ne4 17. Qe3 Nd6 18. Bd3 Re8 19. Qxh6 Rxe1 20. Rxe1 f5 21. Ng5 Nxd4 22. Qh7+ Kf8 23. Qh8# 	2023-03-01
https://www.chess.com/game/live/72622856493	900+10	True	rapid	chess	1036	checkmated	986	win	Live Chess	Chess.com	2023-03-15 00:00:00	tomdesmedt	Rhythmbear1	0-1	5k2/7p/8/p4P2/Pp4PP/1P6/6rr/5RK1 w - -	UTC	D02	https://www.chess.com/openings/Queens-Pawn-Opening-Zukertort-Chigorin-Variation-3.g3	2023-03-15 12:34:27	2023-03-15 13:13:24	2023-03-15 00:00:00	Nf3 d5 g3 Nc6 d4 e5 Nxe5 Nxe5 dxe5 Bf5 Nc3 c6 Bg2 Ne7 Bg5 f6 exf6 gxf6 Bxf6 Rg8 e4 Bg7 Bxg7 Rxg7 exf5 Nxf5 Qh5+ Rf7 O-O Qd6 Rfe1+ Kf8 Bh3 Nd4 Red1 Qf6 f4 Nxc2 Rac1 Ne3 Re1 Qd4 Kh1 Qd2 Qe2 Nc4 Qxd2 Nxd2 Re2 Nc4 b3 Nd6 Rce1 a5 a4 b5 Re6 b4 Nxd5 Nf5 Rxc6 Nd4 Rb1 Nxc6 Bg2 Rd8 Nb6 Nd4 Bd5 Rf6 Rd1 Rxb6 Rxd4 Rbd6 f5 Rxd5 Rf4 Rd2 g4 Re8 Rf1 Ree2 h4 Rh2+ Kg1 Rdg2#	1. Nf3 d5 2. g3 Nc6 3. d4 e5 4. Nxe5 Nxe5 5. dxe5 Bf5 6. Nc3 c6 7. Bg2 Ne7 8. Bg5 f6 9. exf6 gxf6 10. Bxf6 Rg8 11. e4 Bg7 12. Bxg7 Rxg7 13. exf5 Nxf5 14. Qh5+ Rf7 15. O-O Qd6 16. Rfe1+ Kf8 17. Bh3 Nd4 18. Red1 Qf6 19. f4 Nxc2 20. Rac1 Ne3 21. Re1 Qd4 22. Kh1 Qd2 23. Qe2 Nc4 24. Qxd2 Nxd2 25. Re2 Nc4 26. b3 Nd6 27. Rce1 a5 28. a4 b5 29. Re6 b4 30. Nxd5 Nf5 31. Rxc6 Nd4 32. Rb1 Nxc6 33. Bg2 Rd8 34. Nb6 Nd4 35. Bd5 Rf6 36. Rd1 Rxb6 37. Rxd4 Rbd6 38. f5 Rxd5 39. Rf4 Rd2 40. g4 Re8 41. Rf1 Ree2 42. h4 Rh2+ 43. Kg1 Rdg2#	2023-03-01
https://www.chess.com/game/live/72625984471	900+10	True	rapid	chess	982	abandoned	1019	win	Live Chess	Chess.com	2023-03-15 00:00:00	Saigon-1996	Rhythmbear1	0-1	rn3rk1/5pp1/1qpb1p1p/3p4/3P1N2/1P1bPPQ1/1P2N1BP/2K4R w - -	UTC	A00	https://www.chess.com/openings/Grob-Opening-Grob-Gambit-Declined	2023-03-15 13:28:10	2023-03-15 13:49:28	2023-03-15 00:00:00	g4 d5 Bg2 c6 d4 Bxg4 f3 Bh5 Nc3 Nf6 Bg5 h6 Bxf6 exf6 Qd3 Bg6 Qe3+ Be7 O-O-O a5 Nh3 O-O Nf4 Bh7 Qf2 a4 Nh5 b5 Qg3 Bg6 Nf4 Bd6 e3 b4 Nce2 b3 axb3 axb3 cxb3 Qb6 Rd3 Bxd3	1. g4 d5 2. Bg2 c6 3. d4 Bxg4 4. f3 Bh5 5. Nc3 Nf6 6. Bg5 h6 7. Bxf6 exf6 8. Qd3 Bg6 9. Qe3+ Be7 10. O-O-O a5 11. Nh3 O-O 12. Nf4 Bh7 13. Qf2 a4 14. Nh5 b5 15. Qg3 Bg6 16. Nf4 Bd6 17. e3 b4 18. Nce2 b3 19. axb3 axb3 20. cxb3 Qb6 21. Rd3 Bxd3	2023-03-01
https://www.chess.com/game/live/72774715521	900+10	True	rapid	chess	1052	win	1050	checkmated	Live Chess	Chess.com	2023-03-17 00:00:00	Rhythmbear1	markisus	1-0	3Q1k2/p4pp1/7p/3b4/1P6/8/P4PPP/3q1BK1 b - -	UTC	C55	https://www.chess.com/openings/Italian-Game-Anti-Fried-Liver-Defense	2023-03-17 06:48:43	2023-03-17 07:25:56	2023-03-17 00:00:00	e4 e5 Nf3 Nc6 Bc4 h6 O-O Nf6 d4 exd4 Nxd4 Nxd4 Qxd4 b6 Nc3 Bc5 Qd3 O-O Be3 Bb7 Bxc5 bxc5 Rad1 Re8 Rfe1 Nh5 Qf3 d5 exd5 Rxe1+ Rxe1 Qg5 Ne4 Qg6 Nxc5 Qxc2 Bd3 Qxc5 Qxh5 Kf8 Qf5 Re8 Rxe8+ Kxe8 Qe5+ Kf8 b4 Qc1+ Bf1 Qd1 Qxc7 Bxd5 Qd8#	1. e4 e5 2. Nf3 Nc6 3. Bc4 h6 4. O-O Nf6 5. d4 exd4 6. Nxd4 Nxd4 7. Qxd4 b6 8. Nc3 Bc5 9. Qd3 O-O 10. Be3 Bb7 11. Bxc5 bxc5 12. Rad1 Re8 13. Rfe1 Nh5 14. Qf3 d5 15. exd5 Rxe1+ 16. Rxe1 Qg5 17. Ne4 Qg6 18. Nxc5 Qxc2 19. Bd3 Qxc5 20. Qxh5 Kf8 21. Qf5 Re8 22. Rxe8+ Kxe8 23. Qe5+ Kf8 24. b4 Qc1+ 25. Bf1 Qd1 26. Qxc7 Bxd5 27. Qd8# 	2023-03-01
[2025-03-10T01:33:31.413+0000] {logging_mixin.py:190} INFO - Previewing Dataframe
[2025-03-10T01:33:31.414+0000] {logging_mixin.py:190} INFO - game_url                        object
time_control                    object
rated                             bool
time_class                      object
rules                           object
white_rating                     int64
white_result                    object
black_rating                     int64
black_result                    object
pgn_event                       object
pgn_site                        object
game_date               datetime64[us]
pgn_white_user                  object
pgn_black_user                  object
pgn_result                      object
pgn_current_position            object
pgn_timezone                    object
pgn_eco                         object
pgn_eco_url                     object
start_time              datetime64[ns]
end_time                datetime64[ns]
end_game_date           datetime64[us]
pgn_raw                         object
pgn_trans                       object
last_updated            datetime64[us]
dtype: object
[2025-03-10T01:33:31.427+0000] {logging_mixin.py:190} INFO - https://www.chess.com/game/live/123421480904	120+1	True	bullet	chess	986	win	920	timeout	Live Chess	Chess.com	2025-03-01 00:00:00	SoulEaterEXO9	Rhythmbear1	1-0	r4rk1/5pp1/7p/3p4/P7/4P3/1Q1p1PPP/2R2RK1 b - -	UTC	A40	https://www.chess.com/openings/Englund-Gambit	2025-03-01 12:02:46	2025-03-01 12:06:44	2025-03-01 00:00:00	d4 e5 c4 exd4 Qxd4 c5 Qd1 Nc6 Nf3 Nf6 Nc3 Be7 Bg5 O-O e3 h6 Bh4 a6 Bd3 b5 cxb5 axb5 Nxb5 Qa5+ Nc3 Nd5 O-O Nxc3 bxc3 Bxh4 Nxh4 Qxc3 Nf5 d5 Qg4 Bxf5 Bxf5 Ne5 Qf4 c4 a4 Nd3 Bxd3 cxd3 Rac1 Qb2 Qd4 d2 Qxb2	1. d4 e5 2. c4 exd4 3. Qxd4 c5 4. Qd1 Nc6 5. Nf3 Nf6 6. Nc3 Be7 7. Bg5 O-O 8. e3 h6 9. Bh4 a6 10. Bd3 b5 11. cxb5 axb5 12. Nxb5 Qa5+ 13. Nc3 Nd5 14. O-O Nxc3 15. bxc3 Bxh4 16. Nxh4 Qxc3 17. Nf5 d5 18. Qg4 Bxf5 19. Bxf5 Ne5 20. Qf4 c4 21. a4 Nd3 22. Bxd3 cxd3 23. Rac1 Qb2 24. Qd4 d2 25. Qxb2 	2025-03-10 00:00:00
https://www.chess.com/game/live/123501907534	120+1	True	bullet	chess	935	win	915	timeout	Live Chess	Chess.com	2025-03-03 00:00:00	petrherout	Rhythmbear1	1-0	4r1k1/1K3ppp/1p3n2/3pN3/p2P2P1/P1P1r2P/1P6/1R1B4 b - -	UTC	C00	https://www.chess.com/openings/French-Defense	2025-03-03 16:37:32	2025-03-03 16:41:47	2025-03-03 00:00:00	e4 e6 Bc4 d5 exd5 exd5 Bb3 c6 Qf3 Bd6 h3 Ne7 d3 Bf5 c3 O-O Bc2 Qc7 g4 Be6 d4 Re8 Qd3 Ng6 Be3 Nf4 Qd2 Ng2+ Kd1 Nxe3+ Qxe3 Bxg4+ f3 Rxe3 fxg4 Nd7 Nd2 Rae8 Kc1 Re1+ Bd1 Bf4 Kc2 Bxd2 Kxd2 Qf4+ Kc2 Nf6 Kb3 a5 a3 Qd2 Nf3 a4+ Kb4 c5+ Kxc5 b6+ Kc6 Rc8+ Kb7 Rxh1 Nxd2 Re8 Rb1 Rhe1 Nf3 R1e3 Ne5	1. e4 e6 2. Bc4 d5 3. exd5 exd5 4. Bb3 c6 5. Qf3 Bd6 6. h3 Ne7 7. d3 Bf5 8. c3 O-O 9. Bc2 Qc7 10. g4 Be6 11. d4 Re8 12. Qd3 Ng6 13. Be3 Nf4 14. Qd2 Ng2+ 15. Kd1 Nxe3+ 16. Qxe3 Bxg4+ 17. f3 Rxe3 18. fxg4 Nd7 19. Nd2 Rae8 20. Kc1 Re1+ 21. Bd1 Bf4 22. Kc2 Bxd2 23. Kxd2 Qf4+ 24. Kc2 Nf6 25. Kb3 a5 26. a3 Qd2 27. Nf3 a4+ 28. Kb4 c5+ 29. Kxc5 b6+ 30. Kc6 Rc8+ 31. Kb7 Rxh1 32. Nxd2 Re8 33. Rb1 Rhe1 34. Nf3 R1e3 35. Ne5 	2025-03-10 00:00:00
https://www.chess.com/game/live/123600146518	120+1	True	bullet	chess	860	win	852	timeout	Live Chess	Chess.com	2025-03-06 00:00:00	Rhythmbear1	amaurychabod	1-0	5Q2/ppp4p/5pk1/8/3b4/8/P2NK1Pn/3R4 b - -	UTC	C45	https://www.chess.com/openings/Scotch-Game-Scotch-Gambit-London-Defense-5.c3-dxc3-6.bxc3-Ba5	2025-03-06 10:05:16	2025-03-06 10:09:34	2025-03-06 00:00:00	e4 e5 Nf3 Nc6 d4 exd4 Bc4 Bb4+ c3 dxc3 bxc3 Ba5 Bb3 d6 O-O Nf6 Ng5 O-O f4 Re8 e5 dxe5 Bxf7+ Kh8 Bxe8 Qxe8 fxe5 Qxe5 Nf7+ Kg8 Nxe5 Nxe5 Re1 Neg4 Qb3+ Kf8 Bg5 Bf5 Bxf6 gxf6 Nd2 Rd8 Qa3+ Kg7 Qe7+ Kg6 Qxd8 Bxc3 Qg8+ Kh6 Qf8+ Kg6 Rad1 Bd4+ Kf1 Bd3+ Re2 Nxh2+ Ke1 Bxe2 Kxe2	1. e4 e5 2. Nf3 Nc6 3. d4 exd4 4. Bc4 Bb4+ 5. c3 dxc3 6. bxc3 Ba5 7. Bb3 d6 8. O-O Nf6 9. Ng5 O-O 10. f4 Re8 11. e5 dxe5 12. Bxf7+ Kh8 13. Bxe8 Qxe8 14. fxe5 Qxe5 15. Nf7+ Kg8 16. Nxe5 Nxe5 17. Re1 Neg4 18. Qb3+ Kf8 19. Bg5 Bf5 20. Bxf6 gxf6 21. Nd2 Rd8 22. Qa3+ Kg7 23. Qe7+ Kg6 24. Qxd8 Bxc3 25. Qg8+ Kh6 26. Qf8+ Kg6 27. Rad1 Bd4+ 28. Kf1 Bd3+ 29. Re2 Nxh2+ 30. Ke1 Bxe2 31. Kxe2 	2025-03-10 00:00:00
https://www.chess.com/game/live/123600252434	120+1	True	bullet	chess	848	win	852	resigned	Live Chess	Chess.com	2025-03-06 00:00:00	arrigo_player	Rhythmbear1	1-0	2r3k1/6pp/R4p2/3R4/2N5/PP3NPP/4rPK1/8 b - -	UTC	D02	https://www.chess.com/openings/Queens-Pawn-Opening-Zukertort-Variation-2...e6-3.e3-c5-4.b3	2025-03-06 10:09:39	2025-03-06 10:13:05	2025-03-06 00:00:00	d4 e6 Nf3 d5 e3 c5 b3 Nc6 Bb2 Bd7 Bd3 cxd4 exd4 Nf6 O-O Bd6 Nbd2 O-O Re1 a6 a3 Na7 c4 dxc4 Nxc4 Be7 h3 Bb5 d5 Nxd5 Nce5 Bxd3 Qxd3 f6 Nc4 Qc7 Rxe6 Nf4 Rxe7 Nxd3 Rxc7 Nxb2 Nxb2 Rae8 Rxb7 Nb5 Ra7 Nc3 Rxa6 Ne2+ Kh2 Nf4 g3 Nd5 Nc4 Re2 Kg2 Rfe8 Rd1 Rc8 Rxd5	1. d4 e6 2. Nf3 d5 3. e3 c5 4. b3 Nc6 5. Bb2 Bd7 6. Bd3 cxd4 7. exd4 Nf6 8. O-O Bd6 9. Nbd2 O-O 10. Re1 a6 11. a3 Na7 12. c4 dxc4 13. Nxc4 Be7 14. h3 Bb5 15. d5 Nxd5 16. Nce5 Bxd3 17. Qxd3 f6 18. Nc4 Qc7 19. Rxe6 Nf4 20. Rxe7 Nxd3 21. Rxc7 Nxb2 22. Nxb2 Rae8 23. Rxb7 Nb5 24. Ra7 Nc3 25. Rxa6 Ne2+ 26. Kh2 Nf4 27. g3 Nd5 28. Nc4 Re2 29. Kg2 Rfe8 30. Rd1 Rc8 31. Rxd5 	2025-03-10 00:00:00
https://www.chess.com/game/live/136077348276	180+2	True	blitz	chess	1251	win	1247	timeout	Live Chess	Chess.com	2025-03-09 00:00:00	kemooo05	Rhythmbear1	1-0	2rr2k1/p4ppp/1b2pn2/8/P7/1P2P1P1/4QPKP/1R6 b - -	UTC	A00	https://www.chess.com/openings/Kings-Fianchetto-Opening-Catalan-Formation	2025-03-09 14:59:47	2025-03-09 15:04:59	2025-03-09 00:00:00	g3 e6 Bg2 d5 b3 Nf6 Bb2 Be7 e3 c5 Ne2 O-O O-O Nc6 d4 Bd7 dxc5 Bxc5 Bd4 Nxd4 Nxd4 Bb6 Nd2 Rc8 c4 dxc4 Nxc4 Bc7 Bxb7 Rb8 Bg2 Bb5 a4 Bxc4 Nc6 Bxf1 Nxd8 Bxg2 Kxg2 Rfxd8 Qc2 Bb6 Rb1 Rbc8 Qe2	1. g3 e6 2. Bg2 d5 3. b3 Nf6 4. Bb2 Be7 5. e3 c5 6. Ne2 O-O 7. O-O Nc6 8. d4 Bd7 9. dxc5 Bxc5 10. Bd4 Nxd4 11. Nxd4 Bb6 12. Nd2 Rc8 13. c4 dxc4 14. Nxc4 Bc7 15. Bxb7 Rb8 16. Bg2 Bb5 17. a4 Bxc4 18. Nc6 Bxf1 19. Nxd8 Bxg2 20. Kxg2 Rfxd8 21. Qc2 Bb6 22. Rb1 Rbc8 23. Qe2 	2025-03-10 00:00:00
[2025-03-10T01:33:32.000+0000] {python.py:240} INFO - Done. Returned value was: None
[2025-03-10T01:33:32.012+0000] {taskinstance.py:340} INFO - ::group::Post task execution logs
[2025-03-10T01:33:32.012+0000] {taskinstance.py:352} INFO - Marking task as SUCCESS. dag_id=pull_data_from_chess_api, task_id=load_to_gold_layer, run_id=scheduled__2023-03-01T00:00:00+00:00, execution_date=20230301T000000, start_date=20250310T013329, end_date=20250310T013332
[2025-03-10T01:33:32.075+0000] {local_task_job_runner.py:266} INFO - Task exited with return code 0
[2025-03-10T01:33:32.095+0000] {taskinstance.py:3900} INFO - 0 downstream tasks scheduled from follow-on schedule check
[2025-03-10T01:33:32.101+0000] {local_task_job_runner.py:245} INFO - ::endgroup::
