[2025-02-18T16:10:16.034+0000] {local_task_job_runner.py:123} INFO - ::group::Pre task execution logs
[2025-02-18T16:10:16.063+0000] {taskinstance.py:2612} INFO - Dependencies all met for dep_context=non-requeueable deps ti=<TaskInstance: pull_data_from_chess_api.transform_json_to_fact_table scheduled__2023-08-01T00:00:00+00:00 [queued]>
[2025-02-18T16:10:16.079+0000] {taskinstance.py:2612} INFO - Dependencies all met for dep_context=requeueable deps ti=<TaskInstance: pull_data_from_chess_api.transform_json_to_fact_table scheduled__2023-08-01T00:00:00+00:00 [queued]>
[2025-02-18T16:10:16.079+0000] {taskinstance.py:2865} INFO - Starting attempt 1 of 2
[2025-02-18T16:10:16.106+0000] {taskinstance.py:2888} INFO - Executing <Task(PythonOperator): transform_json_to_fact_table> on 2023-08-01 00:00:00+00:00
[2025-02-18T16:10:16.115+0000] {warnings.py:112} WARNING - /home/***/.local/lib/python3.12/site-packages/***/task/task_runner/standard_task_runner.py:70: DeprecationWarning: This process (pid=2962) is multi-threaded, use of fork() may lead to deadlocks in the child.
  pid = os.fork()

[2025-02-18T16:10:16.118+0000] {standard_task_runner.py:72} INFO - Started process 2963 to run task
[2025-02-18T16:10:16.119+0000] {standard_task_runner.py:104} INFO - Running: ['***', 'tasks', 'run', 'pull_data_from_chess_api', 'transform_json_to_fact_table', 'scheduled__2023-08-01T00:00:00+00:00', '--job-id', '155', '--raw', '--subdir', 'DAGS_FOLDER/chess_dag.py', '--cfg-path', '/tmp/tmpp6_0fl_m']
[2025-02-18T16:10:16.121+0000] {standard_task_runner.py:105} INFO - Job 155: Subtask transform_json_to_fact_table
[2025-02-18T16:10:16.195+0000] {task_command.py:467} INFO - Running <TaskInstance: pull_data_from_chess_api.transform_json_to_fact_table scheduled__2023-08-01T00:00:00+00:00 [running]> on host 4ed02a11bf8e
[2025-02-18T16:10:16.342+0000] {taskinstance.py:3131} INFO - Exporting env vars: AIRFLOW_CTX_DAG_OWNER='***' AIRFLOW_CTX_DAG_ID='pull_data_from_chess_api' AIRFLOW_CTX_TASK_ID='transform_json_to_fact_table' AIRFLOW_CTX_EXECUTION_DATE='2023-08-01T00:00:00+00:00' AIRFLOW_CTX_TRY_NUMBER='1' AIRFLOW_CTX_DAG_RUN_ID='scheduled__2023-08-01T00:00:00+00:00'
[2025-02-18T16:10:16.345+0000] {taskinstance.py:731} INFO - ::endgroup::
[2025-02-18T16:10:16.379+0000] {connection.py:531} ERROR - Unable to retrieve connection from secrets backend (EnvironmentVariablesBackend). Checking subsequent secrets backend.
Traceback (most recent call last):
  File "/home/airflow/.local/lib/python3.12/site-packages/airflow/models/connection.py", line 526, in get_connection_from_secrets
    conn = secrets_backend.get_connection(conn_id=conn_id)
           ^^^^^^^^^^^^^^^^^^^^^^^^^^^^^^^^^^^^^^^^^^^^^^^
  File "/home/airflow/.local/lib/python3.12/site-packages/airflow/secrets/base_secrets.py", line 116, in get_connection
    return self.deserialize_connection(conn_id=conn_id, value=value)
           ^^^^^^^^^^^^^^^^^^^^^^^^^^^^^^^^^^^^^^^^^^^^^^^^^^^^^^^^^
  File "/home/airflow/.local/lib/python3.12/site-packages/airflow/secrets/base_secrets.py", line 70, in deserialize_connection
    return Connection(conn_id=conn_id, uri=value)
           ^^^^^^^^^^^^^^^^^^^^^^^^^^^^^^^^^^^^^^
  File "<string>", line 4, in __init__
  File "/home/airflow/.local/lib/python3.12/site-packages/sqlalchemy/orm/state.py", line 481, in _initialize_instance
    with util.safe_reraise():
         ^^^^^^^^^^^^^^^^^^^
  File "/home/airflow/.local/lib/python3.12/site-packages/sqlalchemy/util/langhelpers.py", line 70, in __exit__
    compat.raise_(
  File "/home/airflow/.local/lib/python3.12/site-packages/sqlalchemy/util/compat.py", line 211, in raise_
    raise exception
  File "/home/airflow/.local/lib/python3.12/site-packages/sqlalchemy/orm/state.py", line 479, in _initialize_instance
    return manager.original_init(*mixed[1:], **kwargs)
           ^^^^^^^^^^^^^^^^^^^^^^^^^^^^^^^^^^^^^^^^^^^
  File "/home/airflow/.local/lib/python3.12/site-packages/airflow/models/connection.py", line 169, in __init__
    self._parse_from_uri(uri)
  File "/home/airflow/.local/lib/python3.12/site-packages/airflow/models/connection.py", line 257, in _parse_from_uri
    self.port = uri_parts.port
                ^^^^^^^^^^^^^^
  File "/usr/local/lib/python3.12/urllib/parse.py", line 182, in port
    raise ValueError(f"Port could not be cast to integer value as {port!r}")
ValueError: Port could not be cast to integer value as 'DefaultEndpointsProtocol=https;AccountName=rbchesssa;AccountKey=lG9W+utkpTNorE0rTLlfDMUZsTPleXk6pXv6NnfDTi'
[2025-02-18T16:10:16.398+0000] {base.py:84} INFO - Retrieving connection 'azure_chess_storage'
[2025-02-18T16:10:17.314+0000] {logging_mixin.py:190} INFO - /tmp/tmpumxafrml
[2025-02-18T16:10:17.319+0000] {taskinstance.py:3310} ERROR - Task failed with exception
Traceback (most recent call last):
  File "/home/airflow/.local/lib/python3.12/site-packages/airflow/models/taskinstance.py", line 767, in _execute_task
    result = _execute_callable(context=context, **execute_callable_kwargs)
             ^^^^^^^^^^^^^^^^^^^^^^^^^^^^^^^^^^^^^^^^^^^^^^^^^^^^^^^^^^^^^
  File "/home/airflow/.local/lib/python3.12/site-packages/airflow/models/taskinstance.py", line 733, in _execute_callable
    return ExecutionCallableRunner(
           ^^^^^^^^^^^^^^^^^^^^^^^^
  File "/home/airflow/.local/lib/python3.12/site-packages/airflow/utils/operator_helpers.py", line 252, in run
    return self.func(*args, **kwargs)
           ^^^^^^^^^^^^^^^^^^^^^^^^^^
  File "/home/airflow/.local/lib/python3.12/site-packages/airflow/models/baseoperator.py", line 406, in wrapper
    return func(self, *args, **kwargs)
           ^^^^^^^^^^^^^^^^^^^^^^^^^^^
  File "/home/airflow/.local/lib/python3.12/site-packages/airflow/operators/python.py", line 238, in execute
    return_value = self.execute_callable()
                   ^^^^^^^^^^^^^^^^^^^^^^^
  File "/home/airflow/.local/lib/python3.12/site-packages/airflow/operators/python.py", line 256, in execute_callable
    return runner.run(*self.op_args, **self.op_kwargs)
           ^^^^^^^^^^^^^^^^^^^^^^^^^^^^^^^^^^^^^^^^^^^
  File "/home/airflow/.local/lib/python3.12/site-packages/airflow/utils/operator_helpers.py", line 252, in run
    return self.func(*args, **kwargs)
           ^^^^^^^^^^^^^^^^^^^^^^^^^^
  File "/opt/airflow/dags/scripts/python_scripts.py", line 109, in transform_json_to_fact_table
    fact_table = duckdb.sql("""
                 ^^^^^^^^^^^^^^
duckdb.duckdb.BinderException: Binder Error: Referenced column "url" not found in FROM clause!
Candidate bindings: "json"
[2025-02-18T16:10:17.332+0000] {taskinstance.py:1225} INFO - Marking task as UP_FOR_RETRY. dag_id=pull_data_from_chess_api, task_id=transform_json_to_fact_table, run_id=scheduled__2023-08-01T00:00:00+00:00, execution_date=20230801T000000, start_date=20250218T161016, end_date=20250218T161017
[2025-02-18T16:10:17.349+0000] {taskinstance.py:340} INFO - ::group::Post task execution logs
[2025-02-18T16:10:17.350+0000] {standard_task_runner.py:124} ERROR - Failed to execute job 155 for task transform_json_to_fact_table (Binder Error: Referenced column "url" not found in FROM clause!
Candidate bindings: "json"; 2963)
Traceback (most recent call last):
  File "/home/airflow/.local/lib/python3.12/site-packages/airflow/task/task_runner/standard_task_runner.py", line 117, in _start_by_fork
    ret = args.func(args, dag=self.dag)
          ^^^^^^^^^^^^^^^^^^^^^^^^^^^^^
  File "/home/airflow/.local/lib/python3.12/site-packages/airflow/cli/cli_config.py", line 49, in command
    return func(*args, **kwargs)
           ^^^^^^^^^^^^^^^^^^^^^
  File "/home/airflow/.local/lib/python3.12/site-packages/airflow/utils/cli.py", line 115, in wrapper
    return f(*args, **kwargs)
           ^^^^^^^^^^^^^^^^^^
  File "/home/airflow/.local/lib/python3.12/site-packages/airflow/cli/commands/task_command.py", line 483, in task_run
    task_return_code = _run_task_by_selected_method(args, _dag, ti)
                       ^^^^^^^^^^^^^^^^^^^^^^^^^^^^^^^^^^^^^^^^^^^^
  File "/home/airflow/.local/lib/python3.12/site-packages/airflow/cli/commands/task_command.py", line 256, in _run_task_by_selected_method
    return _run_raw_task(args, ti)
           ^^^^^^^^^^^^^^^^^^^^^^^
  File "/home/airflow/.local/lib/python3.12/site-packages/airflow/cli/commands/task_command.py", line 341, in _run_raw_task
    return ti._run_raw_task(
           ^^^^^^^^^^^^^^^^^
  File "/home/airflow/.local/lib/python3.12/site-packages/airflow/utils/session.py", line 97, in wrapper
    return func(*args, session=session, **kwargs)
           ^^^^^^^^^^^^^^^^^^^^^^^^^^^^^^^^^^^^^^
  File "/home/airflow/.local/lib/python3.12/site-packages/airflow/models/taskinstance.py", line 3004, in _run_raw_task
    return _run_raw_task(
           ^^^^^^^^^^^^^^
  File "/home/airflow/.local/lib/python3.12/site-packages/airflow/models/taskinstance.py", line 273, in _run_raw_task
    TaskInstance._execute_task_with_callbacks(
  File "/home/airflow/.local/lib/python3.12/site-packages/airflow/models/taskinstance.py", line 3158, in _execute_task_with_callbacks
    result = self._execute_task(context, task_orig)
             ^^^^^^^^^^^^^^^^^^^^^^^^^^^^^^^^^^^^^^
  File "/home/airflow/.local/lib/python3.12/site-packages/airflow/models/taskinstance.py", line 3182, in _execute_task
    return _execute_task(self, context, task_orig)
           ^^^^^^^^^^^^^^^^^^^^^^^^^^^^^^^^^^^^^^^
  File "/home/airflow/.local/lib/python3.12/site-packages/airflow/models/taskinstance.py", line 767, in _execute_task
    result = _execute_callable(context=context, **execute_callable_kwargs)
             ^^^^^^^^^^^^^^^^^^^^^^^^^^^^^^^^^^^^^^^^^^^^^^^^^^^^^^^^^^^^^
  File "/home/airflow/.local/lib/python3.12/site-packages/airflow/models/taskinstance.py", line 733, in _execute_callable
    return ExecutionCallableRunner(
           ^^^^^^^^^^^^^^^^^^^^^^^^
  File "/home/airflow/.local/lib/python3.12/site-packages/airflow/utils/operator_helpers.py", line 252, in run
    return self.func(*args, **kwargs)
           ^^^^^^^^^^^^^^^^^^^^^^^^^^
  File "/home/airflow/.local/lib/python3.12/site-packages/airflow/models/baseoperator.py", line 406, in wrapper
    return func(self, *args, **kwargs)
           ^^^^^^^^^^^^^^^^^^^^^^^^^^^
  File "/home/airflow/.local/lib/python3.12/site-packages/airflow/operators/python.py", line 238, in execute
    return_value = self.execute_callable()
                   ^^^^^^^^^^^^^^^^^^^^^^^
  File "/home/airflow/.local/lib/python3.12/site-packages/airflow/operators/python.py", line 256, in execute_callable
    return runner.run(*self.op_args, **self.op_kwargs)
           ^^^^^^^^^^^^^^^^^^^^^^^^^^^^^^^^^^^^^^^^^^^
  File "/home/airflow/.local/lib/python3.12/site-packages/airflow/utils/operator_helpers.py", line 252, in run
    return self.func(*args, **kwargs)
           ^^^^^^^^^^^^^^^^^^^^^^^^^^
  File "/opt/airflow/dags/scripts/python_scripts.py", line 109, in transform_json_to_fact_table
    fact_table = duckdb.sql("""
                 ^^^^^^^^^^^^^^
duckdb.duckdb.BinderException: Binder Error: Referenced column "url" not found in FROM clause!
Candidate bindings: "json"
[2025-02-18T16:10:17.381+0000] {local_task_job_runner.py:266} INFO - Task exited with return code 1
[2025-02-18T16:10:17.418+0000] {taskinstance.py:3900} INFO - 0 downstream tasks scheduled from follow-on schedule check
[2025-02-18T16:10:17.423+0000] {local_task_job_runner.py:245} INFO - ::endgroup::
[2025-02-18T16:40:11.828+0000] {local_task_job_runner.py:123} INFO - ::group::Pre task execution logs
[2025-02-18T16:40:11.855+0000] {taskinstance.py:2612} INFO - Dependencies all met for dep_context=non-requeueable deps ti=<TaskInstance: pull_data_from_chess_api.transform_json_to_fact_table scheduled__2023-08-01T00:00:00+00:00 [queued]>
[2025-02-18T16:40:11.869+0000] {taskinstance.py:2612} INFO - Dependencies all met for dep_context=requeueable deps ti=<TaskInstance: pull_data_from_chess_api.transform_json_to_fact_table scheduled__2023-08-01T00:00:00+00:00 [queued]>
[2025-02-18T16:40:11.869+0000] {taskinstance.py:2865} INFO - Starting attempt 1 of 2
[2025-02-18T16:40:11.892+0000] {taskinstance.py:2888} INFO - Executing <Task(PythonOperator): transform_json_to_fact_table> on 2023-08-01 00:00:00+00:00
[2025-02-18T16:40:11.901+0000] {warnings.py:112} WARNING - /home/***/.local/lib/python3.12/site-packages/***/task/task_runner/standard_task_runner.py:70: DeprecationWarning: This process (pid=3702) is multi-threaded, use of fork() may lead to deadlocks in the child.
  pid = os.fork()

[2025-02-18T16:40:11.905+0000] {standard_task_runner.py:72} INFO - Started process 3703 to run task
[2025-02-18T16:40:11.907+0000] {standard_task_runner.py:104} INFO - Running: ['***', 'tasks', 'run', 'pull_data_from_chess_api', 'transform_json_to_fact_table', 'scheduled__2023-08-01T00:00:00+00:00', '--job-id', '206', '--raw', '--subdir', 'DAGS_FOLDER/chess_dag.py', '--cfg-path', '/tmp/tmpx5k1ihm_']
[2025-02-18T16:40:11.908+0000] {standard_task_runner.py:105} INFO - Job 206: Subtask transform_json_to_fact_table
[2025-02-18T16:40:11.994+0000] {task_command.py:467} INFO - Running <TaskInstance: pull_data_from_chess_api.transform_json_to_fact_table scheduled__2023-08-01T00:00:00+00:00 [running]> on host 4ed02a11bf8e
[2025-02-18T16:40:12.151+0000] {taskinstance.py:3131} INFO - Exporting env vars: AIRFLOW_CTX_DAG_OWNER='***' AIRFLOW_CTX_DAG_ID='pull_data_from_chess_api' AIRFLOW_CTX_TASK_ID='transform_json_to_fact_table' AIRFLOW_CTX_EXECUTION_DATE='2023-08-01T00:00:00+00:00' AIRFLOW_CTX_TRY_NUMBER='1' AIRFLOW_CTX_DAG_RUN_ID='scheduled__2023-08-01T00:00:00+00:00'
[2025-02-18T16:40:12.153+0000] {taskinstance.py:731} INFO - ::endgroup::
[2025-02-18T16:40:12.180+0000] {connection.py:531} ERROR - Unable to retrieve connection from secrets backend (EnvironmentVariablesBackend). Checking subsequent secrets backend.
Traceback (most recent call last):
  File "/home/airflow/.local/lib/python3.12/site-packages/airflow/models/connection.py", line 526, in get_connection_from_secrets
    conn = secrets_backend.get_connection(conn_id=conn_id)
           ^^^^^^^^^^^^^^^^^^^^^^^^^^^^^^^^^^^^^^^^^^^^^^^
  File "/home/airflow/.local/lib/python3.12/site-packages/airflow/secrets/base_secrets.py", line 116, in get_connection
    return self.deserialize_connection(conn_id=conn_id, value=value)
           ^^^^^^^^^^^^^^^^^^^^^^^^^^^^^^^^^^^^^^^^^^^^^^^^^^^^^^^^^
  File "/home/airflow/.local/lib/python3.12/site-packages/airflow/secrets/base_secrets.py", line 70, in deserialize_connection
    return Connection(conn_id=conn_id, uri=value)
           ^^^^^^^^^^^^^^^^^^^^^^^^^^^^^^^^^^^^^^
  File "<string>", line 4, in __init__
  File "/home/airflow/.local/lib/python3.12/site-packages/sqlalchemy/orm/state.py", line 481, in _initialize_instance
    with util.safe_reraise():
         ^^^^^^^^^^^^^^^^^^^
  File "/home/airflow/.local/lib/python3.12/site-packages/sqlalchemy/util/langhelpers.py", line 70, in __exit__
    compat.raise_(
  File "/home/airflow/.local/lib/python3.12/site-packages/sqlalchemy/util/compat.py", line 211, in raise_
    raise exception
  File "/home/airflow/.local/lib/python3.12/site-packages/sqlalchemy/orm/state.py", line 479, in _initialize_instance
    return manager.original_init(*mixed[1:], **kwargs)
           ^^^^^^^^^^^^^^^^^^^^^^^^^^^^^^^^^^^^^^^^^^^
  File "/home/airflow/.local/lib/python3.12/site-packages/airflow/models/connection.py", line 169, in __init__
    self._parse_from_uri(uri)
  File "/home/airflow/.local/lib/python3.12/site-packages/airflow/models/connection.py", line 257, in _parse_from_uri
    self.port = uri_parts.port
                ^^^^^^^^^^^^^^
  File "/usr/local/lib/python3.12/urllib/parse.py", line 182, in port
    raise ValueError(f"Port could not be cast to integer value as {port!r}")
ValueError: Port could not be cast to integer value as 'DefaultEndpointsProtocol=https;AccountName=rbchesssa;AccountKey=lG9W+utkpTNorE0rTLlfDMUZsTPleXk6pXv6NnfDTi'
[2025-02-18T16:40:12.197+0000] {base.py:84} INFO - Retrieving connection 'azure_chess_storage'
[2025-02-18T16:40:14.280+0000] {logging_mixin.py:190} INFO - /tmp/tmprzpzyons
[2025-02-18T16:40:16.627+0000] {logging_mixin.py:190} INFO - Successfully Transformed Data and Loaded to Azure Storage as silver/fact-2023-08-games.csv
[2025-02-18T16:40:16.628+0000] {python.py:240} INFO - Done. Returned value was: None
[2025-02-18T16:40:16.650+0000] {taskinstance.py:340} INFO - ::group::Post task execution logs
[2025-02-18T16:40:16.651+0000] {taskinstance.py:352} INFO - Marking task as SUCCESS. dag_id=pull_data_from_chess_api, task_id=transform_json_to_fact_table, run_id=scheduled__2023-08-01T00:00:00+00:00, execution_date=20230801T000000, start_date=20250218T164011, end_date=20250218T164016
[2025-02-18T16:40:16.715+0000] {local_task_job_runner.py:266} INFO - Task exited with return code 0
[2025-02-18T16:40:16.762+0000] {taskinstance.py:3900} INFO - 0 downstream tasks scheduled from follow-on schedule check
[2025-02-18T16:40:16.765+0000] {local_task_job_runner.py:245} INFO - ::endgroup::
[2025-03-10T01:34:47.339+0000] {local_task_job_runner.py:123} INFO - ::group::Pre task execution logs
[2025-03-10T01:34:47.354+0000] {taskinstance.py:2612} INFO - Dependencies all met for dep_context=non-requeueable deps ti=<TaskInstance: pull_data_from_chess_api.transform_json_to_fact_table scheduled__2023-08-01T00:00:00+00:00 [queued]>
[2025-03-10T01:34:47.361+0000] {taskinstance.py:2612} INFO - Dependencies all met for dep_context=requeueable deps ti=<TaskInstance: pull_data_from_chess_api.transform_json_to_fact_table scheduled__2023-08-01T00:00:00+00:00 [queued]>
[2025-03-10T01:34:47.362+0000] {taskinstance.py:2865} INFO - Starting attempt 1 of 2
[2025-03-10T01:34:47.374+0000] {taskinstance.py:2888} INFO - Executing <Task(PythonOperator): transform_json_to_fact_table> on 2023-08-01 00:00:00+00:00
[2025-03-10T01:34:47.381+0000] {warnings.py:112} WARNING - /home/***/.local/lib/python3.12/site-packages/***/task/task_runner/standard_task_runner.py:70: DeprecationWarning: This process (pid=16797) is multi-threaded, use of fork() may lead to deadlocks in the child.
  pid = os.fork()

[2025-03-10T01:34:47.383+0000] {standard_task_runner.py:72} INFO - Started process 16799 to run task
[2025-03-10T01:34:47.383+0000] {standard_task_runner.py:104} INFO - Running: ['***', 'tasks', 'run', 'pull_data_from_chess_api', 'transform_json_to_fact_table', 'scheduled__2023-08-01T00:00:00+00:00', '--job-id', '509', '--raw', '--subdir', 'DAGS_FOLDER/collect_chess_data_dag.py', '--cfg-path', '/tmp/tmpg7i7uiv8']
[2025-03-10T01:34:47.386+0000] {standard_task_runner.py:105} INFO - Job 509: Subtask transform_json_to_fact_table
[2025-03-10T01:34:47.434+0000] {task_command.py:467} INFO - Running <TaskInstance: pull_data_from_chess_api.transform_json_to_fact_table scheduled__2023-08-01T00:00:00+00:00 [running]> on host 70b3b9cfbba0
[2025-03-10T01:34:47.518+0000] {taskinstance.py:3131} INFO - Exporting env vars: AIRFLOW_CTX_DAG_OWNER='***' AIRFLOW_CTX_DAG_ID='pull_data_from_chess_api' AIRFLOW_CTX_TASK_ID='transform_json_to_fact_table' AIRFLOW_CTX_EXECUTION_DATE='2023-08-01T00:00:00+00:00' AIRFLOW_CTX_TRY_NUMBER='1' AIRFLOW_CTX_DAG_RUN_ID='scheduled__2023-08-01T00:00:00+00:00'
[2025-03-10T01:34:47.520+0000] {taskinstance.py:731} INFO - ::endgroup::
[2025-03-10T01:34:47.537+0000] {connection.py:531} ERROR - Unable to retrieve connection from secrets backend (EnvironmentVariablesBackend). Checking subsequent secrets backend.
Traceback (most recent call last):
  File "/home/airflow/.local/lib/python3.12/site-packages/airflow/models/connection.py", line 526, in get_connection_from_secrets
    conn = secrets_backend.get_connection(conn_id=conn_id)
           ^^^^^^^^^^^^^^^^^^^^^^^^^^^^^^^^^^^^^^^^^^^^^^^
  File "/home/airflow/.local/lib/python3.12/site-packages/airflow/secrets/base_secrets.py", line 116, in get_connection
    return self.deserialize_connection(conn_id=conn_id, value=value)
           ^^^^^^^^^^^^^^^^^^^^^^^^^^^^^^^^^^^^^^^^^^^^^^^^^^^^^^^^^
  File "/home/airflow/.local/lib/python3.12/site-packages/airflow/secrets/base_secrets.py", line 70, in deserialize_connection
    return Connection(conn_id=conn_id, uri=value)
           ^^^^^^^^^^^^^^^^^^^^^^^^^^^^^^^^^^^^^^
  File "<string>", line 4, in __init__
  File "/home/airflow/.local/lib/python3.12/site-packages/sqlalchemy/orm/state.py", line 481, in _initialize_instance
    with util.safe_reraise():
         ^^^^^^^^^^^^^^^^^^^
  File "/home/airflow/.local/lib/python3.12/site-packages/sqlalchemy/util/langhelpers.py", line 70, in __exit__
    compat.raise_(
  File "/home/airflow/.local/lib/python3.12/site-packages/sqlalchemy/util/compat.py", line 211, in raise_
    raise exception
  File "/home/airflow/.local/lib/python3.12/site-packages/sqlalchemy/orm/state.py", line 479, in _initialize_instance
    return manager.original_init(*mixed[1:], **kwargs)
           ^^^^^^^^^^^^^^^^^^^^^^^^^^^^^^^^^^^^^^^^^^^
  File "/home/airflow/.local/lib/python3.12/site-packages/airflow/models/connection.py", line 169, in __init__
    self._parse_from_uri(uri)
  File "/home/airflow/.local/lib/python3.12/site-packages/airflow/models/connection.py", line 257, in _parse_from_uri
    self.port = uri_parts.port
                ^^^^^^^^^^^^^^
  File "/usr/local/lib/python3.12/urllib/parse.py", line 182, in port
    raise ValueError(f"Port could not be cast to integer value as {port!r}")
ValueError: Port could not be cast to integer value as 'DefaultEndpointsProtocol=https;AccountName=rbchesssa;AccountKey=lG9W+utkpTNorE0rTLlfDMUZsTPleXk6pXv6NnfDTi'
[2025-03-10T01:34:47.547+0000] {base.py:84} INFO - Retrieving connection 'azure_chess_storage'
[2025-03-10T01:34:49.412+0000] {logging_mixin.py:190} INFO - /tmp/tmp_47mua67
[2025-03-10T01:34:49.458+0000] {logging_mixin.py:190} INFO - Previewing Dataframe
[2025-03-10T01:34:49.460+0000] {logging_mixin.py:190} INFO - game_url                        object
time_control                    object
rated                             bool
time_class                      object
rules                           object
white_rating                     int64
white_result                    object
black_rating                     int64
black_result                    object
pgn_event                       object
pgn_site                        object
game_date               datetime64[us]
pgn_white_user                  object
pgn_black_user                  object
pgn_result                      object
pgn_current_position            object
pgn_timezone                    object
pgn_eco                         object
pgn_eco_url                     object
start_time                      object
end_time                        object
end_game_date           datetime64[us]
pgn_raw                         object
pgn_trans                       object
dtype: object
[2025-03-10T01:34:49.477+0000] {logging_mixin.py:190} INFO - https://www.chess.com/game/live/84699171841	300+5	True	blitz	chess	614	resigned	741	win	Live Chess	Chess.com	2023-08-02 00:00:00	Rhythmbear1	Talenjada	0-1	3Q4/p5rk/8/8/1ppKP3/8/1P1q3P/8 w - -	UTC	B30	https://www.chess.com/openings/Sicilian-Defense-Open	07:08:42	07:23:06	2023-08-02 00:00:00	e4 c5 Nf3 Nc6 d4 d6 d5 Ne5 Nxe5 dxe5 Bb5+ Bd7 Qd3 Nf6 d6 exd6 Bg5 Qa5+ Nc3 Be7 Bxd7+ Nxd7 Bxe7 Kxe7 O-O Rhd8 Nd5+ Kf8 f4 b5 fxe5 c4 Qf3 Nxe5 Qh5 h6 Rf2 b4 Raf1 Rd7 Nf6 gxf6 Qxh6+ Kg8 Rxf6 Ng6 Rxg6+ fxg6 Qxg6+ Rg7 Qe6+ Kh8 Qh6+ Kg8 Rf6 Rf8 Rxf8+ Kxf8 Qh8+ Kf7 Qh4 Qxa2 Qf4+ Kg8 Qxd6 Qb1+ Kf2 Qxc2+ Ke3 Qxg2 Qd8+ Kh7 Kd4 Qd2+	1. e4 c5 2. Nf3 Nc6 3. d4 d6 4. d5 Ne5 5. Nxe5 dxe5 6. Bb5+ Bd7 7. Qd3 Nf6 8. d6 exd6 9. Bg5 Qa5+ 10. Nc3 Be7 11. Bxd7+ Nxd7 12. Bxe7 Kxe7 13. O-O Rhd8 14. Nd5+ Kf8 15. f4 b5 16. fxe5 c4 17. Qf3 Nxe5 18. Qh5 h6 19. Rf2 b4 20. Raf1 Rd7 21. Nf6 gxf6 22. Qxh6+ Kg8 23. Rxf6 Ng6 24. Rxg6+ fxg6 25. Qxg6+ Rg7 26. Qe6+ Kh8 27. Qh6+ Kg8 28. Rf6 Rf8 29. Rxf8+ Kxf8 30. Qh8+ Kf7 31. Qh4 Qxa2 32. Qf4+ Kg8 33. Qxd6 Qb1+ 34. Kf2 Qxc2+ 35. Ke3 Qxg2 36. Qd8+ Kh7 37. Kd4 Qd2+
https://www.chess.com/game/live/84700457981	300+5	True	blitz	chess	708	resigned	624	win	Live Chess	Chess.com	2023-08-02 00:00:00	david-r-h	Rhythmbear1	0-1	8/p6r/8/8/PR2N3/2k3P1/2p3K1/8 b - -	UTC	C02	https://www.chess.com/openings/French-Defense-Advance-Paulsen-Attack	07:34:54	07:49:52	2023-08-02 00:00:00	e4 e6 Nf3 d5 e5 c5 d4 Nc6 c3 f6 Bf4 fxe5 Nxe5 cxd4 Nxc6 bxc6 Qxd4 c5 Qd2 Ne7 Bb5+ Bd7 Bxd7+ Qxd7 O-O Ng6 Bg3 c4 Qe2 Bc5 Nd2 Qb5 Nf3 O-O-O Qc2 Rde8 a4 Qb7 Ra2 h5 Rfa1 h4 Be5 h3 g3 Ref8 Bxg7 Qxg7 Nd4 Ne5 Nxe6 Bxf2+ Qxf2 Rxf2 Nxg7 Rhf8 b4 Nf3+ Kxf2 Nxh2+ Kg1 Ng4 Rh2 Nxh2 Kxh2 Rf7 Ne6 Rh7 Ng5 Kd7 Nxh3 Ke6 Kg2 Kf5 Rf1+ Ke4 Rf6 Kd3 Rd6 Kxc3 Rxd5 Kxb4 Rd4 Kb3 Nf2 c3 Ne4 c2 Nd2+ Kb2 Rb4+ Kc3 Ne4+	1. e4 e6 2. Nf3 d5 3. e5 c5 4. d4 Nc6 5. c3 f6 6. Bf4 fxe5 7. Nxe5 cxd4 8. Nxc6 bxc6 9. Qxd4 c5 10. Qd2 Ne7 11. Bb5+ Bd7 12. Bxd7+ Qxd7 13. O-O Ng6 14. Bg3 c4 15. Qe2 Bc5 16. Nd2 Qb5 17. Nf3 O-O-O 18. Qc2 Rde8 19. a4 Qb7 20. Ra2 h5 21. Rfa1 h4 22. Be5 h3 23. g3 Ref8 24. Bxg7 Qxg7 25. Nd4 Ne5 26. Nxe6 Bxf2+ 27. Qxf2 Rxf2 28. Nxg7 Rhf8 29. b4 Nf3+ 30. Kxf2 Nxh2+ 31. Kg1 Ng4 32. Rh2 Nxh2 33. Kxh2 Rf7 34. Ne6 Rh7 35. Ng5 Kd7 36. Nxh3 Ke6 37. Kg2 Kf5 38. Rf1+ Ke4 39. Rf6 Kd3 40. Rd6 Kxc3 41. Rxd5 Kxb4 42. Rd4 Kb3 43. Nf2 c3 44. Ne4 c2 45. Nd2+ Kb2 46. Rb4+ Kc3 47. Ne4+ 
https://www.chess.com/game/live/84701595245	300+5	True	blitz	chess	628	win	444	resigned	Live Chess	Chess.com	2023-08-02 00:00:00	Rhythmbear1	paul3212	1-0	r2q1rk1/ppp2p1p/3p1N1Q/2b1pp2/2BnP3/3P1b2/PPP2PPP/R4RK1 b - -	UTC	C50	https://www.chess.com/openings/Giuoco-Piano-Game-Giuoco-Pianissimo-Italian-Four-Knights-Variation-5...O-O	07:50:09	07:54:23	2023-08-02 00:00:00	e4 e5 Nf3 Nc6 Bc4 Nf6 Nc3 Bc5 d3 O-O O-O d6 Bg5 Bg4 Nd5 Nd4 Bxf6 gxf6 Qd2 Bxf3 Qh6 f5 Nf6+	1. e4 e5 2. Nf3 Nc6 3. Bc4 Nf6 4. Nc3 Bc5 5. d3 O-O 6. O-O d6 7. Bg5 Bg4 8. Nd5 Nd4 9. Bxf6 gxf6 10. Qd2 Bxf3 11. Qh6 f5 12. Nf6+ 
https://www.chess.com/game/live/84703457791	300+5	True	blitz	chess	643	win	620	checkmated	Live Chess	Chess.com	2023-08-02 00:00:00	N4cht01	Rhythmbear1	1-0	3r4/pp6/8/1R6/k1RN4/7r/PPPK4/8 b - -	UTC	C01	https://www.chess.com/openings/French-Defense-Exchange-Variation-3...exd5-4.Nf3	08:24:33	08:40:58	2023-08-02 00:00:00	e4 e6 Nf3 d5 exd5 exd5 d4 c6 Qe2+ Be6 Bg5 Qd7 Nc3 Bd6 O-O-O Nf6 Ne5 Bxe5 Qxe5 Ke7 f4 Qd6 Qxd6+ Kxd6 Bd3 Nbd7 f5 Ne4 Bxe4 Bxf5 Bxf5 h6 Bf4+ Ke7 Rde1+ Kf6 g4 h5 Bxd7 hxg4 Rhf1 Kg6 Be5 f6 Bf5+ Kg5 Bxg4 Kxg4 Rg1+ Kh3 Re3+ Kh4 Bg3+ Kg4 Be5+ Kf5 Rf3+ Ke6 Re1 fxe5 Rxe5+ Kd6 Rg3 Rh6 Rxg7 c5 Nb5+ Kc6 Nc3 cxd4 Nxd5 Kc5 Ne7+ Kc4 Nf5 Rxh2 Rc7+ Kb4 Nxd4 Rh1+ Kd2 Rh2+ Kd3 Rh3+ Kd2 Rd8 Rb5+ Ka4 Rc4#	1. e4 e6 2. Nf3 d5 3. exd5 exd5 4. d4 c6 5. Qe2+ Be6 6. Bg5 Qd7 7. Nc3 Bd6 8. O-O-O Nf6 9. Ne5 Bxe5 10. Qxe5 Ke7 11. f4 Qd6 12. Qxd6+ Kxd6 13. Bd3 Nbd7 14. f5 Ne4 15. Bxe4 Bxf5 16. Bxf5 h6 17. Bf4+ Ke7 18. Rde1+ Kf6 19. g4 h5 20. Bxd7 hxg4 21. Rhf1 Kg6 22. Be5 f6 23. Bf5+ Kg5 24. Bxg4 Kxg4 25. Rg1+ Kh3 26. Re3+ Kh4 27. Bg3+ Kg4 28. Be5+ Kf5 29. Rf3+ Ke6 30. Re1 fxe5 31. Rxe5+ Kd6 32. Rg3 Rh6 33. Rxg7 c5 34. Nb5+ Kc6 35. Nc3 cxd4 36. Nxd5 Kc5 37. Ne7+ Kc4 38. Nf5 Rxh2 39. Rc7+ Kb4 40. Nxd4 Rh1+ 41. Kd2 Rh2+ 42. Kd3 Rh3+ 43. Kd2 Rd8 44. Rb5+ Ka4 45. Rc4# 
https://www.chess.com/game/live/84704626597	300+5	True	blitz	chess	614	timeout	706	win	Live Chess	Chess.com	2023-08-02 00:00:00	Rhythmbear1	Terrorkotta	0-1	3r2k1/5ppp/1p6/p1q2P2/P7/1P1pK3/1P4PP/4R3 w - -	UTC	C55	https://www.chess.com/openings/Italian-Game-Two-Knights-Modern-Bishops-Opening-4...Be7-5.O-O-O-O-6.Nc3	08:42:04	08:57:05	2023-08-02 00:00:00	e4 e5 Nf3 Nc6 Bc4 Nf6 Nc3 Be7 d3 O-O O-O a6 a4 a5 d4 exd4 Nxd4 Nxd4 Qxd4 b6 e5 c5 Qh4 Ne8 Qg3 Bb7 Be3 Bh4 Qg4 d6 Rad1 Bc8 Qf3 Be6 Qe2 Qc7 f4 Rd8 Ne4 d5 Nf6+ Nxf6 exf6 Bxf6 Bb3 d4 f5 Bxb3 cxb3 dxe3 Qxe3 Rxd1 Rxd1 Rd8 Re1 Bd4 Qxd4 cxd4 Kf2 d3 Ke3 Qc5+	1. e4 e5 2. Nf3 Nc6 3. Bc4 Nf6 4. Nc3 Be7 5. d3 O-O 6. O-O a6 7. a4 a5 8. d4 exd4 9. Nxd4 Nxd4 10. Qxd4 b6 11. e5 c5 12. Qh4 Ne8 13. Qg3 Bb7 14. Be3 Bh4 15. Qg4 d6 16. Rad1 Bc8 17. Qf3 Be6 18. Qe2 Qc7 19. f4 Rd8 20. Ne4 d5 21. Nf6+ Nxf6 22. exf6 Bxf6 23. Bb3 d4 24. f5 Bxb3 25. cxb3 dxe3 26. Qxe3 Rxd1 27. Rxd1 Rd8 28. Re1 Bd4 29. Qxd4 cxd4 30. Kf2 d3 31. Ke3 Qc5+
[2025-03-10T01:34:50.075+0000] {logging_mixin.py:190} INFO - Successfully Transformed Data and Loaded to Azure Storage as silver/fact-2023-08-games.parquet
[2025-03-10T01:34:50.076+0000] {python.py:240} INFO - Done. Returned value was: None
[2025-03-10T01:34:50.086+0000] {taskinstance.py:340} INFO - ::group::Post task execution logs
[2025-03-10T01:34:50.087+0000] {taskinstance.py:352} INFO - Marking task as SUCCESS. dag_id=pull_data_from_chess_api, task_id=transform_json_to_fact_table, run_id=scheduled__2023-08-01T00:00:00+00:00, execution_date=20230801T000000, start_date=20250310T013447, end_date=20250310T013450
[2025-03-10T01:34:50.128+0000] {local_task_job_runner.py:266} INFO - Task exited with return code 0
[2025-03-10T01:34:50.160+0000] {taskinstance.py:3900} INFO - 1 downstream tasks scheduled from follow-on schedule check
[2025-03-10T01:34:50.164+0000] {local_task_job_runner.py:245} INFO - ::endgroup::
