[2025-02-18T16:44:33.592+0000] {local_task_job_runner.py:123} INFO - ::group::Pre task execution logs
[2025-02-18T16:44:33.622+0000] {taskinstance.py:2612} INFO - Dependencies all met for dep_context=non-requeueable deps ti=<TaskInstance: pull_data_from_chess_api.transform_json_to_fact_table scheduled__2024-09-01T00:00:00+00:00 [queued]>
[2025-02-18T16:44:33.639+0000] {taskinstance.py:2612} INFO - Dependencies all met for dep_context=requeueable deps ti=<TaskInstance: pull_data_from_chess_api.transform_json_to_fact_table scheduled__2024-09-01T00:00:00+00:00 [queued]>
[2025-02-18T16:44:33.639+0000] {taskinstance.py:2865} INFO - Starting attempt 1 of 2
[2025-02-18T16:44:33.664+0000] {taskinstance.py:2888} INFO - Executing <Task(PythonOperator): transform_json_to_fact_table> on 2024-09-01 00:00:00+00:00
[2025-02-18T16:44:33.675+0000] {warnings.py:112} WARNING - /home/***/.local/lib/python3.12/site-packages/***/task/task_runner/standard_task_runner.py:70: DeprecationWarning: This process (pid=3933) is multi-threaded, use of fork() may lead to deadlocks in the child.
  pid = os.fork()

[2025-02-18T16:44:33.677+0000] {standard_task_runner.py:72} INFO - Started process 3934 to run task
[2025-02-18T16:44:33.679+0000] {standard_task_runner.py:104} INFO - Running: ['***', 'tasks', 'run', 'pull_data_from_chess_api', 'transform_json_to_fact_table', 'scheduled__2024-09-01T00:00:00+00:00', '--job-id', '232', '--raw', '--subdir', 'DAGS_FOLDER/chess_dag.py', '--cfg-path', '/tmp/tmpyqg7gp2g']
[2025-02-18T16:44:33.681+0000] {standard_task_runner.py:105} INFO - Job 232: Subtask transform_json_to_fact_table
[2025-02-18T16:44:33.767+0000] {task_command.py:467} INFO - Running <TaskInstance: pull_data_from_chess_api.transform_json_to_fact_table scheduled__2024-09-01T00:00:00+00:00 [running]> on host 4ed02a11bf8e
[2025-02-18T16:44:33.935+0000] {taskinstance.py:3131} INFO - Exporting env vars: AIRFLOW_CTX_DAG_OWNER='***' AIRFLOW_CTX_DAG_ID='pull_data_from_chess_api' AIRFLOW_CTX_TASK_ID='transform_json_to_fact_table' AIRFLOW_CTX_EXECUTION_DATE='2024-09-01T00:00:00+00:00' AIRFLOW_CTX_TRY_NUMBER='1' AIRFLOW_CTX_DAG_RUN_ID='scheduled__2024-09-01T00:00:00+00:00'
[2025-02-18T16:44:33.936+0000] {taskinstance.py:731} INFO - ::endgroup::
[2025-02-18T16:44:33.965+0000] {connection.py:531} ERROR - Unable to retrieve connection from secrets backend (EnvironmentVariablesBackend). Checking subsequent secrets backend.
Traceback (most recent call last):
  File "/home/airflow/.local/lib/python3.12/site-packages/airflow/models/connection.py", line 526, in get_connection_from_secrets
    conn = secrets_backend.get_connection(conn_id=conn_id)
           ^^^^^^^^^^^^^^^^^^^^^^^^^^^^^^^^^^^^^^^^^^^^^^^
  File "/home/airflow/.local/lib/python3.12/site-packages/airflow/secrets/base_secrets.py", line 116, in get_connection
    return self.deserialize_connection(conn_id=conn_id, value=value)
           ^^^^^^^^^^^^^^^^^^^^^^^^^^^^^^^^^^^^^^^^^^^^^^^^^^^^^^^^^
  File "/home/airflow/.local/lib/python3.12/site-packages/airflow/secrets/base_secrets.py", line 70, in deserialize_connection
    return Connection(conn_id=conn_id, uri=value)
           ^^^^^^^^^^^^^^^^^^^^^^^^^^^^^^^^^^^^^^
  File "<string>", line 4, in __init__
  File "/home/airflow/.local/lib/python3.12/site-packages/sqlalchemy/orm/state.py", line 481, in _initialize_instance
    with util.safe_reraise():
         ^^^^^^^^^^^^^^^^^^^
  File "/home/airflow/.local/lib/python3.12/site-packages/sqlalchemy/util/langhelpers.py", line 70, in __exit__
    compat.raise_(
  File "/home/airflow/.local/lib/python3.12/site-packages/sqlalchemy/util/compat.py", line 211, in raise_
    raise exception
  File "/home/airflow/.local/lib/python3.12/site-packages/sqlalchemy/orm/state.py", line 479, in _initialize_instance
    return manager.original_init(*mixed[1:], **kwargs)
           ^^^^^^^^^^^^^^^^^^^^^^^^^^^^^^^^^^^^^^^^^^^
  File "/home/airflow/.local/lib/python3.12/site-packages/airflow/models/connection.py", line 169, in __init__
    self._parse_from_uri(uri)
  File "/home/airflow/.local/lib/python3.12/site-packages/airflow/models/connection.py", line 257, in _parse_from_uri
    self.port = uri_parts.port
                ^^^^^^^^^^^^^^
  File "/usr/local/lib/python3.12/urllib/parse.py", line 182, in port
    raise ValueError(f"Port could not be cast to integer value as {port!r}")
ValueError: Port could not be cast to integer value as 'DefaultEndpointsProtocol=https;AccountName=rbchesssa;AccountKey=lG9W+utkpTNorE0rTLlfDMUZsTPleXk6pXv6NnfDTi'
[2025-02-18T16:44:33.984+0000] {base.py:84} INFO - Retrieving connection 'azure_chess_storage'
[2025-02-18T16:44:54.985+0000] {logging_mixin.py:190} INFO - /tmp/tmp6ax4y2ak
[2025-02-18T16:44:58.038+0000] {logging_mixin.py:190} INFO - Successfully Transformed Data and Loaded to Azure Storage as silver/fact-2024-09-games.csv
[2025-02-18T16:44:58.041+0000] {python.py:240} INFO - Done. Returned value was: None
[2025-02-18T16:44:58.067+0000] {taskinstance.py:340} INFO - ::group::Post task execution logs
[2025-02-18T16:44:58.069+0000] {taskinstance.py:352} INFO - Marking task as SUCCESS. dag_id=pull_data_from_chess_api, task_id=transform_json_to_fact_table, run_id=scheduled__2024-09-01T00:00:00+00:00, execution_date=20240901T000000, start_date=20250218T164433, end_date=20250218T164458
[2025-02-18T16:44:58.185+0000] {local_task_job_runner.py:266} INFO - Task exited with return code 0
[2025-02-18T16:44:58.239+0000] {taskinstance.py:3900} INFO - 0 downstream tasks scheduled from follow-on schedule check
[2025-02-18T16:44:58.243+0000] {local_task_job_runner.py:245} INFO - ::endgroup::
[2025-03-10T01:39:37.725+0000] {local_task_job_runner.py:123} INFO - ::group::Pre task execution logs
[2025-03-10T01:39:37.744+0000] {taskinstance.py:2612} INFO - Dependencies all met for dep_context=non-requeueable deps ti=<TaskInstance: pull_data_from_chess_api.transform_json_to_fact_table scheduled__2024-09-01T00:00:00+00:00 [queued]>
[2025-03-10T01:39:37.754+0000] {taskinstance.py:2612} INFO - Dependencies all met for dep_context=requeueable deps ti=<TaskInstance: pull_data_from_chess_api.transform_json_to_fact_table scheduled__2024-09-01T00:00:00+00:00 [queued]>
[2025-03-10T01:39:37.755+0000] {taskinstance.py:2865} INFO - Starting attempt 1 of 2
[2025-03-10T01:39:37.772+0000] {taskinstance.py:2888} INFO - Executing <Task(PythonOperator): transform_json_to_fact_table> on 2024-09-01 00:00:00+00:00
[2025-03-10T01:39:37.781+0000] {warnings.py:112} WARNING - /home/***/.local/lib/python3.12/site-packages/***/task/task_runner/standard_task_runner.py:70: DeprecationWarning: This process (pid=17511) is multi-threaded, use of fork() may lead to deadlocks in the child.
  pid = os.fork()

[2025-03-10T01:39:37.783+0000] {standard_task_runner.py:72} INFO - Started process 17513 to run task
[2025-03-10T01:39:37.784+0000] {standard_task_runner.py:104} INFO - Running: ['***', 'tasks', 'run', 'pull_data_from_chess_api', 'transform_json_to_fact_table', 'scheduled__2024-09-01T00:00:00+00:00', '--job-id', '548', '--raw', '--subdir', 'DAGS_FOLDER/collect_chess_data_dag.py', '--cfg-path', '/tmp/tmp_egr6oxy']
[2025-03-10T01:39:37.787+0000] {standard_task_runner.py:105} INFO - Job 548: Subtask transform_json_to_fact_table
[2025-03-10T01:39:37.847+0000] {task_command.py:467} INFO - Running <TaskInstance: pull_data_from_chess_api.transform_json_to_fact_table scheduled__2024-09-01T00:00:00+00:00 [running]> on host 70b3b9cfbba0
[2025-03-10T01:39:37.953+0000] {taskinstance.py:3131} INFO - Exporting env vars: AIRFLOW_CTX_DAG_OWNER='***' AIRFLOW_CTX_DAG_ID='pull_data_from_chess_api' AIRFLOW_CTX_TASK_ID='transform_json_to_fact_table' AIRFLOW_CTX_EXECUTION_DATE='2024-09-01T00:00:00+00:00' AIRFLOW_CTX_TRY_NUMBER='1' AIRFLOW_CTX_DAG_RUN_ID='scheduled__2024-09-01T00:00:00+00:00'
[2025-03-10T01:39:37.955+0000] {taskinstance.py:731} INFO - ::endgroup::
[2025-03-10T01:39:37.985+0000] {connection.py:531} ERROR - Unable to retrieve connection from secrets backend (EnvironmentVariablesBackend). Checking subsequent secrets backend.
Traceback (most recent call last):
  File "/home/airflow/.local/lib/python3.12/site-packages/airflow/models/connection.py", line 526, in get_connection_from_secrets
    conn = secrets_backend.get_connection(conn_id=conn_id)
           ^^^^^^^^^^^^^^^^^^^^^^^^^^^^^^^^^^^^^^^^^^^^^^^
  File "/home/airflow/.local/lib/python3.12/site-packages/airflow/secrets/base_secrets.py", line 116, in get_connection
    return self.deserialize_connection(conn_id=conn_id, value=value)
           ^^^^^^^^^^^^^^^^^^^^^^^^^^^^^^^^^^^^^^^^^^^^^^^^^^^^^^^^^
  File "/home/airflow/.local/lib/python3.12/site-packages/airflow/secrets/base_secrets.py", line 70, in deserialize_connection
    return Connection(conn_id=conn_id, uri=value)
           ^^^^^^^^^^^^^^^^^^^^^^^^^^^^^^^^^^^^^^
  File "<string>", line 4, in __init__
  File "/home/airflow/.local/lib/python3.12/site-packages/sqlalchemy/orm/state.py", line 481, in _initialize_instance
    with util.safe_reraise():
         ^^^^^^^^^^^^^^^^^^^
  File "/home/airflow/.local/lib/python3.12/site-packages/sqlalchemy/util/langhelpers.py", line 70, in __exit__
    compat.raise_(
  File "/home/airflow/.local/lib/python3.12/site-packages/sqlalchemy/util/compat.py", line 211, in raise_
    raise exception
  File "/home/airflow/.local/lib/python3.12/site-packages/sqlalchemy/orm/state.py", line 479, in _initialize_instance
    return manager.original_init(*mixed[1:], **kwargs)
           ^^^^^^^^^^^^^^^^^^^^^^^^^^^^^^^^^^^^^^^^^^^
  File "/home/airflow/.local/lib/python3.12/site-packages/airflow/models/connection.py", line 169, in __init__
    self._parse_from_uri(uri)
  File "/home/airflow/.local/lib/python3.12/site-packages/airflow/models/connection.py", line 257, in _parse_from_uri
    self.port = uri_parts.port
                ^^^^^^^^^^^^^^
  File "/usr/local/lib/python3.12/urllib/parse.py", line 182, in port
    raise ValueError(f"Port could not be cast to integer value as {port!r}")
ValueError: Port could not be cast to integer value as 'DefaultEndpointsProtocol=https;AccountName=rbchesssa;AccountKey=lG9W+utkpTNorE0rTLlfDMUZsTPleXk6pXv6NnfDTi'
[2025-03-10T01:39:37.996+0000] {base.py:84} INFO - Retrieving connection 'azure_chess_storage'
[2025-03-10T01:39:40.943+0000] {logging_mixin.py:190} INFO - /tmp/tmpjn6skzwf
[2025-03-10T01:39:41.073+0000] {logging_mixin.py:190} INFO - Previewing Dataframe
[2025-03-10T01:39:41.075+0000] {logging_mixin.py:190} INFO - game_url                        object
time_control                    object
rated                             bool
time_class                      object
rules                           object
white_rating                     int64
white_result                    object
black_rating                     int64
black_result                    object
pgn_event                       object
pgn_site                        object
game_date               datetime64[us]
pgn_white_user                  object
pgn_black_user                  object
pgn_result                      object
pgn_current_position            object
pgn_timezone                    object
pgn_eco                         object
pgn_eco_url                     object
start_time                      object
end_time                        object
end_game_date           datetime64[us]
pgn_raw                         object
pgn_trans                       object
dtype: object
[2025-03-10T01:39:41.098+0000] {logging_mixin.py:190} INFO - https://www.chess.com/game/live/118924245425	600	True	rapid	chess	1265	timeout	1319	win	Live Chess	Chess.com	2024-09-01 00:00:00	lowesmagnates	Rhythmbear1	0-1	3r2k1/pQ3pp1/5bp1/8/P1N5/1P5P/5PP1/4q1K1 w - -	UTC	D41	https://www.chess.com/openings/Queens-Gambit-Declined-Semi-Tarrasch-Main-Line-Pillsbury-Variation-6...Nc6	10:11:48	10:30:30	2024-09-01 00:00:00	Nf3 e6 d4 d5 c4 c5 Nc3 Nc6 e3 Nf6 cxd5 Nxd5 Nxd5 exd5 Bb5 Qa5+ Bd2 Qxb5 a4 Qb6 O-O Bd6 b3 O-O Re1 cxd4 e4 dxe4 Rxe4 Bf5 Rh4 Bg6 Bf4 Bc5 Rc1 Rad8 Nd2 d3 Bg3 Be7 Nc4 Qa6 Rg4 Nb4 Rc3 Bf6 Be5 Nd5 Rxd3 Bxe5 Rxd5 Rxd5 Qxd5 Bf6 h3 Rd8 Qf3 Qe6 Rxg6 hxg6 Qxb7 Qe1+	1. Nf3 e6 2. d4 d5 3. c4 c5 4. Nc3 Nc6 5. e3 Nf6 6. cxd5 Nxd5 7. Nxd5 exd5 8. Bb5 Qa5+ 9. Bd2 Qxb5 10. a4 Qb6 11. O-O Bd6 12. b3 O-O 13. Re1 cxd4 14. e4 dxe4 15. Rxe4 Bf5 16. Rh4 Bg6 17. Bf4 Bc5 18. Rc1 Rad8 19. Nd2 d3 20. Bg3 Be7 21. Nc4 Qa6 22. Rg4 Nb4 23. Rc3 Bf6 24. Be5 Nd5 25. Rxd3 Bxe5 26. Rxd5 Rxd5 27. Qxd5 Bf6 28. h3 Rd8 29. Qf3 Qe6 30. Rxg6 hxg6 31. Qxb7 Qe1+
https://www.chess.com/game/live/118925435239	600	True	rapid	chess	1315	win	1311	checkmated	Live Chess	Chess.com	2024-09-01 00:00:00	supermen1250	Rhythmbear1	1-0	8/8/4p3/3p2p1/2q3k1/6BQ/6PK/R7 b - -	UTC	C02	https://www.chess.com/openings/French-Defense-Advance-Nimzowitsch-System-4...Nc6	10:30:36	10:44:23	2024-09-01 00:00:00	e4 e6 d4 d5 Nf3 c5 e5 Nc6 Bb5 Bd7 O-O Nxe5 Nxe5 Bxb5 Re1 Nf6 Bg5 Be7 dxc5 Bxc5 Nc3 O-O Nxb5 Qb6 Nc3 Bxf2+ Kf1 Bxe1 Qxe1 Qa6+ Kg1 Qb6+ Kh1 Ne8 Nd7 Qxb2 Nxf8 Kxf8 Na4 Qxc2 Qb4+ Kg8 h4 b6 Rc1 Qxa2 Nc3 Qf2 Nd1 Qf1+ Kh2 f6 Bf4 a5 Qd4 Qe1 Bg3 Qe2 Qxb6 a4 Qc6 Qa6 Qd7 Kf8 Nc3 a3 Nb5 Qa4 Ra1 Ra7 Qxa7 Qxb5 Qxa3+ Kf7 Qa7+ Kg6 h5+ Kxh5 Qf7+ Kh6 Bf4+ g5 Bg3 Ng7 Qxf6+ Kh5 Qxg7 Qc4 Qxh7+ Kg4 Qh3#	1. e4 e6 2. d4 d5 3. Nf3 c5 4. e5 Nc6 5. Bb5 Bd7 6. O-O Nxe5 7. Nxe5 Bxb5 8. Re1 Nf6 9. Bg5 Be7 10. dxc5 Bxc5 11. Nc3 O-O 12. Nxb5 Qb6 13. Nc3 Bxf2+ 14. Kf1 Bxe1 15. Qxe1 Qa6+ 16. Kg1 Qb6+ 17. Kh1 Ne8 18. Nd7 Qxb2 19. Nxf8 Kxf8 20. Na4 Qxc2 21. Qb4+ Kg8 22. h4 b6 23. Rc1 Qxa2 24. Nc3 Qf2 25. Nd1 Qf1+ 26. Kh2 f6 27. Bf4 a5 28. Qd4 Qe1 29. Bg3 Qe2 30. Qxb6 a4 31. Qc6 Qa6 32. Qd7 Kf8 33. Nc3 a3 34. Nb5 Qa4 35. Ra1 Ra7 36. Qxa7 Qxb5 37. Qxa3+ Kf7 38. Qa7+ Kg6 39. h5+ Kxh5 40. Qf7+ Kh6 41. Bf4+ g5 42. Bg3 Ng7 43. Qxf6+ Kh5 44. Qxg7 Qc4 45. Qxh7+ Kg4 46. Qh3# 
https://www.chess.com/game/live/118926578053	600	True	rapid	chess	1302	timeout	1281	win	Live Chess	Chess.com	2024-09-01 00:00:00	Rhythmbear1	markwyatt51	0-1	5r1k/p7/1pQ2q1p/8/8/1B1n3P/PP4P1/6K1 w - -	UTC	C41	https://www.chess.com/openings/Philidor-Defense-Exchange-Morphy-Gambit	10:44:29	11:04:41	2024-09-01 00:00:00	e4 e5 Nf3 d6 d4 exd4 Bc4 h6 O-O Nc6 Re1 Be7 e5 dxe5 Nxe5 Nxe5 Rxe5 Nf6 Qf3 O-O Nd2 Bd6 Re1 Ng4 h3 Nf6 Nb3 Rb8 Bd2 b6 Qd1 c5 c3 Nh7 cxd4 cxd4 Nxd4 Bh2+ Kxh2 Qxd4 Bb3 Be6 Rxe6 fxe6 Bxe6+ Kh8 Bb3 Qxf2 Bc3 Rbd8 Qh5 Nf6 Qg6 Qf4+ Kg1 Qg5 Qc2 Nh5 Qe4 Rfe8 Qf3 Rf8 Qe4 Rde8 Qb7 Ra8 Rd1 Nf4 Bxg7+ Qxg7 Qf3 Ng6 Qd3 Nf4 Qf3 Rad8 Rf1 Nd3 Qc6 Rxf1+ Kxf1 Rf8+ Kg1 Qf6	1. e4 e5 2. Nf3 d6 3. d4 exd4 4. Bc4 h6 5. O-O Nc6 6. Re1 Be7 7. e5 dxe5 8. Nxe5 Nxe5 9. Rxe5 Nf6 10. Qf3 O-O 11. Nd2 Bd6 12. Re1 Ng4 13. h3 Nf6 14. Nb3 Rb8 15. Bd2 b6 16. Qd1 c5 17. c3 Nh7 18. cxd4 cxd4 19. Nxd4 Bh2+ 20. Kxh2 Qxd4 21. Bb3 Be6 22. Rxe6 fxe6 23. Bxe6+ Kh8 24. Bb3 Qxf2 25. Bc3 Rbd8 26. Qh5 Nf6 27. Qg6 Qf4+ 28. Kg1 Qg5 29. Qc2 Nh5 30. Qe4 Rfe8 31. Qf3 Rf8 32. Qe4 Rde8 33. Qb7 Ra8 34. Rd1 Nf4 35. Bxg7+ Qxg7 36. Qf3 Ng6 37. Qd3 Nf4 38. Qf3 Rad8 39. Rf1 Nd3 40. Qc6 Rxf1+ 41. Kxf1 Rf8+ 42. Kg1 Qf6
https://www.chess.com/game/live/118927782123	600	True	rapid	chess	1293	abandoned	1270	win	Live Chess	Chess.com	2024-09-01 00:00:00	Rhythmbear1	eugenebalbes	0-1	4r3/ppp3pk/7p/1P6/P5R1/7P/6PK/4qr2 w - -	UTC	C55	https://www.chess.com/openings/Italian-Game-Anti-Fried-Liver-Defense	11:04:52	11:19:49	2024-09-01 00:00:00	e4 e5 Nf3 Nc6 Bc4 h6 d4 exd4 O-O Bc5 c3 dxc3 Bxf7+ Kxf7 Qd5+ Kg6 Qxc5 d6 Qxc3 Nge7 e5 Nxe5 Nxe5+ dxe5 Qxe5 Kh7 Nc3 Ng6 Be3 Nxe5 Rad1 Qf6 f4 Ng4 Bd4 Qh4 h3 Nf6 Kh2 Ng4+ Kg1 Nf6 Kh2 Bf5 Rf3 Be4 Rg3 Qxf4 Nxe4 Nxe4 Rd3 Nxg3 Rxg3 Qxd4 b3 Rae8 Rg4 Qd1 b4 Rhf8 a4 Qe1 b5 Rf1	1. e4 e5 2. Nf3 Nc6 3. Bc4 h6 4. d4 exd4 5. O-O Bc5 6. c3 dxc3 7. Bxf7+ Kxf7 8. Qd5+ Kg6 9. Qxc5 d6 10. Qxc3 Nge7 11. e5 Nxe5 12. Nxe5+ dxe5 13. Qxe5 Kh7 14. Nc3 Ng6 15. Be3 Nxe5 16. Rad1 Qf6 17. f4 Ng4 18. Bd4 Qh4 19. h3 Nf6 20. Kh2 Ng4+ 21. Kg1 Nf6 22. Kh2 Bf5 23. Rf3 Be4 24. Rg3 Qxf4 25. Nxe4 Nxe4 26. Rd3 Nxg3 27. Rxg3 Qxd4 28. b3 Rae8 29. Rg4 Qd1 30. b4 Rhf8 31. a4 Qe1 32. b5 Rf1
https://www.chess.com/game/live/118938004365	600	True	rapid	chess	1298	win	1285	abandoned	Live Chess	Chess.com	2024-09-01 00:00:00	Abdelrhmany6	Rhythmbear1	1-0	3Q3k/1p3qpp/p7/3p4/8/7P/PP3PP1/3R2K1 b - -	UTC	C02	https://www.chess.com/openings/French-Defense-Advance-Paulsen-Euwe-Variation	13:56:31	14:08:18	2024-09-01 00:00:00	e4 e6 d4 d5 e5 c5 c3 Nc6 Nf3 Bd7 Bb5 Nxe5 Bxd7+ Nxd7 Bf4 Ngf6 O-O Be7 h3 O-O Nbd2 cxd4 cxd4 Rc8 Qb3 Nb6 Ne5 Nfd7 Qg3 Nxe5 dxe5 Kh8 Nf3 f6 exf6 Bxf6 Bd6 Rf7 Ne5 Bxe5 Bxe5 Nc4 Bd4 a6 Rfe1 Nd6 Rxe6 Nf5 Qg4 Nxd4 Qxd4 Qd7 Re5 Rd8 Rd1 Rf5 Rxf5 Qxf5 Qb6 Qf7 Qxd8+	1. e4 e6 2. d4 d5 3. e5 c5 4. c3 Nc6 5. Nf3 Bd7 6. Bb5 Nxe5 7. Bxd7+ Nxd7 8. Bf4 Ngf6 9. O-O Be7 10. h3 O-O 11. Nbd2 cxd4 12. cxd4 Rc8 13. Qb3 Nb6 14. Ne5 Nfd7 15. Qg3 Nxe5 16. dxe5 Kh8 17. Nf3 f6 18. exf6 Bxf6 19. Bd6 Rf7 20. Ne5 Bxe5 21. Bxe5 Nc4 22. Bd4 a6 23. Rfe1 Nd6 24. Rxe6 Nf5 25. Qg4 Nxd4 26. Qxd4 Qd7 27. Re5 Rd8 28. Rd1 Rf5 29. Rxf5 Qxf5 30. Qb6 Qf7 31. Qxd8+ 
[2025-03-10T01:39:42.062+0000] {logging_mixin.py:190} INFO - Successfully Transformed Data and Loaded to Azure Storage as silver/fact-2024-09-games.parquet
[2025-03-10T01:39:42.062+0000] {python.py:240} INFO - Done. Returned value was: None
[2025-03-10T01:39:42.074+0000] {taskinstance.py:340} INFO - ::group::Post task execution logs
[2025-03-10T01:39:42.075+0000] {taskinstance.py:352} INFO - Marking task as SUCCESS. dag_id=pull_data_from_chess_api, task_id=transform_json_to_fact_table, run_id=scheduled__2024-09-01T00:00:00+00:00, execution_date=20240901T000000, start_date=20250310T013937, end_date=20250310T013942
[2025-03-10T01:39:42.144+0000] {local_task_job_runner.py:266} INFO - Task exited with return code 0
[2025-03-10T01:39:42.174+0000] {taskinstance.py:3900} INFO - 1 downstream tasks scheduled from follow-on schedule check
[2025-03-10T01:39:42.177+0000] {local_task_job_runner.py:245} INFO - ::endgroup::
