[2025-02-18T16:08:45.008+0000] {local_task_job_runner.py:123} INFO - ::group::Pre task execution logs
[2025-02-18T16:08:45.024+0000] {taskinstance.py:2612} INFO - Dependencies all met for dep_context=non-requeueable deps ti=<TaskInstance: pull_data_from_chess_api.transform_json_to_fact_table scheduled__2023-04-01T00:00:00+00:00 [queued]>
[2025-02-18T16:08:45.033+0000] {taskinstance.py:2612} INFO - Dependencies all met for dep_context=requeueable deps ti=<TaskInstance: pull_data_from_chess_api.transform_json_to_fact_table scheduled__2023-04-01T00:00:00+00:00 [queued]>
[2025-02-18T16:08:45.033+0000] {taskinstance.py:2865} INFO - Starting attempt 1 of 2
[2025-02-18T16:08:45.049+0000] {taskinstance.py:2888} INFO - Executing <Task(PythonOperator): transform_json_to_fact_table> on 2023-04-01 00:00:00+00:00
[2025-02-18T16:08:45.056+0000] {warnings.py:112} WARNING - /home/***/.local/lib/python3.12/site-packages/***/task/task_runner/standard_task_runner.py:70: DeprecationWarning: This process (pid=2856) is multi-threaded, use of fork() may lead to deadlocks in the child.
  pid = os.fork()

[2025-02-18T16:08:45.058+0000] {standard_task_runner.py:72} INFO - Started process 2857 to run task
[2025-02-18T16:08:45.059+0000] {standard_task_runner.py:104} INFO - Running: ['***', 'tasks', 'run', 'pull_data_from_chess_api', 'transform_json_to_fact_table', 'scheduled__2023-04-01T00:00:00+00:00', '--job-id', '143', '--raw', '--subdir', 'DAGS_FOLDER/chess_dag.py', '--cfg-path', '/tmp/tmpqa5j1vz9']
[2025-02-18T16:08:45.061+0000] {standard_task_runner.py:105} INFO - Job 143: Subtask transform_json_to_fact_table
[2025-02-18T16:08:45.119+0000] {task_command.py:467} INFO - Running <TaskInstance: pull_data_from_chess_api.transform_json_to_fact_table scheduled__2023-04-01T00:00:00+00:00 [running]> on host 4ed02a11bf8e
[2025-02-18T16:08:45.250+0000] {taskinstance.py:3131} INFO - Exporting env vars: AIRFLOW_CTX_DAG_OWNER='***' AIRFLOW_CTX_DAG_ID='pull_data_from_chess_api' AIRFLOW_CTX_TASK_ID='transform_json_to_fact_table' AIRFLOW_CTX_EXECUTION_DATE='2023-04-01T00:00:00+00:00' AIRFLOW_CTX_TRY_NUMBER='1' AIRFLOW_CTX_DAG_RUN_ID='scheduled__2023-04-01T00:00:00+00:00'
[2025-02-18T16:08:45.252+0000] {taskinstance.py:731} INFO - ::endgroup::
[2025-02-18T16:08:45.276+0000] {connection.py:531} ERROR - Unable to retrieve connection from secrets backend (EnvironmentVariablesBackend). Checking subsequent secrets backend.
Traceback (most recent call last):
  File "/home/airflow/.local/lib/python3.12/site-packages/airflow/models/connection.py", line 526, in get_connection_from_secrets
    conn = secrets_backend.get_connection(conn_id=conn_id)
           ^^^^^^^^^^^^^^^^^^^^^^^^^^^^^^^^^^^^^^^^^^^^^^^
  File "/home/airflow/.local/lib/python3.12/site-packages/airflow/secrets/base_secrets.py", line 116, in get_connection
    return self.deserialize_connection(conn_id=conn_id, value=value)
           ^^^^^^^^^^^^^^^^^^^^^^^^^^^^^^^^^^^^^^^^^^^^^^^^^^^^^^^^^
  File "/home/airflow/.local/lib/python3.12/site-packages/airflow/secrets/base_secrets.py", line 70, in deserialize_connection
    return Connection(conn_id=conn_id, uri=value)
           ^^^^^^^^^^^^^^^^^^^^^^^^^^^^^^^^^^^^^^
  File "<string>", line 4, in __init__
  File "/home/airflow/.local/lib/python3.12/site-packages/sqlalchemy/orm/state.py", line 481, in _initialize_instance
    with util.safe_reraise():
         ^^^^^^^^^^^^^^^^^^^
  File "/home/airflow/.local/lib/python3.12/site-packages/sqlalchemy/util/langhelpers.py", line 70, in __exit__
    compat.raise_(
  File "/home/airflow/.local/lib/python3.12/site-packages/sqlalchemy/util/compat.py", line 211, in raise_
    raise exception
  File "/home/airflow/.local/lib/python3.12/site-packages/sqlalchemy/orm/state.py", line 479, in _initialize_instance
    return manager.original_init(*mixed[1:], **kwargs)
           ^^^^^^^^^^^^^^^^^^^^^^^^^^^^^^^^^^^^^^^^^^^
  File "/home/airflow/.local/lib/python3.12/site-packages/airflow/models/connection.py", line 169, in __init__
    self._parse_from_uri(uri)
  File "/home/airflow/.local/lib/python3.12/site-packages/airflow/models/connection.py", line 257, in _parse_from_uri
    self.port = uri_parts.port
                ^^^^^^^^^^^^^^
  File "/usr/local/lib/python3.12/urllib/parse.py", line 182, in port
    raise ValueError(f"Port could not be cast to integer value as {port!r}")
ValueError: Port could not be cast to integer value as 'DefaultEndpointsProtocol=https;AccountName=rbchesssa;AccountKey=lG9W+utkpTNorE0rTLlfDMUZsTPleXk6pXv6NnfDTi'
[2025-02-18T16:08:45.292+0000] {base.py:84} INFO - Retrieving connection 'azure_chess_storage'
[2025-02-18T16:08:46.147+0000] {logging_mixin.py:190} INFO - /tmp/tmptlprfw32
[2025-02-18T16:08:46.151+0000] {taskinstance.py:3310} ERROR - Task failed with exception
Traceback (most recent call last):
  File "/home/airflow/.local/lib/python3.12/site-packages/airflow/models/taskinstance.py", line 767, in _execute_task
    result = _execute_callable(context=context, **execute_callable_kwargs)
             ^^^^^^^^^^^^^^^^^^^^^^^^^^^^^^^^^^^^^^^^^^^^^^^^^^^^^^^^^^^^^
  File "/home/airflow/.local/lib/python3.12/site-packages/airflow/models/taskinstance.py", line 733, in _execute_callable
    return ExecutionCallableRunner(
           ^^^^^^^^^^^^^^^^^^^^^^^^
  File "/home/airflow/.local/lib/python3.12/site-packages/airflow/utils/operator_helpers.py", line 252, in run
    return self.func(*args, **kwargs)
           ^^^^^^^^^^^^^^^^^^^^^^^^^^
  File "/home/airflow/.local/lib/python3.12/site-packages/airflow/models/baseoperator.py", line 406, in wrapper
    return func(self, *args, **kwargs)
           ^^^^^^^^^^^^^^^^^^^^^^^^^^^
  File "/home/airflow/.local/lib/python3.12/site-packages/airflow/operators/python.py", line 238, in execute
    return_value = self.execute_callable()
                   ^^^^^^^^^^^^^^^^^^^^^^^
  File "/home/airflow/.local/lib/python3.12/site-packages/airflow/operators/python.py", line 256, in execute_callable
    return runner.run(*self.op_args, **self.op_kwargs)
           ^^^^^^^^^^^^^^^^^^^^^^^^^^^^^^^^^^^^^^^^^^^
  File "/home/airflow/.local/lib/python3.12/site-packages/airflow/utils/operator_helpers.py", line 252, in run
    return self.func(*args, **kwargs)
           ^^^^^^^^^^^^^^^^^^^^^^^^^^
  File "/opt/airflow/dags/scripts/python_scripts.py", line 109, in transform_json_to_fact_table
    fact_table = duckdb.sql("""
                 ^^^^^^^^^^^^^^
duckdb.duckdb.BinderException: Binder Error: Referenced column "url" not found in FROM clause!
Candidate bindings: "json"
[2025-02-18T16:08:46.163+0000] {taskinstance.py:1225} INFO - Marking task as UP_FOR_RETRY. dag_id=pull_data_from_chess_api, task_id=transform_json_to_fact_table, run_id=scheduled__2023-04-01T00:00:00+00:00, execution_date=20230401T000000, start_date=20250218T160845, end_date=20250218T160846
[2025-02-18T16:08:46.179+0000] {taskinstance.py:340} INFO - ::group::Post task execution logs
[2025-02-18T16:08:46.180+0000] {standard_task_runner.py:124} ERROR - Failed to execute job 143 for task transform_json_to_fact_table (Binder Error: Referenced column "url" not found in FROM clause!
Candidate bindings: "json"; 2857)
Traceback (most recent call last):
  File "/home/airflow/.local/lib/python3.12/site-packages/airflow/task/task_runner/standard_task_runner.py", line 117, in _start_by_fork
    ret = args.func(args, dag=self.dag)
          ^^^^^^^^^^^^^^^^^^^^^^^^^^^^^
  File "/home/airflow/.local/lib/python3.12/site-packages/airflow/cli/cli_config.py", line 49, in command
    return func(*args, **kwargs)
           ^^^^^^^^^^^^^^^^^^^^^
  File "/home/airflow/.local/lib/python3.12/site-packages/airflow/utils/cli.py", line 115, in wrapper
    return f(*args, **kwargs)
           ^^^^^^^^^^^^^^^^^^
  File "/home/airflow/.local/lib/python3.12/site-packages/airflow/cli/commands/task_command.py", line 483, in task_run
    task_return_code = _run_task_by_selected_method(args, _dag, ti)
                       ^^^^^^^^^^^^^^^^^^^^^^^^^^^^^^^^^^^^^^^^^^^^
  File "/home/airflow/.local/lib/python3.12/site-packages/airflow/cli/commands/task_command.py", line 256, in _run_task_by_selected_method
    return _run_raw_task(args, ti)
           ^^^^^^^^^^^^^^^^^^^^^^^
  File "/home/airflow/.local/lib/python3.12/site-packages/airflow/cli/commands/task_command.py", line 341, in _run_raw_task
    return ti._run_raw_task(
           ^^^^^^^^^^^^^^^^^
  File "/home/airflow/.local/lib/python3.12/site-packages/airflow/utils/session.py", line 97, in wrapper
    return func(*args, session=session, **kwargs)
           ^^^^^^^^^^^^^^^^^^^^^^^^^^^^^^^^^^^^^^
  File "/home/airflow/.local/lib/python3.12/site-packages/airflow/models/taskinstance.py", line 3004, in _run_raw_task
    return _run_raw_task(
           ^^^^^^^^^^^^^^
  File "/home/airflow/.local/lib/python3.12/site-packages/airflow/models/taskinstance.py", line 273, in _run_raw_task
    TaskInstance._execute_task_with_callbacks(
  File "/home/airflow/.local/lib/python3.12/site-packages/airflow/models/taskinstance.py", line 3158, in _execute_task_with_callbacks
    result = self._execute_task(context, task_orig)
             ^^^^^^^^^^^^^^^^^^^^^^^^^^^^^^^^^^^^^^
  File "/home/airflow/.local/lib/python3.12/site-packages/airflow/models/taskinstance.py", line 3182, in _execute_task
    return _execute_task(self, context, task_orig)
           ^^^^^^^^^^^^^^^^^^^^^^^^^^^^^^^^^^^^^^^
  File "/home/airflow/.local/lib/python3.12/site-packages/airflow/models/taskinstance.py", line 767, in _execute_task
    result = _execute_callable(context=context, **execute_callable_kwargs)
             ^^^^^^^^^^^^^^^^^^^^^^^^^^^^^^^^^^^^^^^^^^^^^^^^^^^^^^^^^^^^^
  File "/home/airflow/.local/lib/python3.12/site-packages/airflow/models/taskinstance.py", line 733, in _execute_callable
    return ExecutionCallableRunner(
           ^^^^^^^^^^^^^^^^^^^^^^^^
  File "/home/airflow/.local/lib/python3.12/site-packages/airflow/utils/operator_helpers.py", line 252, in run
    return self.func(*args, **kwargs)
           ^^^^^^^^^^^^^^^^^^^^^^^^^^
  File "/home/airflow/.local/lib/python3.12/site-packages/airflow/models/baseoperator.py", line 406, in wrapper
    return func(self, *args, **kwargs)
           ^^^^^^^^^^^^^^^^^^^^^^^^^^^
  File "/home/airflow/.local/lib/python3.12/site-packages/airflow/operators/python.py", line 238, in execute
    return_value = self.execute_callable()
                   ^^^^^^^^^^^^^^^^^^^^^^^
  File "/home/airflow/.local/lib/python3.12/site-packages/airflow/operators/python.py", line 256, in execute_callable
    return runner.run(*self.op_args, **self.op_kwargs)
           ^^^^^^^^^^^^^^^^^^^^^^^^^^^^^^^^^^^^^^^^^^^
  File "/home/airflow/.local/lib/python3.12/site-packages/airflow/utils/operator_helpers.py", line 252, in run
    return self.func(*args, **kwargs)
           ^^^^^^^^^^^^^^^^^^^^^^^^^^
  File "/opt/airflow/dags/scripts/python_scripts.py", line 109, in transform_json_to_fact_table
    fact_table = duckdb.sql("""
                 ^^^^^^^^^^^^^^
duckdb.duckdb.BinderException: Binder Error: Referenced column "url" not found in FROM clause!
Candidate bindings: "json"
[2025-02-18T16:08:46.200+0000] {local_task_job_runner.py:266} INFO - Task exited with return code 1
[2025-02-18T16:08:46.224+0000] {taskinstance.py:3900} INFO - 0 downstream tasks scheduled from follow-on schedule check
[2025-02-18T16:08:46.226+0000] {local_task_job_runner.py:245} INFO - ::endgroup::
[2025-02-18T16:38:33.635+0000] {local_task_job_runner.py:123} INFO - ::group::Pre task execution logs
[2025-02-18T16:38:33.692+0000] {taskinstance.py:2612} INFO - Dependencies all met for dep_context=non-requeueable deps ti=<TaskInstance: pull_data_from_chess_api.transform_json_to_fact_table scheduled__2023-04-01T00:00:00+00:00 [queued]>
[2025-02-18T16:38:33.735+0000] {taskinstance.py:2612} INFO - Dependencies all met for dep_context=requeueable deps ti=<TaskInstance: pull_data_from_chess_api.transform_json_to_fact_table scheduled__2023-04-01T00:00:00+00:00 [queued]>
[2025-02-18T16:38:33.737+0000] {taskinstance.py:2865} INFO - Starting attempt 1 of 2
[2025-02-18T16:38:33.782+0000] {taskinstance.py:2888} INFO - Executing <Task(PythonOperator): transform_json_to_fact_table> on 2023-04-01 00:00:00+00:00
[2025-02-18T16:38:33.802+0000] {warnings.py:112} WARNING - /home/***/.local/lib/python3.12/site-packages/***/task/task_runner/standard_task_runner.py:70: DeprecationWarning: This process (pid=3602) is multi-threaded, use of fork() may lead to deadlocks in the child.
  pid = os.fork()

[2025-02-18T16:38:33.807+0000] {standard_task_runner.py:72} INFO - Started process 3603 to run task
[2025-02-18T16:38:33.810+0000] {standard_task_runner.py:104} INFO - Running: ['***', 'tasks', 'run', 'pull_data_from_chess_api', 'transform_json_to_fact_table', 'scheduled__2023-04-01T00:00:00+00:00', '--job-id', '195', '--raw', '--subdir', 'DAGS_FOLDER/chess_dag.py', '--cfg-path', '/tmp/tmp7mdnkoui']
[2025-02-18T16:38:33.814+0000] {standard_task_runner.py:105} INFO - Job 195: Subtask transform_json_to_fact_table
[2025-02-18T16:38:33.937+0000] {task_command.py:467} INFO - Running <TaskInstance: pull_data_from_chess_api.transform_json_to_fact_table scheduled__2023-04-01T00:00:00+00:00 [running]> on host 4ed02a11bf8e
[2025-02-18T16:38:34.271+0000] {taskinstance.py:3131} INFO - Exporting env vars: AIRFLOW_CTX_DAG_OWNER='***' AIRFLOW_CTX_DAG_ID='pull_data_from_chess_api' AIRFLOW_CTX_TASK_ID='transform_json_to_fact_table' AIRFLOW_CTX_EXECUTION_DATE='2023-04-01T00:00:00+00:00' AIRFLOW_CTX_TRY_NUMBER='1' AIRFLOW_CTX_DAG_RUN_ID='scheduled__2023-04-01T00:00:00+00:00'
[2025-02-18T16:38:34.275+0000] {taskinstance.py:731} INFO - ::endgroup::
[2025-02-18T16:38:34.320+0000] {connection.py:531} ERROR - Unable to retrieve connection from secrets backend (EnvironmentVariablesBackend). Checking subsequent secrets backend.
Traceback (most recent call last):
  File "/home/airflow/.local/lib/python3.12/site-packages/airflow/models/connection.py", line 526, in get_connection_from_secrets
    conn = secrets_backend.get_connection(conn_id=conn_id)
           ^^^^^^^^^^^^^^^^^^^^^^^^^^^^^^^^^^^^^^^^^^^^^^^
  File "/home/airflow/.local/lib/python3.12/site-packages/airflow/secrets/base_secrets.py", line 116, in get_connection
    return self.deserialize_connection(conn_id=conn_id, value=value)
           ^^^^^^^^^^^^^^^^^^^^^^^^^^^^^^^^^^^^^^^^^^^^^^^^^^^^^^^^^
  File "/home/airflow/.local/lib/python3.12/site-packages/airflow/secrets/base_secrets.py", line 70, in deserialize_connection
    return Connection(conn_id=conn_id, uri=value)
           ^^^^^^^^^^^^^^^^^^^^^^^^^^^^^^^^^^^^^^
  File "<string>", line 4, in __init__
  File "/home/airflow/.local/lib/python3.12/site-packages/sqlalchemy/orm/state.py", line 481, in _initialize_instance
    with util.safe_reraise():
         ^^^^^^^^^^^^^^^^^^^
  File "/home/airflow/.local/lib/python3.12/site-packages/sqlalchemy/util/langhelpers.py", line 70, in __exit__
    compat.raise_(
  File "/home/airflow/.local/lib/python3.12/site-packages/sqlalchemy/util/compat.py", line 211, in raise_
    raise exception
  File "/home/airflow/.local/lib/python3.12/site-packages/sqlalchemy/orm/state.py", line 479, in _initialize_instance
    return manager.original_init(*mixed[1:], **kwargs)
           ^^^^^^^^^^^^^^^^^^^^^^^^^^^^^^^^^^^^^^^^^^^
  File "/home/airflow/.local/lib/python3.12/site-packages/airflow/models/connection.py", line 169, in __init__
    self._parse_from_uri(uri)
  File "/home/airflow/.local/lib/python3.12/site-packages/airflow/models/connection.py", line 257, in _parse_from_uri
    self.port = uri_parts.port
                ^^^^^^^^^^^^^^
  File "/usr/local/lib/python3.12/urllib/parse.py", line 182, in port
    raise ValueError(f"Port could not be cast to integer value as {port!r}")
ValueError: Port could not be cast to integer value as 'DefaultEndpointsProtocol=https;AccountName=rbchesssa;AccountKey=lG9W+utkpTNorE0rTLlfDMUZsTPleXk6pXv6NnfDTi'
[2025-02-18T16:38:34.351+0000] {base.py:84} INFO - Retrieving connection 'azure_chess_storage'
[2025-02-18T16:38:39.473+0000] {logging_mixin.py:190} INFO - /tmp/tmpy96v_2df
[2025-02-18T16:38:42.068+0000] {logging_mixin.py:190} INFO - Successfully Transformed Data and Loaded to Azure Storage as silver/fact-2023-04-games.csv
[2025-02-18T16:38:42.070+0000] {python.py:240} INFO - Done. Returned value was: None
[2025-02-18T16:38:42.101+0000] {taskinstance.py:340} INFO - ::group::Post task execution logs
[2025-02-18T16:38:42.103+0000] {taskinstance.py:352} INFO - Marking task as SUCCESS. dag_id=pull_data_from_chess_api, task_id=transform_json_to_fact_table, run_id=scheduled__2023-04-01T00:00:00+00:00, execution_date=20230401T000000, start_date=20250218T163833, end_date=20250218T163842
[2025-02-18T16:38:42.237+0000] {local_task_job_runner.py:266} INFO - Task exited with return code 0
[2025-02-18T16:38:42.297+0000] {taskinstance.py:3900} INFO - 0 downstream tasks scheduled from follow-on schedule check
[2025-02-18T16:38:42.303+0000] {local_task_job_runner.py:245} INFO - ::endgroup::
[2025-03-10T01:33:41.100+0000] {local_task_job_runner.py:123} INFO - ::group::Pre task execution logs
[2025-03-10T01:33:41.124+0000] {taskinstance.py:2612} INFO - Dependencies all met for dep_context=non-requeueable deps ti=<TaskInstance: pull_data_from_chess_api.transform_json_to_fact_table scheduled__2023-04-01T00:00:00+00:00 [queued]>
[2025-03-10T01:33:41.135+0000] {taskinstance.py:2612} INFO - Dependencies all met for dep_context=requeueable deps ti=<TaskInstance: pull_data_from_chess_api.transform_json_to_fact_table scheduled__2023-04-01T00:00:00+00:00 [queued]>
[2025-03-10T01:33:41.136+0000] {taskinstance.py:2865} INFO - Starting attempt 1 of 2
[2025-03-10T01:33:41.153+0000] {taskinstance.py:2888} INFO - Executing <Task(PythonOperator): transform_json_to_fact_table> on 2023-04-01 00:00:00+00:00
[2025-03-10T01:33:41.161+0000] {warnings.py:112} WARNING - /home/***/.local/lib/python3.12/site-packages/***/task/task_runner/standard_task_runner.py:70: DeprecationWarning: This process (pid=16595) is multi-threaded, use of fork() may lead to deadlocks in the child.
  pid = os.fork()

[2025-03-10T01:33:41.164+0000] {standard_task_runner.py:72} INFO - Started process 16597 to run task
[2025-03-10T01:33:41.166+0000] {standard_task_runner.py:104} INFO - Running: ['***', 'tasks', 'run', 'pull_data_from_chess_api', 'transform_json_to_fact_table', 'scheduled__2023-04-01T00:00:00+00:00', '--job-id', '497', '--raw', '--subdir', 'DAGS_FOLDER/collect_chess_data_dag.py', '--cfg-path', '/tmp/tmp1sp49_ud']
[2025-03-10T01:33:41.169+0000] {standard_task_runner.py:105} INFO - Job 497: Subtask transform_json_to_fact_table
[2025-03-10T01:33:41.240+0000] {task_command.py:467} INFO - Running <TaskInstance: pull_data_from_chess_api.transform_json_to_fact_table scheduled__2023-04-01T00:00:00+00:00 [running]> on host 70b3b9cfbba0
[2025-03-10T01:33:41.374+0000] {taskinstance.py:3131} INFO - Exporting env vars: AIRFLOW_CTX_DAG_OWNER='***' AIRFLOW_CTX_DAG_ID='pull_data_from_chess_api' AIRFLOW_CTX_TASK_ID='transform_json_to_fact_table' AIRFLOW_CTX_EXECUTION_DATE='2023-04-01T00:00:00+00:00' AIRFLOW_CTX_TRY_NUMBER='1' AIRFLOW_CTX_DAG_RUN_ID='scheduled__2023-04-01T00:00:00+00:00'
[2025-03-10T01:33:41.378+0000] {taskinstance.py:731} INFO - ::endgroup::
[2025-03-10T01:33:41.419+0000] {connection.py:531} ERROR - Unable to retrieve connection from secrets backend (EnvironmentVariablesBackend). Checking subsequent secrets backend.
Traceback (most recent call last):
  File "/home/airflow/.local/lib/python3.12/site-packages/airflow/models/connection.py", line 526, in get_connection_from_secrets
    conn = secrets_backend.get_connection(conn_id=conn_id)
           ^^^^^^^^^^^^^^^^^^^^^^^^^^^^^^^^^^^^^^^^^^^^^^^
  File "/home/airflow/.local/lib/python3.12/site-packages/airflow/secrets/base_secrets.py", line 116, in get_connection
    return self.deserialize_connection(conn_id=conn_id, value=value)
           ^^^^^^^^^^^^^^^^^^^^^^^^^^^^^^^^^^^^^^^^^^^^^^^^^^^^^^^^^
  File "/home/airflow/.local/lib/python3.12/site-packages/airflow/secrets/base_secrets.py", line 70, in deserialize_connection
    return Connection(conn_id=conn_id, uri=value)
           ^^^^^^^^^^^^^^^^^^^^^^^^^^^^^^^^^^^^^^
  File "<string>", line 4, in __init__
  File "/home/airflow/.local/lib/python3.12/site-packages/sqlalchemy/orm/state.py", line 481, in _initialize_instance
    with util.safe_reraise():
         ^^^^^^^^^^^^^^^^^^^
  File "/home/airflow/.local/lib/python3.12/site-packages/sqlalchemy/util/langhelpers.py", line 70, in __exit__
    compat.raise_(
  File "/home/airflow/.local/lib/python3.12/site-packages/sqlalchemy/util/compat.py", line 211, in raise_
    raise exception
  File "/home/airflow/.local/lib/python3.12/site-packages/sqlalchemy/orm/state.py", line 479, in _initialize_instance
    return manager.original_init(*mixed[1:], **kwargs)
           ^^^^^^^^^^^^^^^^^^^^^^^^^^^^^^^^^^^^^^^^^^^
  File "/home/airflow/.local/lib/python3.12/site-packages/airflow/models/connection.py", line 169, in __init__
    self._parse_from_uri(uri)
  File "/home/airflow/.local/lib/python3.12/site-packages/airflow/models/connection.py", line 257, in _parse_from_uri
    self.port = uri_parts.port
                ^^^^^^^^^^^^^^
  File "/usr/local/lib/python3.12/urllib/parse.py", line 182, in port
    raise ValueError(f"Port could not be cast to integer value as {port!r}")
ValueError: Port could not be cast to integer value as 'DefaultEndpointsProtocol=https;AccountName=rbchesssa;AccountKey=lG9W+utkpTNorE0rTLlfDMUZsTPleXk6pXv6NnfDTi'
[2025-03-10T01:33:41.435+0000] {base.py:84} INFO - Retrieving connection 'azure_chess_storage'
[2025-03-10T01:33:42.928+0000] {logging_mixin.py:190} INFO - /tmp/tmpu3wp6ovn
[2025-03-10T01:33:43.078+0000] {logging_mixin.py:190} INFO - Previewing Dataframe
[2025-03-10T01:33:43.095+0000] {logging_mixin.py:190} INFO - game_url                        object
time_control                    object
rated                             bool
time_class                      object
rules                           object
white_rating                     int64
white_result                    object
black_rating                     int64
black_result                    object
pgn_event                       object
pgn_site                        object
game_date               datetime64[us]
pgn_white_user                  object
pgn_black_user                  object
pgn_result                      object
pgn_current_position            object
pgn_timezone                    object
pgn_eco                         object
pgn_eco_url                     object
start_time                      object
end_time                        object
end_game_date           datetime64[us]
pgn_raw                         object
pgn_trans                       object
dtype: object
[2025-03-10T01:33:43.117+0000] {logging_mixin.py:190} INFO - https://www.chess.com/game/live/74267050289	900+10	True	rapid	chess	1087	win	1020	checkmated	Live Chess	Chess.com	2023-04-03 00:00:00	Rhythmbear1	ARKOKGAX	1-0	4R2k/pb1N2pp/1p6/3P1p2/2n4b/2P2PP1/PP5P/RN4K1 b - -	UTC	C44	https://www.chess.com/openings/Ponziani-Opening-Jaenisch-Neumann-Gambit	13:21:18	13:43:02	2023-04-03 00:00:00	e4 e5 Nf3 Nc6 Bc4 Nf6 c3 Nxe4 d3 Nc5 d4 Ne4 Qd3 f5 Nxe5 Qf6 f3 Nd6 O-O b6 Re1 Be7 Bf4 Nxc4 Qxc4 Bb7 d5 Na5 Qxc7 O-O Nxd7 Qh4 Bg3 Rac8 Qe5 Nc4 Qe6+ Kh8 Bxh4 Bxh4 g3 Rfe8 Qxe8+ Rxe8 Rxe8#	1. e4 e5 2. Nf3 Nc6 3. Bc4 Nf6 4. c3 Nxe4 5. d3 Nc5 6. d4 Ne4 7. Qd3 f5 8. Nxe5 Qf6 9. f3 Nd6 10. O-O b6 11. Re1 Be7 12. Bf4 Nxc4 13. Qxc4 Bb7 14. d5 Na5 15. Qxc7 O-O 16. Nxd7 Qh4 17. Bg3 Rac8 18. Qe5 Nc4 19. Qe6+ Kh8 20. Bxh4 Bxh4 21. g3 Rfe8 22. Qxe8+ Rxe8 23. Rxe8# 
https://www.chess.com/game/live/74355850875	900+10	False	rapid	chess	1087	win	800	checkmated	Live Chess	Chess.com	2023-04-04 00:00:00	Rhythmbear1	edemawoodsa	1-0	2b1k1Q1/3qP3/8/pP6/2P1R3/2bp3P/5PP1/4R1K1 b - -	UTC	B00	https://www.chess.com/openings/Kings-Pawn-Opening-Borg-Defense-2.d4	14:01:14	14:16:49	2023-04-04 00:00:00	e4 g5 d4 b5 Bxb5 a5 Bxg5 h6 Bf4 c6 Bc4 d5 exd5 cxd5 Bd3 e6 Nf3 Bb4+ c3 Be7 O-O Nf6 Bb5+ Nbd7 Re1 Rg8 Bxh6 Ng4 h3 Rg6 Bf4 Nf6 Ne5 Rb8 Nxg6 fxg6 a4 e5 Bxe5 Rxb5 axb5 Nxe5 dxe5 Ne4 c4 d4 Rxe4 d3 Nc3 Bb4 e6 Ba3 Qg4 Bxb2 Qxg6+ Ke7 Qg5+ Ke8 e7 Qd7 Rae1 Bxc3 Qg8#	1. e4 g5 2. d4 b5 3. Bxb5 a5 4. Bxg5 h6 5. Bf4 c6 6. Bc4 d5 7. exd5 cxd5 8. Bd3 e6 9. Nf3 Bb4+ 10. c3 Be7 11. O-O Nf6 12. Bb5+ Nbd7 13. Re1 Rg8 14. Bxh6 Ng4 15. h3 Rg6 16. Bf4 Nf6 17. Ne5 Rb8 18. Nxg6 fxg6 19. a4 e5 20. Bxe5 Rxb5 21. axb5 Nxe5 22. dxe5 Ne4 23. c4 d4 24. Rxe4 d3 25. Nc3 Bb4 26. e6 Ba3 27. Qg4 Bxb2 28. Qxg6+ Ke7 29. Qg5+ Ke8 30. e7 Qd7 31. Rae1 Bxc3 32. Qg8# 
https://www.chess.com/game/live/74558025841	900+10	True	rapid	chess	1061	checkmated	1041	win	Live Chess	Chess.com	2023-04-06 00:00:00	Rhythmbear1	alimohanad1994	0-1	3r3k/4R2p/2Q5/3B1p2/1q3r2/1K6/P1P2P1P/8 w - -	UTC	B00	https://www.chess.com/openings/Nimzowitsch-Defense-French-Connection-Variation	22:12:40	22:51:57	2023-04-06 00:00:00	e4 e6 Nc3 Nc6 Bc4 a6 d4 b5 Bb3 Rb8 d5 exd5 exd5 Ne5 Qe2 f6 Nf3 Bc5 Be3 Bxe3 Qxe3 Qe7 O-O a5 d6 Qxd6 Ne4 Nxf3+ Qxf3 Qe5 Rae1 Ne7 Rd1 Qxb2 Rfe1 Bb7 Qd3 d5 Qxb5+ Kf8 Nc5 Kf7 Nxb7 c6 Qe2 Rxb7 Qa6 Rhb8 Qxa5 Rb5 Qc7 R8b7 Rxe7+ Kg6 Rxg7+ Kh6 Qf4+ Kxg7 Qg3+ Kh8 Re1 Rb8 Re7 Rg8 Qd3 f5 g4 Qc1+ Kg2 Rxg4+ Kf3 Rf4+ Ke2 Rb8 Qc3+ d4 Qxc6 d3+ Kxd3 Rd8+ Bd5 Qd1+ Kc3 Qd4+ Kb3 Qb4#	1. e4 e6 2. Nc3 Nc6 3. Bc4 a6 4. d4 b5 5. Bb3 Rb8 6. d5 exd5 7. exd5 Ne5 8. Qe2 f6 9. Nf3 Bc5 10. Be3 Bxe3 11. Qxe3 Qe7 12. O-O a5 13. d6 Qxd6 14. Ne4 Nxf3+ 15. Qxf3 Qe5 16. Rae1 Ne7 17. Rd1 Qxb2 18. Rfe1 Bb7 19. Qd3 d5 20. Qxb5+ Kf8 21. Nc5 Kf7 22. Nxb7 c6 23. Qe2 Rxb7 24. Qa6 Rhb8 25. Qxa5 Rb5 26. Qc7 R8b7 27. Rxe7+ Kg6 28. Rxg7+ Kh6 29. Qf4+ Kxg7 30. Qg3+ Kh8 31. Re1 Rb8 32. Re7 Rg8 33. Qd3 f5 34. g4 Qc1+ 35. Kg2 Rxg4+ 36. Kf3 Rf4+ 37. Ke2 Rb8 38. Qc3+ d4 39. Qxc6 d3+ 40. Kxd3 Rd8+ 41. Bd5 Qd1+ 42. Kc3 Qd4+ 43. Kb3 Qb4#
https://www.chess.com/game/live/74560414663	900+10	True	rapid	chess	1092	win	1041	checkmated	Live Chess	Chess.com	2023-04-06 00:00:00	Kantaka66	Rhythmbear1	1-0	r3r1k1/pp3B2/7Q/n1b1pbN1/8/P2P4/1PP2PPP/R4RK1 b - -	UTC	C50	https://www.chess.com/openings/Giuoco-Piano-Game	22:52:46	23:05:40	2023-04-06 00:00:00	e4 e5 Nf3 Nc6 Bc4 Bc5 a3 Nf6 d3 O-O Nc3 Re8 Bg5 d6 Nd5 h6 Bxf6 gxf6 Qd2 Na5 Qxh6 c6 Nxf6+ Qxf6 Qxf6 d5 exd5 cxd5 Bxd5 Rf8 O-O Bd7 Qh6 Rfe8 Ng5 Bf5 Bxf7#	1. e4 e5 2. Nf3 Nc6 3. Bc4 Bc5 4. a3 Nf6 5. d3 O-O 6. Nc3 Re8 7. Bg5 d6 8. Nd5 h6 9. Bxf6 gxf6 10. Qd2 Na5 11. Qxh6 c6 12. Nxf6+ Qxf6 13. Qxf6 d5 14. exd5 cxd5 15. Bxd5 Rf8 16. O-O Bd7 17. Qh6 Rfe8 18. Ng5 Bf5 19. Bxf7# 
https://www.chess.com/game/live/75228847453	600	True	rapid	chess	964	checkmated	1058	win	Live Chess	Chess.com	2023-04-14 00:00:00	Yurchandos	Rhythmbear1	0-1	8/p5pp/4k3/1Rp5/1b5P/8/3r4/r1K5 w - -	UTC	C47	https://www.chess.com/openings/Four-Knights-Game-Scotch-Variation	16:30:40	16:40:14	2023-04-14 00:00:00	e4 e5 Nf3 Nc6 Nc3 Nf6 d4 d5 exd5 Nxd5 Nxd5 Qxd5 Be2 exd4 Nxd4 Qxd4 Qxd4 Nxd4 Bc4 Nxc2+ Kd1 Nxa1 b3 Be6 Bxe6 fxe6 Re1 Ke7 Bb2 Nxb3 axb3 Kf7 f4 Bb4 Re2 Rad8+ Kc2 Rd5 g4 Rhd8 f5 exf5 gxf5 Rxf5 h4 Rf3 Re5 Rd2+ Kb1 Rxb3 Rf5+ Ke6 Rb5 Rbxb2+ Kc1 c5 Rxb7 Ra2 Rb5 Ra1#	1. e4 e5 2. Nf3 Nc6 3. Nc3 Nf6 4. d4 d5 5. exd5 Nxd5 6. Nxd5 Qxd5 7. Be2 exd4 8. Nxd4 Qxd4 9. Qxd4 Nxd4 10. Bc4 Nxc2+ 11. Kd1 Nxa1 12. b3 Be6 13. Bxe6 fxe6 14. Re1 Ke7 15. Bb2 Nxb3 16. axb3 Kf7 17. f4 Bb4 18. Re2 Rad8+ 19. Kc2 Rd5 20. g4 Rhd8 21. f5 exf5 22. gxf5 Rxf5 23. h4 Rf3 24. Re5 Rd2+ 25. Kb1 Rxb3 26. Rf5+ Ke6 27. Rb5 Rbxb2+ 28. Kc1 c5 29. Rxb7 Ra2 30. Rb5 Ra1#
[2025-03-10T01:33:43.698+0000] {logging_mixin.py:190} INFO - Successfully Transformed Data and Loaded to Azure Storage as silver/fact-2023-04-games.parquet
[2025-03-10T01:33:43.699+0000] {python.py:240} INFO - Done. Returned value was: None
[2025-03-10T01:33:43.711+0000] {taskinstance.py:340} INFO - ::group::Post task execution logs
[2025-03-10T01:33:43.712+0000] {taskinstance.py:352} INFO - Marking task as SUCCESS. dag_id=pull_data_from_chess_api, task_id=transform_json_to_fact_table, run_id=scheduled__2023-04-01T00:00:00+00:00, execution_date=20230401T000000, start_date=20250310T013341, end_date=20250310T013343
[2025-03-10T01:33:43.751+0000] {local_task_job_runner.py:266} INFO - Task exited with return code 0
[2025-03-10T01:33:43.780+0000] {taskinstance.py:3900} INFO - 1 downstream tasks scheduled from follow-on schedule check
[2025-03-10T01:33:43.783+0000] {local_task_job_runner.py:245} INFO - ::endgroup::
