[2025-03-31T17:41:38.972+0000] {local_task_job_runner.py:123} INFO - ::group::Pre task execution logs
[2025-03-31T17:41:39.461+0000] {taskinstance.py:2612} INFO - Dependencies all met for dep_context=non-requeueable deps ti=<TaskInstance: load_data_warehouse.load_dim_dates_dw dataset_triggered__2025-03-31T17:41:02.755967+00:00 [queued]>
[2025-03-31T17:41:40.037+0000] {taskinstance.py:2612} INFO - Dependencies all met for dep_context=requeueable deps ti=<TaskInstance: load_data_warehouse.load_dim_dates_dw dataset_triggered__2025-03-31T17:41:02.755967+00:00 [queued]>
[2025-03-31T17:41:40.090+0000] {taskinstance.py:2865} INFO - Starting attempt 1 of 2
[2025-03-31T17:41:40.341+0000] {taskinstance.py:2888} INFO - Executing <Task(PythonOperator): load_dim_dates_dw> on 2025-03-31 17:41:02.755967+00:00
[2025-03-31T17:41:41.363+0000] {warnings.py:112} WARNING - /home/***/.local/lib/python3.12/site-packages/***/task/task_runner/standard_task_runner.py:70: DeprecationWarning: This process (pid=10127) is multi-threaded, use of fork() may lead to deadlocks in the child.
  pid = os.fork()

[2025-03-31T17:41:41.903+0000] {standard_task_runner.py:72} INFO - Started process 10255 to run task
[2025-03-31T17:41:41.709+0000] {standard_task_runner.py:104} INFO - Running: ['***', 'tasks', 'run', 'load_data_warehouse', 'load_dim_dates_dw', 'dataset_triggered__2025-03-31T17:41:02.755967+00:00', '--job-id', '945', '--raw', '--subdir', 'DAGS_FOLDER/load_data_warehouse_dag.py', '--cfg-path', '/tmp/tmpu4b1abxk']
[2025-03-31T17:41:41.958+0000] {standard_task_runner.py:105} INFO - Job 945: Subtask load_dim_dates_dw
[2025-03-31T17:41:43.464+0000] {task_command.py:467} INFO - Running <TaskInstance: load_data_warehouse.load_dim_dates_dw dataset_triggered__2025-03-31T17:41:02.755967+00:00 [running]> on host 3b3ac09dc50a
[2025-03-31T17:41:44.349+0000] {taskinstance.py:3131} INFO - Exporting env vars: AIRFLOW_CTX_DAG_OWNER='***' AIRFLOW_CTX_DAG_ID='load_data_warehouse' AIRFLOW_CTX_TASK_ID='load_dim_dates_dw' AIRFLOW_CTX_EXECUTION_DATE='2025-03-31T17:41:02.755967+00:00' AIRFLOW_CTX_TRY_NUMBER='1' AIRFLOW_CTX_DAG_RUN_ID='dataset_triggered__2025-03-31T17:41:02.755967+00:00'
[2025-03-31T17:41:44.353+0000] {taskinstance.py:731} INFO - ::endgroup::
[2025-03-31T17:41:48.689+0000] {logging_mixin.py:190} INFO - ✅ gold/dim_date.parquet Loaded: 156 rows, 7 columns
[2025-03-31T17:41:48.779+0000] {base.py:84} INFO - Retrieving connection 'azure_chess_dw'
[2025-03-31T17:41:48.989+0000] {base.py:84} INFO - Retrieving connection 'azure_chess_dw'
[2025-03-31T17:42:05.222+0000] {logging_mixin.py:190} INFO - Successfully Loaded gold/dim_date.parquet Data to Postgres table dim_dates
[2025-03-31T17:42:05.246+0000] {python.py:240} INFO - Done. Returned value was: None
[2025-03-31T17:42:05.308+0000] {taskinstance.py:340} INFO - ::group::Post task execution logs
[2025-03-31T17:42:05.310+0000] {taskinstance.py:352} INFO - Marking task as SUCCESS. dag_id=load_data_warehouse, task_id=load_dim_dates_dw, run_id=dataset_triggered__2025-03-31T17:41:02.755967+00:00, execution_date=20250331T174102, start_date=20250331T174139, end_date=20250331T174205
[2025-03-31T17:42:05.476+0000] {local_task_job_runner.py:266} INFO - Task exited with return code 0
[2025-03-31T17:42:05.658+0000] {taskinstance.py:3900} INFO - 0 downstream tasks scheduled from follow-on schedule check
[2025-03-31T17:42:05.671+0000] {local_task_job_runner.py:245} INFO - ::endgroup::
