[2025-02-18T16:10:12.064+0000] {local_task_job_runner.py:123} INFO - ::group::Pre task execution logs
[2025-02-18T16:10:12.082+0000] {taskinstance.py:2612} INFO - Dependencies all met for dep_context=non-requeueable deps ti=<TaskInstance: pull_data_from_chess_api.extract_data_from_chess_api scheduled__2023-08-01T00:00:00+00:00 [queued]>
[2025-02-18T16:10:12.090+0000] {taskinstance.py:2612} INFO - Dependencies all met for dep_context=requeueable deps ti=<TaskInstance: pull_data_from_chess_api.extract_data_from_chess_api scheduled__2023-08-01T00:00:00+00:00 [queued]>
[2025-02-18T16:10:12.091+0000] {taskinstance.py:2865} INFO - Starting attempt 1 of 2
[2025-02-18T16:10:12.107+0000] {taskinstance.py:2888} INFO - Executing <Task(PythonOperator): extract_data_from_chess_api> on 2023-08-01 00:00:00+00:00
[2025-02-18T16:10:12.118+0000] {warnings.py:112} WARNING - /home/***/.local/lib/python3.12/site-packages/***/task/task_runner/standard_task_runner.py:70: DeprecationWarning: This process (pid=2959) is multi-threaded, use of fork() may lead to deadlocks in the child.
  pid = os.fork()

[2025-02-18T16:10:12.120+0000] {standard_task_runner.py:72} INFO - Started process 2960 to run task
[2025-02-18T16:10:12.121+0000] {standard_task_runner.py:104} INFO - Running: ['***', 'tasks', 'run', 'pull_data_from_chess_api', 'extract_data_from_chess_api', 'scheduled__2023-08-01T00:00:00+00:00', '--job-id', '154', '--raw', '--subdir', 'DAGS_FOLDER/chess_dag.py', '--cfg-path', '/tmp/tmpdli62e5v']
[2025-02-18T16:10:12.122+0000] {standard_task_runner.py:105} INFO - Job 154: Subtask extract_data_from_chess_api
[2025-02-18T16:10:12.168+0000] {task_command.py:467} INFO - Running <TaskInstance: pull_data_from_chess_api.extract_data_from_chess_api scheduled__2023-08-01T00:00:00+00:00 [running]> on host 4ed02a11bf8e
[2025-02-18T16:10:12.258+0000] {taskinstance.py:3131} INFO - Exporting env vars: AIRFLOW_CTX_DAG_OWNER='***' AIRFLOW_CTX_DAG_ID='pull_data_from_chess_api' AIRFLOW_CTX_TASK_ID='extract_data_from_chess_api' AIRFLOW_CTX_EXECUTION_DATE='2023-08-01T00:00:00+00:00' AIRFLOW_CTX_TRY_NUMBER='1' AIRFLOW_CTX_DAG_RUN_ID='scheduled__2023-08-01T00:00:00+00:00'
[2025-02-18T16:10:12.259+0000] {taskinstance.py:731} INFO - ::endgroup::
[2025-02-18T16:10:13.204+0000] {logging_mixin.py:190} INFO - Failed to fetch data: 404
[2025-02-18T16:10:13.205+0000] {logging_mixin.py:190} INFO - Attempting to Upload Data to Azure Storage
[2025-02-18T16:10:13.209+0000] {connection.py:531} ERROR - Unable to retrieve connection from secrets backend (EnvironmentVariablesBackend). Checking subsequent secrets backend.
Traceback (most recent call last):
  File "/home/airflow/.local/lib/python3.12/site-packages/airflow/models/connection.py", line 526, in get_connection_from_secrets
    conn = secrets_backend.get_connection(conn_id=conn_id)
           ^^^^^^^^^^^^^^^^^^^^^^^^^^^^^^^^^^^^^^^^^^^^^^^
  File "/home/airflow/.local/lib/python3.12/site-packages/airflow/secrets/base_secrets.py", line 116, in get_connection
    return self.deserialize_connection(conn_id=conn_id, value=value)
           ^^^^^^^^^^^^^^^^^^^^^^^^^^^^^^^^^^^^^^^^^^^^^^^^^^^^^^^^^
  File "/home/airflow/.local/lib/python3.12/site-packages/airflow/secrets/base_secrets.py", line 70, in deserialize_connection
    return Connection(conn_id=conn_id, uri=value)
           ^^^^^^^^^^^^^^^^^^^^^^^^^^^^^^^^^^^^^^
  File "<string>", line 4, in __init__
  File "/home/airflow/.local/lib/python3.12/site-packages/sqlalchemy/orm/state.py", line 481, in _initialize_instance
    with util.safe_reraise():
         ^^^^^^^^^^^^^^^^^^^
  File "/home/airflow/.local/lib/python3.12/site-packages/sqlalchemy/util/langhelpers.py", line 70, in __exit__
    compat.raise_(
  File "/home/airflow/.local/lib/python3.12/site-packages/sqlalchemy/util/compat.py", line 211, in raise_
    raise exception
  File "/home/airflow/.local/lib/python3.12/site-packages/sqlalchemy/orm/state.py", line 479, in _initialize_instance
    return manager.original_init(*mixed[1:], **kwargs)
           ^^^^^^^^^^^^^^^^^^^^^^^^^^^^^^^^^^^^^^^^^^^
  File "/home/airflow/.local/lib/python3.12/site-packages/airflow/models/connection.py", line 169, in __init__
    self._parse_from_uri(uri)
  File "/home/airflow/.local/lib/python3.12/site-packages/airflow/models/connection.py", line 257, in _parse_from_uri
    self.port = uri_parts.port
                ^^^^^^^^^^^^^^
  File "/usr/local/lib/python3.12/urllib/parse.py", line 182, in port
    raise ValueError(f"Port could not be cast to integer value as {port!r}")
ValueError: Port could not be cast to integer value as 'DefaultEndpointsProtocol=https;AccountName=rbchesssa;AccountKey=lG9W+utkpTNorE0rTLlfDMUZsTPleXk6pXv6NnfDTi'
[2025-02-18T16:10:13.219+0000] {base.py:84} INFO - Retrieving connection 'azure_chess_storage'
[2025-02-18T16:10:14.398+0000] {logging_mixin.py:190} INFO - Successfully Uploaded Data to Azure Storage
[2025-02-18T16:10:14.399+0000] {python.py:240} INFO - Done. Returned value was: True
[2025-02-18T16:10:14.424+0000] {taskinstance.py:340} INFO - ::group::Post task execution logs
[2025-02-18T16:10:14.425+0000] {taskinstance.py:352} INFO - Marking task as SUCCESS. dag_id=pull_data_from_chess_api, task_id=extract_data_from_chess_api, run_id=scheduled__2023-08-01T00:00:00+00:00, execution_date=20230801T000000, start_date=20250218T161012, end_date=20250218T161014
[2025-02-18T16:10:14.473+0000] {local_task_job_runner.py:266} INFO - Task exited with return code 0
[2025-02-18T16:10:14.502+0000] {taskinstance.py:3900} INFO - 1 downstream tasks scheduled from follow-on schedule check
[2025-02-18T16:10:14.506+0000] {local_task_job_runner.py:245} INFO - ::endgroup::
[2025-02-18T16:40:06.831+0000] {local_task_job_runner.py:123} INFO - ::group::Pre task execution logs
[2025-02-18T16:40:06.872+0000] {taskinstance.py:2612} INFO - Dependencies all met for dep_context=non-requeueable deps ti=<TaskInstance: pull_data_from_chess_api.extract_data_from_chess_api scheduled__2023-08-01T00:00:00+00:00 [queued]>
[2025-02-18T16:40:06.898+0000] {taskinstance.py:2612} INFO - Dependencies all met for dep_context=requeueable deps ti=<TaskInstance: pull_data_from_chess_api.extract_data_from_chess_api scheduled__2023-08-01T00:00:00+00:00 [queued]>
[2025-02-18T16:40:06.899+0000] {taskinstance.py:2865} INFO - Starting attempt 1 of 2
[2025-02-18T16:40:06.933+0000] {taskinstance.py:2888} INFO - Executing <Task(PythonOperator): extract_data_from_chess_api> on 2023-08-01 00:00:00+00:00
[2025-02-18T16:40:06.954+0000] {warnings.py:112} WARNING - /home/***/.local/lib/python3.12/site-packages/***/task/task_runner/standard_task_runner.py:70: DeprecationWarning: This process (pid=3699) is multi-threaded, use of fork() may lead to deadlocks in the child.
  pid = os.fork()

[2025-02-18T16:40:06.958+0000] {standard_task_runner.py:72} INFO - Started process 3700 to run task
[2025-02-18T16:40:06.968+0000] {standard_task_runner.py:104} INFO - Running: ['***', 'tasks', 'run', 'pull_data_from_chess_api', 'extract_data_from_chess_api', 'scheduled__2023-08-01T00:00:00+00:00', '--job-id', '205', '--raw', '--subdir', 'DAGS_FOLDER/chess_dag.py', '--cfg-path', '/tmp/tmpw4m_inws']
[2025-02-18T16:40:06.970+0000] {standard_task_runner.py:105} INFO - Job 205: Subtask extract_data_from_chess_api
[2025-02-18T16:40:07.066+0000] {task_command.py:467} INFO - Running <TaskInstance: pull_data_from_chess_api.extract_data_from_chess_api scheduled__2023-08-01T00:00:00+00:00 [running]> on host 4ed02a11bf8e
[2025-02-18T16:40:07.250+0000] {taskinstance.py:3131} INFO - Exporting env vars: AIRFLOW_CTX_DAG_OWNER='***' AIRFLOW_CTX_DAG_ID='pull_data_from_chess_api' AIRFLOW_CTX_TASK_ID='extract_data_from_chess_api' AIRFLOW_CTX_EXECUTION_DATE='2023-08-01T00:00:00+00:00' AIRFLOW_CTX_TRY_NUMBER='1' AIRFLOW_CTX_DAG_RUN_ID='scheduled__2023-08-01T00:00:00+00:00'
[2025-02-18T16:40:07.251+0000] {taskinstance.py:731} INFO - ::endgroup::
[2025-02-18T16:40:07.256+0000] {logging_mixin.py:190} INFO - Attempting to fetch data for Year: 2023 and Month: 8, formatted as 08
[2025-02-18T16:40:07.257+0000] {logging_mixin.py:190} INFO - Attemping to Fetch Data from: https://api.chess.com/pub/player/rhythmbear1/games/2023/08
[2025-02-18T16:40:08.262+0000] {logging_mixin.py:190} INFO - Successfully Fetched Data From CHess.com API, Records Pulled: 161
[2025-02-18T16:40:08.263+0000] {logging_mixin.py:190} INFO - Attempting to Upload Data to Azure Storage
[2025-02-18T16:40:08.285+0000] {connection.py:531} ERROR - Unable to retrieve connection from secrets backend (EnvironmentVariablesBackend). Checking subsequent secrets backend.
Traceback (most recent call last):
  File "/home/airflow/.local/lib/python3.12/site-packages/airflow/models/connection.py", line 526, in get_connection_from_secrets
    conn = secrets_backend.get_connection(conn_id=conn_id)
           ^^^^^^^^^^^^^^^^^^^^^^^^^^^^^^^^^^^^^^^^^^^^^^^
  File "/home/airflow/.local/lib/python3.12/site-packages/airflow/secrets/base_secrets.py", line 116, in get_connection
    return self.deserialize_connection(conn_id=conn_id, value=value)
           ^^^^^^^^^^^^^^^^^^^^^^^^^^^^^^^^^^^^^^^^^^^^^^^^^^^^^^^^^
  File "/home/airflow/.local/lib/python3.12/site-packages/airflow/secrets/base_secrets.py", line 70, in deserialize_connection
    return Connection(conn_id=conn_id, uri=value)
           ^^^^^^^^^^^^^^^^^^^^^^^^^^^^^^^^^^^^^^
  File "<string>", line 4, in __init__
  File "/home/airflow/.local/lib/python3.12/site-packages/sqlalchemy/orm/state.py", line 481, in _initialize_instance
    with util.safe_reraise():
         ^^^^^^^^^^^^^^^^^^^
  File "/home/airflow/.local/lib/python3.12/site-packages/sqlalchemy/util/langhelpers.py", line 70, in __exit__
    compat.raise_(
  File "/home/airflow/.local/lib/python3.12/site-packages/sqlalchemy/util/compat.py", line 211, in raise_
    raise exception
  File "/home/airflow/.local/lib/python3.12/site-packages/sqlalchemy/orm/state.py", line 479, in _initialize_instance
    return manager.original_init(*mixed[1:], **kwargs)
           ^^^^^^^^^^^^^^^^^^^^^^^^^^^^^^^^^^^^^^^^^^^
  File "/home/airflow/.local/lib/python3.12/site-packages/airflow/models/connection.py", line 169, in __init__
    self._parse_from_uri(uri)
  File "/home/airflow/.local/lib/python3.12/site-packages/airflow/models/connection.py", line 257, in _parse_from_uri
    self.port = uri_parts.port
                ^^^^^^^^^^^^^^
  File "/usr/local/lib/python3.12/urllib/parse.py", line 182, in port
    raise ValueError(f"Port could not be cast to integer value as {port!r}")
ValueError: Port could not be cast to integer value as 'DefaultEndpointsProtocol=https;AccountName=rbchesssa;AccountKey=lG9W+utkpTNorE0rTLlfDMUZsTPleXk6pXv6NnfDTi'
[2025-02-18T16:40:08.300+0000] {base.py:84} INFO - Retrieving connection 'azure_chess_storage'
[2025-02-18T16:40:10.564+0000] {logging_mixin.py:190} INFO - Successfully Uploaded Data to Azure Storage as raw/2023-08-games.json
[2025-02-18T16:40:10.566+0000] {python.py:240} INFO - Done. Returned value was: True
[2025-02-18T16:40:10.620+0000] {taskinstance.py:340} INFO - ::group::Post task execution logs
[2025-02-18T16:40:10.622+0000] {taskinstance.py:352} INFO - Marking task as SUCCESS. dag_id=pull_data_from_chess_api, task_id=extract_data_from_chess_api, run_id=scheduled__2023-08-01T00:00:00+00:00, execution_date=20230801T000000, start_date=20250218T164006, end_date=20250218T164010
[2025-02-18T16:40:10.682+0000] {local_task_job_runner.py:266} INFO - Task exited with return code 0
[2025-02-18T16:40:10.705+0000] {local_task_job_runner.py:245} INFO - ::endgroup::
