[2025-03-31T17:42:19.936+0000] {local_task_job_runner.py:123} INFO - ::group::Pre task execution logs
[2025-03-31T17:42:20.007+0000] {taskinstance.py:2612} INFO - Dependencies all met for dep_context=non-requeueable deps ti=<TaskInstance: load_data_warehouse.load_fact_table_to_postgres dataset_triggered__2025-03-31T17:41:02.755967+00:00 [queued]>
[2025-03-31T17:42:20.044+0000] {taskinstance.py:2612} INFO - Dependencies all met for dep_context=requeueable deps ti=<TaskInstance: load_data_warehouse.load_fact_table_to_postgres dataset_triggered__2025-03-31T17:41:02.755967+00:00 [queued]>
[2025-03-31T17:42:20.045+0000] {taskinstance.py:2865} INFO - Starting attempt 1 of 2
[2025-03-31T17:42:20.109+0000] {taskinstance.py:2888} INFO - Executing <Task(PythonOperator): load_fact_table_to_postgres> on 2025-03-31 17:41:02.755967+00:00
[2025-03-31T17:42:20.133+0000] {warnings.py:112} WARNING - /home/***/.local/lib/python3.12/site-packages/***/task/task_runner/standard_task_runner.py:70: DeprecationWarning: This process (pid=10423) is multi-threaded, use of fork() may lead to deadlocks in the child.
  pid = os.fork()

[2025-03-31T17:42:20.139+0000] {standard_task_runner.py:72} INFO - Started process 10432 to run task
[2025-03-31T17:42:20.145+0000] {standard_task_runner.py:104} INFO - Running: ['***', 'tasks', 'run', 'load_data_warehouse', 'load_fact_table_to_postgres', 'dataset_triggered__2025-03-31T17:41:02.755967+00:00', '--job-id', '949', '--raw', '--subdir', 'DAGS_FOLDER/load_data_warehouse_dag.py', '--cfg-path', '/tmp/tmp21u2olsp']
[2025-03-31T17:42:20.157+0000] {standard_task_runner.py:105} INFO - Job 949: Subtask load_fact_table_to_postgres
[2025-03-31T17:42:20.353+0000] {task_command.py:467} INFO - Running <TaskInstance: load_data_warehouse.load_fact_table_to_postgres dataset_triggered__2025-03-31T17:41:02.755967+00:00 [running]> on host 3b3ac09dc50a
[2025-03-31T17:42:20.957+0000] {taskinstance.py:3131} INFO - Exporting env vars: AIRFLOW_CTX_DAG_OWNER='***' AIRFLOW_CTX_DAG_ID='load_data_warehouse' AIRFLOW_CTX_TASK_ID='load_fact_table_to_postgres' AIRFLOW_CTX_EXECUTION_DATE='2025-03-31T17:41:02.755967+00:00' AIRFLOW_CTX_TRY_NUMBER='1' AIRFLOW_CTX_DAG_RUN_ID='dataset_triggered__2025-03-31T17:41:02.755967+00:00'
[2025-03-31T17:42:20.968+0000] {taskinstance.py:731} INFO - ::endgroup::
[2025-03-31T17:42:21.073+0000] {logging_mixin.py:190} INFO - Fetching data for Last Updated Date: 2025-03-10 01:32:14.394982
[2025-03-31T17:42:25.418+0000] {logging_mixin.py:190} INFO - ✅ DataFrame Loaded: 1802 rows, 15 columns
[2025-03-31T17:42:25.455+0000] {base.py:84} INFO - Retrieving connection 'azure_chess_dw'
[2025-03-31T17:42:25.499+0000] {base.py:84} INFO - Retrieving connection 'azure_chess_dw'
[2025-03-31T17:42:37.553+0000] {logging_mixin.py:190} INFO - Successfully Loaded Data to Postgres
[2025-03-31T17:42:37.562+0000] {python.py:240} INFO - Done. Returned value was: None
[2025-03-31T17:42:37.594+0000] {taskinstance.py:340} INFO - ::group::Post task execution logs
[2025-03-31T17:42:37.595+0000] {taskinstance.py:352} INFO - Marking task as SUCCESS. dag_id=load_data_warehouse, task_id=load_fact_table_to_postgres, run_id=dataset_triggered__2025-03-31T17:41:02.755967+00:00, execution_date=20250331T174102, start_date=20250331T174220, end_date=20250331T174237
[2025-03-31T17:42:37.723+0000] {local_task_job_runner.py:266} INFO - Task exited with return code 0
[2025-03-31T17:42:37.803+0000] {taskinstance.py:3900} INFO - 0 downstream tasks scheduled from follow-on schedule check
[2025-03-31T17:42:37.829+0000] {local_task_job_runner.py:245} INFO - ::endgroup::
