[2025-03-11T13:32:35.353+0000] {local_task_job_runner.py:123} INFO - ::group::Pre task execution logs
[2025-03-11T13:32:35.435+0000] {taskinstance.py:2612} INFO - Dependencies all met for dep_context=non-requeueable deps ti=<TaskInstance: load_data_warehouse.create_data_warehouse manual__2025-03-11T13:04:55.437711+00:00 [queued]>
[2025-03-11T13:32:35.475+0000] {taskinstance.py:2612} INFO - Dependencies all met for dep_context=requeueable deps ti=<TaskInstance: load_data_warehouse.create_data_warehouse manual__2025-03-11T13:04:55.437711+00:00 [queued]>
[2025-03-11T13:32:35.476+0000] {taskinstance.py:2865} INFO - Starting attempt 7 of 8
[2025-03-11T13:32:35.549+0000] {taskinstance.py:2888} INFO - Executing <Task(PostgresOperator): create_data_warehouse> on 2025-03-11 13:04:55.437711+00:00
[2025-03-11T13:32:35.573+0000] {warnings.py:112} WARNING - /home/***/.local/lib/python3.12/site-packages/***/task/task_runner/standard_task_runner.py:70: DeprecationWarning: This process (pid=31365) is multi-threaded, use of fork() may lead to deadlocks in the child.
  pid = os.fork()

[2025-03-11T13:32:35.579+0000] {standard_task_runner.py:72} INFO - Started process 31367 to run task
[2025-03-11T13:32:35.580+0000] {standard_task_runner.py:104} INFO - Running: ['***', 'tasks', 'run', 'load_data_warehouse', 'create_data_warehouse', 'manual__2025-03-11T13:04:55.437711+00:00', '--job-id', '573', '--raw', '--subdir', 'DAGS_FOLDER/load_data_warehouse_dag.py', '--cfg-path', '/tmp/tmpbpuwrrek']
[2025-03-11T13:32:35.589+0000] {standard_task_runner.py:105} INFO - Job 573: Subtask create_data_warehouse
[2025-03-11T13:32:35.900+0000] {task_command.py:467} INFO - Running <TaskInstance: load_data_warehouse.create_data_warehouse manual__2025-03-11T13:04:55.437711+00:00 [running]> on host 70b3b9cfbba0
[2025-03-11T13:32:36.185+0000] {taskinstance.py:3131} INFO - Exporting env vars: AIRFLOW_CTX_DAG_OWNER='***' AIRFLOW_CTX_DAG_ID='load_data_warehouse' AIRFLOW_CTX_TASK_ID='create_data_warehouse' AIRFLOW_CTX_EXECUTION_DATE='2025-03-11T13:04:55.437711+00:00' AIRFLOW_CTX_TRY_NUMBER='7' AIRFLOW_CTX_DAG_RUN_ID='manual__2025-03-11T13:04:55.437711+00:00'
[2025-03-11T13:32:36.194+0000] {taskinstance.py:731} INFO - ::endgroup::
[2025-03-11T13:32:36.208+0000] {sql.py:266} INFO - Executing: -- Fact Tables Creating
CREATE SCHEMA IF NOT EXISTS chess_dw;
CREATE TABLE IF NOT EXISTS chess_dw.fact_games (
    game_url INT PRIMARY KEY,
    time_control VARCHAR,
    rated BOOLEAN,
    time_class VARCHAR,
    rules VARCHAR,
    white_rating INT,
    white_result VARCHAR(10),
    black_rating INT,
    black_result VARCHAR(10),
    pgn_event VARCHAR,
    pgn_site VARCHAR,
    game_date DATE,
    pgn_white_user VARCHAR,
    pgn_black_user VARCHAR,
    pgn_result VARCHAR,
    pgn_current_position VARCHAR,
    pgn_timezone VARCHAR,
    pgn_eco VARCHAR,
    pgn_eco_url VARCHAR,
    start_time TIMESTAMP,
    end_time TIMESTAMP,
    end_game_date TIMESTAMP
);


-- Dimension tables creation
CREATE TABLE IF NOT EXISTS chess_dw.dim_date (
    id_dim_date INTEGER,
    game_date DATE,
    day VARCHAR,
    day_of_week VARCHAR,
    day_of_month VARCHAR,
    month VARCHAR,
    month_name VARCHAR,
    quarter VARCHAR,
    year VARCHAR,
    is_weekend VARCHAR
);


CREATE TABLE IF NOT EXISTS chess_dw.dim_openings (
    eco_pgn VARCHAR PRIMARY KEY, 
    opening_letter VARCHAR(1),
    eco_family_code VARCHAR(3),
    eco_full_name VARCHAR,
    eco_shortname VARCHAR
);


CREATE TABLE IF NOT EXISTS chess_dw.dim_users (
    user_id VARCHAR PRIMARY KEY,
    full_name VARCHAR,
    Nationality VARCHAR
);
[2025-03-11T13:32:36.256+0000] {base.py:84} INFO - Retrieving connection 'azure_chess_dw'
[2025-03-11T13:32:36.294+0000] {base.py:84} INFO - Retrieving connection 'azure_chess_dw'
[2025-03-11T13:32:39.636+0000] {sql.py:509} INFO - Running statement: -- Fact Tables Creating
CREATE SCHEMA IF NOT EXISTS chess_dw;
CREATE TABLE IF NOT EXISTS chess_dw.fact_games (
    game_url INT PRIMARY KEY,
    time_control VARCHAR,
    rated BOOLEAN,
    time_class VARCHAR,
    rules VARCHAR,
    white_rating INT,
    white_result VARCHAR(10),
    black_rating INT,
    black_result VARCHAR(10),
    pgn_event VARCHAR,
    pgn_site VARCHAR,
    game_date DATE,
    pgn_white_user VARCHAR,
    pgn_black_user VARCHAR,
    pgn_result VARCHAR,
    pgn_current_position VARCHAR,
    pgn_timezone VARCHAR,
    pgn_eco VARCHAR,
    pgn_eco_url VARCHAR,
    start_time TIMESTAMP,
    end_time TIMESTAMP,
    end_game_date TIMESTAMP
);


-- Dimension tables creation
CREATE TABLE IF NOT EXISTS chess_dw.dim_date (
    id_dim_date INTEGER,
    game_date DATE,
    day VARCHAR,
    day_of_week VARCHAR,
    day_of_month VARCHAR,
    month VARCHAR,
    month_name VARCHAR,
    quarter VARCHAR,
    year VARCHAR,
    is_weekend VARCHAR
);


CREATE TABLE IF NOT EXISTS chess_dw.dim_openings (
    eco_pgn VARCHAR PRIMARY KEY, 
    opening_letter VARCHAR(1),
    eco_family_code VARCHAR(3),
    eco_full_name VARCHAR,
    eco_shortname VARCHAR
);


CREATE TABLE IF NOT EXISTS chess_dw.dim_users (
    user_id VARCHAR PRIMARY KEY,
    full_name VARCHAR,
    Nationality VARCHAR
);, parameters: None
[2025-03-11T13:32:40.573+0000] {taskinstance.py:340} INFO - ::group::Post task execution logs
[2025-03-11T13:32:40.577+0000] {taskinstance.py:352} INFO - Marking task as SUCCESS. dag_id=load_data_warehouse, task_id=create_data_warehouse, run_id=manual__2025-03-11T13:04:55.437711+00:00, execution_date=20250311T130455, start_date=20250311T133235, end_date=20250311T133240
[2025-03-11T13:32:40.695+0000] {local_task_job_runner.py:266} INFO - Task exited with return code 0
[2025-03-11T13:32:40.773+0000] {taskinstance.py:3900} INFO - 0 downstream tasks scheduled from follow-on schedule check
[2025-03-11T13:32:40.779+0000] {local_task_job_runner.py:245} INFO - ::endgroup::
