[2025-03-07T12:27:11.555+0000] {local_task_job_runner.py:123} INFO - ::group::Pre task execution logs
[2025-03-07T12:27:11.589+0000] {taskinstance.py:2612} INFO - Dependencies all met for dep_context=non-requeueable deps ti=<TaskInstance: pull_data_from_chess_api.load_to_gold_layer scheduled__2024-08-01T00:00:00+00:00 [queued]>
[2025-03-07T12:27:11.605+0000] {taskinstance.py:2612} INFO - Dependencies all met for dep_context=requeueable deps ti=<TaskInstance: pull_data_from_chess_api.load_to_gold_layer scheduled__2024-08-01T00:00:00+00:00 [queued]>
[2025-03-07T12:27:11.606+0000] {taskinstance.py:2865} INFO - Starting attempt 1 of 2
[2025-03-07T12:27:11.634+0000] {taskinstance.py:2888} INFO - Executing <Task(PythonOperator): load_to_gold_layer> on 2024-08-01 00:00:00+00:00
[2025-03-07T12:27:11.644+0000] {warnings.py:112} WARNING - /home/***/.local/lib/python3.12/site-packages/***/task/task_runner/standard_task_runner.py:70: DeprecationWarning: This process (pid=8304) is multi-threaded, use of fork() may lead to deadlocks in the child.
  pid = os.fork()

[2025-03-07T12:27:11.646+0000] {standard_task_runner.py:72} INFO - Started process 8305 to run task
[2025-03-07T12:27:11.648+0000] {standard_task_runner.py:104} INFO - Running: ['***', 'tasks', 'run', 'pull_data_from_chess_api', 'load_to_gold_layer', 'scheduled__2024-08-01T00:00:00+00:00', '--job-id', '351', '--raw', '--subdir', 'DAGS_FOLDER/collect_chess_data_dag.py', '--cfg-path', '/tmp/tmpota9ximh']
[2025-03-07T12:27:11.650+0000] {standard_task_runner.py:105} INFO - Job 351: Subtask load_to_gold_layer
[2025-03-07T12:27:11.743+0000] {task_command.py:467} INFO - Running <TaskInstance: pull_data_from_chess_api.load_to_gold_layer scheduled__2024-08-01T00:00:00+00:00 [running]> on host ebc50e07c8a4
[2025-03-07T12:27:11.887+0000] {taskinstance.py:3131} INFO - Exporting env vars: AIRFLOW_CTX_DAG_OWNER='***' AIRFLOW_CTX_DAG_ID='pull_data_from_chess_api' AIRFLOW_CTX_TASK_ID='load_to_gold_layer' AIRFLOW_CTX_EXECUTION_DATE='2024-08-01T00:00:00+00:00' AIRFLOW_CTX_TRY_NUMBER='1' AIRFLOW_CTX_DAG_RUN_ID='scheduled__2024-08-01T00:00:00+00:00'
[2025-03-07T12:27:11.889+0000] {taskinstance.py:731} INFO - ::endgroup::
[2025-03-07T12:27:11.917+0000] {logging_mixin.py:190} INFO - Execution Date: 2024-08-01
[2025-03-07T12:27:11.921+0000] {connection.py:531} ERROR - Unable to retrieve connection from secrets backend (EnvironmentVariablesBackend). Checking subsequent secrets backend.
Traceback (most recent call last):
  File "/home/airflow/.local/lib/python3.12/site-packages/airflow/models/connection.py", line 526, in get_connection_from_secrets
    conn = secrets_backend.get_connection(conn_id=conn_id)
           ^^^^^^^^^^^^^^^^^^^^^^^^^^^^^^^^^^^^^^^^^^^^^^^
  File "/home/airflow/.local/lib/python3.12/site-packages/airflow/secrets/base_secrets.py", line 116, in get_connection
    return self.deserialize_connection(conn_id=conn_id, value=value)
           ^^^^^^^^^^^^^^^^^^^^^^^^^^^^^^^^^^^^^^^^^^^^^^^^^^^^^^^^^
  File "/home/airflow/.local/lib/python3.12/site-packages/airflow/secrets/base_secrets.py", line 70, in deserialize_connection
    return Connection(conn_id=conn_id, uri=value)
           ^^^^^^^^^^^^^^^^^^^^^^^^^^^^^^^^^^^^^^
  File "<string>", line 4, in __init__
  File "/home/airflow/.local/lib/python3.12/site-packages/sqlalchemy/orm/state.py", line 481, in _initialize_instance
    with util.safe_reraise():
         ^^^^^^^^^^^^^^^^^^^
  File "/home/airflow/.local/lib/python3.12/site-packages/sqlalchemy/util/langhelpers.py", line 70, in __exit__
    compat.raise_(
  File "/home/airflow/.local/lib/python3.12/site-packages/sqlalchemy/util/compat.py", line 211, in raise_
    raise exception
  File "/home/airflow/.local/lib/python3.12/site-packages/sqlalchemy/orm/state.py", line 479, in _initialize_instance
    return manager.original_init(*mixed[1:], **kwargs)
           ^^^^^^^^^^^^^^^^^^^^^^^^^^^^^^^^^^^^^^^^^^^
  File "/home/airflow/.local/lib/python3.12/site-packages/airflow/models/connection.py", line 169, in __init__
    self._parse_from_uri(uri)
  File "/home/airflow/.local/lib/python3.12/site-packages/airflow/models/connection.py", line 257, in _parse_from_uri
    self.port = uri_parts.port
                ^^^^^^^^^^^^^^
  File "/usr/local/lib/python3.12/urllib/parse.py", line 182, in port
    raise ValueError(f"Port could not be cast to integer value as {port!r}")
ValueError: Port could not be cast to integer value as 'DefaultEndpointsProtocol=https;AccountName=rbchesssa;AccountKey=lG9W+utkpTNorE0rTLlfDMUZsTPleXk6pXv6NnfDTi'
[2025-03-07T12:27:11.940+0000] {base.py:84} INFO - Retrieving connection 'azure_chess_storage'
[2025-03-07T12:27:15.095+0000] {taskinstance.py:3310} ERROR - Task failed with exception
Traceback (most recent call last):
  File "/home/airflow/.local/lib/python3.12/site-packages/airflow/models/taskinstance.py", line 767, in _execute_task
    result = _execute_callable(context=context, **execute_callable_kwargs)
             ^^^^^^^^^^^^^^^^^^^^^^^^^^^^^^^^^^^^^^^^^^^^^^^^^^^^^^^^^^^^^
  File "/home/airflow/.local/lib/python3.12/site-packages/airflow/models/taskinstance.py", line 733, in _execute_callable
    return ExecutionCallableRunner(
           ^^^^^^^^^^^^^^^^^^^^^^^^
  File "/home/airflow/.local/lib/python3.12/site-packages/airflow/utils/operator_helpers.py", line 252, in run
    return self.func(*args, **kwargs)
           ^^^^^^^^^^^^^^^^^^^^^^^^^^
  File "/home/airflow/.local/lib/python3.12/site-packages/airflow/models/baseoperator.py", line 406, in wrapper
    return func(self, *args, **kwargs)
           ^^^^^^^^^^^^^^^^^^^^^^^^^^^
  File "/home/airflow/.local/lib/python3.12/site-packages/airflow/operators/python.py", line 238, in execute
    return_value = self.execute_callable()
                   ^^^^^^^^^^^^^^^^^^^^^^^
  File "/home/airflow/.local/lib/python3.12/site-packages/airflow/operators/python.py", line 256, in execute_callable
    return runner.run(*self.op_args, **self.op_kwargs)
           ^^^^^^^^^^^^^^^^^^^^^^^^^^^^^^^^^^^^^^^^^^^
  File "/home/airflow/.local/lib/python3.12/site-packages/airflow/utils/operator_helpers.py", line 252, in run
    return self.func(*args, **kwargs)
           ^^^^^^^^^^^^^^^^^^^^^^^^^^
  File "/opt/airflow/dags/scripts/python_scripts.py", line 186, in load_to_gold_layer
    """).fetchdf()
        ^^^^^^^^^
duckdb.duckdb.NotImplementedException: Not implemented Error: Unsupported type "TIME WITH TIME ZONE"
[2025-03-07T12:27:15.109+0000] {taskinstance.py:1225} INFO - Marking task as UP_FOR_RETRY. dag_id=pull_data_from_chess_api, task_id=load_to_gold_layer, run_id=scheduled__2024-08-01T00:00:00+00:00, execution_date=20240801T000000, start_date=20250307T122711, end_date=20250307T122715
[2025-03-07T12:27:15.127+0000] {taskinstance.py:340} INFO - ::group::Post task execution logs
[2025-03-07T12:27:15.127+0000] {standard_task_runner.py:124} ERROR - Failed to execute job 351 for task load_to_gold_layer (Not implemented Error: Unsupported type "TIME WITH TIME ZONE"; 8305)
Traceback (most recent call last):
  File "/home/airflow/.local/lib/python3.12/site-packages/airflow/task/task_runner/standard_task_runner.py", line 117, in _start_by_fork
    ret = args.func(args, dag=self.dag)
          ^^^^^^^^^^^^^^^^^^^^^^^^^^^^^
  File "/home/airflow/.local/lib/python3.12/site-packages/airflow/cli/cli_config.py", line 49, in command
    return func(*args, **kwargs)
           ^^^^^^^^^^^^^^^^^^^^^
  File "/home/airflow/.local/lib/python3.12/site-packages/airflow/utils/cli.py", line 115, in wrapper
    return f(*args, **kwargs)
           ^^^^^^^^^^^^^^^^^^
  File "/home/airflow/.local/lib/python3.12/site-packages/airflow/cli/commands/task_command.py", line 483, in task_run
    task_return_code = _run_task_by_selected_method(args, _dag, ti)
                       ^^^^^^^^^^^^^^^^^^^^^^^^^^^^^^^^^^^^^^^^^^^^
  File "/home/airflow/.local/lib/python3.12/site-packages/airflow/cli/commands/task_command.py", line 256, in _run_task_by_selected_method
    return _run_raw_task(args, ti)
           ^^^^^^^^^^^^^^^^^^^^^^^
  File "/home/airflow/.local/lib/python3.12/site-packages/airflow/cli/commands/task_command.py", line 341, in _run_raw_task
    return ti._run_raw_task(
           ^^^^^^^^^^^^^^^^^
  File "/home/airflow/.local/lib/python3.12/site-packages/airflow/utils/session.py", line 97, in wrapper
    return func(*args, session=session, **kwargs)
           ^^^^^^^^^^^^^^^^^^^^^^^^^^^^^^^^^^^^^^
  File "/home/airflow/.local/lib/python3.12/site-packages/airflow/models/taskinstance.py", line 3004, in _run_raw_task
    return _run_raw_task(
           ^^^^^^^^^^^^^^
  File "/home/airflow/.local/lib/python3.12/site-packages/airflow/models/taskinstance.py", line 273, in _run_raw_task
    TaskInstance._execute_task_with_callbacks(
  File "/home/airflow/.local/lib/python3.12/site-packages/airflow/models/taskinstance.py", line 3158, in _execute_task_with_callbacks
    result = self._execute_task(context, task_orig)
             ^^^^^^^^^^^^^^^^^^^^^^^^^^^^^^^^^^^^^^
  File "/home/airflow/.local/lib/python3.12/site-packages/airflow/models/taskinstance.py", line 3182, in _execute_task
    return _execute_task(self, context, task_orig)
           ^^^^^^^^^^^^^^^^^^^^^^^^^^^^^^^^^^^^^^^
  File "/home/airflow/.local/lib/python3.12/site-packages/airflow/models/taskinstance.py", line 767, in _execute_task
    result = _execute_callable(context=context, **execute_callable_kwargs)
             ^^^^^^^^^^^^^^^^^^^^^^^^^^^^^^^^^^^^^^^^^^^^^^^^^^^^^^^^^^^^^
  File "/home/airflow/.local/lib/python3.12/site-packages/airflow/models/taskinstance.py", line 733, in _execute_callable
    return ExecutionCallableRunner(
           ^^^^^^^^^^^^^^^^^^^^^^^^
  File "/home/airflow/.local/lib/python3.12/site-packages/airflow/utils/operator_helpers.py", line 252, in run
    return self.func(*args, **kwargs)
           ^^^^^^^^^^^^^^^^^^^^^^^^^^
  File "/home/airflow/.local/lib/python3.12/site-packages/airflow/models/baseoperator.py", line 406, in wrapper
    return func(self, *args, **kwargs)
           ^^^^^^^^^^^^^^^^^^^^^^^^^^^
  File "/home/airflow/.local/lib/python3.12/site-packages/airflow/operators/python.py", line 238, in execute
    return_value = self.execute_callable()
                   ^^^^^^^^^^^^^^^^^^^^^^^
  File "/home/airflow/.local/lib/python3.12/site-packages/airflow/operators/python.py", line 256, in execute_callable
    return runner.run(*self.op_args, **self.op_kwargs)
           ^^^^^^^^^^^^^^^^^^^^^^^^^^^^^^^^^^^^^^^^^^^
  File "/home/airflow/.local/lib/python3.12/site-packages/airflow/utils/operator_helpers.py", line 252, in run
    return self.func(*args, **kwargs)
           ^^^^^^^^^^^^^^^^^^^^^^^^^^
  File "/opt/airflow/dags/scripts/python_scripts.py", line 186, in load_to_gold_layer
    """).fetchdf()
        ^^^^^^^^^
duckdb.duckdb.NotImplementedException: Not implemented Error: Unsupported type "TIME WITH TIME ZONE"
[2025-03-07T12:27:15.161+0000] {local_task_job_runner.py:266} INFO - Task exited with return code 1
[2025-03-07T12:27:15.191+0000] {taskinstance.py:3900} INFO - 0 downstream tasks scheduled from follow-on schedule check
[2025-03-07T12:27:15.196+0000] {local_task_job_runner.py:245} INFO - ::endgroup::
[2025-03-10T01:39:21.276+0000] {local_task_job_runner.py:123} INFO - ::group::Pre task execution logs
[2025-03-10T01:39:21.303+0000] {taskinstance.py:2612} INFO - Dependencies all met for dep_context=non-requeueable deps ti=<TaskInstance: pull_data_from_chess_api.load_to_gold_layer scheduled__2024-08-01T00:00:00+00:00 [queued]>
[2025-03-10T01:39:21.316+0000] {taskinstance.py:2612} INFO - Dependencies all met for dep_context=requeueable deps ti=<TaskInstance: pull_data_from_chess_api.load_to_gold_layer scheduled__2024-08-01T00:00:00+00:00 [queued]>
[2025-03-10T01:39:21.316+0000] {taskinstance.py:2865} INFO - Starting attempt 1 of 2
[2025-03-10T01:39:21.337+0000] {taskinstance.py:2888} INFO - Executing <Task(PythonOperator): load_to_gold_layer> on 2024-08-01 00:00:00+00:00
[2025-03-10T01:39:21.354+0000] {warnings.py:112} WARNING - /home/***/.local/lib/python3.12/site-packages/***/task/task_runner/standard_task_runner.py:70: DeprecationWarning: This process (pid=17467) is multi-threaded, use of fork() may lead to deadlocks in the child.
  pid = os.fork()

[2025-03-10T01:39:21.357+0000] {standard_task_runner.py:72} INFO - Started process 17469 to run task
[2025-03-10T01:39:21.358+0000] {standard_task_runner.py:104} INFO - Running: ['***', 'tasks', 'run', 'pull_data_from_chess_api', 'load_to_gold_layer', 'scheduled__2024-08-01T00:00:00+00:00', '--job-id', '546', '--raw', '--subdir', 'DAGS_FOLDER/collect_chess_data_dag.py', '--cfg-path', '/tmp/tmp30w1g4un']
[2025-03-10T01:39:21.364+0000] {standard_task_runner.py:105} INFO - Job 546: Subtask load_to_gold_layer
[2025-03-10T01:39:21.433+0000] {task_command.py:467} INFO - Running <TaskInstance: pull_data_from_chess_api.load_to_gold_layer scheduled__2024-08-01T00:00:00+00:00 [running]> on host 70b3b9cfbba0
[2025-03-10T01:39:21.541+0000] {taskinstance.py:3131} INFO - Exporting env vars: AIRFLOW_CTX_DAG_OWNER='***' AIRFLOW_CTX_DAG_ID='pull_data_from_chess_api' AIRFLOW_CTX_TASK_ID='load_to_gold_layer' AIRFLOW_CTX_EXECUTION_DATE='2024-08-01T00:00:00+00:00' AIRFLOW_CTX_TRY_NUMBER='1' AIRFLOW_CTX_DAG_RUN_ID='scheduled__2024-08-01T00:00:00+00:00'
[2025-03-10T01:39:21.542+0000] {taskinstance.py:731} INFO - ::endgroup::
[2025-03-10T01:39:21.562+0000] {logging_mixin.py:190} INFO - Execution Date: 2024-08-01
[2025-03-10T01:39:21.564+0000] {connection.py:531} ERROR - Unable to retrieve connection from secrets backend (EnvironmentVariablesBackend). Checking subsequent secrets backend.
Traceback (most recent call last):
  File "/home/airflow/.local/lib/python3.12/site-packages/airflow/models/connection.py", line 526, in get_connection_from_secrets
    conn = secrets_backend.get_connection(conn_id=conn_id)
           ^^^^^^^^^^^^^^^^^^^^^^^^^^^^^^^^^^^^^^^^^^^^^^^
  File "/home/airflow/.local/lib/python3.12/site-packages/airflow/secrets/base_secrets.py", line 116, in get_connection
    return self.deserialize_connection(conn_id=conn_id, value=value)
           ^^^^^^^^^^^^^^^^^^^^^^^^^^^^^^^^^^^^^^^^^^^^^^^^^^^^^^^^^
  File "/home/airflow/.local/lib/python3.12/site-packages/airflow/secrets/base_secrets.py", line 70, in deserialize_connection
    return Connection(conn_id=conn_id, uri=value)
           ^^^^^^^^^^^^^^^^^^^^^^^^^^^^^^^^^^^^^^
  File "<string>", line 4, in __init__
  File "/home/airflow/.local/lib/python3.12/site-packages/sqlalchemy/orm/state.py", line 481, in _initialize_instance
    with util.safe_reraise():
         ^^^^^^^^^^^^^^^^^^^
  File "/home/airflow/.local/lib/python3.12/site-packages/sqlalchemy/util/langhelpers.py", line 70, in __exit__
    compat.raise_(
  File "/home/airflow/.local/lib/python3.12/site-packages/sqlalchemy/util/compat.py", line 211, in raise_
    raise exception
  File "/home/airflow/.local/lib/python3.12/site-packages/sqlalchemy/orm/state.py", line 479, in _initialize_instance
    return manager.original_init(*mixed[1:], **kwargs)
           ^^^^^^^^^^^^^^^^^^^^^^^^^^^^^^^^^^^^^^^^^^^
  File "/home/airflow/.local/lib/python3.12/site-packages/airflow/models/connection.py", line 169, in __init__
    self._parse_from_uri(uri)
  File "/home/airflow/.local/lib/python3.12/site-packages/airflow/models/connection.py", line 257, in _parse_from_uri
    self.port = uri_parts.port
                ^^^^^^^^^^^^^^
  File "/usr/local/lib/python3.12/urllib/parse.py", line 182, in port
    raise ValueError(f"Port could not be cast to integer value as {port!r}")
ValueError: Port could not be cast to integer value as 'DefaultEndpointsProtocol=https;AccountName=rbchesssa;AccountKey=lG9W+utkpTNorE0rTLlfDMUZsTPleXk6pXv6NnfDTi'
[2025-03-10T01:39:21.578+0000] {base.py:84} INFO - Retrieving connection 'azure_chess_storage'
[2025-03-10T01:39:22.905+0000] {logging_mixin.py:190} INFO - Previewing Dataframe
[2025-03-10T01:39:22.907+0000] {logging_mixin.py:190} INFO - game_url                        object
time_control                    object
rated                             bool
time_class                      object
rules                           object
white_rating                     int64
white_result                    object
black_rating                     int64
black_result                    object
pgn_event                       object
pgn_site                        object
game_date               datetime64[us]
pgn_white_user                  object
pgn_black_user                  object
pgn_result                      object
pgn_current_position            object
pgn_timezone                    object
pgn_eco                         object
pgn_eco_url                     object
start_time              datetime64[ns]
end_time                datetime64[ns]
end_game_date           datetime64[us]
pgn_raw                         object
pgn_trans                       object
last_updated                    object
dtype: object
[2025-03-10T01:39:22.924+0000] {logging_mixin.py:190} INFO - https://www.chess.com/game/live/116255462083	120+1	True	bullet	chess	840	win	843	checkmated	Live Chess	Chess.com	2024-08-01 00:00:00	Rhythmbear1	Thomas2908	1-0	rn1k2r1/R4p2/2pN1B2/pp1p3p/1P6/P4PP1/7P/3R2K1 b - -	UTC	C40	https://www.chess.com/openings/Kings-Pawn-Opening-Kings-Knight-McConnell-Defense	2024-08-01 12:50:24	2024-08-01 12:54:46	2024-08-01 00:00:00	e4 e5 Nf3 Qf6 d4 exd4 Bc4 Bc5 e5 Qg6 O-O c6 c3 dxc3 Nxc3 b5 Bb3 h6 Re1 Ne7 Be3 Bb4 Bc2 Qe6 Nd4 Qxe5 Nf3 Qf6 Bd4 Qd6 Bxg7 Qxd1 Raxd1 Rg8 Bf6 d5 a3 Bc5 b4 Bd6 Nd4 Bh3 g3 Bg4 f3 Bd7 Nf5 Bxf5 Bxf5 h5 Ne4 Nxf5 Nxd6+ Kd7 Nxf5 a5 Re7+ Kc8 Nd6+ Kd8 Ra7#	1. e4 e5 2. Nf3 Qf6 3. d4 exd4 4. Bc4 Bc5 5. e5 Qg6 6. O-O c6 7. c3 dxc3 8. Nxc3 b5 9. Bb3 h6 10. Re1 Ne7 11. Be3 Bb4 12. Bc2 Qe6 13. Nd4 Qxe5 14. Nf3 Qf6 15. Bd4 Qd6 16. Bxg7 Qxd1 17. Raxd1 Rg8 18. Bf6 d5 19. a3 Bc5 20. b4 Bd6 21. Nd4 Bh3 22. g3 Bg4 23. f3 Bd7 24. Nf5 Bxf5 25. Bxf5 h5 26. Ne4 Nxf5 27. Nxd6+ Kd7 28. Nxf5 a5 29. Re7+ Kc8 30. Nd6+ Kd8 31. Ra7# 	2024-08-01
https://www.chess.com/game/live/116255999135	120+1	True	bullet	chess	862	win	832	abandoned	Live Chess	Chess.com	2024-08-01 00:00:00	s-a-j-u-z	Rhythmbear1	1-0	7r/ppkn2q1/2pb1p2/3p1Qp1/3P4/2P1BN1P/PP3PK1/R4R2 b - -	UTC	C01	https://www.chess.com/openings/French-Defense-Exchange-Variation-3...exd5-4.Nf3-Bd6	2024-08-01 12:55:02	2024-08-01 12:58:34	2024-08-01 00:00:00	e4 e6 Nf3 d5 exd5 exd5 d4 Bd6 c3 c6 Ne5 Ne7 Qf3 f6 Qh5+ g6 Nxg6 Nxg6 Bd3 Qe7+ Be3 Qg7 Bxg6+ hxg6 Qf3 Bf5 Nd2 Nd7 O-O O-O-O h3 g5 Qxf5 Rxh3 gxh3 Rh8 Nf3 Kc7 Kg2	1. e4 e6 2. Nf3 d5 3. exd5 exd5 4. d4 Bd6 5. c3 c6 6. Ne5 Ne7 7. Qf3 f6 8. Qh5+ g6 9. Nxg6 Nxg6 10. Bd3 Qe7+ 11. Be3 Qg7 12. Bxg6+ hxg6 13. Qf3 Bf5 14. Nd2 Nd7 15. O-O O-O-O 16. h3 g5 17. Qxf5 Rxh3 18. gxh3 Rh8 19. Nf3 Kc7 20. Kg2 	2024-08-01
https://www.chess.com/game/live/116256066279	180+2	True	blitz	chess	1003	win	997	resigned	Live Chess	Chess.com	2024-08-01 00:00:00	Lyov8	Rhythmbear1	1-0	r1bB1bnr/ppp2kp1/3p2np/5p2/2PPp3/1QN5/PP2PPPP/R3KB1R b KQ -	UTC	A27	https://www.chess.com/openings/English-Opening-Reversed-Sicilian-Three-Knights-System-3...f5-4.d4-e4	2024-08-01 13:00:46	2024-08-01 13:03:12	2024-08-01 00:00:00	c4 e5 Nc3 f5 Nf3 Nc6 d4 e4 Ne5 Nce7 Qb3 d6 Nf7 Kxf7 Bg5 h6 Bh4 Ng6 Bxd8	1. c4 e5 2. Nc3 f5 3. Nf3 Nc6 4. d4 e4 5. Ne5 Nce7 6. Qb3 d6 7. Nf7 Kxf7 8. Bg5 h6 9. Bh4 Ng6 10. Bxd8 	2024-08-01
https://www.chess.com/game/live/116256579293	180+2	True	blitz	chess	1005	win	995	checkmated	Live Chess	Chess.com	2024-08-01 00:00:00	Rhythmbear1	Lyov8	1-0	3r1r2/5p2/p4pn1/1p6/k2P4/Q3R3/6P1/6K1 b - -	UTC	B12	https://www.chess.com/openings/Caro-Kann-Defense-Fantasy-Variation-3...dxe4-4.fxe4	2024-08-01 13:03:19	2024-08-01 13:11:35	2024-08-01 00:00:00	e4 c6 d4 d5 f3 dxe4 fxe4 Nf6 Bd3 Bg4 Ne2 e6 O-O a6 Nbc3 Bb4 h3 Bh5 Bg5 O-O e5 Bxe2 Qxe2 Qxd4+ Be3 Qxe5 Rae1 Bxc3 bxc3 Qxc3 Rf3 Nbd7 Bf2 Nd5 Bxh7+ Kxh7 Rxc3 Nf4 Qe4+ Ng6 h4 Kg8 Rg3 Nf6 Qd3 Nxh4 Rh3 Ng6 Bd4 Rfd8 c3 c5 Rxe6 cxd4 Rxf6 gxf6 cxd4 Nf4 Qg3+ Ng6 Qg4 b5 Qh5 Kf8 Qh6+ Ke7 Re3+ Kd7 Qh3+ Kc7 Qg3+ Kb6 Qg4 Rg8 Qd7 Rgf8 a4 Rad8 a5+ Kxa5 Qc7+ Kb4 Qc5+ Ka4 Qa3#	1. e4 c6 2. d4 d5 3. f3 dxe4 4. fxe4 Nf6 5. Bd3 Bg4 6. Ne2 e6 7. O-O a6 8. Nbc3 Bb4 9. h3 Bh5 10. Bg5 O-O 11. e5 Bxe2 12. Qxe2 Qxd4+ 13. Be3 Qxe5 14. Rae1 Bxc3 15. bxc3 Qxc3 16. Rf3 Nbd7 17. Bf2 Nd5 18. Bxh7+ Kxh7 19. Rxc3 Nf4 20. Qe4+ Ng6 21. h4 Kg8 22. Rg3 Nf6 23. Qd3 Nxh4 24. Rh3 Ng6 25. Bd4 Rfd8 26. c3 c5 27. Rxe6 cxd4 28. Rxf6 gxf6 29. cxd4 Nf4 30. Qg3+ Ng6 31. Qg4 b5 32. Qh5 Kf8 33. Qh6+ Ke7 34. Re3+ Kd7 35. Qh3+ Kc7 36. Qg3+ Kb6 37. Qg4 Rg8 38. Qd7 Rgf8 39. a4 Rad8 40. a5+ Kxa5 41. Qc7+ Kb4 42. Qc5+ Ka4 43. Qa3# 	2024-08-01
https://www.chess.com/game/live/116256679029	180+2	True	blitz	chess	987	checkmated	1013	win	Live Chess	Chess.com	2024-08-01 00:00:00	Lyov8	Rhythmbear1	0-1	1k2r3/ppp5/3b2p1/3P1n2/P1P1pP1q/1PBKP3/6r1/2R1R3 w - -	UTC	A20	https://www.chess.com/openings/English-Opening-Kings-English-Variation-2.e3	2024-08-01 13:11:41	2024-08-01 13:16:04	2024-08-01 00:00:00	c4 e5 e3 f5 d4 Nc6 d5 Nce7 b3 Nf6 Bb2 Ng6 Qh5 Qe7 Qxf5 d6 Qh5 Nxh5 Nf3 Bf5 Be2 O-O-O Nxe5 dxe5 Bxh5 Bxb1 Rxb1 Qf6 O-O Bd6 f4 Nh4 g3 g6 Bg4+ Kb8 a4 h5 Bh3 Nf5 Rfe1 h4 Rbc1 hxg3 hxg3 Rxh3 Kg2 Rxg3+ Kf2 Qh4 Ke2 Rg2+ Kd3 Re8 Bc3 e4#	1. c4 e5 2. e3 f5 3. d4 Nc6 4. d5 Nce7 5. b3 Nf6 6. Bb2 Ng6 7. Qh5 Qe7 8. Qxf5 d6 9. Qh5 Nxh5 10. Nf3 Bf5 11. Be2 O-O-O 12. Nxe5 dxe5 13. Bxh5 Bxb1 14. Rxb1 Qf6 15. O-O Bd6 16. f4 Nh4 17. g3 g6 18. Bg4+ Kb8 19. a4 h5 20. Bh3 Nf5 21. Rfe1 h4 22. Rbc1 hxg3 23. hxg3 Rxh3 24. Kg2 Rxg3+ 25. Kf2 Qh4 26. Ke2 Rg2+ 27. Kd3 Re8 28. Bc3 e4#	2024-08-01
[2025-03-10T01:39:24.553+0000] {logging_mixin.py:190} INFO - Previewing Dataframe
[2025-03-10T01:39:24.554+0000] {logging_mixin.py:190} INFO - game_url                        object
time_control                    object
rated                             bool
time_class                      object
rules                           object
white_rating                     int64
white_result                    object
black_rating                     int64
black_result                    object
pgn_event                       object
pgn_site                        object
game_date               datetime64[us]
pgn_white_user                  object
pgn_black_user                  object
pgn_result                      object
pgn_current_position            object
pgn_timezone                    object
pgn_eco                         object
pgn_eco_url                     object
start_time              datetime64[ns]
end_time                datetime64[ns]
end_game_date           datetime64[us]
pgn_raw                         object
pgn_trans                       object
last_updated            datetime64[us]
dtype: object
[2025-03-10T01:39:24.589+0000] {logging_mixin.py:190} INFO - https://www.chess.com/game/live/100458887921	120+1	True	bullet	chess	574	timeout	745	win	Live Chess	Chess.com	2024-01-31 00:00:00	Rhythmbear1	hussein12n	0-1	4r1k1/pppb1p1p/6p1/8/8/B1P3P1/P1P2P1P/6K1 w - -	UTC	B08	https://www.chess.com/openings/Pirc-Defense-Classical-Quiet-System-5...O-O-6.O-O	2024-01-31 16:53:24	2024-01-31 16:56:40	2024-01-31 00:00:00	e4 g6 Nf3 d6 d4 Nf6 Nc3 Bg7 Be2 O-O O-O Re8 Bg5 Nfd7 e5 dxe5 dxe5 Nxe5 Qxd8 Rxd8 Nxe5 Bxe5 Bxe7 Re8 Ba3 Bxc3 bxc3 Rxe2 Rad1 Re8 g3 Be6 Rfe1 Nd7 Rxd7 Bxd7 Rxe8+ Rxe8	1. e4 g6 2. Nf3 d6 3. d4 Nf6 4. Nc3 Bg7 5. Be2 O-O 6. O-O Re8 7. Bg5 Nfd7 8. e5 dxe5 9. dxe5 Nxe5 10. Qxd8 Rxd8 11. Nxe5 Bxe5 12. Bxe7 Re8 13. Ba3 Bxc3 14. bxc3 Rxe2 15. Rad1 Re8 16. g3 Be6 17. Rfe1 Nd7 18. Rxd7 Bxd7 19. Rxe8+ Rxe8	2024-01-01 00:00:00
https://www.chess.com/game/live/100882455715	600	True	rapid	chess	1356	resigned	1329	win	Live Chess	Chess.com	2024-02-05 00:00:00	maximus307	Rhythmbear1	0-1	r4r1k/pp4pp/2pq1np1/8/2P5/1B6/P4PPP/R1B2R1K b - -	UTC	C00	https://www.chess.com/openings/French-Defense-Knight-Variation-2...d5-3.exd5-exd5	2024-02-05 14:32:06	2024-02-05 14:36:02	2024-02-05 00:00:00	e4 e6 Nf3 d5 exd5 exd5 Be2 Bd6 O-O Ne7 d4 O-O Nc3 Bf5 Nb5 c6 Nxd6 Qxd6 c3 Bg6 Ne5 Nd7 Nxg6 fxg6 c4 dxc4 Bxc4+ Kh8 Bb3 Nf5 Qc2 Nxd4 Qc3 Ne2+ Kh1 Nxc3 bxc3 Nf6 c4	1. e4 e6 2. Nf3 d5 3. exd5 exd5 4. Be2 Bd6 5. O-O Ne7 6. d4 O-O 7. Nc3 Bf5 8. Nb5 c6 9. Nxd6 Qxd6 10. c3 Bg6 11. Ne5 Nd7 12. Nxg6 fxg6 13. c4 dxc4 14. Bxc4+ Kh8 15. Bb3 Nf5 16. Qc2 Nxd4 17. Qc3 Ne2+ 18. Kh1 Nxc3 19. bxc3 Nf6 20. c4 	2024-02-01 00:00:00
https://www.chess.com/game/live/100904698899	120+1	True	bullet	chess	576	win	608	resigned	Live Chess	Chess.com	2024-02-05 00:00:00	Rhythmbear1	MrRandy100	1-0	r1b2rk1/ppp2ppp/2n5/4P1B1/2BPQ3/1P6/P1P3PP/R4RK1 b - -	UTC	B02	https://www.chess.com/openings/Alekhines-Defense-Scandinavian-Variation-3.exd5-Nxd5-4.Nxd5-Qxd5-5.Nf3	2024-02-05 20:43:52	2024-02-05 20:46:41	2024-02-05 00:00:00	e4 d5 exd5 Nf6 Nc3 Nxd5 Nxd5 Qxd5 Nf3 e5 b3 e4 Bc4 Qc6 Qe2 Be7 Ne5 Qf6 O-O O-O Qxe4 Bd6 f4 Nc6 d4 Bxe5 fxe5 Qg5 Bxg5	1. e4 d5 2. exd5 Nf6 3. Nc3 Nxd5 4. Nxd5 Qxd5 5. Nf3 e5 6. b3 e4 7. Bc4 Qc6 8. Qe2 Be7 9. Ne5 Qf6 10. O-O O-O 11. Qxe4 Bd6 12. f4 Nc6 13. d4 Bxe5 14. fxe5 Qg5 15. Bxg5 	2024-02-01 00:00:00
https://www.chess.com/game/live/101125920089	600	True	rapid	chess	1350	checkmated	1324	win	Live Chess	Chess.com	2024-02-08 00:00:00	hardybazyani691	Rhythmbear1	0-1	r1b1r1k1/pp3pp1/2pq3p/3p4/7B/1BNP1K2/PPPQ1PPn/1R3R2 w - -	UTC	C00	https://www.chess.com/openings/French-Defense	2024-02-08 10:06:01	2024-02-08 10:08:44	2024-02-08 00:00:00	e4 e6 Bc4 d5 exd5 exd5 Bb3 Nf6 Nf3 Bd6 O-O O-O d3 c6 Bg5 h6 Bh4 Nbd7 Nc3 Re8 Qd2 Ne5 Nxe5 Bxe5 Rab1 Bxh2+ Kxh2 Ng4+ Kg3 Qd6+ Kf3 Nh2#	1. e4 e6 2. Bc4 d5 3. exd5 exd5 4. Bb3 Nf6 5. Nf3 Bd6 6. O-O O-O 7. d3 c6 8. Bg5 h6 9. Bh4 Nbd7 10. Nc3 Re8 11. Qd2 Ne5 12. Nxe5 Bxe5 13. Rab1 Bxh2+ 14. Kxh2 Ng4+ 15. Kg3 Qd6+ 16. Kf3 Nh2#	2024-02-01 00:00:00
https://www.chess.com/game/live/101127771751	600	True	rapid	chess	1346	resigned	1317	win	Live Chess	Chess.com	2024-02-08 00:00:00	sojibhossain123	Rhythmbear1	0-1	rnbqkbnr/pppp1ppp/4p3/8/4P3/5N2/PPPP1PPP/RNBQKB1R b KQkq -	UTC	C00	https://www.chess.com/openings/French-Defense-Knight-Variation	2024-02-08 10:39:06	2024-02-08 10:41:00	2024-02-08 00:00:00	e4 e6 Nf3	1. e4 e6 2. Nf3 	2024-02-01 00:00:00
[2025-03-10T01:39:26.081+0000] {python.py:240} INFO - Done. Returned value was: None
[2025-03-10T01:39:26.092+0000] {taskinstance.py:340} INFO - ::group::Post task execution logs
[2025-03-10T01:39:26.092+0000] {taskinstance.py:352} INFO - Marking task as SUCCESS. dag_id=pull_data_from_chess_api, task_id=load_to_gold_layer, run_id=scheduled__2024-08-01T00:00:00+00:00, execution_date=20240801T000000, start_date=20250310T013921, end_date=20250310T013926
[2025-03-10T01:39:26.123+0000] {local_task_job_runner.py:266} INFO - Task exited with return code 0
[2025-03-10T01:39:26.142+0000] {taskinstance.py:3900} INFO - 0 downstream tasks scheduled from follow-on schedule check
[2025-03-10T01:39:26.145+0000] {local_task_job_runner.py:245} INFO - ::endgroup::
