[2025-01-29T16:03:03.430+0000] {processor.py:186} INFO - Started process (PID=45) to work on /opt/airflow/dags/chess_dag.py
[2025-01-29T16:03:03.442+0000] {processor.py:914} INFO - Processing file /opt/airflow/dags/chess_dag.py for tasks to queue
[2025-01-29T16:03:03.470+0000] {logging_mixin.py:190} INFO - [2025-01-29T16:03:03.469+0000] {dagbag.py:588} INFO - Filling up the DagBag from /opt/airflow/dags/chess_dag.py
[2025-01-29T16:04:08.974+0000] {processor.py:186} INFO - Started process (PID=40) to work on /opt/airflow/dags/chess_dag.py
[2025-01-29T16:04:08.976+0000] {processor.py:914} INFO - Processing file /opt/airflow/dags/chess_dag.py for tasks to queue
[2025-01-29T16:04:08.979+0000] {logging_mixin.py:190} INFO - [2025-01-29T16:04:08.979+0000] {dagbag.py:588} INFO - Filling up the DagBag from /opt/airflow/dags/chess_dag.py
[2025-01-29T16:04:09.646+0000] {processor.py:925} INFO - DAG(s) 'pull_data_from_chess_api' retrieved from /opt/airflow/dags/chess_dag.py
[2025-01-29T16:04:09.674+0000] {logging_mixin.py:190} INFO - [2025-01-29T16:04:09.674+0000] {dag.py:3239} INFO - Sync 1 DAGs
[2025-01-29T16:04:09.713+0000] {logging_mixin.py:190} INFO - [2025-01-29T16:04:09.713+0000] {dag.py:4180} INFO - Setting next_dagrun for pull_data_from_chess_api to 2025-01-19 00:00:00+00:00, run_after=2025-01-26 00:00:00+00:00
[2025-01-29T16:04:09.740+0000] {processor.py:208} INFO - Processing /opt/airflow/dags/chess_dag.py took 0.779 seconds
[2025-01-29T16:04:39.974+0000] {processor.py:186} INFO - Started process (PID=48) to work on /opt/airflow/dags/chess_dag.py
[2025-01-29T16:04:39.975+0000] {processor.py:914} INFO - Processing file /opt/airflow/dags/chess_dag.py for tasks to queue
[2025-01-29T16:04:39.980+0000] {logging_mixin.py:190} INFO - [2025-01-29T16:04:39.979+0000] {dagbag.py:588} INFO - Filling up the DagBag from /opt/airflow/dags/chess_dag.py
[2025-01-29T16:04:40.341+0000] {processor.py:925} INFO - DAG(s) 'pull_data_from_chess_api' retrieved from /opt/airflow/dags/chess_dag.py
[2025-01-29T16:04:40.365+0000] {logging_mixin.py:190} INFO - [2025-01-29T16:04:40.364+0000] {dag.py:3239} INFO - Sync 1 DAGs
[2025-01-29T16:04:40.394+0000] {logging_mixin.py:190} INFO - [2025-01-29T16:04:40.394+0000] {dag.py:4180} INFO - Setting next_dagrun for pull_data_from_chess_api to 2025-01-26 00:00:00+00:00, run_after=2025-02-02 00:00:00+00:00
[2025-01-29T16:04:40.414+0000] {processor.py:208} INFO - Processing /opt/airflow/dags/chess_dag.py took 0.447 seconds
[2025-01-29T16:05:10.622+0000] {processor.py:186} INFO - Started process (PID=56) to work on /opt/airflow/dags/chess_dag.py
[2025-01-29T16:05:10.625+0000] {processor.py:914} INFO - Processing file /opt/airflow/dags/chess_dag.py for tasks to queue
[2025-01-29T16:05:10.630+0000] {logging_mixin.py:190} INFO - [2025-01-29T16:05:10.629+0000] {dagbag.py:588} INFO - Filling up the DagBag from /opt/airflow/dags/chess_dag.py
[2025-01-29T16:05:11.127+0000] {processor.py:925} INFO - DAG(s) 'pull_data_from_chess_api' retrieved from /opt/airflow/dags/chess_dag.py
[2025-01-29T16:05:11.168+0000] {logging_mixin.py:190} INFO - [2025-01-29T16:05:11.167+0000] {dag.py:3239} INFO - Sync 1 DAGs
[2025-01-29T16:05:11.201+0000] {logging_mixin.py:190} INFO - [2025-01-29T16:05:11.201+0000] {dag.py:4180} INFO - Setting next_dagrun for pull_data_from_chess_api to 2025-01-26 00:00:00+00:00, run_after=2025-02-02 00:00:00+00:00
[2025-01-29T16:05:11.230+0000] {processor.py:208} INFO - Processing /opt/airflow/dags/chess_dag.py took 0.617 seconds
[2025-01-29T16:05:41.434+0000] {processor.py:186} INFO - Started process (PID=64) to work on /opt/airflow/dags/chess_dag.py
[2025-01-29T16:05:41.435+0000] {processor.py:914} INFO - Processing file /opt/airflow/dags/chess_dag.py for tasks to queue
[2025-01-29T16:05:41.440+0000] {logging_mixin.py:190} INFO - [2025-01-29T16:05:41.439+0000] {dagbag.py:588} INFO - Filling up the DagBag from /opt/airflow/dags/chess_dag.py
[2025-01-29T16:05:41.899+0000] {processor.py:925} INFO - DAG(s) 'pull_data_from_chess_api' retrieved from /opt/airflow/dags/chess_dag.py
[2025-01-29T16:05:41.928+0000] {logging_mixin.py:190} INFO - [2025-01-29T16:05:41.928+0000] {dag.py:3239} INFO - Sync 1 DAGs
[2025-01-29T16:05:41.971+0000] {logging_mixin.py:190} INFO - [2025-01-29T16:05:41.971+0000] {dag.py:4180} INFO - Setting next_dagrun for pull_data_from_chess_api to 2025-01-26 00:00:00+00:00, run_after=2025-02-02 00:00:00+00:00
[2025-01-29T16:05:42.005+0000] {processor.py:208} INFO - Processing /opt/airflow/dags/chess_dag.py took 0.587 seconds
[2025-01-29T16:06:12.188+0000] {processor.py:186} INFO - Started process (PID=78) to work on /opt/airflow/dags/chess_dag.py
[2025-01-29T16:06:12.190+0000] {processor.py:914} INFO - Processing file /opt/airflow/dags/chess_dag.py for tasks to queue
[2025-01-29T16:06:12.193+0000] {logging_mixin.py:190} INFO - [2025-01-29T16:06:12.192+0000] {dagbag.py:588} INFO - Filling up the DagBag from /opt/airflow/dags/chess_dag.py
[2025-01-29T16:06:12.533+0000] {processor.py:925} INFO - DAG(s) 'pull_data_from_chess_api' retrieved from /opt/airflow/dags/chess_dag.py
[2025-01-29T16:06:12.556+0000] {logging_mixin.py:190} INFO - [2025-01-29T16:06:12.556+0000] {dag.py:3239} INFO - Sync 1 DAGs
[2025-01-29T16:06:12.584+0000] {logging_mixin.py:190} INFO - [2025-01-29T16:06:12.584+0000] {dag.py:4180} INFO - Setting next_dagrun for pull_data_from_chess_api to 2025-01-26 00:00:00+00:00, run_after=2025-02-02 00:00:00+00:00
[2025-01-29T16:06:12.607+0000] {processor.py:208} INFO - Processing /opt/airflow/dags/chess_dag.py took 0.426 seconds
[2025-01-29T16:06:42.795+0000] {processor.py:186} INFO - Started process (PID=86) to work on /opt/airflow/dags/chess_dag.py
[2025-01-29T16:06:42.796+0000] {processor.py:914} INFO - Processing file /opt/airflow/dags/chess_dag.py for tasks to queue
[2025-01-29T16:06:42.799+0000] {logging_mixin.py:190} INFO - [2025-01-29T16:06:42.798+0000] {dagbag.py:588} INFO - Filling up the DagBag from /opt/airflow/dags/chess_dag.py
[2025-01-29T16:06:43.283+0000] {processor.py:925} INFO - DAG(s) 'pull_data_from_chess_api' retrieved from /opt/airflow/dags/chess_dag.py
[2025-01-29T16:06:43.316+0000] {logging_mixin.py:190} INFO - [2025-01-29T16:06:43.316+0000] {dag.py:3239} INFO - Sync 1 DAGs
[2025-01-29T16:06:43.354+0000] {logging_mixin.py:190} INFO - [2025-01-29T16:06:43.354+0000] {dag.py:4180} INFO - Setting next_dagrun for pull_data_from_chess_api to 2025-01-26 00:00:00+00:00, run_after=2025-02-02 00:00:00+00:00
[2025-01-29T16:06:43.385+0000] {processor.py:208} INFO - Processing /opt/airflow/dags/chess_dag.py took 0.597 seconds
[2025-01-29T16:07:13.553+0000] {processor.py:186} INFO - Started process (PID=94) to work on /opt/airflow/dags/chess_dag.py
[2025-01-29T16:07:13.556+0000] {processor.py:914} INFO - Processing file /opt/airflow/dags/chess_dag.py for tasks to queue
[2025-01-29T16:07:13.560+0000] {logging_mixin.py:190} INFO - [2025-01-29T16:07:13.559+0000] {dagbag.py:588} INFO - Filling up the DagBag from /opt/airflow/dags/chess_dag.py
[2025-01-29T16:07:13.913+0000] {processor.py:925} INFO - DAG(s) 'pull_data_from_chess_api' retrieved from /opt/airflow/dags/chess_dag.py
[2025-01-29T16:07:13.944+0000] {logging_mixin.py:190} INFO - [2025-01-29T16:07:13.943+0000] {dag.py:3239} INFO - Sync 1 DAGs
[2025-01-29T16:07:13.969+0000] {logging_mixin.py:190} INFO - [2025-01-29T16:07:13.969+0000] {dag.py:4180} INFO - Setting next_dagrun for pull_data_from_chess_api to 2025-01-26 00:00:00+00:00, run_after=2025-02-02 00:00:00+00:00
[2025-01-29T16:07:13.990+0000] {processor.py:208} INFO - Processing /opt/airflow/dags/chess_dag.py took 0.447 seconds
