[2025-03-07T12:22:10.776+0000] {local_task_job_runner.py:123} INFO - ::group::Pre task execution logs
[2025-03-07T12:22:10.795+0000] {taskinstance.py:2612} INFO - Dependencies all met for dep_context=non-requeueable deps ti=<TaskInstance: pull_data_from_chess_api.load_to_gold_layer scheduled__2023-07-01T00:00:00+00:00 [queued]>
[2025-03-07T12:22:10.805+0000] {taskinstance.py:2612} INFO - Dependencies all met for dep_context=requeueable deps ti=<TaskInstance: pull_data_from_chess_api.load_to_gold_layer scheduled__2023-07-01T00:00:00+00:00 [queued]>
[2025-03-07T12:22:10.806+0000] {taskinstance.py:2865} INFO - Starting attempt 1 of 2
[2025-03-07T12:22:10.822+0000] {taskinstance.py:2888} INFO - Executing <Task(PythonOperator): load_to_gold_layer> on 2023-07-01 00:00:00+00:00
[2025-03-07T12:22:10.829+0000] {warnings.py:112} WARNING - /home/***/.local/lib/python3.12/site-packages/***/task/task_runner/standard_task_runner.py:70: DeprecationWarning: This process (pid=7955) is multi-threaded, use of fork() may lead to deadlocks in the child.
  pid = os.fork()

[2025-03-07T12:22:10.831+0000] {standard_task_runner.py:72} INFO - Started process 7956 to run task
[2025-03-07T12:22:10.832+0000] {standard_task_runner.py:104} INFO - Running: ['***', 'tasks', 'run', 'pull_data_from_chess_api', 'load_to_gold_layer', 'scheduled__2023-07-01T00:00:00+00:00', '--job-id', '325', '--raw', '--subdir', 'DAGS_FOLDER/collect_chess_data_dag.py', '--cfg-path', '/tmp/tmpeg_80z1z']
[2025-03-07T12:22:10.833+0000] {standard_task_runner.py:105} INFO - Job 325: Subtask load_to_gold_layer
[2025-03-07T12:22:10.889+0000] {task_command.py:467} INFO - Running <TaskInstance: pull_data_from_chess_api.load_to_gold_layer scheduled__2023-07-01T00:00:00+00:00 [running]> on host ebc50e07c8a4
[2025-03-07T12:22:10.985+0000] {taskinstance.py:3131} INFO - Exporting env vars: AIRFLOW_CTX_DAG_OWNER='***' AIRFLOW_CTX_DAG_ID='pull_data_from_chess_api' AIRFLOW_CTX_TASK_ID='load_to_gold_layer' AIRFLOW_CTX_EXECUTION_DATE='2023-07-01T00:00:00+00:00' AIRFLOW_CTX_TRY_NUMBER='1' AIRFLOW_CTX_DAG_RUN_ID='scheduled__2023-07-01T00:00:00+00:00'
[2025-03-07T12:22:10.986+0000] {taskinstance.py:731} INFO - ::endgroup::
[2025-03-07T12:22:11.007+0000] {logging_mixin.py:190} INFO - Execution Date: 2023-07-01
[2025-03-07T12:22:11.009+0000] {connection.py:531} ERROR - Unable to retrieve connection from secrets backend (EnvironmentVariablesBackend). Checking subsequent secrets backend.
Traceback (most recent call last):
  File "/home/airflow/.local/lib/python3.12/site-packages/airflow/models/connection.py", line 526, in get_connection_from_secrets
    conn = secrets_backend.get_connection(conn_id=conn_id)
           ^^^^^^^^^^^^^^^^^^^^^^^^^^^^^^^^^^^^^^^^^^^^^^^
  File "/home/airflow/.local/lib/python3.12/site-packages/airflow/secrets/base_secrets.py", line 116, in get_connection
    return self.deserialize_connection(conn_id=conn_id, value=value)
           ^^^^^^^^^^^^^^^^^^^^^^^^^^^^^^^^^^^^^^^^^^^^^^^^^^^^^^^^^
  File "/home/airflow/.local/lib/python3.12/site-packages/airflow/secrets/base_secrets.py", line 70, in deserialize_connection
    return Connection(conn_id=conn_id, uri=value)
           ^^^^^^^^^^^^^^^^^^^^^^^^^^^^^^^^^^^^^^
  File "<string>", line 4, in __init__
  File "/home/airflow/.local/lib/python3.12/site-packages/sqlalchemy/orm/state.py", line 481, in _initialize_instance
    with util.safe_reraise():
         ^^^^^^^^^^^^^^^^^^^
  File "/home/airflow/.local/lib/python3.12/site-packages/sqlalchemy/util/langhelpers.py", line 70, in __exit__
    compat.raise_(
  File "/home/airflow/.local/lib/python3.12/site-packages/sqlalchemy/util/compat.py", line 211, in raise_
    raise exception
  File "/home/airflow/.local/lib/python3.12/site-packages/sqlalchemy/orm/state.py", line 479, in _initialize_instance
    return manager.original_init(*mixed[1:], **kwargs)
           ^^^^^^^^^^^^^^^^^^^^^^^^^^^^^^^^^^^^^^^^^^^
  File "/home/airflow/.local/lib/python3.12/site-packages/airflow/models/connection.py", line 169, in __init__
    self._parse_from_uri(uri)
  File "/home/airflow/.local/lib/python3.12/site-packages/airflow/models/connection.py", line 257, in _parse_from_uri
    self.port = uri_parts.port
                ^^^^^^^^^^^^^^
  File "/usr/local/lib/python3.12/urllib/parse.py", line 182, in port
    raise ValueError(f"Port could not be cast to integer value as {port!r}")
ValueError: Port could not be cast to integer value as 'DefaultEndpointsProtocol=https;AccountName=rbchesssa;AccountKey=lG9W+utkpTNorE0rTLlfDMUZsTPleXk6pXv6NnfDTi'
[2025-03-07T12:22:11.023+0000] {base.py:84} INFO - Retrieving connection 'azure_chess_storage'
[2025-03-07T12:22:14.038+0000] {taskinstance.py:3310} ERROR - Task failed with exception
Traceback (most recent call last):
  File "/home/airflow/.local/lib/python3.12/site-packages/airflow/models/taskinstance.py", line 767, in _execute_task
    result = _execute_callable(context=context, **execute_callable_kwargs)
             ^^^^^^^^^^^^^^^^^^^^^^^^^^^^^^^^^^^^^^^^^^^^^^^^^^^^^^^^^^^^^
  File "/home/airflow/.local/lib/python3.12/site-packages/airflow/models/taskinstance.py", line 733, in _execute_callable
    return ExecutionCallableRunner(
           ^^^^^^^^^^^^^^^^^^^^^^^^
  File "/home/airflow/.local/lib/python3.12/site-packages/airflow/utils/operator_helpers.py", line 252, in run
    return self.func(*args, **kwargs)
           ^^^^^^^^^^^^^^^^^^^^^^^^^^
  File "/home/airflow/.local/lib/python3.12/site-packages/airflow/models/baseoperator.py", line 406, in wrapper
    return func(self, *args, **kwargs)
           ^^^^^^^^^^^^^^^^^^^^^^^^^^^
  File "/home/airflow/.local/lib/python3.12/site-packages/airflow/operators/python.py", line 238, in execute
    return_value = self.execute_callable()
                   ^^^^^^^^^^^^^^^^^^^^^^^
  File "/home/airflow/.local/lib/python3.12/site-packages/airflow/operators/python.py", line 256, in execute_callable
    return runner.run(*self.op_args, **self.op_kwargs)
           ^^^^^^^^^^^^^^^^^^^^^^^^^^^^^^^^^^^^^^^^^^^
  File "/home/airflow/.local/lib/python3.12/site-packages/airflow/utils/operator_helpers.py", line 252, in run
    return self.func(*args, **kwargs)
           ^^^^^^^^^^^^^^^^^^^^^^^^^^
  File "/opt/airflow/dags/scripts/python_scripts.py", line 186, in load_to_gold_layer
    """).fetchdf()
        ^^^^^^^^^
duckdb.duckdb.NotImplementedException: Not implemented Error: Unsupported type "TIME WITH TIME ZONE"
[2025-03-07T12:22:14.052+0000] {taskinstance.py:1225} INFO - Marking task as UP_FOR_RETRY. dag_id=pull_data_from_chess_api, task_id=load_to_gold_layer, run_id=scheduled__2023-07-01T00:00:00+00:00, execution_date=20230701T000000, start_date=20250307T122210, end_date=20250307T122214
[2025-03-07T12:22:14.070+0000] {taskinstance.py:340} INFO - ::group::Post task execution logs
[2025-03-07T12:22:14.071+0000] {standard_task_runner.py:124} ERROR - Failed to execute job 325 for task load_to_gold_layer (Not implemented Error: Unsupported type "TIME WITH TIME ZONE"; 7956)
Traceback (most recent call last):
  File "/home/airflow/.local/lib/python3.12/site-packages/airflow/task/task_runner/standard_task_runner.py", line 117, in _start_by_fork
    ret = args.func(args, dag=self.dag)
          ^^^^^^^^^^^^^^^^^^^^^^^^^^^^^
  File "/home/airflow/.local/lib/python3.12/site-packages/airflow/cli/cli_config.py", line 49, in command
    return func(*args, **kwargs)
           ^^^^^^^^^^^^^^^^^^^^^
  File "/home/airflow/.local/lib/python3.12/site-packages/airflow/utils/cli.py", line 115, in wrapper
    return f(*args, **kwargs)
           ^^^^^^^^^^^^^^^^^^
  File "/home/airflow/.local/lib/python3.12/site-packages/airflow/cli/commands/task_command.py", line 483, in task_run
    task_return_code = _run_task_by_selected_method(args, _dag, ti)
                       ^^^^^^^^^^^^^^^^^^^^^^^^^^^^^^^^^^^^^^^^^^^^
  File "/home/airflow/.local/lib/python3.12/site-packages/airflow/cli/commands/task_command.py", line 256, in _run_task_by_selected_method
    return _run_raw_task(args, ti)
           ^^^^^^^^^^^^^^^^^^^^^^^
  File "/home/airflow/.local/lib/python3.12/site-packages/airflow/cli/commands/task_command.py", line 341, in _run_raw_task
    return ti._run_raw_task(
           ^^^^^^^^^^^^^^^^^
  File "/home/airflow/.local/lib/python3.12/site-packages/airflow/utils/session.py", line 97, in wrapper
    return func(*args, session=session, **kwargs)
           ^^^^^^^^^^^^^^^^^^^^^^^^^^^^^^^^^^^^^^
  File "/home/airflow/.local/lib/python3.12/site-packages/airflow/models/taskinstance.py", line 3004, in _run_raw_task
    return _run_raw_task(
           ^^^^^^^^^^^^^^
  File "/home/airflow/.local/lib/python3.12/site-packages/airflow/models/taskinstance.py", line 273, in _run_raw_task
    TaskInstance._execute_task_with_callbacks(
  File "/home/airflow/.local/lib/python3.12/site-packages/airflow/models/taskinstance.py", line 3158, in _execute_task_with_callbacks
    result = self._execute_task(context, task_orig)
             ^^^^^^^^^^^^^^^^^^^^^^^^^^^^^^^^^^^^^^
  File "/home/airflow/.local/lib/python3.12/site-packages/airflow/models/taskinstance.py", line 3182, in _execute_task
    return _execute_task(self, context, task_orig)
           ^^^^^^^^^^^^^^^^^^^^^^^^^^^^^^^^^^^^^^^
  File "/home/airflow/.local/lib/python3.12/site-packages/airflow/models/taskinstance.py", line 767, in _execute_task
    result = _execute_callable(context=context, **execute_callable_kwargs)
             ^^^^^^^^^^^^^^^^^^^^^^^^^^^^^^^^^^^^^^^^^^^^^^^^^^^^^^^^^^^^^
  File "/home/airflow/.local/lib/python3.12/site-packages/airflow/models/taskinstance.py", line 733, in _execute_callable
    return ExecutionCallableRunner(
           ^^^^^^^^^^^^^^^^^^^^^^^^
  File "/home/airflow/.local/lib/python3.12/site-packages/airflow/utils/operator_helpers.py", line 252, in run
    return self.func(*args, **kwargs)
           ^^^^^^^^^^^^^^^^^^^^^^^^^^
  File "/home/airflow/.local/lib/python3.12/site-packages/airflow/models/baseoperator.py", line 406, in wrapper
    return func(self, *args, **kwargs)
           ^^^^^^^^^^^^^^^^^^^^^^^^^^^
  File "/home/airflow/.local/lib/python3.12/site-packages/airflow/operators/python.py", line 238, in execute
    return_value = self.execute_callable()
                   ^^^^^^^^^^^^^^^^^^^^^^^
  File "/home/airflow/.local/lib/python3.12/site-packages/airflow/operators/python.py", line 256, in execute_callable
    return runner.run(*self.op_args, **self.op_kwargs)
           ^^^^^^^^^^^^^^^^^^^^^^^^^^^^^^^^^^^^^^^^^^^
  File "/home/airflow/.local/lib/python3.12/site-packages/airflow/utils/operator_helpers.py", line 252, in run
    return self.func(*args, **kwargs)
           ^^^^^^^^^^^^^^^^^^^^^^^^^^
  File "/opt/airflow/dags/scripts/python_scripts.py", line 186, in load_to_gold_layer
    """).fetchdf()
        ^^^^^^^^^
duckdb.duckdb.NotImplementedException: Not implemented Error: Unsupported type "TIME WITH TIME ZONE"
[2025-03-07T12:22:14.104+0000] {local_task_job_runner.py:266} INFO - Task exited with return code 1
[2025-03-07T12:22:14.130+0000] {taskinstance.py:3900} INFO - 0 downstream tasks scheduled from follow-on schedule check
[2025-03-07T12:22:14.134+0000] {local_task_job_runner.py:245} INFO - ::endgroup::
[2025-03-10T01:34:34.292+0000] {local_task_job_runner.py:123} INFO - ::group::Pre task execution logs
[2025-03-10T01:34:34.311+0000] {taskinstance.py:2612} INFO - Dependencies all met for dep_context=non-requeueable deps ti=<TaskInstance: pull_data_from_chess_api.load_to_gold_layer scheduled__2023-07-01T00:00:00+00:00 [queued]>
[2025-03-10T01:34:34.320+0000] {taskinstance.py:2612} INFO - Dependencies all met for dep_context=requeueable deps ti=<TaskInstance: pull_data_from_chess_api.load_to_gold_layer scheduled__2023-07-01T00:00:00+00:00 [queued]>
[2025-03-10T01:34:34.320+0000] {taskinstance.py:2865} INFO - Starting attempt 1 of 2
[2025-03-10T01:34:34.334+0000] {taskinstance.py:2888} INFO - Executing <Task(PythonOperator): load_to_gold_layer> on 2023-07-01 00:00:00+00:00
[2025-03-10T01:34:34.341+0000] {warnings.py:112} WARNING - /home/***/.local/lib/python3.12/site-packages/***/task/task_runner/standard_task_runner.py:70: DeprecationWarning: This process (pid=16768) is multi-threaded, use of fork() may lead to deadlocks in the child.
  pid = os.fork()

[2025-03-10T01:34:34.343+0000] {standard_task_runner.py:72} INFO - Started process 16770 to run task
[2025-03-10T01:34:34.343+0000] {standard_task_runner.py:104} INFO - Running: ['***', 'tasks', 'run', 'pull_data_from_chess_api', 'load_to_gold_layer', 'scheduled__2023-07-01T00:00:00+00:00', '--job-id', '507', '--raw', '--subdir', 'DAGS_FOLDER/collect_chess_data_dag.py', '--cfg-path', '/tmp/tmpdv75qfdq']
[2025-03-10T01:34:34.346+0000] {standard_task_runner.py:105} INFO - Job 507: Subtask load_to_gold_layer
[2025-03-10T01:34:34.400+0000] {task_command.py:467} INFO - Running <TaskInstance: pull_data_from_chess_api.load_to_gold_layer scheduled__2023-07-01T00:00:00+00:00 [running]> on host 70b3b9cfbba0
[2025-03-10T01:34:34.526+0000] {taskinstance.py:3131} INFO - Exporting env vars: AIRFLOW_CTX_DAG_OWNER='***' AIRFLOW_CTX_DAG_ID='pull_data_from_chess_api' AIRFLOW_CTX_TASK_ID='load_to_gold_layer' AIRFLOW_CTX_EXECUTION_DATE='2023-07-01T00:00:00+00:00' AIRFLOW_CTX_TRY_NUMBER='1' AIRFLOW_CTX_DAG_RUN_ID='scheduled__2023-07-01T00:00:00+00:00'
[2025-03-10T01:34:34.528+0000] {taskinstance.py:731} INFO - ::endgroup::
[2025-03-10T01:34:34.548+0000] {logging_mixin.py:190} INFO - Execution Date: 2023-07-01
[2025-03-10T01:34:34.549+0000] {connection.py:531} ERROR - Unable to retrieve connection from secrets backend (EnvironmentVariablesBackend). Checking subsequent secrets backend.
Traceback (most recent call last):
  File "/home/airflow/.local/lib/python3.12/site-packages/airflow/models/connection.py", line 526, in get_connection_from_secrets
    conn = secrets_backend.get_connection(conn_id=conn_id)
           ^^^^^^^^^^^^^^^^^^^^^^^^^^^^^^^^^^^^^^^^^^^^^^^
  File "/home/airflow/.local/lib/python3.12/site-packages/airflow/secrets/base_secrets.py", line 116, in get_connection
    return self.deserialize_connection(conn_id=conn_id, value=value)
           ^^^^^^^^^^^^^^^^^^^^^^^^^^^^^^^^^^^^^^^^^^^^^^^^^^^^^^^^^
  File "/home/airflow/.local/lib/python3.12/site-packages/airflow/secrets/base_secrets.py", line 70, in deserialize_connection
    return Connection(conn_id=conn_id, uri=value)
           ^^^^^^^^^^^^^^^^^^^^^^^^^^^^^^^^^^^^^^
  File "<string>", line 4, in __init__
  File "/home/airflow/.local/lib/python3.12/site-packages/sqlalchemy/orm/state.py", line 481, in _initialize_instance
    with util.safe_reraise():
         ^^^^^^^^^^^^^^^^^^^
  File "/home/airflow/.local/lib/python3.12/site-packages/sqlalchemy/util/langhelpers.py", line 70, in __exit__
    compat.raise_(
  File "/home/airflow/.local/lib/python3.12/site-packages/sqlalchemy/util/compat.py", line 211, in raise_
    raise exception
  File "/home/airflow/.local/lib/python3.12/site-packages/sqlalchemy/orm/state.py", line 479, in _initialize_instance
    return manager.original_init(*mixed[1:], **kwargs)
           ^^^^^^^^^^^^^^^^^^^^^^^^^^^^^^^^^^^^^^^^^^^
  File "/home/airflow/.local/lib/python3.12/site-packages/airflow/models/connection.py", line 169, in __init__
    self._parse_from_uri(uri)
  File "/home/airflow/.local/lib/python3.12/site-packages/airflow/models/connection.py", line 257, in _parse_from_uri
    self.port = uri_parts.port
                ^^^^^^^^^^^^^^
  File "/usr/local/lib/python3.12/urllib/parse.py", line 182, in port
    raise ValueError(f"Port could not be cast to integer value as {port!r}")
ValueError: Port could not be cast to integer value as 'DefaultEndpointsProtocol=https;AccountName=rbchesssa;AccountKey=lG9W+utkpTNorE0rTLlfDMUZsTPleXk6pXv6NnfDTi'
[2025-03-10T01:34:34.565+0000] {base.py:84} INFO - Retrieving connection 'azure_chess_storage'
[2025-03-10T01:34:35.731+0000] {logging_mixin.py:190} INFO - Previewing Dataframe
[2025-03-10T01:34:35.735+0000] {logging_mixin.py:190} INFO - game_url                        object
time_control                    object
rated                             bool
time_class                      object
rules                           object
white_rating                     int64
white_result                    object
black_rating                     int64
black_result                    object
pgn_event                       object
pgn_site                        object
game_date               datetime64[us]
pgn_white_user                  object
pgn_black_user                  object
pgn_result                      object
pgn_current_position            object
pgn_timezone                    object
pgn_eco                         object
pgn_eco_url                     object
start_time              datetime64[ns]
end_time                datetime64[ns]
end_game_date           datetime64[us]
pgn_raw                         object
pgn_trans                       object
last_updated                    object
dtype: object
[2025-03-10T01:34:35.776+0000] {logging_mixin.py:190} INFO - https://www.chess.com/game/live/81943874979	600	True	rapid	chess	979	win	999	timeout	Live Chess	Chess.com	2023-07-01 00:00:00	ivaneriks	Rhythmbear1	1-0	8/8/4k2p/3pb1p1/5p2/pN1P3P/2N3P1/1K6 b - -	UTC	C00	https://www.chess.com/openings/French-Defense	2023-07-01 09:50:22	2023-07-01 10:06:32	2023-07-01 00:00:00	e4 e6 Bc4 d5 exd5 exd5 Bb3 Be6 Qh5 Nf6 Qe5 Bd6 Qg5 g6 Qh6 Bf8 Qg5 Ne4 Qxd8+ Kxd8 d3 Nf6 Bg5 Bg7 Nf3 Nd7 O-O c6 Nbd2 h6 Bxf6+ Bxf6 c4 Bxb2 Rab1 Bf6 cxd5 cxd5 Ba4 Kc7 Rfc1+ Kd8 Rxb7 Ke7 Rcc7 Rhd8 h3 a5 Nb3 Rac8 Nc5 Kd6 Bxd7 Rxc7 Bxe6 Rxb7 Nxb7+ Kxe6 Nc5+ Ke7 Ne4 Bg7 Nc5 Rb8 Kh2 Rb2 a3 Rxf2 Kg3 Rc2 Nb7 a4 Ne1 Be5+ Kf3 Rc3 Na5 Ke6 Ke2 Rxa3 Nc2 Ra2 Kd2 a3 Nb3 f5 Kc1 g5 Kb1 Ra1+ Ncxa1 f4 Nc2	1. e4 e6 2. Bc4 d5 3. exd5 exd5 4. Bb3 Be6 5. Qh5 Nf6 6. Qe5 Bd6 7. Qg5 g6 8. Qh6 Bf8 9. Qg5 Ne4 10. Qxd8+ Kxd8 11. d3 Nf6 12. Bg5 Bg7 13. Nf3 Nd7 14. O-O c6 15. Nbd2 h6 16. Bxf6+ Bxf6 17. c4 Bxb2 18. Rab1 Bf6 19. cxd5 cxd5 20. Ba4 Kc7 21. Rfc1+ Kd8 22. Rxb7 Ke7 23. Rcc7 Rhd8 24. h3 a5 25. Nb3 Rac8 26. Nc5 Kd6 27. Bxd7 Rxc7 28. Bxe6 Rxb7 29. Nxb7+ Kxe6 30. Nc5+ Ke7 31. Ne4 Bg7 32. Nc5 Rb8 33. Kh2 Rb2 34. a3 Rxf2 35. Kg3 Rc2 36. Nb7 a4 37. Ne1 Be5+ 38. Kf3 Rc3 39. Na5 Ke6 40. Ke2 Rxa3 41. Nc2 Ra2 42. Kd2 a3 43. Nb3 f5 44. Kc1 g5 45. Kb1 Ra1+ 46. Ncxa1 f4 47. Nc2 	2023-07-01
https://www.chess.com/game/live/81945013395	600	True	rapid	chess	964	abandoned	1006	win	Live Chess	Chess.com	2023-07-01 00:00:00	INVADER-AKSHAY	Rhythmbear1	0-1	6r1/pp3p1p/2pk4/3p4/8/1P4P1/r1P2P2/1R3RK1 w - -	UTC	C00	https://www.chess.com/openings/French-Defense-Kings-Indian-Attack-2...d5	2023-07-01 10:06:51	2023-07-01 10:16:35	2023-07-01 00:00:00	e4 e6 d3 d5 Nc3 c6 Nf3 Nf6 e5 Nbd7 exf6 Nxf6 Bg5 Qb6 Rb1 Bd6 Bxf6 gxf6 Be2 Bd7 O-O O-O-O h3 Rdg8 Nh2 e5 Bh5 Rg7 Ng4 f5 Nf6 Be6 Bf3 e4 dxe4 fxe4 Ncxe4 Bxh3 Nxd6+ Kb8 Bg4 Bxg4 Nd7+ Kc7 Qxg4 Rxg4 Nxb6 Kxd6 Na4 Rhg8 g3 Rxa4 b3 Rxa2	1. e4 e6 2. d3 d5 3. Nc3 c6 4. Nf3 Nf6 5. e5 Nbd7 6. exf6 Nxf6 7. Bg5 Qb6 8. Rb1 Bd6 9. Bxf6 gxf6 10. Be2 Bd7 11. O-O O-O-O 12. h3 Rdg8 13. Nh2 e5 14. Bh5 Rg7 15. Ng4 f5 16. Nf6 Be6 17. Bf3 e4 18. dxe4 fxe4 19. Ncxe4 Bxh3 20. Nxd6+ Kb8 21. Bg4 Bxg4 22. Nd7+ Kc7 23. Qxg4 Rxg4 24. Nxb6 Kxd6 25. Na4 Rhg8 26. g3 Rxa4 27. b3 Rxa2	2023-07-01
https://www.chess.com/game/live/81945615283	600	True	rapid	chess	997	resigned	974	win	Live Chess	Chess.com	2023-07-01 00:00:00	Rhythmbear1	aritrabose	0-1	r2q1k1r/3p1pp1/p2P3p/npp5/P7/5b2/P4PPP/R1B1R1K1 b - -	UTC	C55	https://www.chess.com/openings/Italian-Game-Anti-Fried-Liver-Defense	2023-07-01 10:16:46	2023-07-01 10:24:19	2023-07-01 00:00:00	e4 e5 Nf3 Nc6 Bc4 h6 O-O Nf6 c3 Nxe4 Na3 a6 d3 Nf6 d4 Bxa3 bxa3 Na5 Bd3 b5 dxe5 Nd5 Be4 Nxc3 Qd2 Nxe4 Qd5 Bb7 Qd4 c5 Qd6 Nxd6 exd6 Bxf3 Re1+ Kf8 a4	1. e4 e5 2. Nf3 Nc6 3. Bc4 h6 4. O-O Nf6 5. c3 Nxe4 6. Na3 a6 7. d3 Nf6 8. d4 Bxa3 9. bxa3 Na5 10. Bd3 b5 11. dxe5 Nd5 12. Be4 Nxc3 13. Qd2 Nxe4 14. Qd5 Bb7 15. Qd4 c5 16. Qd6 Nxd6 17. exd6 Bxf3 18. Re1+ Kf8 19. a4 	2023-07-01
https://www.chess.com/game/live/81946176673	600	True	rapid	chess	990	checkmated	1038	win	Live Chess	Chess.com	2023-07-01 00:00:00	Rhythmbear1	624-17aaronleesanjaya	0-1	6k1/p1B2ppp/2p5/3b4/2p5/2b5/PRP2PqP/3Q2K1 w - -	UTC	C47	https://www.chess.com/openings/Four-Knights-Game-Italian-Variation-4...Nxe4-5.Nxe4-d5	2023-07-01 10:24:32	2023-07-01 10:35:08	2023-07-01 00:00:00	e4 e5 Nf3 Nf6 Nc3 Nc6 Bc4 Nxe4 Nxe4 d5 Nc3 dxc4 d4 Nxd4 Nxe5 Nc6 Nxc6 bxc6 O-O Be6 Qf3 Bd5 Re1+ Be7 Qg4 O-O Bf4 Rb8 Rab1 Re8 Bh6 Bf6 Rxe8+ Qxe8 Bf4 Bxc3 Bxc7 Rxb2 Qd1 Qe4 Rxb2 Qxg2#	1. e4 e5 2. Nf3 Nf6 3. Nc3 Nc6 4. Bc4 Nxe4 5. Nxe4 d5 6. Nc3 dxc4 7. d4 Nxd4 8. Nxe5 Nc6 9. Nxc6 bxc6 10. O-O Be6 11. Qf3 Bd5 12. Re1+ Be7 13. Qg4 O-O 14. Bf4 Rb8 15. Rab1 Re8 16. Bh6 Bf6 17. Rxe8+ Qxe8 18. Bf4 Bxc3 19. Bxc7 Rxb2 20. Qd1 Qe4 21. Rxb2 Qxg2#	2023-07-01
https://www.chess.com/game/live/81946791107	600	True	rapid	chess	982	resigned	1002	win	Live Chess	Chess.com	2023-07-01 00:00:00	Rhythmbear1	hatimgandhi	0-1	r3kbnr/p2p3p/bp3p2/6p1/1R2P3/2N3B1/P1Pn1PPP/4R1K1 b kq -	UTC	B27	https://www.chess.com/openings/Sicilian-Defense-Jalalabad-Variation	2023-07-01 10:35:16	2023-07-01 10:38:12	2023-07-01 00:00:00	e4 e5 Nf3 c5 Nxe5 Qf6 d4 cxd4 Qxd4 Nc6 Qc3 Qxe5 Qxe5+ Nxe5 Nc3 b6 Bf4 f6 Bc4 Nxc4 O-O Nxb2 Rab1 Nc4 Rfe1 g5 Bg3 Nd2 Rb5 Ba6 Rb4	1. e4 e5 2. Nf3 c5 3. Nxe5 Qf6 4. d4 cxd4 5. Qxd4 Nc6 6. Qc3 Qxe5 7. Qxe5+ Nxe5 8. Nc3 b6 9. Bf4 f6 10. Bc4 Nxc4 11. O-O Nxb2 12. Rab1 Nc4 13. Rfe1 g5 14. Bg3 Nd2 15. Rb5 Ba6 16. Rb4 	2023-07-01
[2025-03-10T01:34:36.628+0000] {logging_mixin.py:190} INFO - Previewing Dataframe
[2025-03-10T01:34:36.630+0000] {logging_mixin.py:190} INFO - game_url                        object
time_control                    object
rated                             bool
time_class                      object
rules                           object
white_rating                     int64
white_result                    object
black_rating                     int64
black_result                    object
pgn_event                       object
pgn_site                        object
game_date               datetime64[us]
pgn_white_user                  object
pgn_black_user                  object
pgn_result                      object
pgn_current_position            object
pgn_timezone                    object
pgn_eco                         object
pgn_eco_url                     object
start_time              datetime64[ns]
end_time                datetime64[ns]
end_game_date           datetime64[us]
pgn_raw                         object
pgn_trans                       object
last_updated            datetime64[us]
dtype: object
[2025-03-10T01:34:36.665+0000] {logging_mixin.py:190} INFO - https://www.chess.com/game/live/123421749462	120+1	True	bullet	chess	913	timeout	962	win	Live Chess	Chess.com	2025-03-01 00:00:00	Rhythmbear1	mishahhd	0-1	8/5pbk/7p/q2p4/2pP4/2Pb2NP/3Q1PPK/8 w - -	UTC	B50	https://www.chess.com/openings/Sicilian-Defense-2.Nf3-d6-3.Bc4	2025-03-01 12:12:20	2025-03-01 12:17:50	2025-03-01 00:00:00	e4 c5 Nf3 d6 Bc4 Nd7 Ng5 e6 Qf3 Ngf6 O-O Be7 d3 O-O b3 h6 Nh3 a6 a4 b6 Na3 Bb7 Bb2 Qc7 Bxf6 Bxf6 Rab1 Ne5 Qe2 Nxc4 Nxc4 b5 axb5 axb5 Ne3 Rad8 Nf4 d5 Nh5 Bd4 exd5 exd5 Nf5 Rfe8 Nxh6+ Kh7 Qg4 gxh6 Ng3 Bc8 Qd1 Bf5 Qh5 Bg6 Qd1 Re7 Qd2 Rde8 c3 Bg7 d4 c4 bxc4 bxc4 Rfe1 Rxe1+ Rxe1 Rxe1+ Qxe1 Bd3 Qd2 Qa5 h3 Qa1+ Kh2 Qa5	1. e4 c5 2. Nf3 d6 3. Bc4 Nd7 4. Ng5 e6 5. Qf3 Ngf6 6. O-O Be7 7. d3 O-O 8. b3 h6 9. Nh3 a6 10. a4 b6 11. Na3 Bb7 12. Bb2 Qc7 13. Bxf6 Bxf6 14. Rab1 Ne5 15. Qe2 Nxc4 16. Nxc4 b5 17. axb5 axb5 18. Ne3 Rad8 19. Nf4 d5 20. Nh5 Bd4 21. exd5 exd5 22. Nf5 Rfe8 23. Nxh6+ Kh7 24. Qg4 gxh6 25. Ng3 Bc8 26. Qd1 Bf5 27. Qh5 Bg6 28. Qd1 Re7 29. Qd2 Rde8 30. c3 Bg7 31. d4 c4 32. bxc4 bxc4 33. Rfe1 Rxe1+ 34. Rxe1 Rxe1+ 35. Qxe1 Bd3 36. Qd2 Qa5 37. h3 Qa1+ 38. Kh2 Qa5	2025-03-10 00:00:00
https://www.chess.com/game/live/123421912768	120+1	True	bullet	chess	905	timeout	907	win	Live Chess	Chess.com	2025-03-01 00:00:00	Rhythmbear1	AndreiTREI	0-1	8/8/7p/3p1PP1/1pkP1K2/8/2b5/8 w - -	UTC	B00	https://www.chess.com/openings/Nimzowitsch-Defense-Declined...3.exd5-Qxd5-4.Nc3-Qa5	2025-03-01 12:18:06	2025-03-01 12:23:22	2025-03-01 00:00:00	e4 d5 exd5 Qxd5 Nf3 Nc6 Nc3 Qa5 Bc4 Bf5 O-O Nb4 d3 O-O-O Bxf7 e6 Bxg8 Rxg8 Bf4 Bd6 Bxd6 Rxd6 Nd4 Rxd4 a3 Nd5 Nxd5 Qxd5 Re1 Rg4 g3 h5 c3 h4 d4 h3 f3 Rg6 Re5 Qc4 Qd2 Rd8 Rae1 Qd3 Qxd3 Bxd3 Kf2 Rd5 Rxd5 exd5 Re8+ Kd7 Rf8 Re6 Rf7+ Re7 Rxe7+ Kxe7 b4 Kd6 g4 Bc2 Kg3 b6 Kxh3 c5 Kg3 cxd4 cxd4 a5 h4 axb4 axb4 Kc6 h5 Kb5 f4 Kxb4 f5 Kc4 Kf4 b5 g5 b4 h6 gxh6	1. e4 d5 2. exd5 Qxd5 3. Nf3 Nc6 4. Nc3 Qa5 5. Bc4 Bf5 6. O-O Nb4 7. d3 O-O-O 8. Bxf7 e6 9. Bxg8 Rxg8 10. Bf4 Bd6 11. Bxd6 Rxd6 12. Nd4 Rxd4 13. a3 Nd5 14. Nxd5 Qxd5 15. Re1 Rg4 16. g3 h5 17. c3 h4 18. d4 h3 19. f3 Rg6 20. Re5 Qc4 21. Qd2 Rd8 22. Rae1 Qd3 23. Qxd3 Bxd3 24. Kf2 Rd5 25. Rxd5 exd5 26. Re8+ Kd7 27. Rf8 Re6 28. Rf7+ Re7 29. Rxe7+ Kxe7 30. b4 Kd6 31. g4 Bc2 32. Kg3 b6 33. Kxh3 c5 34. Kg3 cxd4 35. cxd4 a5 36. h4 axb4 37. axb4 Kc6 38. h5 Kb5 39. f4 Kxb4 40. f5 Kc4 41. Kf4 b5 42. g5 b4 43. h6 gxh6	2025-03-10 00:00:00
https://www.chess.com/game/live/123502138462	120+1	True	bullet	chess	891	timeout	915	win	Live Chess	Chess.com	2025-03-03 00:00:00	TimoKoenig	Rhythmbear1	0-1	8/p7/2Q5/k1pp4/8/1P6/P7/1K1q4 w - -	UTC	C01	https://www.chess.com/openings/French-Defense-Exchange-Variation-3...exd5-4.Nf3	2025-03-03 16:43:56	2025-03-03 16:50:01	2025-03-03 00:00:00	e4 e6 Nf3 d5 exd5 exd5 d4 c6 Nc3 Bd6 Bg5 f6 Be3 Ne7 Bd3 Bg4 h3 Bh5 Be2 Qc7 Nd2 Bxe2 Qxe2 Nd7 O-O-O Ng6 Nb3 O-O-O Nc5 Rde8 Nxd7 Qxd7 Qg4 f5 Qg5 Rhf8 h4 Rf6 g3 h6 Qh5 Rxe3 fxe3 Bxg3 Rhg1 f4 exf4 Bxf4+ Kb1 Ne7 Rxg7 Rf5 Qg4 Kc7 Rxe7 Qxe7 Qxf5 Bd6 Rf1 Kb6 Na4+ Ka6 Nc5+ Bxc5 dxc5 Qxc5 Qf6 Qc4 Qxh6 Qxf1+ Qc1 Qh3 Qg5 Qh1+ Qc1 Qxh4 b3 Qe4 Kb2 Kb6 Qg1+ c5 Qh2 Kb5 Qc7 Qd4+ Kb1 Qd1+ Kb2 Qd4+ c3 Qd2+ Ka3 Qxc3 Qxb7+ Ka5 Qc6 Qb4+ Kb2 Qd2+ Kb1 Qd1+	1. e4 e6 2. Nf3 d5 3. exd5 exd5 4. d4 c6 5. Nc3 Bd6 6. Bg5 f6 7. Be3 Ne7 8. Bd3 Bg4 9. h3 Bh5 10. Be2 Qc7 11. Nd2 Bxe2 12. Qxe2 Nd7 13. O-O-O Ng6 14. Nb3 O-O-O 15. Nc5 Rde8 16. Nxd7 Qxd7 17. Qg4 f5 18. Qg5 Rhf8 19. h4 Rf6 20. g3 h6 21. Qh5 Rxe3 22. fxe3 Bxg3 23. Rhg1 f4 24. exf4 Bxf4+ 25. Kb1 Ne7 26. Rxg7 Rf5 27. Qg4 Kc7 28. Rxe7 Qxe7 29. Qxf5 Bd6 30. Rf1 Kb6 31. Na4+ Ka6 32. Nc5+ Bxc5 33. dxc5 Qxc5 34. Qf6 Qc4 35. Qxh6 Qxf1+ 36. Qc1 Qh3 37. Qg5 Qh1+ 38. Qc1 Qxh4 39. b3 Qe4 40. Kb2 Kb6 41. Qg1+ c5 42. Qh2 Kb5 43. Qc7 Qd4+ 44. Kb1 Qd1+ 45. Kb2 Qd4+ 46. c3 Qd2+ 47. Ka3 Qxc3 48. Qxb7+ Ka5 49. Qc6 Qb4+ 50. Kb2 Qd2+ 51. Kb1 Qd1+	2025-03-10 00:00:00
https://www.chess.com/game/live/123510000788	600	True	rapid	chess	1497	win	1492	timeout	Live Chess	Chess.com	2025-03-03 00:00:00	Alex120819	Rhythmbear1	1-0	8/5bk1/5p1p/8/1P3KP1/2r4P/2BR4/8 b - -	UTC	C00	https://www.chess.com/openings/French-Defense	2025-03-03 20:35:56	2025-03-03 20:52:25	2025-03-03 00:00:00	e4 e6 Bc4 d5 exd5 exd5 Bb3 c6 Nc3 Bd6 d3 Ne7 Bg5 O-O Nge2 Bg4 h3 Bh5 g4 Bg6 Qd2 f6 Be3 a5 f4 b5 f5 Bf7 a3 Na6 Na2 c5 c3 c4 dxc4 dxc4 Bc2 Qc7 O-O-O Rad8 Bf4 Bxf4 Qxf4 Qc5 Nd4 b4 cxb4 axb4 axb4 Nxb4 Nxb4 Qxb4 Qd2 Qb7 Qc3 Ra8 Rhe1 Ra1+ Bb1 Nc6 Nxc6 Qxc6 Rd4 Rb8 Rd2 Qa4 Red1 h6 Rd8+ Rxd8 Rxd8+ Kh7 Rd2 Qc6 Rd1 Qc5 Qd4 Qxd4 Rxd4 Kg8 b4 c3 Kc2 Ra3 Kd3 g6 Ke4 gxf5+ Kxf5 Rb3 Be4 Kg7 Kf4 c2 Bxc2 Rc3 Rd2	1. e4 e6 2. Bc4 d5 3. exd5 exd5 4. Bb3 c6 5. Nc3 Bd6 6. d3 Ne7 7. Bg5 O-O 8. Nge2 Bg4 9. h3 Bh5 10. g4 Bg6 11. Qd2 f6 12. Be3 a5 13. f4 b5 14. f5 Bf7 15. a3 Na6 16. Na2 c5 17. c3 c4 18. dxc4 dxc4 19. Bc2 Qc7 20. O-O-O Rad8 21. Bf4 Bxf4 22. Qxf4 Qc5 23. Nd4 b4 24. cxb4 axb4 25. axb4 Nxb4 26. Nxb4 Qxb4 27. Qd2 Qb7 28. Qc3 Ra8 29. Rhe1 Ra1+ 30. Bb1 Nc6 31. Nxc6 Qxc6 32. Rd4 Rb8 33. Rd2 Qa4 34. Red1 h6 35. Rd8+ Rxd8 36. Rxd8+ Kh7 37. Rd2 Qc6 38. Rd1 Qc5 39. Qd4 Qxd4 40. Rxd4 Kg8 41. b4 c3 42. Kc2 Ra3 43. Kd3 g6 44. Ke4 gxf5+ 45. Kxf5 Rb3 46. Be4 Kg7 47. Kf4 c2 48. Bxc2 Rc3 49. Rd2 	2025-03-10 00:00:00
https://www.chess.com/game/live/123638119192	600	True	rapid	chess	1500	win	1469	resigned	Live Chess	Chess.com	2025-03-07 00:00:00	Rhythmbear1	azermamedzade	1-0	8/k1p5/pp6/8/Q7/6P1/5K1P/3R4 b - -	UTC	C30	https://www.chess.com/openings/Kings-Gambit-Declined-Classical-Variation-3.Nf3	2025-03-07 11:01:30	2025-03-07 11:18:54	2025-03-07 00:00:00	e4 e5 f4 Bc5 Nf3 d5 Nxe5 dxe4 Bc4 Be6 Bxe6 fxe6 Qh5+ g6 Nxg6 Bf2+ Kxf2 Qd4+ Kf1 hxg6 Qxg6+ Kd7 Qf7+ Ne7 c3 Qd3+ Ke1 Nc6 b4 Rhf8 Qg7 Rxf4 b5 Qxb5 Na3 Qd3 Qg3 Qd6 Nc4 Qc5 Qxf4 Qxc4 a4 Rg8 g3 Nd5 Qf7+ Nce7 Ba3 e3 Bxe7 exd2+ Kxd2 Qxc3+ Ke2 Nxe7 Rad1+ Kc8 Qxe6+ Kb8 Qxe7 Qc4+ Kf2 a6 Rd8+ Rxd8 Qxd8+ Ka7 Rd1 Qxa4 Qd4+ b6 Qxa4	1. e4 e5 2. f4 Bc5 3. Nf3 d5 4. Nxe5 dxe4 5. Bc4 Be6 6. Bxe6 fxe6 7. Qh5+ g6 8. Nxg6 Bf2+ 9. Kxf2 Qd4+ 10. Kf1 hxg6 11. Qxg6+ Kd7 12. Qf7+ Ne7 13. c3 Qd3+ 14. Ke1 Nc6 15. b4 Rhf8 16. Qg7 Rxf4 17. b5 Qxb5 18. Na3 Qd3 19. Qg3 Qd6 20. Nc4 Qc5 21. Qxf4 Qxc4 22. a4 Rg8 23. g3 Nd5 24. Qf7+ Nce7 25. Ba3 e3 26. Bxe7 exd2+ 27. Kxd2 Qxc3+ 28. Ke2 Nxe7 29. Rad1+ Kc8 30. Qxe6+ Kb8 31. Qxe7 Qc4+ 32. Kf2 a6 33. Rd8+ Rxd8 34. Qxd8+ Ka7 35. Rd1 Qxa4 36. Qd4+ b6 37. Qxa4 	2025-03-10 00:00:00
[2025-03-10T01:34:37.438+0000] {python.py:240} INFO - Done. Returned value was: None
[2025-03-10T01:34:37.452+0000] {taskinstance.py:340} INFO - ::group::Post task execution logs
[2025-03-10T01:34:37.452+0000] {taskinstance.py:352} INFO - Marking task as SUCCESS. dag_id=pull_data_from_chess_api, task_id=load_to_gold_layer, run_id=scheduled__2023-07-01T00:00:00+00:00, execution_date=20230701T000000, start_date=20250310T013434, end_date=20250310T013437
[2025-03-10T01:34:37.500+0000] {local_task_job_runner.py:266} INFO - Task exited with return code 0
[2025-03-10T01:34:37.531+0000] {taskinstance.py:3900} INFO - 0 downstream tasks scheduled from follow-on schedule check
[2025-03-10T01:34:37.534+0000] {local_task_job_runner.py:245} INFO - ::endgroup::
