[2025-03-27T01:38:02.108+0000] {local_task_job_runner.py:123} INFO - ::group::Pre task execution logs
[2025-03-27T01:38:02.132+0000] {taskinstance.py:2612} INFO - Dependencies all met for dep_context=non-requeueable deps ti=<TaskInstance: load_data_warehouse.get_last_updated_date manual__2025-03-12T14:13:58.419334+00:00 [queued]>
[2025-03-27T01:38:02.144+0000] {taskinstance.py:2612} INFO - Dependencies all met for dep_context=requeueable deps ti=<TaskInstance: load_data_warehouse.get_last_updated_date manual__2025-03-12T14:13:58.419334+00:00 [queued]>
[2025-03-27T01:38:02.144+0000] {taskinstance.py:2865} INFO - Starting attempt 18 of 19
[2025-03-27T01:38:02.162+0000] {taskinstance.py:2888} INFO - Executing <Task(PostgresOperator): get_last_updated_date> on 2025-03-12 14:13:58.419334+00:00
[2025-03-27T01:38:02.174+0000] {standard_task_runner.py:104} INFO - Running: ['***', 'tasks', 'run', 'load_data_warehouse', 'get_last_updated_date', 'manual__2025-03-12T14:13:58.419334+00:00', '--job-id', '789', '--raw', '--subdir', 'DAGS_FOLDER/load_data_warehouse_dag.py', '--cfg-path', '/tmp/tmp246tp7an']
[2025-03-27T01:38:02.177+0000] {standard_task_runner.py:105} INFO - Job 789: Subtask get_last_updated_date
[2025-03-27T01:38:02.171+0000] {warnings.py:112} WARNING - /home/***/.local/lib/python3.12/site-packages/***/task/task_runner/standard_task_runner.py:70: DeprecationWarning: This process (pid=309) is multi-threaded, use of fork() may lead to deadlocks in the child.
  pid = os.fork()

[2025-03-27T01:38:02.179+0000] {standard_task_runner.py:72} INFO - Started process 318 to run task
[2025-03-27T01:38:02.268+0000] {task_command.py:467} INFO - Running <TaskInstance: load_data_warehouse.get_last_updated_date manual__2025-03-12T14:13:58.419334+00:00 [running]> on host 8de4e0a4beb2
[2025-03-27T01:38:02.437+0000] {taskinstance.py:3131} INFO - Exporting env vars: AIRFLOW_CTX_DAG_OWNER='***' AIRFLOW_CTX_DAG_ID='load_data_warehouse' AIRFLOW_CTX_TASK_ID='get_last_updated_date' AIRFLOW_CTX_EXECUTION_DATE='2025-03-12T14:13:58.419334+00:00' AIRFLOW_CTX_TRY_NUMBER='18' AIRFLOW_CTX_DAG_RUN_ID='manual__2025-03-12T14:13:58.419334+00:00'
[2025-03-27T01:38:02.439+0000] {taskinstance.py:731} INFO - ::endgroup::
[2025-03-27T01:38:02.444+0000] {sql.py:266} INFO - Executing: SELECT last_updated FROM chess_dw.fact_games ORDER BY last_updated DESC LIMIT 1;
[2025-03-27T01:38:02.455+0000] {base.py:84} INFO - Retrieving connection 'azure_chess_dw'
[2025-03-27T01:38:02.464+0000] {base.py:84} INFO - Retrieving connection 'azure_chess_dw'
[2025-03-27T01:38:04.057+0000] {sql.py:509} INFO - Running statement: SELECT last_updated FROM chess_dw.fact_games ORDER BY last_updated DESC LIMIT 1;, parameters: None
[2025-03-27T01:38:04.457+0000] {sql.py:518} INFO - Rows affected: 1
[2025-03-27T01:38:04.678+0000] {taskinstance.py:340} INFO - ::group::Post task execution logs
[2025-03-27T01:38:04.679+0000] {taskinstance.py:352} INFO - Marking task as SUCCESS. dag_id=load_data_warehouse, task_id=get_last_updated_date, run_id=manual__2025-03-12T14:13:58.419334+00:00, execution_date=20250312T141358, start_date=20250327T013802, end_date=20250327T013804
[2025-03-27T01:38:04.739+0000] {local_task_job_runner.py:266} INFO - Task exited with return code 0
[2025-03-27T01:38:04.759+0000] {warnings.py:112} WARNING - /home/***/.local/lib/python3.12/site-packages/***/models/baseoperator.py:1378: AirflowProviderDeprecationWarning: Call to deprecated class PostgresOperator. (Please use `***.providers.common.sql.operators.sql.SQLExecuteQueryOperator`.Also, you can provide `hook_params={'schema': <database>}`.)
  result = cls.__new__(cls)

[2025-03-27T01:38:04.781+0000] {taskinstance.py:3900} INFO - 1 downstream tasks scheduled from follow-on schedule check
[2025-03-27T01:38:04.783+0000] {local_task_job_runner.py:245} INFO - ::endgroup::
