[2025-03-26T02:36:47.788+0000] {local_task_job_runner.py:123} INFO - ::group::Pre task execution logs
[2025-03-26T02:36:47.838+0000] {taskinstance.py:2612} INFO - Dependencies all met for dep_context=non-requeueable deps ti=<TaskInstance: load_data_warehouse.get_last_updated_date manual__2025-03-12T14:13:58.419334+00:00 [queued]>
[2025-03-26T02:36:47.864+0000] {taskinstance.py:2612} INFO - Dependencies all met for dep_context=requeueable deps ti=<TaskInstance: load_data_warehouse.get_last_updated_date manual__2025-03-12T14:13:58.419334+00:00 [queued]>
[2025-03-26T02:36:47.865+0000] {taskinstance.py:2865} INFO - Starting attempt 15 of 16
[2025-03-26T02:36:47.908+0000] {taskinstance.py:2888} INFO - Executing <Task(PostgresOperator): get_last_updated_date> on 2025-03-12 14:13:58.419334+00:00
[2025-03-26T02:36:47.933+0000] {warnings.py:112} WARNING - /home/***/.local/lib/python3.12/site-packages/***/task/task_runner/standard_task_runner.py:70: DeprecationWarning: This process (pid=30257) is multi-threaded, use of fork() may lead to deadlocks in the child.
  pid = os.fork()

[2025-03-26T02:36:47.940+0000] {standard_task_runner.py:72} INFO - Started process 30266 to run task
[2025-03-26T02:36:47.939+0000] {standard_task_runner.py:104} INFO - Running: ['***', 'tasks', 'run', 'load_data_warehouse', 'get_last_updated_date', 'manual__2025-03-12T14:13:58.419334+00:00', '--job-id', '772', '--raw', '--subdir', 'DAGS_FOLDER/load_data_warehouse_dag.py', '--cfg-path', '/tmp/tmpbgginhy3']
[2025-03-26T02:36:47.950+0000] {standard_task_runner.py:105} INFO - Job 772: Subtask get_last_updated_date
[2025-03-26T02:36:48.098+0000] {task_command.py:467} INFO - Running <TaskInstance: load_data_warehouse.get_last_updated_date manual__2025-03-12T14:13:58.419334+00:00 [running]> on host 8de4e0a4beb2
[2025-03-26T02:36:48.349+0000] {taskinstance.py:3131} INFO - Exporting env vars: AIRFLOW_CTX_DAG_OWNER='***' AIRFLOW_CTX_DAG_ID='load_data_warehouse' AIRFLOW_CTX_TASK_ID='get_last_updated_date' AIRFLOW_CTX_EXECUTION_DATE='2025-03-12T14:13:58.419334+00:00' AIRFLOW_CTX_TRY_NUMBER='15' AIRFLOW_CTX_DAG_RUN_ID='manual__2025-03-12T14:13:58.419334+00:00'
[2025-03-26T02:36:48.356+0000] {taskinstance.py:731} INFO - ::endgroup::
[2025-03-26T02:36:48.365+0000] {sql.py:266} INFO - Executing: SELECT last_updated FROM chess_dw.fact_games ORDER BY last_updated DESC LIMIT 1;
[2025-03-26T02:36:48.393+0000] {base.py:84} INFO - Retrieving connection 'azure_chess_dw'
[2025-03-26T02:36:48.422+0000] {base.py:84} INFO - Retrieving connection 'azure_chess_dw'
[2025-03-26T02:36:50.692+0000] {sql.py:509} INFO - Running statement: SELECT last_updated FROM chess_dw.fact_games ORDER BY last_updated DESC LIMIT 1;, parameters: None
[2025-03-26T02:36:51.203+0000] {sql.py:518} INFO - Rows affected: 0
[2025-03-26T02:36:51.534+0000] {taskinstance.py:340} INFO - ::group::Post task execution logs
[2025-03-26T02:36:51.535+0000] {taskinstance.py:352} INFO - Marking task as SUCCESS. dag_id=load_data_warehouse, task_id=get_last_updated_date, run_id=manual__2025-03-12T14:13:58.419334+00:00, execution_date=20250312T141358, start_date=20250326T023647, end_date=20250326T023651
[2025-03-26T02:36:51.626+0000] {local_task_job_runner.py:266} INFO - Task exited with return code 0
[2025-03-26T02:36:51.661+0000] {warnings.py:112} WARNING - /home/***/.local/lib/python3.12/site-packages/***/models/baseoperator.py:1378: AirflowProviderDeprecationWarning: Call to deprecated class PostgresOperator. (Please use `***.providers.common.sql.operators.sql.SQLExecuteQueryOperator`.Also, you can provide `hook_params={'schema': <database>}`.)
  result = cls.__new__(cls)

[2025-03-26T02:36:51.702+0000] {taskinstance.py:3900} INFO - 1 downstream tasks scheduled from follow-on schedule check
[2025-03-26T02:36:51.707+0000] {local_task_job_runner.py:245} INFO - ::endgroup::
