[2025-03-27T01:35:42.785+0000] {local_task_job_runner.py:123} INFO - ::group::Pre task execution logs
[2025-03-27T01:35:42.803+0000] {taskinstance.py:2612} INFO - Dependencies all met for dep_context=non-requeueable deps ti=<TaskInstance: load_data_warehouse.get_last_updated_date manual__2025-03-12T14:13:58.419334+00:00 [queued]>
[2025-03-27T01:35:42.813+0000] {taskinstance.py:2612} INFO - Dependencies all met for dep_context=requeueable deps ti=<TaskInstance: load_data_warehouse.get_last_updated_date manual__2025-03-12T14:13:58.419334+00:00 [queued]>
[2025-03-27T01:35:42.813+0000] {taskinstance.py:2865} INFO - Starting attempt 17 of 18
[2025-03-27T01:35:42.830+0000] {taskinstance.py:2888} INFO - Executing <Task(PostgresOperator): get_last_updated_date> on 2025-03-12 14:13:58.419334+00:00
[2025-03-27T01:35:42.837+0000] {warnings.py:112} WARNING - /home/***/.local/lib/python3.12/site-packages/***/task/task_runner/standard_task_runner.py:70: DeprecationWarning: This process (pid=237) is multi-threaded, use of fork() may lead to deadlocks in the child.
  pid = os.fork()

[2025-03-27T01:35:42.838+0000] {standard_task_runner.py:72} INFO - Started process 246 to run task
[2025-03-27T01:35:42.839+0000] {standard_task_runner.py:104} INFO - Running: ['***', 'tasks', 'run', 'load_data_warehouse', 'get_last_updated_date', 'manual__2025-03-12T14:13:58.419334+00:00', '--job-id', '785', '--raw', '--subdir', 'DAGS_FOLDER/load_data_warehouse_dag.py', '--cfg-path', '/tmp/tmpt_rnlg4q']
[2025-03-27T01:35:42.841+0000] {standard_task_runner.py:105} INFO - Job 785: Subtask get_last_updated_date
[2025-03-27T01:35:42.888+0000] {task_command.py:467} INFO - Running <TaskInstance: load_data_warehouse.get_last_updated_date manual__2025-03-12T14:13:58.419334+00:00 [running]> on host 8de4e0a4beb2
[2025-03-27T01:35:42.986+0000] {taskinstance.py:3131} INFO - Exporting env vars: AIRFLOW_CTX_DAG_OWNER='***' AIRFLOW_CTX_DAG_ID='load_data_warehouse' AIRFLOW_CTX_TASK_ID='get_last_updated_date' AIRFLOW_CTX_EXECUTION_DATE='2025-03-12T14:13:58.419334+00:00' AIRFLOW_CTX_TRY_NUMBER='17' AIRFLOW_CTX_DAG_RUN_ID='manual__2025-03-12T14:13:58.419334+00:00'
[2025-03-27T01:35:42.987+0000] {taskinstance.py:731} INFO - ::endgroup::
[2025-03-27T01:35:42.989+0000] {sql.py:266} INFO - Executing: SELECT last_updated FROM chess_dw.fact_games ORDER BY last_updated DESC LIMIT 1;
[2025-03-27T01:35:43.022+0000] {base.py:84} INFO - Retrieving connection 'azure_chess_dw'
[2025-03-27T01:35:43.055+0000] {base.py:84} INFO - Retrieving connection 'azure_chess_dw'
[2025-03-27T01:35:44.509+0000] {sql.py:509} INFO - Running statement: SELECT last_updated FROM chess_dw.fact_games ORDER BY last_updated DESC LIMIT 1;, parameters: None
[2025-03-27T01:35:44.913+0000] {sql.py:518} INFO - Rows affected: 1
[2025-03-27T01:35:45.176+0000] {taskinstance.py:340} INFO - ::group::Post task execution logs
[2025-03-27T01:35:45.177+0000] {taskinstance.py:352} INFO - Marking task as SUCCESS. dag_id=load_data_warehouse, task_id=get_last_updated_date, run_id=manual__2025-03-12T14:13:58.419334+00:00, execution_date=20250312T141358, start_date=20250327T013542, end_date=20250327T013545
[2025-03-27T01:35:45.227+0000] {local_task_job_runner.py:266} INFO - Task exited with return code 0
[2025-03-27T01:35:45.255+0000] {warnings.py:112} WARNING - /home/***/.local/lib/python3.12/site-packages/***/models/baseoperator.py:1378: AirflowProviderDeprecationWarning: Call to deprecated class PostgresOperator. (Please use `***.providers.common.sql.operators.sql.SQLExecuteQueryOperator`.Also, you can provide `hook_params={'schema': <database>}`.)
  result = cls.__new__(cls)

[2025-03-27T01:35:45.276+0000] {taskinstance.py:3900} INFO - 1 downstream tasks scheduled from follow-on schedule check
[2025-03-27T01:35:45.278+0000] {local_task_job_runner.py:245} INFO - ::endgroup::
