[2025-03-07T20:24:46.391+0000] {local_task_job_runner.py:123} INFO - ::group::Pre task execution logs
[2025-03-07T20:24:46.421+0000] {taskinstance.py:2612} INFO - Dependencies all met for dep_context=non-requeueable deps ti=<TaskInstance: pull_data_from_chess_api.extract_data_from_chess_api manual__2025-03-07T20:24:12.964643+00:00 [queued]>
[2025-03-07T20:24:46.437+0000] {taskinstance.py:2612} INFO - Dependencies all met for dep_context=requeueable deps ti=<TaskInstance: pull_data_from_chess_api.extract_data_from_chess_api manual__2025-03-07T20:24:12.964643+00:00 [queued]>
[2025-03-07T20:24:46.437+0000] {taskinstance.py:2865} INFO - Starting attempt 1 of 2
[2025-03-07T20:24:46.459+0000] {taskinstance.py:2888} INFO - Executing <Task(PythonOperator): extract_data_from_chess_api> on 2025-03-07 20:24:12.964643+00:00
[2025-03-07T20:24:46.470+0000] {warnings.py:112} WARNING - /home/***/.local/lib/python3.12/site-packages/***/task/task_runner/standard_task_runner.py:70: DeprecationWarning: This process (pid=2055) is multi-threaded, use of fork() may lead to deadlocks in the child.
  pid = os.fork()

[2025-03-07T20:24:46.473+0000] {standard_task_runner.py:72} INFO - Started process 2056 to run task
[2025-03-07T20:24:46.475+0000] {standard_task_runner.py:104} INFO - Running: ['***', 'tasks', 'run', 'pull_data_from_chess_api', 'extract_data_from_chess_api', 'manual__2025-03-07T20:24:12.964643+00:00', '--job-id', '404', '--raw', '--subdir', 'DAGS_FOLDER/collect_chess_data_dag.py', '--cfg-path', '/tmp/tmp2wvudhig']
[2025-03-07T20:24:46.477+0000] {standard_task_runner.py:105} INFO - Job 404: Subtask extract_data_from_chess_api
[2025-03-07T20:24:46.545+0000] {task_command.py:467} INFO - Running <TaskInstance: pull_data_from_chess_api.extract_data_from_chess_api manual__2025-03-07T20:24:12.964643+00:00 [running]> on host 2c4fc41f8812
[2025-03-07T20:24:46.667+0000] {taskinstance.py:3131} INFO - Exporting env vars: AIRFLOW_CTX_DAG_OWNER='***' AIRFLOW_CTX_DAG_ID='pull_data_from_chess_api' AIRFLOW_CTX_TASK_ID='extract_data_from_chess_api' AIRFLOW_CTX_EXECUTION_DATE='2025-03-07T20:24:12.964643+00:00' AIRFLOW_CTX_TRY_NUMBER='1' AIRFLOW_CTX_DAG_RUN_ID='manual__2025-03-07T20:24:12.964643+00:00'
[2025-03-07T20:24:46.668+0000] {taskinstance.py:731} INFO - ::endgroup::
[2025-03-07T20:24:46.671+0000] {logging_mixin.py:190} INFO - Attempting to fetch data for Year: 2025 and Month: 3, formatted as 03
[2025-03-07T20:24:46.671+0000] {logging_mixin.py:190} INFO - Attemping to Fetch Data from: https://api.chess.com/pub/player/rhythmbear1/games/2025/03
[2025-03-07T20:24:47.199+0000] {logging_mixin.py:190} INFO - Successfully Fetched Data From CHess.com API, Records Pulled: 47
[2025-03-07T20:24:47.201+0000] {logging_mixin.py:190} INFO - Attempting to Upload Data to Azure Storage
[2025-03-07T20:24:47.215+0000] {connection.py:531} ERROR - Unable to retrieve connection from secrets backend (EnvironmentVariablesBackend). Checking subsequent secrets backend.
Traceback (most recent call last):
  File "/home/airflow/.local/lib/python3.12/site-packages/airflow/models/connection.py", line 526, in get_connection_from_secrets
    conn = secrets_backend.get_connection(conn_id=conn_id)
           ^^^^^^^^^^^^^^^^^^^^^^^^^^^^^^^^^^^^^^^^^^^^^^^
  File "/home/airflow/.local/lib/python3.12/site-packages/airflow/secrets/base_secrets.py", line 116, in get_connection
    return self.deserialize_connection(conn_id=conn_id, value=value)
           ^^^^^^^^^^^^^^^^^^^^^^^^^^^^^^^^^^^^^^^^^^^^^^^^^^^^^^^^^
  File "/home/airflow/.local/lib/python3.12/site-packages/airflow/secrets/base_secrets.py", line 70, in deserialize_connection
    return Connection(conn_id=conn_id, uri=value)
           ^^^^^^^^^^^^^^^^^^^^^^^^^^^^^^^^^^^^^^
  File "<string>", line 4, in __init__
  File "/home/airflow/.local/lib/python3.12/site-packages/sqlalchemy/orm/state.py", line 481, in _initialize_instance
    with util.safe_reraise():
         ^^^^^^^^^^^^^^^^^^^
  File "/home/airflow/.local/lib/python3.12/site-packages/sqlalchemy/util/langhelpers.py", line 70, in __exit__
    compat.raise_(
  File "/home/airflow/.local/lib/python3.12/site-packages/sqlalchemy/util/compat.py", line 211, in raise_
    raise exception
  File "/home/airflow/.local/lib/python3.12/site-packages/sqlalchemy/orm/state.py", line 479, in _initialize_instance
    return manager.original_init(*mixed[1:], **kwargs)
           ^^^^^^^^^^^^^^^^^^^^^^^^^^^^^^^^^^^^^^^^^^^
  File "/home/airflow/.local/lib/python3.12/site-packages/airflow/models/connection.py", line 169, in __init__
    self._parse_from_uri(uri)
  File "/home/airflow/.local/lib/python3.12/site-packages/airflow/models/connection.py", line 257, in _parse_from_uri
    self.port = uri_parts.port
                ^^^^^^^^^^^^^^
  File "/usr/local/lib/python3.12/urllib/parse.py", line 182, in port
    raise ValueError(f"Port could not be cast to integer value as {port!r}")
ValueError: Port could not be cast to integer value as 'DefaultEndpointsProtocol=https;AccountName=rbchesssa;AccountKey=lG9W+utkpTNorE0rTLlfDMUZsTPleXk6pXv6NnfDTi'
[2025-03-07T20:24:47.253+0000] {base.py:84} INFO - Retrieving connection 'azure_chess_storage'
[2025-03-07T20:24:48.758+0000] {logging_mixin.py:190} INFO - Successfully Uploaded Data to Azure Storage as bronze/2025-03-games.json
[2025-03-07T20:24:48.762+0000] {python.py:240} INFO - Done. Returned value was: True
[2025-03-07T20:24:48.822+0000] {taskinstance.py:340} INFO - ::group::Post task execution logs
[2025-03-07T20:24:48.823+0000] {taskinstance.py:352} INFO - Marking task as SUCCESS. dag_id=pull_data_from_chess_api, task_id=extract_data_from_chess_api, run_id=manual__2025-03-07T20:24:12.964643+00:00, execution_date=20250307T202412, start_date=20250307T202446, end_date=20250307T202448
[2025-03-07T20:24:48.911+0000] {local_task_job_runner.py:266} INFO - Task exited with return code 0
[2025-03-07T20:24:48.982+0000] {taskinstance.py:3900} INFO - 1 downstream tasks scheduled from follow-on schedule check
[2025-03-07T20:24:48.992+0000] {local_task_job_runner.py:245} INFO - ::endgroup::
