[2025-03-07T12:23:30.092+0000] {local_task_job_runner.py:123} INFO - ::group::Pre task execution logs
[2025-03-07T12:23:30.112+0000] {taskinstance.py:2612} INFO - Dependencies all met for dep_context=non-requeueable deps ti=<TaskInstance: pull_data_from_chess_api.load_to_gold_layer scheduled__2023-11-01T00:00:00+00:00 [queued]>
[2025-03-07T12:23:30.123+0000] {taskinstance.py:2612} INFO - Dependencies all met for dep_context=requeueable deps ti=<TaskInstance: pull_data_from_chess_api.load_to_gold_layer scheduled__2023-11-01T00:00:00+00:00 [queued]>
[2025-03-07T12:23:30.123+0000] {taskinstance.py:2865} INFO - Starting attempt 1 of 2
[2025-03-07T12:23:30.138+0000] {taskinstance.py:2888} INFO - Executing <Task(PythonOperator): load_to_gold_layer> on 2023-11-01 00:00:00+00:00
[2025-03-07T12:23:30.144+0000] {warnings.py:112} WARNING - /home/***/.local/lib/python3.12/site-packages/***/task/task_runner/standard_task_runner.py:70: DeprecationWarning: This process (pid=8057) is multi-threaded, use of fork() may lead to deadlocks in the child.
  pid = os.fork()

[2025-03-07T12:23:30.146+0000] {standard_task_runner.py:72} INFO - Started process 8058 to run task
[2025-03-07T12:23:30.147+0000] {standard_task_runner.py:104} INFO - Running: ['***', 'tasks', 'run', 'pull_data_from_chess_api', 'load_to_gold_layer', 'scheduled__2023-11-01T00:00:00+00:00', '--job-id', '333', '--raw', '--subdir', 'DAGS_FOLDER/collect_chess_data_dag.py', '--cfg-path', '/tmp/tmp34y34vxr']
[2025-03-07T12:23:30.148+0000] {standard_task_runner.py:105} INFO - Job 333: Subtask load_to_gold_layer
[2025-03-07T12:23:30.203+0000] {task_command.py:467} INFO - Running <TaskInstance: pull_data_from_chess_api.load_to_gold_layer scheduled__2023-11-01T00:00:00+00:00 [running]> on host ebc50e07c8a4
[2025-03-07T12:23:30.299+0000] {taskinstance.py:3131} INFO - Exporting env vars: AIRFLOW_CTX_DAG_OWNER='***' AIRFLOW_CTX_DAG_ID='pull_data_from_chess_api' AIRFLOW_CTX_TASK_ID='load_to_gold_layer' AIRFLOW_CTX_EXECUTION_DATE='2023-11-01T00:00:00+00:00' AIRFLOW_CTX_TRY_NUMBER='1' AIRFLOW_CTX_DAG_RUN_ID='scheduled__2023-11-01T00:00:00+00:00'
[2025-03-07T12:23:30.300+0000] {taskinstance.py:731} INFO - ::endgroup::
[2025-03-07T12:23:30.318+0000] {logging_mixin.py:190} INFO - Execution Date: 2023-11-01
[2025-03-07T12:23:30.320+0000] {connection.py:531} ERROR - Unable to retrieve connection from secrets backend (EnvironmentVariablesBackend). Checking subsequent secrets backend.
Traceback (most recent call last):
  File "/home/airflow/.local/lib/python3.12/site-packages/airflow/models/connection.py", line 526, in get_connection_from_secrets
    conn = secrets_backend.get_connection(conn_id=conn_id)
           ^^^^^^^^^^^^^^^^^^^^^^^^^^^^^^^^^^^^^^^^^^^^^^^
  File "/home/airflow/.local/lib/python3.12/site-packages/airflow/secrets/base_secrets.py", line 116, in get_connection
    return self.deserialize_connection(conn_id=conn_id, value=value)
           ^^^^^^^^^^^^^^^^^^^^^^^^^^^^^^^^^^^^^^^^^^^^^^^^^^^^^^^^^
  File "/home/airflow/.local/lib/python3.12/site-packages/airflow/secrets/base_secrets.py", line 70, in deserialize_connection
    return Connection(conn_id=conn_id, uri=value)
           ^^^^^^^^^^^^^^^^^^^^^^^^^^^^^^^^^^^^^^
  File "<string>", line 4, in __init__
  File "/home/airflow/.local/lib/python3.12/site-packages/sqlalchemy/orm/state.py", line 481, in _initialize_instance
    with util.safe_reraise():
         ^^^^^^^^^^^^^^^^^^^
  File "/home/airflow/.local/lib/python3.12/site-packages/sqlalchemy/util/langhelpers.py", line 70, in __exit__
    compat.raise_(
  File "/home/airflow/.local/lib/python3.12/site-packages/sqlalchemy/util/compat.py", line 211, in raise_
    raise exception
  File "/home/airflow/.local/lib/python3.12/site-packages/sqlalchemy/orm/state.py", line 479, in _initialize_instance
    return manager.original_init(*mixed[1:], **kwargs)
           ^^^^^^^^^^^^^^^^^^^^^^^^^^^^^^^^^^^^^^^^^^^
  File "/home/airflow/.local/lib/python3.12/site-packages/airflow/models/connection.py", line 169, in __init__
    self._parse_from_uri(uri)
  File "/home/airflow/.local/lib/python3.12/site-packages/airflow/models/connection.py", line 257, in _parse_from_uri
    self.port = uri_parts.port
                ^^^^^^^^^^^^^^
  File "/usr/local/lib/python3.12/urllib/parse.py", line 182, in port
    raise ValueError(f"Port could not be cast to integer value as {port!r}")
ValueError: Port could not be cast to integer value as 'DefaultEndpointsProtocol=https;AccountName=rbchesssa;AccountKey=lG9W+utkpTNorE0rTLlfDMUZsTPleXk6pXv6NnfDTi'
[2025-03-07T12:23:30.332+0000] {base.py:84} INFO - Retrieving connection 'azure_chess_storage'
[2025-03-07T12:23:33.634+0000] {taskinstance.py:3310} ERROR - Task failed with exception
Traceback (most recent call last):
  File "/home/airflow/.local/lib/python3.12/site-packages/airflow/models/taskinstance.py", line 767, in _execute_task
    result = _execute_callable(context=context, **execute_callable_kwargs)
             ^^^^^^^^^^^^^^^^^^^^^^^^^^^^^^^^^^^^^^^^^^^^^^^^^^^^^^^^^^^^^
  File "/home/airflow/.local/lib/python3.12/site-packages/airflow/models/taskinstance.py", line 733, in _execute_callable
    return ExecutionCallableRunner(
           ^^^^^^^^^^^^^^^^^^^^^^^^
  File "/home/airflow/.local/lib/python3.12/site-packages/airflow/utils/operator_helpers.py", line 252, in run
    return self.func(*args, **kwargs)
           ^^^^^^^^^^^^^^^^^^^^^^^^^^
  File "/home/airflow/.local/lib/python3.12/site-packages/airflow/models/baseoperator.py", line 406, in wrapper
    return func(self, *args, **kwargs)
           ^^^^^^^^^^^^^^^^^^^^^^^^^^^
  File "/home/airflow/.local/lib/python3.12/site-packages/airflow/operators/python.py", line 238, in execute
    return_value = self.execute_callable()
                   ^^^^^^^^^^^^^^^^^^^^^^^
  File "/home/airflow/.local/lib/python3.12/site-packages/airflow/operators/python.py", line 256, in execute_callable
    return runner.run(*self.op_args, **self.op_kwargs)
           ^^^^^^^^^^^^^^^^^^^^^^^^^^^^^^^^^^^^^^^^^^^
  File "/home/airflow/.local/lib/python3.12/site-packages/airflow/utils/operator_helpers.py", line 252, in run
    return self.func(*args, **kwargs)
           ^^^^^^^^^^^^^^^^^^^^^^^^^^
  File "/opt/airflow/dags/scripts/python_scripts.py", line 186, in load_to_gold_layer
    """).fetchdf()
        ^^^^^^^^^
duckdb.duckdb.NotImplementedException: Not implemented Error: Unsupported type "TIME WITH TIME ZONE"
[2025-03-07T12:23:33.647+0000] {taskinstance.py:1225} INFO - Marking task as UP_FOR_RETRY. dag_id=pull_data_from_chess_api, task_id=load_to_gold_layer, run_id=scheduled__2023-11-01T00:00:00+00:00, execution_date=20231101T000000, start_date=20250307T122330, end_date=20250307T122333
[2025-03-07T12:23:33.663+0000] {taskinstance.py:340} INFO - ::group::Post task execution logs
[2025-03-07T12:23:33.664+0000] {standard_task_runner.py:124} ERROR - Failed to execute job 333 for task load_to_gold_layer (Not implemented Error: Unsupported type "TIME WITH TIME ZONE"; 8058)
Traceback (most recent call last):
  File "/home/airflow/.local/lib/python3.12/site-packages/airflow/task/task_runner/standard_task_runner.py", line 117, in _start_by_fork
    ret = args.func(args, dag=self.dag)
          ^^^^^^^^^^^^^^^^^^^^^^^^^^^^^
  File "/home/airflow/.local/lib/python3.12/site-packages/airflow/cli/cli_config.py", line 49, in command
    return func(*args, **kwargs)
           ^^^^^^^^^^^^^^^^^^^^^
  File "/home/airflow/.local/lib/python3.12/site-packages/airflow/utils/cli.py", line 115, in wrapper
    return f(*args, **kwargs)
           ^^^^^^^^^^^^^^^^^^
  File "/home/airflow/.local/lib/python3.12/site-packages/airflow/cli/commands/task_command.py", line 483, in task_run
    task_return_code = _run_task_by_selected_method(args, _dag, ti)
                       ^^^^^^^^^^^^^^^^^^^^^^^^^^^^^^^^^^^^^^^^^^^^
  File "/home/airflow/.local/lib/python3.12/site-packages/airflow/cli/commands/task_command.py", line 256, in _run_task_by_selected_method
    return _run_raw_task(args, ti)
           ^^^^^^^^^^^^^^^^^^^^^^^
  File "/home/airflow/.local/lib/python3.12/site-packages/airflow/cli/commands/task_command.py", line 341, in _run_raw_task
    return ti._run_raw_task(
           ^^^^^^^^^^^^^^^^^
  File "/home/airflow/.local/lib/python3.12/site-packages/airflow/utils/session.py", line 97, in wrapper
    return func(*args, session=session, **kwargs)
           ^^^^^^^^^^^^^^^^^^^^^^^^^^^^^^^^^^^^^^
  File "/home/airflow/.local/lib/python3.12/site-packages/airflow/models/taskinstance.py", line 3004, in _run_raw_task
    return _run_raw_task(
           ^^^^^^^^^^^^^^
  File "/home/airflow/.local/lib/python3.12/site-packages/airflow/models/taskinstance.py", line 273, in _run_raw_task
    TaskInstance._execute_task_with_callbacks(
  File "/home/airflow/.local/lib/python3.12/site-packages/airflow/models/taskinstance.py", line 3158, in _execute_task_with_callbacks
    result = self._execute_task(context, task_orig)
             ^^^^^^^^^^^^^^^^^^^^^^^^^^^^^^^^^^^^^^
  File "/home/airflow/.local/lib/python3.12/site-packages/airflow/models/taskinstance.py", line 3182, in _execute_task
    return _execute_task(self, context, task_orig)
           ^^^^^^^^^^^^^^^^^^^^^^^^^^^^^^^^^^^^^^^
  File "/home/airflow/.local/lib/python3.12/site-packages/airflow/models/taskinstance.py", line 767, in _execute_task
    result = _execute_callable(context=context, **execute_callable_kwargs)
             ^^^^^^^^^^^^^^^^^^^^^^^^^^^^^^^^^^^^^^^^^^^^^^^^^^^^^^^^^^^^^
  File "/home/airflow/.local/lib/python3.12/site-packages/airflow/models/taskinstance.py", line 733, in _execute_callable
    return ExecutionCallableRunner(
           ^^^^^^^^^^^^^^^^^^^^^^^^
  File "/home/airflow/.local/lib/python3.12/site-packages/airflow/utils/operator_helpers.py", line 252, in run
    return self.func(*args, **kwargs)
           ^^^^^^^^^^^^^^^^^^^^^^^^^^
  File "/home/airflow/.local/lib/python3.12/site-packages/airflow/models/baseoperator.py", line 406, in wrapper
    return func(self, *args, **kwargs)
           ^^^^^^^^^^^^^^^^^^^^^^^^^^^
  File "/home/airflow/.local/lib/python3.12/site-packages/airflow/operators/python.py", line 238, in execute
    return_value = self.execute_callable()
                   ^^^^^^^^^^^^^^^^^^^^^^^
  File "/home/airflow/.local/lib/python3.12/site-packages/airflow/operators/python.py", line 256, in execute_callable
    return runner.run(*self.op_args, **self.op_kwargs)
           ^^^^^^^^^^^^^^^^^^^^^^^^^^^^^^^^^^^^^^^^^^^
  File "/home/airflow/.local/lib/python3.12/site-packages/airflow/utils/operator_helpers.py", line 252, in run
    return self.func(*args, **kwargs)
           ^^^^^^^^^^^^^^^^^^^^^^^^^^
  File "/opt/airflow/dags/scripts/python_scripts.py", line 186, in load_to_gold_layer
    """).fetchdf()
        ^^^^^^^^^
duckdb.duckdb.NotImplementedException: Not implemented Error: Unsupported type "TIME WITH TIME ZONE"
[2025-03-07T12:23:33.703+0000] {local_task_job_runner.py:266} INFO - Task exited with return code 1
[2025-03-07T12:23:33.728+0000] {taskinstance.py:3900} INFO - 0 downstream tasks scheduled from follow-on schedule check
[2025-03-07T12:23:33.732+0000] {local_task_job_runner.py:245} INFO - ::endgroup::
[2025-03-10T01:36:07.424+0000] {local_task_job_runner.py:123} INFO - ::group::Pre task execution logs
[2025-03-10T01:36:07.456+0000] {taskinstance.py:2612} INFO - Dependencies all met for dep_context=non-requeueable deps ti=<TaskInstance: pull_data_from_chess_api.load_to_gold_layer scheduled__2023-11-01T00:00:00+00:00 [queued]>
[2025-03-10T01:36:07.468+0000] {taskinstance.py:2612} INFO - Dependencies all met for dep_context=requeueable deps ti=<TaskInstance: pull_data_from_chess_api.load_to_gold_layer scheduled__2023-11-01T00:00:00+00:00 [queued]>
[2025-03-10T01:36:07.468+0000] {taskinstance.py:2865} INFO - Starting attempt 1 of 2
[2025-03-10T01:36:07.486+0000] {taskinstance.py:2888} INFO - Executing <Task(PythonOperator): load_to_gold_layer> on 2023-11-01 00:00:00+00:00
[2025-03-10T01:36:07.500+0000] {warnings.py:112} WARNING - /home/***/.local/lib/python3.12/site-packages/***/task/task_runner/standard_task_runner.py:70: DeprecationWarning: This process (pid=16970) is multi-threaded, use of fork() may lead to deadlocks in the child.
  pid = os.fork()

[2025-03-10T01:36:07.506+0000] {standard_task_runner.py:72} INFO - Started process 16979 to run task
[2025-03-10T01:36:07.503+0000] {standard_task_runner.py:104} INFO - Running: ['***', 'tasks', 'run', 'pull_data_from_chess_api', 'load_to_gold_layer', 'scheduled__2023-11-01T00:00:00+00:00', '--job-id', '519', '--raw', '--subdir', 'DAGS_FOLDER/collect_chess_data_dag.py', '--cfg-path', '/tmp/tmpc2uehzcu']
[2025-03-10T01:36:07.510+0000] {standard_task_runner.py:105} INFO - Job 519: Subtask load_to_gold_layer
[2025-03-10T01:36:07.581+0000] {task_command.py:467} INFO - Running <TaskInstance: pull_data_from_chess_api.load_to_gold_layer scheduled__2023-11-01T00:00:00+00:00 [running]> on host 70b3b9cfbba0
[2025-03-10T01:36:08.043+0000] {taskinstance.py:3131} INFO - Exporting env vars: AIRFLOW_CTX_DAG_OWNER='***' AIRFLOW_CTX_DAG_ID='pull_data_from_chess_api' AIRFLOW_CTX_TASK_ID='load_to_gold_layer' AIRFLOW_CTX_EXECUTION_DATE='2023-11-01T00:00:00+00:00' AIRFLOW_CTX_TRY_NUMBER='1' AIRFLOW_CTX_DAG_RUN_ID='scheduled__2023-11-01T00:00:00+00:00'
[2025-03-10T01:36:08.050+0000] {taskinstance.py:731} INFO - ::endgroup::
[2025-03-10T01:36:08.185+0000] {logging_mixin.py:190} INFO - Execution Date: 2023-11-01
[2025-03-10T01:36:08.189+0000] {connection.py:531} ERROR - Unable to retrieve connection from secrets backend (EnvironmentVariablesBackend). Checking subsequent secrets backend.
Traceback (most recent call last):
  File "/home/airflow/.local/lib/python3.12/site-packages/airflow/models/connection.py", line 526, in get_connection_from_secrets
    conn = secrets_backend.get_connection(conn_id=conn_id)
           ^^^^^^^^^^^^^^^^^^^^^^^^^^^^^^^^^^^^^^^^^^^^^^^
  File "/home/airflow/.local/lib/python3.12/site-packages/airflow/secrets/base_secrets.py", line 116, in get_connection
    return self.deserialize_connection(conn_id=conn_id, value=value)
           ^^^^^^^^^^^^^^^^^^^^^^^^^^^^^^^^^^^^^^^^^^^^^^^^^^^^^^^^^
  File "/home/airflow/.local/lib/python3.12/site-packages/airflow/secrets/base_secrets.py", line 70, in deserialize_connection
    return Connection(conn_id=conn_id, uri=value)
           ^^^^^^^^^^^^^^^^^^^^^^^^^^^^^^^^^^^^^^
  File "<string>", line 4, in __init__
  File "/home/airflow/.local/lib/python3.12/site-packages/sqlalchemy/orm/state.py", line 481, in _initialize_instance
    with util.safe_reraise():
         ^^^^^^^^^^^^^^^^^^^
  File "/home/airflow/.local/lib/python3.12/site-packages/sqlalchemy/util/langhelpers.py", line 70, in __exit__
    compat.raise_(
  File "/home/airflow/.local/lib/python3.12/site-packages/sqlalchemy/util/compat.py", line 211, in raise_
    raise exception
  File "/home/airflow/.local/lib/python3.12/site-packages/sqlalchemy/orm/state.py", line 479, in _initialize_instance
    return manager.original_init(*mixed[1:], **kwargs)
           ^^^^^^^^^^^^^^^^^^^^^^^^^^^^^^^^^^^^^^^^^^^
  File "/home/airflow/.local/lib/python3.12/site-packages/airflow/models/connection.py", line 169, in __init__
    self._parse_from_uri(uri)
  File "/home/airflow/.local/lib/python3.12/site-packages/airflow/models/connection.py", line 257, in _parse_from_uri
    self.port = uri_parts.port
                ^^^^^^^^^^^^^^
  File "/usr/local/lib/python3.12/urllib/parse.py", line 182, in port
    raise ValueError(f"Port could not be cast to integer value as {port!r}")
ValueError: Port could not be cast to integer value as 'DefaultEndpointsProtocol=https;AccountName=rbchesssa;AccountKey=lG9W+utkpTNorE0rTLlfDMUZsTPleXk6pXv6NnfDTi'
[2025-03-10T01:36:08.427+0000] {base.py:84} INFO - Retrieving connection 'azure_chess_storage'
[2025-03-10T01:36:10.148+0000] {logging_mixin.py:190} INFO - Previewing Dataframe
[2025-03-10T01:36:10.159+0000] {logging_mixin.py:190} INFO - game_url                        object
time_control                    object
rated                             bool
time_class                      object
rules                           object
white_rating                     int64
white_result                    object
black_rating                     int64
black_result                    object
pgn_event                       object
pgn_site                        object
game_date               datetime64[us]
pgn_white_user                  object
pgn_black_user                  object
pgn_result                      object
pgn_current_position            object
pgn_timezone                    object
pgn_eco                         object
pgn_eco_url                     object
start_time              datetime64[ns]
end_time                datetime64[ns]
end_game_date           datetime64[us]
pgn_raw                         object
pgn_trans                       object
last_updated                    object
dtype: object
[2025-03-10T01:36:10.312+0000] {logging_mixin.py:190} INFO - https://www.chess.com/game/live/92576512361	300+5	True	blitz	chess	819	repetition	900	repetition	Live Chess	Chess.com	2023-11-01 00:00:00	Rhythmbear1	paranoidandroidedge	1/2-1/2	8/1p3pk1/p3b3/5pQ1/P4P1K/1r5P/2p3P1/8 b - -	UTC	C15	https://www.chess.com/openings/French-Defense-Winawer-Delayed-Exchange-Variation-4...exd5	2023-11-01 11:19:57	2023-11-01 11:35:01	2023-11-01 00:00:00	e4 e6 d4 d5 exd5 exd5 Nc3 Bb4 Bd2 Nf6 Nf3 O-O Bd3 Re8+ Ne5 Nc6 O-O Nxe5 dxe5 Rxe5 a3 Bxc3 Bxc3 d4 Bd2 c5 c3 dxc3 Bxc3 Rd5 Bxf6 gxf6 b3 Rxd3 Qe2 Rxb3 Rfd1 Qf8 Qc4 Be6 Qc2 c4 a4 Qg7 Rd4 Rc8 Rad1 h5 Rd8+ Rxd8 Rxd8+ Qf8 Rxf8+ Kxf8 h3 f5 f4 c3 Kh2 a6 Kg3 Kg7 Kh4 Kh6 Qe2 Kg7 Qxh5 c2 Qg5+ Kf8 Qd8+ Kg7 Qg5+ Kf8 Qd8+ Kg7 Qg5+	1. e4 e6 2. d4 d5 3. exd5 exd5 4. Nc3 Bb4 5. Bd2 Nf6 6. Nf3 O-O 7. Bd3 Re8+ 8. Ne5 Nc6 9. O-O Nxe5 10. dxe5 Rxe5 11. a3 Bxc3 12. Bxc3 d4 13. Bd2 c5 14. c3 dxc3 15. Bxc3 Rd5 16. Bxf6 gxf6 17. b3 Rxd3 18. Qe2 Rxb3 19. Rfd1 Qf8 20. Qc4 Be6 21. Qc2 c4 22. a4 Qg7 23. Rd4 Rc8 24. Rad1 h5 25. Rd8+ Rxd8 26. Rxd8+ Qf8 27. Rxf8+ Kxf8 28. h3 f5 29. f4 c3 30. Kh2 a6 31. Kg3 Kg7 32. Kh4 Kh6 33. Qe2 Kg7 34. Qxh5 c2 35. Qg5+ Kf8 36. Qd8+ Kg7 37. Qg5+ Kf8 38. Qd8+ Kg7 39. Qg5+ 	2023-11-01
https://www.chess.com/game/live/92577641031	300+5	True	blitz	chess	874	checkmated	828	win	Live Chess	Chess.com	2023-11-01 00:00:00	hodalon	Rhythmbear1	0-1	7r/pp2kppp/4p3/3pP3/3b2PP/5q1K/7R/8 w - -	UTC	C02	https://www.chess.com/openings/French-Defense-Advance-Variation-3...c5-4.c3-Nc6	2023-11-01 11:35:18	2023-11-01 11:43:32	2023-11-01 00:00:00	d4 e6 e4 d5 e5 c5 c3 Nc6 f4 Bd7 Nf3 Qb6 a4 Nge7 a5 Nxa5 Qc2 Rc8 h4 cxd4 Nxd4 Nf5 Ne2 Nc6 g4 Nb4 Qd1 Ne3 Bxe3 Qxe3 cxb4 Bxb4+ Nc3 Rxc3 bxc3 Bxc3+ Qd2 Qxd2+ Kf2 Bxa1 Bg2 Bd4+ Kf1 Bb5 Bf3 Ke7 Rh2 Qxf4 Kg2 Bxe2 Bxe2 Qf2+ Kh3 Qe3+ Kg2 Qxe2+ Kh3 Qf3#	1. d4 e6 2. e4 d5 3. e5 c5 4. c3 Nc6 5. f4 Bd7 6. Nf3 Qb6 7. a4 Nge7 8. a5 Nxa5 9. Qc2 Rc8 10. h4 cxd4 11. Nxd4 Nf5 12. Ne2 Nc6 13. g4 Nb4 14. Qd1 Ne3 15. Bxe3 Qxe3 16. cxb4 Bxb4+ 17. Nc3 Rxc3 18. bxc3 Bxc3+ 19. Qd2 Qxd2+ 20. Kf2 Bxa1 21. Bg2 Bd4+ 22. Kf1 Bb5 23. Bf3 Ke7 24. Rh2 Qxf4 25. Kg2 Bxe2 26. Bxe2 Qf2+ 27. Kh3 Qe3+ 28. Kg2 Qxe2+ 29. Kh3 Qf3#	2023-11-01
https://www.chess.com/game/live/92578275421	300+5	True	blitz	chess	839	win	930	checkmated	Live Chess	Chess.com	2023-11-01 00:00:00	Rhythmbear1	gigi_esse	1-0	2Q2k2/4ppbp/6p1/8/4P3/8/5PPP/5K2 b - -	UTC	B34	https://www.chess.com/openings/Sicilian-Defense-Open-Accelerated-Dragon-Exchange-Variation-5...bxc6	2023-11-01 11:47:34	2023-11-01 11:57:24	2023-11-01 00:00:00	e4 c5 Nf3 Nc6 d4 cxd4 Nxd4 g6 Nxc6 bxc6 c4 Bg7 Nc3 Qa5 Bd2 Qb6 Na4 Qd4 Nc3 Nf6 Bd3 Ba6 Be3 Qe5 O-O d5 cxd5 Bxd3 Qxd3 cxd5 Qb5+ Nd7 Nxd5 Rb8 Qc6 Qxb2 Rab1 Qxb1 Nc7+ Kd8 Bxa7 Qxf1+ Kxf1 Rc8 Bb6 Nxb6 Qxb6 Rxc7 a4 Kd7 a5 Rhc8 Qb5+ Rc6 a6 Ke8 a7 Kf8 Qxc6 Rxc6 a8=Q+ Rc8 Qxc8#	1. e4 c5 2. Nf3 Nc6 3. d4 cxd4 4. Nxd4 g6 5. Nxc6 bxc6 6. c4 Bg7 7. Nc3 Qa5 8. Bd2 Qb6 9. Na4 Qd4 10. Nc3 Nf6 11. Bd3 Ba6 12. Be3 Qe5 13. O-O d5 14. cxd5 Bxd3 15. Qxd3 cxd5 16. Qb5+ Nd7 17. Nxd5 Rb8 18. Qc6 Qxb2 19. Rab1 Qxb1 20. Nc7+ Kd8 21. Bxa7 Qxf1+ 22. Kxf1 Rc8 23. Bb6 Nxb6 24. Qxb6 Rxc7 25. a4 Kd7 26. a5 Rhc8 27. Qb5+ Rc6 28. a6 Ke8 29. a7 Kf8 30. Qxc6 Rxc6 31. a8=Q+ Rc8 32. Qxc8# 	2023-11-01
https://www.chess.com/game/live/92672450423	300+5	True	blitz	chess	846	win	787	checkmated	Live Chess	Chess.com	2023-11-02 00:00:00	Rhythmbear1	RYOK99	1-0	r1r4k/pR4Q1/4p1pp/q2p4/3P4/1Bn4P/P3NPP1/5RK1 b - -	UTC	B07	https://www.chess.com/openings/Pirc-Defense-Main-Line-Byrne-Variation-4...Bg7	2023-11-02 13:55:36	2023-11-02 14:05:15	2023-11-02 00:00:00	e4 d6 d4 Nf6 Nc3 g6 Bg5 Bg7 Bc4 c6 Nf3 d5 exd5 cxd5 Bb3 Bf5 O-O Nc6 Ne2 O-O c3 e6 h3 Be4 Ng3 Bxf3 Qxf3 h6 Be3 Na5 Bc2 Nc4 Rac1 Nxb2 Rb1 Nc4 Rxb7 Nxe3 Qxe3 Qa5 Bb3 Rfc8 Ne2 Ne4 Qf3 Nxc3 Qxf7+ Kh8 Qxg7#	1. e4 d6 2. d4 Nf6 3. Nc3 g6 4. Bg5 Bg7 5. Bc4 c6 6. Nf3 d5 7. exd5 cxd5 8. Bb3 Bf5 9. O-O Nc6 10. Ne2 O-O 11. c3 e6 12. h3 Be4 13. Ng3 Bxf3 14. Qxf3 h6 15. Be3 Na5 16. Bc2 Nc4 17. Rac1 Nxb2 18. Rb1 Nc4 19. Rxb7 Nxe3 20. Qxe3 Qa5 21. Bb3 Rfc8 22. Ne2 Ne4 23. Qf3 Nxc3 24. Qxf7+ Kh8 25. Qxg7# 	2023-11-01
https://www.chess.com/game/live/92673194495	300+5	True	blitz	chess	833	win	837	resigned	Live Chess	Chess.com	2023-11-02 00:00:00	LandoKarl	Rhythmbear1	1-0	2Q5/6p1/5k1p/4p3/8/3R2P1/7P/6K1 b - -	UTC	D02	https://www.chess.com/openings/Queens-Pawn-Opening-Krause-Variation-3.c3-e6-4.Bf4-Nc6-5.e3	2023-11-02 14:13:01	2023-11-02 14:28:24	2023-11-02 00:00:00	d4 d5 Bf4 e6 Nf3 c5 c3 Nc6 e3 Qb6 b3 Bd7 c4 cxd4 exd4 Bb4+ Bd2 Nf6 a3 Bxd2+ Qxd2 Ne4 Qd3 O-O c5 Qc7 b4 Rfe8 Nbd2 Nxd2 Qxd2 b6 Bd3 h6 O-O bxc5 dxc5 a5 Rfb1 axb4 axb4 Ne5 Nxe5 Qxe5 Rxa8 Rxa8 f4 Qc7 g3 Rb8 Qc2 Bb5 Bxb5 Rxb5 Qd3 Rb8 Qd4 f6 b5 Rd8 b6 Qe7 b7 e5 fxe5 fxe5 Qb4 Qf8 b8=Q Rxb8 Qxb8 Qxb8 Rxb8+ Kf7 Rd8 d4 c6 Ke7 c7 Kf6 c8=Q d3 Rxd3	1. d4 d5 2. Bf4 e6 3. Nf3 c5 4. c3 Nc6 5. e3 Qb6 6. b3 Bd7 7. c4 cxd4 8. exd4 Bb4+ 9. Bd2 Nf6 10. a3 Bxd2+ 11. Qxd2 Ne4 12. Qd3 O-O 13. c5 Qc7 14. b4 Rfe8 15. Nbd2 Nxd2 16. Qxd2 b6 17. Bd3 h6 18. O-O bxc5 19. dxc5 a5 20. Rfb1 axb4 21. axb4 Ne5 22. Nxe5 Qxe5 23. Rxa8 Rxa8 24. f4 Qc7 25. g3 Rb8 26. Qc2 Bb5 27. Bxb5 Rxb5 28. Qd3 Rb8 29. Qd4 f6 30. b5 Rd8 31. b6 Qe7 32. b7 e5 33. fxe5 fxe5 34. Qb4 Qf8 35. b8=Q Rxb8 36. Qxb8 Qxb8 37. Rxb8+ Kf7 38. Rd8 d4 39. c6 Ke7 40. c7 Kf6 41. c8=Q d3 42. Rxd3 	2023-11-01
[2025-03-10T01:36:11.377+0000] {logging_mixin.py:190} INFO - Previewing Dataframe
[2025-03-10T01:36:11.380+0000] {logging_mixin.py:190} INFO - game_url                        object
time_control                    object
rated                             bool
time_class                      object
rules                           object
white_rating                     int64
white_result                    object
black_rating                     int64
black_result                    object
pgn_event                       object
pgn_site                        object
game_date               datetime64[us]
pgn_white_user                  object
pgn_black_user                  object
pgn_result                      object
pgn_current_position            object
pgn_timezone                    object
pgn_eco                         object
pgn_eco_url                     object
start_time              datetime64[ns]
end_time                datetime64[ns]
end_game_date           datetime64[us]
pgn_raw                         object
pgn_trans                       object
last_updated            datetime64[us]
dtype: object
[2025-03-10T01:36:11.428+0000] {logging_mixin.py:190} INFO - https://www.chess.com/game/live/123501493034	120+1	True	bullet	chess	898	win	877	resigned	Live Chess	Chess.com	2025-03-03 00:00:00	Rhythmbear1	upam538	1-0	r1b1k1nr/pppp1pp1/6np/2bQ4/4P3/1B3NP1/PPP2P1P/R4RK1 b kq -	UTC	C40	https://www.chess.com/openings/Kings-Pawn-Opening-Kings-Knight-McConnell-Defense	2025-03-03 16:25:59	2025-03-03 16:28:38	2025-03-03 00:00:00	e4 e5 Nf3 Qf6 d4 h6 dxe5 Qe6 Nbd2 Nc6 Bc4 Qe7 O-O Qxe5 Nxe5 Nxe5 Bb3 Bc5 Nf3 Ng6 Bf4 Nxf4 g3 Ng6 Qd5	1. e4 e5 2. Nf3 Qf6 3. d4 h6 4. dxe5 Qe6 5. Nbd2 Nc6 6. Bc4 Qe7 7. O-O Qxe5 8. Nxe5 Nxe5 9. Bb3 Bc5 10. Nf3 Ng6 11. Bf4 Nxf4 12. g3 Ng6 13. Qd5 	2025-03-10 00:00:00
https://www.chess.com/game/live/123599894618	120+1	True	bullet	chess	846	win	852	resigned	Live Chess	Chess.com	2025-03-06 00:00:00	Rkeval	Rhythmbear1	1-0	4r3/ppQ2p1k/2p3pp/3p2b1/3P4/P1N4P/1PP2PP1/3R2K1 b - -	UTC	C01	https://www.chess.com/openings/French-Defense-Exchange-Variation-3...exd5-4.Nc3	2025-03-06 09:54:46	2025-03-06 09:57:13	2025-03-06 00:00:00	e4 e6 Nc3 d5 exd5 exd5 d4 c6 Nf3 Bd6 Be2 Ne7 h3 Bf5 O-O Nd7 Bg5 O-O Bd3 Bxd3 Qxd3 h6 Bh4 Qc7 Bxe7 Bxe7 Qf5 Nf6 Rfe1 Rae8 Rad1 Nh7 a3 g6 Qd3 Ng5 Nxg5 Bxg5 Rxe8 Rxe8 Qg3 Kh7 Qxc7	1. e4 e6 2. Nc3 d5 3. exd5 exd5 4. d4 c6 5. Nf3 Bd6 6. Be2 Ne7 7. h3 Bf5 8. O-O Nd7 9. Bg5 O-O 10. Bd3 Bxd3 11. Qxd3 h6 12. Bh4 Qc7 13. Bxe7 Bxe7 14. Qf5 Nf6 15. Rfe1 Rae8 16. Rad1 Nh7 17. a3 g6 18. Qd3 Ng5 19. Nxg5 Bxg5 20. Rxe8 Rxe8 21. Qg3 Kh7 22. Qxc7 	2025-03-10 00:00:00
https://www.chess.com/game/live/71316868255	600	True	rapid	chess	934	win	880	abandoned	Live Chess	Chess.com	2023-02-28 00:00:00	Rhythmbear1	BjornABYT	1-0	r3k1nr/p4ppp/b1p5/3pp3/4q3/2B2N2/P4PPP/RN1Q2KR b kq -	UTC	C45	https://www.chess.com/openings/Scotch-Game	2023-02-28 09:49:59	2023-02-28 10:00:07	2023-02-28 00:00:00	e4 e5 Nf3 Nc6 d4 Bb4+ c3 Bd6 d5 Na5 b4 c6 bxa5 Qxa5 dxc6 bxc6 Bc4 Bb4 Bb2 d5 cxb4 Qxb4+ Bc3 Qxc4 Nfd2 Qd3 Nf3 Qxe4+ Kf1 Ba6+ Kg1	1. e4 e5 2. Nf3 Nc6 3. d4 Bb4+ 4. c3 Bd6 5. d5 Na5 6. b4 c6 7. bxa5 Qxa5 8. dxc6 bxc6 9. Bc4 Bb4 10. Bb2 d5 11. cxb4 Qxb4+ 12. Bc3 Qxc4 13. Nfd2 Qd3 14. Nf3 Qxe4+ 15. Kf1 Ba6+ 16. Kg1 	2023-02-01 00:00:00
https://www.chess.com/game/live/74558025841	900+10	True	rapid	chess	1061	checkmated	1041	win	Live Chess	Chess.com	2023-04-06 00:00:00	Rhythmbear1	alimohanad1994	0-1	3r3k/4R2p/2Q5/3B1p2/1q3r2/1K6/P1P2P1P/8 w - -	UTC	B00	https://www.chess.com/openings/Nimzowitsch-Defense-French-Connection-Variation	2023-04-06 22:12:40	2023-04-06 22:51:57	2023-04-06 00:00:00	e4 e6 Nc3 Nc6 Bc4 a6 d4 b5 Bb3 Rb8 d5 exd5 exd5 Ne5 Qe2 f6 Nf3 Bc5 Be3 Bxe3 Qxe3 Qe7 O-O a5 d6 Qxd6 Ne4 Nxf3+ Qxf3 Qe5 Rae1 Ne7 Rd1 Qxb2 Rfe1 Bb7 Qd3 d5 Qxb5+ Kf8 Nc5 Kf7 Nxb7 c6 Qe2 Rxb7 Qa6 Rhb8 Qxa5 Rb5 Qc7 R8b7 Rxe7+ Kg6 Rxg7+ Kh6 Qf4+ Kxg7 Qg3+ Kh8 Re1 Rb8 Re7 Rg8 Qd3 f5 g4 Qc1+ Kg2 Rxg4+ Kf3 Rf4+ Ke2 Rb8 Qc3+ d4 Qxc6 d3+ Kxd3 Rd8+ Bd5 Qd1+ Kc3 Qd4+ Kb3 Qb4#	1. e4 e6 2. Nc3 Nc6 3. Bc4 a6 4. d4 b5 5. Bb3 Rb8 6. d5 exd5 7. exd5 Ne5 8. Qe2 f6 9. Nf3 Bc5 10. Be3 Bxe3 11. Qxe3 Qe7 12. O-O a5 13. d6 Qxd6 14. Ne4 Nxf3+ 15. Qxf3 Qe5 16. Rae1 Ne7 17. Rd1 Qxb2 18. Rfe1 Bb7 19. Qd3 d5 20. Qxb5+ Kf8 21. Nc5 Kf7 22. Nxb7 c6 23. Qe2 Rxb7 24. Qa6 Rhb8 25. Qxa5 Rb5 26. Qc7 R8b7 27. Rxe7+ Kg6 28. Rxg7+ Kh6 29. Qf4+ Kxg7 30. Qg3+ Kh8 31. Re1 Rb8 32. Re7 Rg8 33. Qd3 f5 34. g4 Qc1+ 35. Kg2 Rxg4+ 36. Kf3 Rf4+ 37. Ke2 Rb8 38. Qc3+ d4 39. Qxc6 d3+ 40. Kxd3 Rd8+ 41. Bd5 Qd1+ 42. Kc3 Qd4+ 43. Kb3 Qb4#	2023-04-01 00:00:00
https://www.chess.com/game/live/75493778387	600	True	rapid	chess	1123	resigned	1119	win	Live Chess	Chess.com	2023-04-17 00:00:00	samaninvest	Rhythmbear1	0-1	4r1k1/4ppb1/6pp/pn1b4/1P3P2/1P3N2/1P2R1PP/7K w - -	UTC	B20	https://www.chess.com/openings/Sicilian-Defense	2023-04-17 18:03:24	2023-04-17 18:10:47	2023-04-17 00:00:00	e4 c5 Bb5 Nf6 Nf3 Nxe4 O-O a6 Bc4 d5 Bb3 c4 d3 Nd6 dxc4 dxc4 Re1 cxb3 cxb3 Nc6 Nc3 g6 Be3 Bg7 Bd4 Nxd4 Nxd4 O-O f4 Re8 Nf3 h6 Kh1 Bd7 Rc1 b5 Nd5 Rc8 Rxc8 Bxc8 Re2 Bb7 Nc3 b4 Nd5 a5 a3 Nb5 axb4 Qxd5 Qxd5 Bxd5	1. e4 c5 2. Bb5 Nf6 3. Nf3 Nxe4 4. O-O a6 5. Bc4 d5 6. Bb3 c4 7. d3 Nd6 8. dxc4 dxc4 9. Re1 cxb3 10. cxb3 Nc6 11. Nc3 g6 12. Be3 Bg7 13. Bd4 Nxd4 14. Nxd4 O-O 15. f4 Re8 16. Nf3 h6 17. Kh1 Bd7 18. Rc1 b5 19. Nd5 Rc8 20. Rxc8 Bxc8 21. Re2 Bb7 22. Nc3 b4 23. Nd5 a5 24. a3 Nb5 25. axb4 Qxd5 26. Qxd5 Bxd5	2023-04-01 00:00:00
[2025-03-10T01:36:12.646+0000] {python.py:240} INFO - Done. Returned value was: None
[2025-03-10T01:36:12.659+0000] {taskinstance.py:340} INFO - ::group::Post task execution logs
[2025-03-10T01:36:12.660+0000] {taskinstance.py:352} INFO - Marking task as SUCCESS. dag_id=pull_data_from_chess_api, task_id=load_to_gold_layer, run_id=scheduled__2023-11-01T00:00:00+00:00, execution_date=20231101T000000, start_date=20250310T013607, end_date=20250310T013612
[2025-03-10T01:36:12.702+0000] {local_task_job_runner.py:266} INFO - Task exited with return code 0
[2025-03-10T01:36:12.726+0000] {taskinstance.py:3900} INFO - 0 downstream tasks scheduled from follow-on schedule check
[2025-03-10T01:36:12.731+0000] {local_task_job_runner.py:245} INFO - ::endgroup::
