[2025-02-18T16:09:52.309+0000] {local_task_job_runner.py:123} INFO - ::group::Pre task execution logs
[2025-02-18T16:09:52.330+0000] {taskinstance.py:2612} INFO - Dependencies all met for dep_context=non-requeueable deps ti=<TaskInstance: pull_data_from_chess_api.transform_json_to_fact_table scheduled__2023-07-01T00:00:00+00:00 [queued]>
[2025-02-18T16:09:52.340+0000] {taskinstance.py:2612} INFO - Dependencies all met for dep_context=requeueable deps ti=<TaskInstance: pull_data_from_chess_api.transform_json_to_fact_table scheduled__2023-07-01T00:00:00+00:00 [queued]>
[2025-02-18T16:09:52.340+0000] {taskinstance.py:2865} INFO - Starting attempt 1 of 2
[2025-02-18T16:09:52.358+0000] {taskinstance.py:2888} INFO - Executing <Task(PythonOperator): transform_json_to_fact_table> on 2023-07-01 00:00:00+00:00
[2025-02-18T16:09:52.365+0000] {warnings.py:112} WARNING - /home/***/.local/lib/python3.12/site-packages/***/task/task_runner/standard_task_runner.py:70: DeprecationWarning: This process (pid=2939) is multi-threaded, use of fork() may lead to deadlocks in the child.
  pid = os.fork()

[2025-02-18T16:09:52.369+0000] {standard_task_runner.py:104} INFO - Running: ['***', 'tasks', 'run', 'pull_data_from_chess_api', 'transform_json_to_fact_table', 'scheduled__2023-07-01T00:00:00+00:00', '--job-id', '152', '--raw', '--subdir', 'DAGS_FOLDER/chess_dag.py', '--cfg-path', '/tmp/tmpgv2mheej']
[2025-02-18T16:09:52.370+0000] {standard_task_runner.py:72} INFO - Started process 2940 to run task
[2025-02-18T16:09:52.371+0000] {standard_task_runner.py:105} INFO - Job 152: Subtask transform_json_to_fact_table
[2025-02-18T16:09:52.428+0000] {task_command.py:467} INFO - Running <TaskInstance: pull_data_from_chess_api.transform_json_to_fact_table scheduled__2023-07-01T00:00:00+00:00 [running]> on host 4ed02a11bf8e
[2025-02-18T16:09:52.542+0000] {taskinstance.py:3131} INFO - Exporting env vars: AIRFLOW_CTX_DAG_OWNER='***' AIRFLOW_CTX_DAG_ID='pull_data_from_chess_api' AIRFLOW_CTX_TASK_ID='transform_json_to_fact_table' AIRFLOW_CTX_EXECUTION_DATE='2023-07-01T00:00:00+00:00' AIRFLOW_CTX_TRY_NUMBER='1' AIRFLOW_CTX_DAG_RUN_ID='scheduled__2023-07-01T00:00:00+00:00'
[2025-02-18T16:09:52.543+0000] {taskinstance.py:731} INFO - ::endgroup::
[2025-02-18T16:09:52.562+0000] {connection.py:531} ERROR - Unable to retrieve connection from secrets backend (EnvironmentVariablesBackend). Checking subsequent secrets backend.
Traceback (most recent call last):
  File "/home/airflow/.local/lib/python3.12/site-packages/airflow/models/connection.py", line 526, in get_connection_from_secrets
    conn = secrets_backend.get_connection(conn_id=conn_id)
           ^^^^^^^^^^^^^^^^^^^^^^^^^^^^^^^^^^^^^^^^^^^^^^^
  File "/home/airflow/.local/lib/python3.12/site-packages/airflow/secrets/base_secrets.py", line 116, in get_connection
    return self.deserialize_connection(conn_id=conn_id, value=value)
           ^^^^^^^^^^^^^^^^^^^^^^^^^^^^^^^^^^^^^^^^^^^^^^^^^^^^^^^^^
  File "/home/airflow/.local/lib/python3.12/site-packages/airflow/secrets/base_secrets.py", line 70, in deserialize_connection
    return Connection(conn_id=conn_id, uri=value)
           ^^^^^^^^^^^^^^^^^^^^^^^^^^^^^^^^^^^^^^
  File "<string>", line 4, in __init__
  File "/home/airflow/.local/lib/python3.12/site-packages/sqlalchemy/orm/state.py", line 481, in _initialize_instance
    with util.safe_reraise():
         ^^^^^^^^^^^^^^^^^^^
  File "/home/airflow/.local/lib/python3.12/site-packages/sqlalchemy/util/langhelpers.py", line 70, in __exit__
    compat.raise_(
  File "/home/airflow/.local/lib/python3.12/site-packages/sqlalchemy/util/compat.py", line 211, in raise_
    raise exception
  File "/home/airflow/.local/lib/python3.12/site-packages/sqlalchemy/orm/state.py", line 479, in _initialize_instance
    return manager.original_init(*mixed[1:], **kwargs)
           ^^^^^^^^^^^^^^^^^^^^^^^^^^^^^^^^^^^^^^^^^^^
  File "/home/airflow/.local/lib/python3.12/site-packages/airflow/models/connection.py", line 169, in __init__
    self._parse_from_uri(uri)
  File "/home/airflow/.local/lib/python3.12/site-packages/airflow/models/connection.py", line 257, in _parse_from_uri
    self.port = uri_parts.port
                ^^^^^^^^^^^^^^
  File "/usr/local/lib/python3.12/urllib/parse.py", line 182, in port
    raise ValueError(f"Port could not be cast to integer value as {port!r}")
ValueError: Port could not be cast to integer value as 'DefaultEndpointsProtocol=https;AccountName=rbchesssa;AccountKey=lG9W+utkpTNorE0rTLlfDMUZsTPleXk6pXv6NnfDTi'
[2025-02-18T16:09:52.574+0000] {base.py:84} INFO - Retrieving connection 'azure_chess_storage'
[2025-02-18T16:09:53.532+0000] {logging_mixin.py:190} INFO - /tmp/tmppowy4_rg
[2025-02-18T16:09:53.540+0000] {taskinstance.py:3310} ERROR - Task failed with exception
Traceback (most recent call last):
  File "/home/airflow/.local/lib/python3.12/site-packages/airflow/models/taskinstance.py", line 767, in _execute_task
    result = _execute_callable(context=context, **execute_callable_kwargs)
             ^^^^^^^^^^^^^^^^^^^^^^^^^^^^^^^^^^^^^^^^^^^^^^^^^^^^^^^^^^^^^
  File "/home/airflow/.local/lib/python3.12/site-packages/airflow/models/taskinstance.py", line 733, in _execute_callable
    return ExecutionCallableRunner(
           ^^^^^^^^^^^^^^^^^^^^^^^^
  File "/home/airflow/.local/lib/python3.12/site-packages/airflow/utils/operator_helpers.py", line 252, in run
    return self.func(*args, **kwargs)
           ^^^^^^^^^^^^^^^^^^^^^^^^^^
  File "/home/airflow/.local/lib/python3.12/site-packages/airflow/models/baseoperator.py", line 406, in wrapper
    return func(self, *args, **kwargs)
           ^^^^^^^^^^^^^^^^^^^^^^^^^^^
  File "/home/airflow/.local/lib/python3.12/site-packages/airflow/operators/python.py", line 238, in execute
    return_value = self.execute_callable()
                   ^^^^^^^^^^^^^^^^^^^^^^^
  File "/home/airflow/.local/lib/python3.12/site-packages/airflow/operators/python.py", line 256, in execute_callable
    return runner.run(*self.op_args, **self.op_kwargs)
           ^^^^^^^^^^^^^^^^^^^^^^^^^^^^^^^^^^^^^^^^^^^
  File "/home/airflow/.local/lib/python3.12/site-packages/airflow/utils/operator_helpers.py", line 252, in run
    return self.func(*args, **kwargs)
           ^^^^^^^^^^^^^^^^^^^^^^^^^^
  File "/opt/airflow/dags/scripts/python_scripts.py", line 109, in transform_json_to_fact_table
    fact_table = duckdb.sql("""
                 ^^^^^^^^^^^^^^
duckdb.duckdb.BinderException: Binder Error: Referenced column "url" not found in FROM clause!
Candidate bindings: "json"
[2025-02-18T16:09:53.558+0000] {taskinstance.py:1225} INFO - Marking task as UP_FOR_RETRY. dag_id=pull_data_from_chess_api, task_id=transform_json_to_fact_table, run_id=scheduled__2023-07-01T00:00:00+00:00, execution_date=20230701T000000, start_date=20250218T160952, end_date=20250218T160953
[2025-02-18T16:09:53.576+0000] {taskinstance.py:340} INFO - ::group::Post task execution logs
[2025-02-18T16:09:53.576+0000] {standard_task_runner.py:124} ERROR - Failed to execute job 152 for task transform_json_to_fact_table (Binder Error: Referenced column "url" not found in FROM clause!
Candidate bindings: "json"; 2940)
Traceback (most recent call last):
  File "/home/airflow/.local/lib/python3.12/site-packages/airflow/task/task_runner/standard_task_runner.py", line 117, in _start_by_fork
    ret = args.func(args, dag=self.dag)
          ^^^^^^^^^^^^^^^^^^^^^^^^^^^^^
  File "/home/airflow/.local/lib/python3.12/site-packages/airflow/cli/cli_config.py", line 49, in command
    return func(*args, **kwargs)
           ^^^^^^^^^^^^^^^^^^^^^
  File "/home/airflow/.local/lib/python3.12/site-packages/airflow/utils/cli.py", line 115, in wrapper
    return f(*args, **kwargs)
           ^^^^^^^^^^^^^^^^^^
  File "/home/airflow/.local/lib/python3.12/site-packages/airflow/cli/commands/task_command.py", line 483, in task_run
    task_return_code = _run_task_by_selected_method(args, _dag, ti)
                       ^^^^^^^^^^^^^^^^^^^^^^^^^^^^^^^^^^^^^^^^^^^^
  File "/home/airflow/.local/lib/python3.12/site-packages/airflow/cli/commands/task_command.py", line 256, in _run_task_by_selected_method
    return _run_raw_task(args, ti)
           ^^^^^^^^^^^^^^^^^^^^^^^
  File "/home/airflow/.local/lib/python3.12/site-packages/airflow/cli/commands/task_command.py", line 341, in _run_raw_task
    return ti._run_raw_task(
           ^^^^^^^^^^^^^^^^^
  File "/home/airflow/.local/lib/python3.12/site-packages/airflow/utils/session.py", line 97, in wrapper
    return func(*args, session=session, **kwargs)
           ^^^^^^^^^^^^^^^^^^^^^^^^^^^^^^^^^^^^^^
  File "/home/airflow/.local/lib/python3.12/site-packages/airflow/models/taskinstance.py", line 3004, in _run_raw_task
    return _run_raw_task(
           ^^^^^^^^^^^^^^
  File "/home/airflow/.local/lib/python3.12/site-packages/airflow/models/taskinstance.py", line 273, in _run_raw_task
    TaskInstance._execute_task_with_callbacks(
  File "/home/airflow/.local/lib/python3.12/site-packages/airflow/models/taskinstance.py", line 3158, in _execute_task_with_callbacks
    result = self._execute_task(context, task_orig)
             ^^^^^^^^^^^^^^^^^^^^^^^^^^^^^^^^^^^^^^
  File "/home/airflow/.local/lib/python3.12/site-packages/airflow/models/taskinstance.py", line 3182, in _execute_task
    return _execute_task(self, context, task_orig)
           ^^^^^^^^^^^^^^^^^^^^^^^^^^^^^^^^^^^^^^^
  File "/home/airflow/.local/lib/python3.12/site-packages/airflow/models/taskinstance.py", line 767, in _execute_task
    result = _execute_callable(context=context, **execute_callable_kwargs)
             ^^^^^^^^^^^^^^^^^^^^^^^^^^^^^^^^^^^^^^^^^^^^^^^^^^^^^^^^^^^^^
  File "/home/airflow/.local/lib/python3.12/site-packages/airflow/models/taskinstance.py", line 733, in _execute_callable
    return ExecutionCallableRunner(
           ^^^^^^^^^^^^^^^^^^^^^^^^
  File "/home/airflow/.local/lib/python3.12/site-packages/airflow/utils/operator_helpers.py", line 252, in run
    return self.func(*args, **kwargs)
           ^^^^^^^^^^^^^^^^^^^^^^^^^^
  File "/home/airflow/.local/lib/python3.12/site-packages/airflow/models/baseoperator.py", line 406, in wrapper
    return func(self, *args, **kwargs)
           ^^^^^^^^^^^^^^^^^^^^^^^^^^^
  File "/home/airflow/.local/lib/python3.12/site-packages/airflow/operators/python.py", line 238, in execute
    return_value = self.execute_callable()
                   ^^^^^^^^^^^^^^^^^^^^^^^
  File "/home/airflow/.local/lib/python3.12/site-packages/airflow/operators/python.py", line 256, in execute_callable
    return runner.run(*self.op_args, **self.op_kwargs)
           ^^^^^^^^^^^^^^^^^^^^^^^^^^^^^^^^^^^^^^^^^^^
  File "/home/airflow/.local/lib/python3.12/site-packages/airflow/utils/operator_helpers.py", line 252, in run
    return self.func(*args, **kwargs)
           ^^^^^^^^^^^^^^^^^^^^^^^^^^
  File "/opt/airflow/dags/scripts/python_scripts.py", line 109, in transform_json_to_fact_table
    fact_table = duckdb.sql("""
                 ^^^^^^^^^^^^^^
duckdb.duckdb.BinderException: Binder Error: Referenced column "url" not found in FROM clause!
Candidate bindings: "json"
[2025-02-18T16:09:53.595+0000] {local_task_job_runner.py:266} INFO - Task exited with return code 1
[2025-02-18T16:09:53.619+0000] {taskinstance.py:3900} INFO - 0 downstream tasks scheduled from follow-on schedule check
[2025-02-18T16:09:53.621+0000] {local_task_job_runner.py:245} INFO - ::endgroup::
[2025-02-18T16:39:57.993+0000] {local_task_job_runner.py:123} INFO - ::group::Pre task execution logs
[2025-02-18T16:39:58.034+0000] {taskinstance.py:2612} INFO - Dependencies all met for dep_context=non-requeueable deps ti=<TaskInstance: pull_data_from_chess_api.transform_json_to_fact_table scheduled__2023-07-01T00:00:00+00:00 [queued]>
[2025-02-18T16:39:58.059+0000] {taskinstance.py:2612} INFO - Dependencies all met for dep_context=requeueable deps ti=<TaskInstance: pull_data_from_chess_api.transform_json_to_fact_table scheduled__2023-07-01T00:00:00+00:00 [queued]>
[2025-02-18T16:39:58.060+0000] {taskinstance.py:2865} INFO - Starting attempt 1 of 2
[2025-02-18T16:39:58.101+0000] {taskinstance.py:2888} INFO - Executing <Task(PythonOperator): transform_json_to_fact_table> on 2023-07-01 00:00:00+00:00
[2025-02-18T16:39:58.113+0000] {warnings.py:112} WARNING - /home/***/.local/lib/python3.12/site-packages/***/task/task_runner/standard_task_runner.py:70: DeprecationWarning: This process (pid=3688) is multi-threaded, use of fork() may lead to deadlocks in the child.
  pid = os.fork()

[2025-02-18T16:39:58.117+0000] {standard_task_runner.py:72} INFO - Started process 3689 to run task
[2025-02-18T16:39:58.117+0000] {standard_task_runner.py:104} INFO - Running: ['***', 'tasks', 'run', 'pull_data_from_chess_api', 'transform_json_to_fact_table', 'scheduled__2023-07-01T00:00:00+00:00', '--job-id', '204', '--raw', '--subdir', 'DAGS_FOLDER/chess_dag.py', '--cfg-path', '/tmp/tmpdum557qj']
[2025-02-18T16:39:58.118+0000] {standard_task_runner.py:105} INFO - Job 204: Subtask transform_json_to_fact_table
[2025-02-18T16:39:58.234+0000] {task_command.py:467} INFO - Running <TaskInstance: pull_data_from_chess_api.transform_json_to_fact_table scheduled__2023-07-01T00:00:00+00:00 [running]> on host 4ed02a11bf8e
[2025-02-18T16:39:58.439+0000] {taskinstance.py:3131} INFO - Exporting env vars: AIRFLOW_CTX_DAG_OWNER='***' AIRFLOW_CTX_DAG_ID='pull_data_from_chess_api' AIRFLOW_CTX_TASK_ID='transform_json_to_fact_table' AIRFLOW_CTX_EXECUTION_DATE='2023-07-01T00:00:00+00:00' AIRFLOW_CTX_TRY_NUMBER='1' AIRFLOW_CTX_DAG_RUN_ID='scheduled__2023-07-01T00:00:00+00:00'
[2025-02-18T16:39:58.441+0000] {taskinstance.py:731} INFO - ::endgroup::
[2025-02-18T16:39:58.475+0000] {connection.py:531} ERROR - Unable to retrieve connection from secrets backend (EnvironmentVariablesBackend). Checking subsequent secrets backend.
Traceback (most recent call last):
  File "/home/airflow/.local/lib/python3.12/site-packages/airflow/models/connection.py", line 526, in get_connection_from_secrets
    conn = secrets_backend.get_connection(conn_id=conn_id)
           ^^^^^^^^^^^^^^^^^^^^^^^^^^^^^^^^^^^^^^^^^^^^^^^
  File "/home/airflow/.local/lib/python3.12/site-packages/airflow/secrets/base_secrets.py", line 116, in get_connection
    return self.deserialize_connection(conn_id=conn_id, value=value)
           ^^^^^^^^^^^^^^^^^^^^^^^^^^^^^^^^^^^^^^^^^^^^^^^^^^^^^^^^^
  File "/home/airflow/.local/lib/python3.12/site-packages/airflow/secrets/base_secrets.py", line 70, in deserialize_connection
    return Connection(conn_id=conn_id, uri=value)
           ^^^^^^^^^^^^^^^^^^^^^^^^^^^^^^^^^^^^^^
  File "<string>", line 4, in __init__
  File "/home/airflow/.local/lib/python3.12/site-packages/sqlalchemy/orm/state.py", line 481, in _initialize_instance
    with util.safe_reraise():
         ^^^^^^^^^^^^^^^^^^^
  File "/home/airflow/.local/lib/python3.12/site-packages/sqlalchemy/util/langhelpers.py", line 70, in __exit__
    compat.raise_(
  File "/home/airflow/.local/lib/python3.12/site-packages/sqlalchemy/util/compat.py", line 211, in raise_
    raise exception
  File "/home/airflow/.local/lib/python3.12/site-packages/sqlalchemy/orm/state.py", line 479, in _initialize_instance
    return manager.original_init(*mixed[1:], **kwargs)
           ^^^^^^^^^^^^^^^^^^^^^^^^^^^^^^^^^^^^^^^^^^^
  File "/home/airflow/.local/lib/python3.12/site-packages/airflow/models/connection.py", line 169, in __init__
    self._parse_from_uri(uri)
  File "/home/airflow/.local/lib/python3.12/site-packages/airflow/models/connection.py", line 257, in _parse_from_uri
    self.port = uri_parts.port
                ^^^^^^^^^^^^^^
  File "/usr/local/lib/python3.12/urllib/parse.py", line 182, in port
    raise ValueError(f"Port could not be cast to integer value as {port!r}")
ValueError: Port could not be cast to integer value as 'DefaultEndpointsProtocol=https;AccountName=rbchesssa;AccountKey=lG9W+utkpTNorE0rTLlfDMUZsTPleXk6pXv6NnfDTi'
[2025-02-18T16:39:58.501+0000] {base.py:84} INFO - Retrieving connection 'azure_chess_storage'
[2025-02-18T16:40:00.490+0000] {logging_mixin.py:190} INFO - /tmp/tmpaycvitz2
[2025-02-18T16:40:02.412+0000] {logging_mixin.py:190} INFO - Successfully Transformed Data and Loaded to Azure Storage as silver/fact-2023-07-games.csv
[2025-02-18T16:40:02.414+0000] {python.py:240} INFO - Done. Returned value was: None
[2025-02-18T16:40:02.440+0000] {taskinstance.py:340} INFO - ::group::Post task execution logs
[2025-02-18T16:40:02.441+0000] {taskinstance.py:352} INFO - Marking task as SUCCESS. dag_id=pull_data_from_chess_api, task_id=transform_json_to_fact_table, run_id=scheduled__2023-07-01T00:00:00+00:00, execution_date=20230701T000000, start_date=20250218T163958, end_date=20250218T164002
[2025-02-18T16:40:02.562+0000] {local_task_job_runner.py:266} INFO - Task exited with return code 0
[2025-02-18T16:40:02.636+0000] {taskinstance.py:3900} INFO - 0 downstream tasks scheduled from follow-on schedule check
[2025-02-18T16:40:02.641+0000] {local_task_job_runner.py:245} INFO - ::endgroup::
[2025-03-10T01:34:29.160+0000] {local_task_job_runner.py:123} INFO - ::group::Pre task execution logs
[2025-03-10T01:34:29.176+0000] {taskinstance.py:2612} INFO - Dependencies all met for dep_context=non-requeueable deps ti=<TaskInstance: pull_data_from_chess_api.transform_json_to_fact_table scheduled__2023-07-01T00:00:00+00:00 [queued]>
[2025-03-10T01:34:29.183+0000] {taskinstance.py:2612} INFO - Dependencies all met for dep_context=requeueable deps ti=<TaskInstance: pull_data_from_chess_api.transform_json_to_fact_table scheduled__2023-07-01T00:00:00+00:00 [queued]>
[2025-03-10T01:34:29.183+0000] {taskinstance.py:2865} INFO - Starting attempt 1 of 2
[2025-03-10T01:34:29.196+0000] {taskinstance.py:2888} INFO - Executing <Task(PythonOperator): transform_json_to_fact_table> on 2023-07-01 00:00:00+00:00
[2025-03-10T01:34:29.203+0000] {warnings.py:112} WARNING - /home/***/.local/lib/python3.12/site-packages/***/task/task_runner/standard_task_runner.py:70: DeprecationWarning: This process (pid=16750) is multi-threaded, use of fork() may lead to deadlocks in the child.
  pid = os.fork()

[2025-03-10T01:34:29.204+0000] {standard_task_runner.py:72} INFO - Started process 16752 to run task
[2025-03-10T01:34:29.205+0000] {standard_task_runner.py:104} INFO - Running: ['***', 'tasks', 'run', 'pull_data_from_chess_api', 'transform_json_to_fact_table', 'scheduled__2023-07-01T00:00:00+00:00', '--job-id', '506', '--raw', '--subdir', 'DAGS_FOLDER/collect_chess_data_dag.py', '--cfg-path', '/tmp/tmpy2wyi_2u']
[2025-03-10T01:34:29.208+0000] {standard_task_runner.py:105} INFO - Job 506: Subtask transform_json_to_fact_table
[2025-03-10T01:34:29.251+0000] {task_command.py:467} INFO - Running <TaskInstance: pull_data_from_chess_api.transform_json_to_fact_table scheduled__2023-07-01T00:00:00+00:00 [running]> on host 70b3b9cfbba0
[2025-03-10T01:34:29.348+0000] {taskinstance.py:3131} INFO - Exporting env vars: AIRFLOW_CTX_DAG_OWNER='***' AIRFLOW_CTX_DAG_ID='pull_data_from_chess_api' AIRFLOW_CTX_TASK_ID='transform_json_to_fact_table' AIRFLOW_CTX_EXECUTION_DATE='2023-07-01T00:00:00+00:00' AIRFLOW_CTX_TRY_NUMBER='1' AIRFLOW_CTX_DAG_RUN_ID='scheduled__2023-07-01T00:00:00+00:00'
[2025-03-10T01:34:29.349+0000] {taskinstance.py:731} INFO - ::endgroup::
[2025-03-10T01:34:29.365+0000] {connection.py:531} ERROR - Unable to retrieve connection from secrets backend (EnvironmentVariablesBackend). Checking subsequent secrets backend.
Traceback (most recent call last):
  File "/home/airflow/.local/lib/python3.12/site-packages/airflow/models/connection.py", line 526, in get_connection_from_secrets
    conn = secrets_backend.get_connection(conn_id=conn_id)
           ^^^^^^^^^^^^^^^^^^^^^^^^^^^^^^^^^^^^^^^^^^^^^^^
  File "/home/airflow/.local/lib/python3.12/site-packages/airflow/secrets/base_secrets.py", line 116, in get_connection
    return self.deserialize_connection(conn_id=conn_id, value=value)
           ^^^^^^^^^^^^^^^^^^^^^^^^^^^^^^^^^^^^^^^^^^^^^^^^^^^^^^^^^
  File "/home/airflow/.local/lib/python3.12/site-packages/airflow/secrets/base_secrets.py", line 70, in deserialize_connection
    return Connection(conn_id=conn_id, uri=value)
           ^^^^^^^^^^^^^^^^^^^^^^^^^^^^^^^^^^^^^^
  File "<string>", line 4, in __init__
  File "/home/airflow/.local/lib/python3.12/site-packages/sqlalchemy/orm/state.py", line 481, in _initialize_instance
    with util.safe_reraise():
         ^^^^^^^^^^^^^^^^^^^
  File "/home/airflow/.local/lib/python3.12/site-packages/sqlalchemy/util/langhelpers.py", line 70, in __exit__
    compat.raise_(
  File "/home/airflow/.local/lib/python3.12/site-packages/sqlalchemy/util/compat.py", line 211, in raise_
    raise exception
  File "/home/airflow/.local/lib/python3.12/site-packages/sqlalchemy/orm/state.py", line 479, in _initialize_instance
    return manager.original_init(*mixed[1:], **kwargs)
           ^^^^^^^^^^^^^^^^^^^^^^^^^^^^^^^^^^^^^^^^^^^
  File "/home/airflow/.local/lib/python3.12/site-packages/airflow/models/connection.py", line 169, in __init__
    self._parse_from_uri(uri)
  File "/home/airflow/.local/lib/python3.12/site-packages/airflow/models/connection.py", line 257, in _parse_from_uri
    self.port = uri_parts.port
                ^^^^^^^^^^^^^^
  File "/usr/local/lib/python3.12/urllib/parse.py", line 182, in port
    raise ValueError(f"Port could not be cast to integer value as {port!r}")
ValueError: Port could not be cast to integer value as 'DefaultEndpointsProtocol=https;AccountName=rbchesssa;AccountKey=lG9W+utkpTNorE0rTLlfDMUZsTPleXk6pXv6NnfDTi'
[2025-03-10T01:34:29.376+0000] {base.py:84} INFO - Retrieving connection 'azure_chess_storage'
[2025-03-10T01:34:31.135+0000] {logging_mixin.py:190} INFO - /tmp/tmpunxrgl6l
[2025-03-10T01:34:31.174+0000] {logging_mixin.py:190} INFO - Previewing Dataframe
[2025-03-10T01:34:31.176+0000] {logging_mixin.py:190} INFO - game_url                        object
time_control                    object
rated                             bool
time_class                      object
rules                           object
white_rating                     int64
white_result                    object
black_rating                     int64
black_result                    object
pgn_event                       object
pgn_site                        object
game_date               datetime64[us]
pgn_white_user                  object
pgn_black_user                  object
pgn_result                      object
pgn_current_position            object
pgn_timezone                    object
pgn_eco                         object
pgn_eco_url                     object
start_time                      object
end_time                        object
end_game_date           datetime64[us]
pgn_raw                         object
pgn_trans                       object
dtype: object
[2025-03-10T01:34:31.189+0000] {logging_mixin.py:190} INFO - https://www.chess.com/game/live/81943874979	600	True	rapid	chess	979	win	999	timeout	Live Chess	Chess.com	2023-07-01 00:00:00	ivaneriks	Rhythmbear1	1-0	8/8/4k2p/3pb1p1/5p2/pN1P3P/2N3P1/1K6 b - -	UTC	C00	https://www.chess.com/openings/French-Defense	09:50:22	10:06:32	2023-07-01 00:00:00	e4 e6 Bc4 d5 exd5 exd5 Bb3 Be6 Qh5 Nf6 Qe5 Bd6 Qg5 g6 Qh6 Bf8 Qg5 Ne4 Qxd8+ Kxd8 d3 Nf6 Bg5 Bg7 Nf3 Nd7 O-O c6 Nbd2 h6 Bxf6+ Bxf6 c4 Bxb2 Rab1 Bf6 cxd5 cxd5 Ba4 Kc7 Rfc1+ Kd8 Rxb7 Ke7 Rcc7 Rhd8 h3 a5 Nb3 Rac8 Nc5 Kd6 Bxd7 Rxc7 Bxe6 Rxb7 Nxb7+ Kxe6 Nc5+ Ke7 Ne4 Bg7 Nc5 Rb8 Kh2 Rb2 a3 Rxf2 Kg3 Rc2 Nb7 a4 Ne1 Be5+ Kf3 Rc3 Na5 Ke6 Ke2 Rxa3 Nc2 Ra2 Kd2 a3 Nb3 f5 Kc1 g5 Kb1 Ra1+ Ncxa1 f4 Nc2	1. e4 e6 2. Bc4 d5 3. exd5 exd5 4. Bb3 Be6 5. Qh5 Nf6 6. Qe5 Bd6 7. Qg5 g6 8. Qh6 Bf8 9. Qg5 Ne4 10. Qxd8+ Kxd8 11. d3 Nf6 12. Bg5 Bg7 13. Nf3 Nd7 14. O-O c6 15. Nbd2 h6 16. Bxf6+ Bxf6 17. c4 Bxb2 18. Rab1 Bf6 19. cxd5 cxd5 20. Ba4 Kc7 21. Rfc1+ Kd8 22. Rxb7 Ke7 23. Rcc7 Rhd8 24. h3 a5 25. Nb3 Rac8 26. Nc5 Kd6 27. Bxd7 Rxc7 28. Bxe6 Rxb7 29. Nxb7+ Kxe6 30. Nc5+ Ke7 31. Ne4 Bg7 32. Nc5 Rb8 33. Kh2 Rb2 34. a3 Rxf2 35. Kg3 Rc2 36. Nb7 a4 37. Ne1 Be5+ 38. Kf3 Rc3 39. Na5 Ke6 40. Ke2 Rxa3 41. Nc2 Ra2 42. Kd2 a3 43. Nb3 f5 44. Kc1 g5 45. Kb1 Ra1+ 46. Ncxa1 f4 47. Nc2 
https://www.chess.com/game/live/81945013395	600	True	rapid	chess	964	abandoned	1006	win	Live Chess	Chess.com	2023-07-01 00:00:00	INVADER-AKSHAY	Rhythmbear1	0-1	6r1/pp3p1p/2pk4/3p4/8/1P4P1/r1P2P2/1R3RK1 w - -	UTC	C00	https://www.chess.com/openings/French-Defense-Kings-Indian-Attack-2...d5	10:06:51	10:16:35	2023-07-01 00:00:00	e4 e6 d3 d5 Nc3 c6 Nf3 Nf6 e5 Nbd7 exf6 Nxf6 Bg5 Qb6 Rb1 Bd6 Bxf6 gxf6 Be2 Bd7 O-O O-O-O h3 Rdg8 Nh2 e5 Bh5 Rg7 Ng4 f5 Nf6 Be6 Bf3 e4 dxe4 fxe4 Ncxe4 Bxh3 Nxd6+ Kb8 Bg4 Bxg4 Nd7+ Kc7 Qxg4 Rxg4 Nxb6 Kxd6 Na4 Rhg8 g3 Rxa4 b3 Rxa2	1. e4 e6 2. d3 d5 3. Nc3 c6 4. Nf3 Nf6 5. e5 Nbd7 6. exf6 Nxf6 7. Bg5 Qb6 8. Rb1 Bd6 9. Bxf6 gxf6 10. Be2 Bd7 11. O-O O-O-O 12. h3 Rdg8 13. Nh2 e5 14. Bh5 Rg7 15. Ng4 f5 16. Nf6 Be6 17. Bf3 e4 18. dxe4 fxe4 19. Ncxe4 Bxh3 20. Nxd6+ Kb8 21. Bg4 Bxg4 22. Nd7+ Kc7 23. Qxg4 Rxg4 24. Nxb6 Kxd6 25. Na4 Rhg8 26. g3 Rxa4 27. b3 Rxa2
https://www.chess.com/game/live/81945615283	600	True	rapid	chess	997	resigned	974	win	Live Chess	Chess.com	2023-07-01 00:00:00	Rhythmbear1	aritrabose	0-1	r2q1k1r/3p1pp1/p2P3p/npp5/P7/5b2/P4PPP/R1B1R1K1 b - -	UTC	C55	https://www.chess.com/openings/Italian-Game-Anti-Fried-Liver-Defense	10:16:46	10:24:19	2023-07-01 00:00:00	e4 e5 Nf3 Nc6 Bc4 h6 O-O Nf6 c3 Nxe4 Na3 a6 d3 Nf6 d4 Bxa3 bxa3 Na5 Bd3 b5 dxe5 Nd5 Be4 Nxc3 Qd2 Nxe4 Qd5 Bb7 Qd4 c5 Qd6 Nxd6 exd6 Bxf3 Re1+ Kf8 a4	1. e4 e5 2. Nf3 Nc6 3. Bc4 h6 4. O-O Nf6 5. c3 Nxe4 6. Na3 a6 7. d3 Nf6 8. d4 Bxa3 9. bxa3 Na5 10. Bd3 b5 11. dxe5 Nd5 12. Be4 Nxc3 13. Qd2 Nxe4 14. Qd5 Bb7 15. Qd4 c5 16. Qd6 Nxd6 17. exd6 Bxf3 18. Re1+ Kf8 19. a4 
https://www.chess.com/game/live/81946176673	600	True	rapid	chess	990	checkmated	1038	win	Live Chess	Chess.com	2023-07-01 00:00:00	Rhythmbear1	624-17aaronleesanjaya	0-1	6k1/p1B2ppp/2p5/3b4/2p5/2b5/PRP2PqP/3Q2K1 w - -	UTC	C47	https://www.chess.com/openings/Four-Knights-Game-Italian-Variation-4...Nxe4-5.Nxe4-d5	10:24:32	10:35:08	2023-07-01 00:00:00	e4 e5 Nf3 Nf6 Nc3 Nc6 Bc4 Nxe4 Nxe4 d5 Nc3 dxc4 d4 Nxd4 Nxe5 Nc6 Nxc6 bxc6 O-O Be6 Qf3 Bd5 Re1+ Be7 Qg4 O-O Bf4 Rb8 Rab1 Re8 Bh6 Bf6 Rxe8+ Qxe8 Bf4 Bxc3 Bxc7 Rxb2 Qd1 Qe4 Rxb2 Qxg2#	1. e4 e5 2. Nf3 Nf6 3. Nc3 Nc6 4. Bc4 Nxe4 5. Nxe4 d5 6. Nc3 dxc4 7. d4 Nxd4 8. Nxe5 Nc6 9. Nxc6 bxc6 10. O-O Be6 11. Qf3 Bd5 12. Re1+ Be7 13. Qg4 O-O 14. Bf4 Rb8 15. Rab1 Re8 16. Bh6 Bf6 17. Rxe8+ Qxe8 18. Bf4 Bxc3 19. Bxc7 Rxb2 20. Qd1 Qe4 21. Rxb2 Qxg2#
https://www.chess.com/game/live/81946791107	600	True	rapid	chess	982	resigned	1002	win	Live Chess	Chess.com	2023-07-01 00:00:00	Rhythmbear1	hatimgandhi	0-1	r3kbnr/p2p3p/bp3p2/6p1/1R2P3/2N3B1/P1Pn1PPP/4R1K1 b kq -	UTC	B27	https://www.chess.com/openings/Sicilian-Defense-Jalalabad-Variation	10:35:16	10:38:12	2023-07-01 00:00:00	e4 e5 Nf3 c5 Nxe5 Qf6 d4 cxd4 Qxd4 Nc6 Qc3 Qxe5 Qxe5+ Nxe5 Nc3 b6 Bf4 f6 Bc4 Nxc4 O-O Nxb2 Rab1 Nc4 Rfe1 g5 Bg3 Nd2 Rb5 Ba6 Rb4	1. e4 e5 2. Nf3 c5 3. Nxe5 Qf6 4. d4 cxd4 5. Qxd4 Nc6 6. Qc3 Qxe5 7. Qxe5+ Nxe5 8. Nc3 b6 9. Bf4 f6 10. Bc4 Nxc4 11. O-O Nxb2 12. Rab1 Nc4 13. Rfe1 g5 14. Bg3 Nd2 15. Rb5 Ba6 16. Rb4 
[2025-03-10T01:34:31.766+0000] {logging_mixin.py:190} INFO - Successfully Transformed Data and Loaded to Azure Storage as silver/fact-2023-07-games.parquet
[2025-03-10T01:34:31.767+0000] {python.py:240} INFO - Done. Returned value was: None
[2025-03-10T01:34:31.778+0000] {taskinstance.py:340} INFO - ::group::Post task execution logs
[2025-03-10T01:34:31.779+0000] {taskinstance.py:352} INFO - Marking task as SUCCESS. dag_id=pull_data_from_chess_api, task_id=transform_json_to_fact_table, run_id=scheduled__2023-07-01T00:00:00+00:00, execution_date=20230701T000000, start_date=20250310T013429, end_date=20250310T013431
[2025-03-10T01:34:31.874+0000] {local_task_job_runner.py:266} INFO - Task exited with return code 0
[2025-03-10T01:34:31.935+0000] {taskinstance.py:3900} INFO - 1 downstream tasks scheduled from follow-on schedule check
[2025-03-10T01:34:31.945+0000] {local_task_job_runner.py:245} INFO - ::endgroup::
