[2025-03-07T12:21:08.104+0000] {local_task_job_runner.py:123} INFO - ::group::Pre task execution logs
[2025-03-07T12:21:08.150+0000] {taskinstance.py:2612} INFO - Dependencies all met for dep_context=non-requeueable deps ti=<TaskInstance: pull_data_from_chess_api.load_to_gold_layer scheduled__2023-04-01T00:00:00+00:00 [queued]>
[2025-03-07T12:21:08.166+0000] {taskinstance.py:2612} INFO - Dependencies all met for dep_context=requeueable deps ti=<TaskInstance: pull_data_from_chess_api.load_to_gold_layer scheduled__2023-04-01T00:00:00+00:00 [queued]>
[2025-03-07T12:21:08.167+0000] {taskinstance.py:2865} INFO - Starting attempt 1 of 2
[2025-03-07T12:21:08.197+0000] {taskinstance.py:2888} INFO - Executing <Task(PythonOperator): load_to_gold_layer> on 2023-04-01 00:00:00+00:00
[2025-03-07T12:21:08.210+0000] {warnings.py:112} WARNING - /home/***/.local/lib/python3.12/site-packages/***/task/task_runner/standard_task_runner.py:70: DeprecationWarning: This process (pid=7875) is multi-threaded, use of fork() may lead to deadlocks in the child.
  pid = os.fork()

[2025-03-07T12:21:08.214+0000] {standard_task_runner.py:72} INFO - Started process 7876 to run task
[2025-03-07T12:21:08.226+0000] {standard_task_runner.py:104} INFO - Running: ['***', 'tasks', 'run', 'pull_data_from_chess_api', 'load_to_gold_layer', 'scheduled__2023-04-01T00:00:00+00:00', '--job-id', '319', '--raw', '--subdir', 'DAGS_FOLDER/collect_chess_data_dag.py', '--cfg-path', '/tmp/tmpcj2n8f41']
[2025-03-07T12:21:08.229+0000] {standard_task_runner.py:105} INFO - Job 319: Subtask load_to_gold_layer
[2025-03-07T12:21:08.324+0000] {task_command.py:467} INFO - Running <TaskInstance: pull_data_from_chess_api.load_to_gold_layer scheduled__2023-04-01T00:00:00+00:00 [running]> on host ebc50e07c8a4
[2025-03-07T12:21:08.434+0000] {taskinstance.py:3131} INFO - Exporting env vars: AIRFLOW_CTX_DAG_OWNER='***' AIRFLOW_CTX_DAG_ID='pull_data_from_chess_api' AIRFLOW_CTX_TASK_ID='load_to_gold_layer' AIRFLOW_CTX_EXECUTION_DATE='2023-04-01T00:00:00+00:00' AIRFLOW_CTX_TRY_NUMBER='1' AIRFLOW_CTX_DAG_RUN_ID='scheduled__2023-04-01T00:00:00+00:00'
[2025-03-07T12:21:08.436+0000] {taskinstance.py:731} INFO - ::endgroup::
[2025-03-07T12:21:08.454+0000] {logging_mixin.py:190} INFO - Execution Date: 2023-04-01
[2025-03-07T12:21:08.456+0000] {connection.py:531} ERROR - Unable to retrieve connection from secrets backend (EnvironmentVariablesBackend). Checking subsequent secrets backend.
Traceback (most recent call last):
  File "/home/airflow/.local/lib/python3.12/site-packages/airflow/models/connection.py", line 526, in get_connection_from_secrets
    conn = secrets_backend.get_connection(conn_id=conn_id)
           ^^^^^^^^^^^^^^^^^^^^^^^^^^^^^^^^^^^^^^^^^^^^^^^
  File "/home/airflow/.local/lib/python3.12/site-packages/airflow/secrets/base_secrets.py", line 116, in get_connection
    return self.deserialize_connection(conn_id=conn_id, value=value)
           ^^^^^^^^^^^^^^^^^^^^^^^^^^^^^^^^^^^^^^^^^^^^^^^^^^^^^^^^^
  File "/home/airflow/.local/lib/python3.12/site-packages/airflow/secrets/base_secrets.py", line 70, in deserialize_connection
    return Connection(conn_id=conn_id, uri=value)
           ^^^^^^^^^^^^^^^^^^^^^^^^^^^^^^^^^^^^^^
  File "<string>", line 4, in __init__
  File "/home/airflow/.local/lib/python3.12/site-packages/sqlalchemy/orm/state.py", line 481, in _initialize_instance
    with util.safe_reraise():
         ^^^^^^^^^^^^^^^^^^^
  File "/home/airflow/.local/lib/python3.12/site-packages/sqlalchemy/util/langhelpers.py", line 70, in __exit__
    compat.raise_(
  File "/home/airflow/.local/lib/python3.12/site-packages/sqlalchemy/util/compat.py", line 211, in raise_
    raise exception
  File "/home/airflow/.local/lib/python3.12/site-packages/sqlalchemy/orm/state.py", line 479, in _initialize_instance
    return manager.original_init(*mixed[1:], **kwargs)
           ^^^^^^^^^^^^^^^^^^^^^^^^^^^^^^^^^^^^^^^^^^^
  File "/home/airflow/.local/lib/python3.12/site-packages/airflow/models/connection.py", line 169, in __init__
    self._parse_from_uri(uri)
  File "/home/airflow/.local/lib/python3.12/site-packages/airflow/models/connection.py", line 257, in _parse_from_uri
    self.port = uri_parts.port
                ^^^^^^^^^^^^^^
  File "/usr/local/lib/python3.12/urllib/parse.py", line 182, in port
    raise ValueError(f"Port could not be cast to integer value as {port!r}")
ValueError: Port could not be cast to integer value as 'DefaultEndpointsProtocol=https;AccountName=rbchesssa;AccountKey=lG9W+utkpTNorE0rTLlfDMUZsTPleXk6pXv6NnfDTi'
[2025-03-07T12:21:08.471+0000] {base.py:84} INFO - Retrieving connection 'azure_chess_storage'
[2025-03-07T12:21:11.344+0000] {taskinstance.py:3310} ERROR - Task failed with exception
Traceback (most recent call last):
  File "/home/airflow/.local/lib/python3.12/site-packages/airflow/models/taskinstance.py", line 767, in _execute_task
    result = _execute_callable(context=context, **execute_callable_kwargs)
             ^^^^^^^^^^^^^^^^^^^^^^^^^^^^^^^^^^^^^^^^^^^^^^^^^^^^^^^^^^^^^
  File "/home/airflow/.local/lib/python3.12/site-packages/airflow/models/taskinstance.py", line 733, in _execute_callable
    return ExecutionCallableRunner(
           ^^^^^^^^^^^^^^^^^^^^^^^^
  File "/home/airflow/.local/lib/python3.12/site-packages/airflow/utils/operator_helpers.py", line 252, in run
    return self.func(*args, **kwargs)
           ^^^^^^^^^^^^^^^^^^^^^^^^^^
  File "/home/airflow/.local/lib/python3.12/site-packages/airflow/models/baseoperator.py", line 406, in wrapper
    return func(self, *args, **kwargs)
           ^^^^^^^^^^^^^^^^^^^^^^^^^^^
  File "/home/airflow/.local/lib/python3.12/site-packages/airflow/operators/python.py", line 238, in execute
    return_value = self.execute_callable()
                   ^^^^^^^^^^^^^^^^^^^^^^^
  File "/home/airflow/.local/lib/python3.12/site-packages/airflow/operators/python.py", line 256, in execute_callable
    return runner.run(*self.op_args, **self.op_kwargs)
           ^^^^^^^^^^^^^^^^^^^^^^^^^^^^^^^^^^^^^^^^^^^
  File "/home/airflow/.local/lib/python3.12/site-packages/airflow/utils/operator_helpers.py", line 252, in run
    return self.func(*args, **kwargs)
           ^^^^^^^^^^^^^^^^^^^^^^^^^^
  File "/opt/airflow/dags/scripts/python_scripts.py", line 186, in load_to_gold_layer
    """).fetchdf()
        ^^^^^^^^^
duckdb.duckdb.NotImplementedException: Not implemented Error: Unsupported type "TIME WITH TIME ZONE"
[2025-03-07T12:21:11.380+0000] {taskinstance.py:1225} INFO - Marking task as UP_FOR_RETRY. dag_id=pull_data_from_chess_api, task_id=load_to_gold_layer, run_id=scheduled__2023-04-01T00:00:00+00:00, execution_date=20230401T000000, start_date=20250307T122108, end_date=20250307T122111
[2025-03-07T12:21:11.421+0000] {taskinstance.py:340} INFO - ::group::Post task execution logs
[2025-03-07T12:21:11.422+0000] {standard_task_runner.py:124} ERROR - Failed to execute job 319 for task load_to_gold_layer (Not implemented Error: Unsupported type "TIME WITH TIME ZONE"; 7876)
Traceback (most recent call last):
  File "/home/airflow/.local/lib/python3.12/site-packages/airflow/task/task_runner/standard_task_runner.py", line 117, in _start_by_fork
    ret = args.func(args, dag=self.dag)
          ^^^^^^^^^^^^^^^^^^^^^^^^^^^^^
  File "/home/airflow/.local/lib/python3.12/site-packages/airflow/cli/cli_config.py", line 49, in command
    return func(*args, **kwargs)
           ^^^^^^^^^^^^^^^^^^^^^
  File "/home/airflow/.local/lib/python3.12/site-packages/airflow/utils/cli.py", line 115, in wrapper
    return f(*args, **kwargs)
           ^^^^^^^^^^^^^^^^^^
  File "/home/airflow/.local/lib/python3.12/site-packages/airflow/cli/commands/task_command.py", line 483, in task_run
    task_return_code = _run_task_by_selected_method(args, _dag, ti)
                       ^^^^^^^^^^^^^^^^^^^^^^^^^^^^^^^^^^^^^^^^^^^^
  File "/home/airflow/.local/lib/python3.12/site-packages/airflow/cli/commands/task_command.py", line 256, in _run_task_by_selected_method
    return _run_raw_task(args, ti)
           ^^^^^^^^^^^^^^^^^^^^^^^
  File "/home/airflow/.local/lib/python3.12/site-packages/airflow/cli/commands/task_command.py", line 341, in _run_raw_task
    return ti._run_raw_task(
           ^^^^^^^^^^^^^^^^^
  File "/home/airflow/.local/lib/python3.12/site-packages/airflow/utils/session.py", line 97, in wrapper
    return func(*args, session=session, **kwargs)
           ^^^^^^^^^^^^^^^^^^^^^^^^^^^^^^^^^^^^^^
  File "/home/airflow/.local/lib/python3.12/site-packages/airflow/models/taskinstance.py", line 3004, in _run_raw_task
    return _run_raw_task(
           ^^^^^^^^^^^^^^
  File "/home/airflow/.local/lib/python3.12/site-packages/airflow/models/taskinstance.py", line 273, in _run_raw_task
    TaskInstance._execute_task_with_callbacks(
  File "/home/airflow/.local/lib/python3.12/site-packages/airflow/models/taskinstance.py", line 3158, in _execute_task_with_callbacks
    result = self._execute_task(context, task_orig)
             ^^^^^^^^^^^^^^^^^^^^^^^^^^^^^^^^^^^^^^
  File "/home/airflow/.local/lib/python3.12/site-packages/airflow/models/taskinstance.py", line 3182, in _execute_task
    return _execute_task(self, context, task_orig)
           ^^^^^^^^^^^^^^^^^^^^^^^^^^^^^^^^^^^^^^^
  File "/home/airflow/.local/lib/python3.12/site-packages/airflow/models/taskinstance.py", line 767, in _execute_task
    result = _execute_callable(context=context, **execute_callable_kwargs)
             ^^^^^^^^^^^^^^^^^^^^^^^^^^^^^^^^^^^^^^^^^^^^^^^^^^^^^^^^^^^^^
  File "/home/airflow/.local/lib/python3.12/site-packages/airflow/models/taskinstance.py", line 733, in _execute_callable
    return ExecutionCallableRunner(
           ^^^^^^^^^^^^^^^^^^^^^^^^
  File "/home/airflow/.local/lib/python3.12/site-packages/airflow/utils/operator_helpers.py", line 252, in run
    return self.func(*args, **kwargs)
           ^^^^^^^^^^^^^^^^^^^^^^^^^^
  File "/home/airflow/.local/lib/python3.12/site-packages/airflow/models/baseoperator.py", line 406, in wrapper
    return func(self, *args, **kwargs)
           ^^^^^^^^^^^^^^^^^^^^^^^^^^^
  File "/home/airflow/.local/lib/python3.12/site-packages/airflow/operators/python.py", line 238, in execute
    return_value = self.execute_callable()
                   ^^^^^^^^^^^^^^^^^^^^^^^
  File "/home/airflow/.local/lib/python3.12/site-packages/airflow/operators/python.py", line 256, in execute_callable
    return runner.run(*self.op_args, **self.op_kwargs)
           ^^^^^^^^^^^^^^^^^^^^^^^^^^^^^^^^^^^^^^^^^^^
  File "/home/airflow/.local/lib/python3.12/site-packages/airflow/utils/operator_helpers.py", line 252, in run
    return self.func(*args, **kwargs)
           ^^^^^^^^^^^^^^^^^^^^^^^^^^
  File "/opt/airflow/dags/scripts/python_scripts.py", line 186, in load_to_gold_layer
    """).fetchdf()
        ^^^^^^^^^
duckdb.duckdb.NotImplementedException: Not implemented Error: Unsupported type "TIME WITH TIME ZONE"
[2025-03-07T12:21:11.462+0000] {local_task_job_runner.py:266} INFO - Task exited with return code 1
[2025-03-07T12:21:11.488+0000] {taskinstance.py:3900} INFO - 0 downstream tasks scheduled from follow-on schedule check
[2025-03-07T12:21:11.492+0000] {local_task_job_runner.py:245} INFO - ::endgroup::
[2025-03-10T01:33:45.330+0000] {local_task_job_runner.py:123} INFO - ::group::Pre task execution logs
[2025-03-10T01:33:45.347+0000] {taskinstance.py:2612} INFO - Dependencies all met for dep_context=non-requeueable deps ti=<TaskInstance: pull_data_from_chess_api.load_to_gold_layer scheduled__2023-04-01T00:00:00+00:00 [queued]>
[2025-03-10T01:33:45.355+0000] {taskinstance.py:2612} INFO - Dependencies all met for dep_context=requeueable deps ti=<TaskInstance: pull_data_from_chess_api.load_to_gold_layer scheduled__2023-04-01T00:00:00+00:00 [queued]>
[2025-03-10T01:33:45.356+0000] {taskinstance.py:2865} INFO - Starting attempt 1 of 2
[2025-03-10T01:33:45.369+0000] {taskinstance.py:2888} INFO - Executing <Task(PythonOperator): load_to_gold_layer> on 2023-04-01 00:00:00+00:00
[2025-03-10T01:33:45.377+0000] {warnings.py:112} WARNING - /home/***/.local/lib/python3.12/site-packages/***/task/task_runner/standard_task_runner.py:70: DeprecationWarning: This process (pid=16613) is multi-threaded, use of fork() may lead to deadlocks in the child.
  pid = os.fork()

[2025-03-10T01:33:45.378+0000] {standard_task_runner.py:72} INFO - Started process 16615 to run task
[2025-03-10T01:33:45.379+0000] {standard_task_runner.py:104} INFO - Running: ['***', 'tasks', 'run', 'pull_data_from_chess_api', 'load_to_gold_layer', 'scheduled__2023-04-01T00:00:00+00:00', '--job-id', '498', '--raw', '--subdir', 'DAGS_FOLDER/collect_chess_data_dag.py', '--cfg-path', '/tmp/tmpi65g6zl6']
[2025-03-10T01:33:45.381+0000] {standard_task_runner.py:105} INFO - Job 498: Subtask load_to_gold_layer
[2025-03-10T01:33:45.438+0000] {task_command.py:467} INFO - Running <TaskInstance: pull_data_from_chess_api.load_to_gold_layer scheduled__2023-04-01T00:00:00+00:00 [running]> on host 70b3b9cfbba0
[2025-03-10T01:33:45.527+0000] {taskinstance.py:3131} INFO - Exporting env vars: AIRFLOW_CTX_DAG_OWNER='***' AIRFLOW_CTX_DAG_ID='pull_data_from_chess_api' AIRFLOW_CTX_TASK_ID='load_to_gold_layer' AIRFLOW_CTX_EXECUTION_DATE='2023-04-01T00:00:00+00:00' AIRFLOW_CTX_TRY_NUMBER='1' AIRFLOW_CTX_DAG_RUN_ID='scheduled__2023-04-01T00:00:00+00:00'
[2025-03-10T01:33:45.528+0000] {taskinstance.py:731} INFO - ::endgroup::
[2025-03-10T01:33:45.543+0000] {logging_mixin.py:190} INFO - Execution Date: 2023-04-01
[2025-03-10T01:33:45.545+0000] {connection.py:531} ERROR - Unable to retrieve connection from secrets backend (EnvironmentVariablesBackend). Checking subsequent secrets backend.
Traceback (most recent call last):
  File "/home/airflow/.local/lib/python3.12/site-packages/airflow/models/connection.py", line 526, in get_connection_from_secrets
    conn = secrets_backend.get_connection(conn_id=conn_id)
           ^^^^^^^^^^^^^^^^^^^^^^^^^^^^^^^^^^^^^^^^^^^^^^^
  File "/home/airflow/.local/lib/python3.12/site-packages/airflow/secrets/base_secrets.py", line 116, in get_connection
    return self.deserialize_connection(conn_id=conn_id, value=value)
           ^^^^^^^^^^^^^^^^^^^^^^^^^^^^^^^^^^^^^^^^^^^^^^^^^^^^^^^^^
  File "/home/airflow/.local/lib/python3.12/site-packages/airflow/secrets/base_secrets.py", line 70, in deserialize_connection
    return Connection(conn_id=conn_id, uri=value)
           ^^^^^^^^^^^^^^^^^^^^^^^^^^^^^^^^^^^^^^
  File "<string>", line 4, in __init__
  File "/home/airflow/.local/lib/python3.12/site-packages/sqlalchemy/orm/state.py", line 481, in _initialize_instance
    with util.safe_reraise():
         ^^^^^^^^^^^^^^^^^^^
  File "/home/airflow/.local/lib/python3.12/site-packages/sqlalchemy/util/langhelpers.py", line 70, in __exit__
    compat.raise_(
  File "/home/airflow/.local/lib/python3.12/site-packages/sqlalchemy/util/compat.py", line 211, in raise_
    raise exception
  File "/home/airflow/.local/lib/python3.12/site-packages/sqlalchemy/orm/state.py", line 479, in _initialize_instance
    return manager.original_init(*mixed[1:], **kwargs)
           ^^^^^^^^^^^^^^^^^^^^^^^^^^^^^^^^^^^^^^^^^^^
  File "/home/airflow/.local/lib/python3.12/site-packages/airflow/models/connection.py", line 169, in __init__
    self._parse_from_uri(uri)
  File "/home/airflow/.local/lib/python3.12/site-packages/airflow/models/connection.py", line 257, in _parse_from_uri
    self.port = uri_parts.port
                ^^^^^^^^^^^^^^
  File "/usr/local/lib/python3.12/urllib/parse.py", line 182, in port
    raise ValueError(f"Port could not be cast to integer value as {port!r}")
ValueError: Port could not be cast to integer value as 'DefaultEndpointsProtocol=https;AccountName=rbchesssa;AccountKey=lG9W+utkpTNorE0rTLlfDMUZsTPleXk6pXv6NnfDTi'
[2025-03-10T01:33:45.556+0000] {base.py:84} INFO - Retrieving connection 'azure_chess_storage'
[2025-03-10T01:33:46.707+0000] {logging_mixin.py:190} INFO - Previewing Dataframe
[2025-03-10T01:33:46.712+0000] {logging_mixin.py:190} INFO - game_url                        object
time_control                    object
rated                             bool
time_class                      object
rules                           object
white_rating                     int64
white_result                    object
black_rating                     int64
black_result                    object
pgn_event                       object
pgn_site                        object
game_date               datetime64[us]
pgn_white_user                  object
pgn_black_user                  object
pgn_result                      object
pgn_current_position            object
pgn_timezone                    object
pgn_eco                         object
pgn_eco_url                     object
start_time              datetime64[ns]
end_time                datetime64[ns]
end_game_date           datetime64[us]
pgn_raw                         object
pgn_trans                       object
last_updated                    object
dtype: object
[2025-03-10T01:33:46.734+0000] {logging_mixin.py:190} INFO - https://www.chess.com/game/live/74267050289	900+10	True	rapid	chess	1087	win	1020	checkmated	Live Chess	Chess.com	2023-04-03 00:00:00	Rhythmbear1	ARKOKGAX	1-0	4R2k/pb1N2pp/1p6/3P1p2/2n4b/2P2PP1/PP5P/RN4K1 b - -	UTC	C44	https://www.chess.com/openings/Ponziani-Opening-Jaenisch-Neumann-Gambit	2023-04-03 13:21:18	2023-04-03 13:43:02	2023-04-03 00:00:00	e4 e5 Nf3 Nc6 Bc4 Nf6 c3 Nxe4 d3 Nc5 d4 Ne4 Qd3 f5 Nxe5 Qf6 f3 Nd6 O-O b6 Re1 Be7 Bf4 Nxc4 Qxc4 Bb7 d5 Na5 Qxc7 O-O Nxd7 Qh4 Bg3 Rac8 Qe5 Nc4 Qe6+ Kh8 Bxh4 Bxh4 g3 Rfe8 Qxe8+ Rxe8 Rxe8#	1. e4 e5 2. Nf3 Nc6 3. Bc4 Nf6 4. c3 Nxe4 5. d3 Nc5 6. d4 Ne4 7. Qd3 f5 8. Nxe5 Qf6 9. f3 Nd6 10. O-O b6 11. Re1 Be7 12. Bf4 Nxc4 13. Qxc4 Bb7 14. d5 Na5 15. Qxc7 O-O 16. Nxd7 Qh4 17. Bg3 Rac8 18. Qe5 Nc4 19. Qe6+ Kh8 20. Bxh4 Bxh4 21. g3 Rfe8 22. Qxe8+ Rxe8 23. Rxe8# 	2023-04-01
https://www.chess.com/game/live/74355850875	900+10	False	rapid	chess	1087	win	800	checkmated	Live Chess	Chess.com	2023-04-04 00:00:00	Rhythmbear1	edemawoodsa	1-0	2b1k1Q1/3qP3/8/pP6/2P1R3/2bp3P/5PP1/4R1K1 b - -	UTC	B00	https://www.chess.com/openings/Kings-Pawn-Opening-Borg-Defense-2.d4	2023-04-04 14:01:14	2023-04-04 14:16:49	2023-04-04 00:00:00	e4 g5 d4 b5 Bxb5 a5 Bxg5 h6 Bf4 c6 Bc4 d5 exd5 cxd5 Bd3 e6 Nf3 Bb4+ c3 Be7 O-O Nf6 Bb5+ Nbd7 Re1 Rg8 Bxh6 Ng4 h3 Rg6 Bf4 Nf6 Ne5 Rb8 Nxg6 fxg6 a4 e5 Bxe5 Rxb5 axb5 Nxe5 dxe5 Ne4 c4 d4 Rxe4 d3 Nc3 Bb4 e6 Ba3 Qg4 Bxb2 Qxg6+ Ke7 Qg5+ Ke8 e7 Qd7 Rae1 Bxc3 Qg8#	1. e4 g5 2. d4 b5 3. Bxb5 a5 4. Bxg5 h6 5. Bf4 c6 6. Bc4 d5 7. exd5 cxd5 8. Bd3 e6 9. Nf3 Bb4+ 10. c3 Be7 11. O-O Nf6 12. Bb5+ Nbd7 13. Re1 Rg8 14. Bxh6 Ng4 15. h3 Rg6 16. Bf4 Nf6 17. Ne5 Rb8 18. Nxg6 fxg6 19. a4 e5 20. Bxe5 Rxb5 21. axb5 Nxe5 22. dxe5 Ne4 23. c4 d4 24. Rxe4 d3 25. Nc3 Bb4 26. e6 Ba3 27. Qg4 Bxb2 28. Qxg6+ Ke7 29. Qg5+ Ke8 30. e7 Qd7 31. Rae1 Bxc3 32. Qg8# 	2023-04-01
https://www.chess.com/game/live/74558025841	900+10	True	rapid	chess	1061	checkmated	1041	win	Live Chess	Chess.com	2023-04-06 00:00:00	Rhythmbear1	alimohanad1994	0-1	3r3k/4R2p/2Q5/3B1p2/1q3r2/1K6/P1P2P1P/8 w - -	UTC	B00	https://www.chess.com/openings/Nimzowitsch-Defense-French-Connection-Variation	2023-04-06 22:12:40	2023-04-06 22:51:57	2023-04-06 00:00:00	e4 e6 Nc3 Nc6 Bc4 a6 d4 b5 Bb3 Rb8 d5 exd5 exd5 Ne5 Qe2 f6 Nf3 Bc5 Be3 Bxe3 Qxe3 Qe7 O-O a5 d6 Qxd6 Ne4 Nxf3+ Qxf3 Qe5 Rae1 Ne7 Rd1 Qxb2 Rfe1 Bb7 Qd3 d5 Qxb5+ Kf8 Nc5 Kf7 Nxb7 c6 Qe2 Rxb7 Qa6 Rhb8 Qxa5 Rb5 Qc7 R8b7 Rxe7+ Kg6 Rxg7+ Kh6 Qf4+ Kxg7 Qg3+ Kh8 Re1 Rb8 Re7 Rg8 Qd3 f5 g4 Qc1+ Kg2 Rxg4+ Kf3 Rf4+ Ke2 Rb8 Qc3+ d4 Qxc6 d3+ Kxd3 Rd8+ Bd5 Qd1+ Kc3 Qd4+ Kb3 Qb4#	1. e4 e6 2. Nc3 Nc6 3. Bc4 a6 4. d4 b5 5. Bb3 Rb8 6. d5 exd5 7. exd5 Ne5 8. Qe2 f6 9. Nf3 Bc5 10. Be3 Bxe3 11. Qxe3 Qe7 12. O-O a5 13. d6 Qxd6 14. Ne4 Nxf3+ 15. Qxf3 Qe5 16. Rae1 Ne7 17. Rd1 Qxb2 18. Rfe1 Bb7 19. Qd3 d5 20. Qxb5+ Kf8 21. Nc5 Kf7 22. Nxb7 c6 23. Qe2 Rxb7 24. Qa6 Rhb8 25. Qxa5 Rb5 26. Qc7 R8b7 27. Rxe7+ Kg6 28. Rxg7+ Kh6 29. Qf4+ Kxg7 30. Qg3+ Kh8 31. Re1 Rb8 32. Re7 Rg8 33. Qd3 f5 34. g4 Qc1+ 35. Kg2 Rxg4+ 36. Kf3 Rf4+ 37. Ke2 Rb8 38. Qc3+ d4 39. Qxc6 d3+ 40. Kxd3 Rd8+ 41. Bd5 Qd1+ 42. Kc3 Qd4+ 43. Kb3 Qb4#	2023-04-01
https://www.chess.com/game/live/74560414663	900+10	True	rapid	chess	1092	win	1041	checkmated	Live Chess	Chess.com	2023-04-06 00:00:00	Kantaka66	Rhythmbear1	1-0	r3r1k1/pp3B2/7Q/n1b1pbN1/8/P2P4/1PP2PPP/R4RK1 b - -	UTC	C50	https://www.chess.com/openings/Giuoco-Piano-Game	2023-04-06 22:52:46	2023-04-06 23:05:40	2023-04-06 00:00:00	e4 e5 Nf3 Nc6 Bc4 Bc5 a3 Nf6 d3 O-O Nc3 Re8 Bg5 d6 Nd5 h6 Bxf6 gxf6 Qd2 Na5 Qxh6 c6 Nxf6+ Qxf6 Qxf6 d5 exd5 cxd5 Bxd5 Rf8 O-O Bd7 Qh6 Rfe8 Ng5 Bf5 Bxf7#	1. e4 e5 2. Nf3 Nc6 3. Bc4 Bc5 4. a3 Nf6 5. d3 O-O 6. Nc3 Re8 7. Bg5 d6 8. Nd5 h6 9. Bxf6 gxf6 10. Qd2 Na5 11. Qxh6 c6 12. Nxf6+ Qxf6 13. Qxf6 d5 14. exd5 cxd5 15. Bxd5 Rf8 16. O-O Bd7 17. Qh6 Rfe8 18. Ng5 Bf5 19. Bxf7# 	2023-04-01
https://www.chess.com/game/live/75228847453	600	True	rapid	chess	964	checkmated	1058	win	Live Chess	Chess.com	2023-04-14 00:00:00	Yurchandos	Rhythmbear1	0-1	8/p5pp/4k3/1Rp5/1b5P/8/3r4/r1K5 w - -	UTC	C47	https://www.chess.com/openings/Four-Knights-Game-Scotch-Variation	2023-04-14 16:30:40	2023-04-14 16:40:14	2023-04-14 00:00:00	e4 e5 Nf3 Nc6 Nc3 Nf6 d4 d5 exd5 Nxd5 Nxd5 Qxd5 Be2 exd4 Nxd4 Qxd4 Qxd4 Nxd4 Bc4 Nxc2+ Kd1 Nxa1 b3 Be6 Bxe6 fxe6 Re1 Ke7 Bb2 Nxb3 axb3 Kf7 f4 Bb4 Re2 Rad8+ Kc2 Rd5 g4 Rhd8 f5 exf5 gxf5 Rxf5 h4 Rf3 Re5 Rd2+ Kb1 Rxb3 Rf5+ Ke6 Rb5 Rbxb2+ Kc1 c5 Rxb7 Ra2 Rb5 Ra1#	1. e4 e5 2. Nf3 Nc6 3. Nc3 Nf6 4. d4 d5 5. exd5 Nxd5 6. Nxd5 Qxd5 7. Be2 exd4 8. Nxd4 Qxd4 9. Qxd4 Nxd4 10. Bc4 Nxc2+ 11. Kd1 Nxa1 12. b3 Be6 13. Bxe6 fxe6 14. Re1 Ke7 15. Bb2 Nxb3 16. axb3 Kf7 17. f4 Bb4 18. Re2 Rad8+ 19. Kc2 Rd5 20. g4 Rhd8 21. f5 exf5 22. gxf5 Rxf5 23. h4 Rf3 24. Re5 Rd2+ 25. Kb1 Rxb3 26. Rf5+ Ke6 27. Rb5 Rbxb2+ 28. Kc1 c5 29. Rxb7 Ra2 30. Rb5 Ra1#	2023-04-01
[2025-03-10T01:33:47.330+0000] {logging_mixin.py:190} INFO - Previewing Dataframe
[2025-03-10T01:33:47.331+0000] {logging_mixin.py:190} INFO - game_url                        object
time_control                    object
rated                             bool
time_class                      object
rules                           object
white_rating                     int64
white_result                    object
black_rating                     int64
black_result                    object
pgn_event                       object
pgn_site                        object
game_date               datetime64[us]
pgn_white_user                  object
pgn_black_user                  object
pgn_result                      object
pgn_current_position            object
pgn_timezone                    object
pgn_eco                         object
pgn_eco_url                     object
start_time              datetime64[ns]
end_time                datetime64[ns]
end_game_date           datetime64[us]
pgn_raw                         object
pgn_trans                       object
last_updated            datetime64[us]
dtype: object
[2025-03-10T01:33:47.344+0000] {logging_mixin.py:190} INFO - https://www.chess.com/game/live/123502496472	120+1	True	bullet	chess	915	win	905	resigned	Live Chess	Chess.com	2025-03-03 00:00:00	Rhythmbear1	ryandograu	1-0	2R3k1/p4p1p/3r1Pp1/1p3n2/6N1/1P1B4/P1P3PP/6K1 b - -	UTC	C45	https://www.chess.com/openings/Scotch-Game-Scotch-Gambit-London-Defense	2025-03-03 16:53:54	2025-03-03 16:58:20	2025-03-03 00:00:00	e4 e5 Nf3 Nc6 d4 exd4 Bc4 Bb4+ Bd2 Nge7 Nxd4 Nxd4 Bxb4 Ndc6 Bc3 O-O Qg4 g6 Qg5 d6 Qf6 Ne5 f4 N7c6 Bxe5 dxe5 fxe5 Qxf6 exf6 Nd4 Na3 Re8 Bd3 Bd7 O-O Bg4 Rae1 Re6 e5 Rd8 Nc4 Nf5 b3 b5 Ne3 Rxe5 Nxg4 Rxe1 Rxe1 Nd4 Re7 Nf5 Rxc7 Rd6 Rc8+	1. e4 e5 2. Nf3 Nc6 3. d4 exd4 4. Bc4 Bb4+ 5. Bd2 Nge7 6. Nxd4 Nxd4 7. Bxb4 Ndc6 8. Bc3 O-O 9. Qg4 g6 10. Qg5 d6 11. Qf6 Ne5 12. f4 N7c6 13. Bxe5 dxe5 14. fxe5 Qxf6 15. exf6 Nd4 16. Na3 Re8 17. Bd3 Bd7 18. O-O Bg4 19. Rae1 Re6 20. e5 Rd8 21. Nc4 Nf5 22. b3 b5 23. Ne3 Rxe5 24. Nxg4 Rxe1 25. Rxe1 Nd4 26. Re7 Nf5 27. Rxc7 Rd6 28. Rc8+ 	2025-03-10 00:00:00
https://www.chess.com/game/live/136066661370	180+2	True	blitz	chess	1250	win	1240	abandoned	Live Chess	Chess.com	2025-03-09 00:00:00	nupio92	Rhythmbear1	1-0	r1b2rk1/2B3pp/2N1pb2/p2p1p1n/3P4/1PPB3P/P1Q2PP1/R3R1K1 b - -	UTC	D02	https://www.chess.com/openings/London-System...6.c3-Be7-7.Bd3-O-O	2025-03-09 08:14:24	2025-03-09 08:19:20	2025-03-09 00:00:00	d4 e6 Bf4 d5 e3 c5 Nf3 Nc6 c3 Nf6 Nbd2 Be7 Bd3 O-O O-O Nd7 b3 f6 Qc2 f5 Ne5 Nf6 Nxc6 bxc6 Nf3 cxd4 exd4 a5 Rfe1 Qd7 h3 Nh5 Bh2 Qd8 Ne5 Bf6 Nxc6 Qc7 Bxc7	1. d4 e6 2. Bf4 d5 3. e3 c5 4. Nf3 Nc6 5. c3 Nf6 6. Nbd2 Be7 7. Bd3 O-O 8. O-O Nd7 9. b3 f6 10. Qc2 f5 11. Ne5 Nf6 12. Nxc6 bxc6 13. Nf3 cxd4 14. exd4 a5 15. Rfe1 Qd7 16. h3 Nh5 17. Bh2 Qd8 18. Ne5 Bf6 19. Nxc6 Qc7 20. Bxc7 	2025-03-10 00:00:00
https://www.chess.com/game/live/136072351444	180+2	True	blitz	chess	1232	repetition	1244	repetition	Live Chess	Chess.com	2025-03-09 00:00:00	Rhythmbear1	geirmagnus	1/2-1/2	8/1B6/8/4p3/4P3/2k5/2p5/2K5 w - -	UTC	B01	https://www.chess.com/openings/Nimzowitsch-Defense-Scandinavian-Exchange-Variation-4.Nf3-Bg4	2025-03-09 12:07:36	2025-03-09 12:17:23	2025-03-09 00:00:00	e4 Nc6 d4 d5 exd5 Qxd5 Nf3 Bg4 Nbd2 Nxd4 Bc4 Nxf3+ gxf3 Qe5+ Qe2 Qxe2+ Kxe2 Bd7 b3 e6 Bb2 f6 h4 O-O-O Bd4 Kb8 a4 e5 Be3 Bb4 Ne4 Ne7 c3 Ba5 b4 Bb6 a5 Bxe3 fxe3 Nf5 Rhg1 Nxh4 Rad1 Ng6 Nc5 Bh3 Ne6 Rxd1 Rxd1 Bxe6 Bxe6 Re8 Bd7 Rd8 e4 Nf8 Bf5 Rxd1 Kxd1 g6 Bh3 c6 Ke2 Kc7 Ke3 a6 f4 Kd6 fxe5+ fxe5 Kf3 h6 Kg4 Ne6 Kf3 Nf4 Bf1 h5 Kg3 g5 Kf3 g4+ Kg3 c5 b5 axb5 Bxb5 Kc7 a6 bxa6 Bxa6 Kd6 Bc4 Ng6 Kf2 h4 Kg2 Nf4+ Kf2 Nd3+ Bxd3 h3 Kg3 Ke6 Bf1 Kf6 Kxg4 h2 Bg2 Kg6 Kg3 Kg5 Kxh2 Kf4 Kg1 Ke3 c4 Kd4 Kf2 Kxc4 Ke2 Kd4 Kd2 c4 Kc2 c3 Kd1 Kc4 Kc2 Kd4 Bf3 Ke3 Bh1 Kd4 Bg2 Kc4 Bh3 Kd4 Bf5 Kc4 Kc1 Kd3 Kd1 Ke3 Kc2 Kd4 Kc1 Kd3 Kd1 c2+ Kc1 Kc3 Be6 Kd4 Bd5 Kc3 Bc6 Kd3 Bb7 Kc3 Bd5 Kd3 Bc6 Kc3 Bd5 Kd3 Bb7 Kc3 Ba6 Kd4 Bb7 Kc3	1. e4 Nc6 2. d4 d5 3. exd5 Qxd5 4. Nf3 Bg4 5. Nbd2 Nxd4 6. Bc4 Nxf3+ 7. gxf3 Qe5+ 8. Qe2 Qxe2+ 9. Kxe2 Bd7 10. b3 e6 11. Bb2 f6 12. h4 O-O-O 13. Bd4 Kb8 14. a4 e5 15. Be3 Bb4 16. Ne4 Ne7 17. c3 Ba5 18. b4 Bb6 19. a5 Bxe3 20. fxe3 Nf5 21. Rhg1 Nxh4 22. Rad1 Ng6 23. Nc5 Bh3 24. Ne6 Rxd1 25. Rxd1 Bxe6 26. Bxe6 Re8 27. Bd7 Rd8 28. e4 Nf8 29. Bf5 Rxd1 30. Kxd1 g6 31. Bh3 c6 32. Ke2 Kc7 33. Ke3 a6 34. f4 Kd6 35. fxe5+ fxe5 36. Kf3 h6 37. Kg4 Ne6 38. Kf3 Nf4 39. Bf1 h5 40. Kg3 g5 41. Kf3 g4+ 42. Kg3 c5 43. b5 axb5 44. Bxb5 Kc7 45. a6 bxa6 46. Bxa6 Kd6 47. Bc4 Ng6 48. Kf2 h4 49. Kg2 Nf4+ 50. Kf2 Nd3+ 51. Bxd3 h3 52. Kg3 Ke6 53. Bf1 Kf6 54. Kxg4 h2 55. Bg2 Kg6 56. Kg3 Kg5 57. Kxh2 Kf4 58. Kg1 Ke3 59. c4 Kd4 60. Kf2 Kxc4 61. Ke2 Kd4 62. Kd2 c4 63. Kc2 c3 64. Kd1 Kc4 65. Kc2 Kd4 66. Bf3 Ke3 67. Bh1 Kd4 68. Bg2 Kc4 69. Bh3 Kd4 70. Bf5 Kc4 71. Kc1 Kd3 72. Kd1 Ke3 73. Kc2 Kd4 74. Kc1 Kd3 75. Kd1 c2+ 76. Kc1 Kc3 77. Be6 Kd4 78. Bd5 Kc3 79. Bc6 Kd3 80. Bb7 Kc3 81. Bd5 Kd3 82. Bc6 Kc3 83. Bd5 Kd3 84. Bb7 Kc3 85. Ba6 Kd4 86. Bb7 Kc3	2025-03-10 00:00:00
https://www.chess.com/game/live/71599316007	600	True	rapid	chess	1027	win	902	resigned	Live Chess	Chess.com	2023-03-03 00:00:00	SonXAzzz	Rhythmbear1	1-0	4r1k1/1bp1P2p/p5p1/2N2p2/1q3P2/P6P/1P2Q1P1/R1B1R1K1 w - -	UTC	C46	https://www.chess.com/openings/Three-Knights-Opening-3...d6	2023-03-03 16:15:37	2023-03-03 16:27:13	2023-03-03 00:00:00	e4 e5 Nf3 Nc6 Nc3 d6 Bb5 a6 Bxc6+ bxc6 O-O Nf6 h3 Bb7 d3 d5 a3 Bd6 Re1 O-O d4 Re8 dxe5 Bxe5 Nxe5 Rxe5 f4 Rh5 e5 Ng4 Qxg4 f5 Qxh5 d4 Ne2 d3 cxd3 Qxd3 Nc3 g6 Qe2 Qg3 e6 c5 e7 Re8 Na4 Qb3 Nxc5 Qb4	1. e4 e5 2. Nf3 Nc6 3. Nc3 d6 4. Bb5 a6 5. Bxc6+ bxc6 6. O-O Nf6 7. h3 Bb7 8. d3 d5 9. a3 Bd6 10. Re1 O-O 11. d4 Re8 12. dxe5 Bxe5 13. Nxe5 Rxe5 14. f4 Rh5 15. e5 Ng4 16. Qxg4 f5 17. Qxh5 d4 18. Ne2 d3 19. cxd3 Qxd3 20. Nc3 g6 21. Qe2 Qg3 22. e6 c5 23. e7 Re8 24. Na4 Qb3 25. Nxc5 Qb4	2023-03-01 00:00:00
https://www.chess.com/game/live/74011819591	900+10	True	rapid	chess	911	checkmated	1037	win	Live Chess	Chess.com	2023-03-31 00:00:00	Curious-M-Cat	Rhythmbear1	0-1	3r4/pp1k2p1/5n2/3b4/7p/P3p2P/4N1q1/3R2K1 w - -	UTC	A40	https://www.chess.com/openings/Englund-Gambit-Declined-Reversed-French-Variation	2023-03-31 14:24:19	2023-03-31 14:47:31	2023-03-31 00:00:00	d4 e5 e3 e4 f3 d5 fxe4 dxe4 c4 Nf6 b3 Bg4 Be2 h5 b4 Bxb4+ Bd2 Nc6 a3 Ba5 h3 Bf5 c5 h4 Qb3 Nxd4 exd4 Qxd4 Bc4 O-O-O Bc3 Qe3+ Ne2 Qxc5 Qa4 Bxc3+ Nexc3 e3 Ne2 Rhe8 Nbc3 Qe5 Bxf7 Re7 Rc1 Rxf7 Qc4 Be6 Nd5 Bxd5 Qc3 Qg5 Qxc7+ Rxc7 O-O Rxc1 Rxc1+ Kd7 Rd1 Qxg2#	1. d4 e5 2. e3 e4 3. f3 d5 4. fxe4 dxe4 5. c4 Nf6 6. b3 Bg4 7. Be2 h5 8. b4 Bxb4+ 9. Bd2 Nc6 10. a3 Ba5 11. h3 Bf5 12. c5 h4 13. Qb3 Nxd4 14. exd4 Qxd4 15. Bc4 O-O-O 16. Bc3 Qe3+ 17. Ne2 Qxc5 18. Qa4 Bxc3+ 19. Nexc3 e3 20. Ne2 Rhe8 21. Nbc3 Qe5 22. Bxf7 Re7 23. Rc1 Rxf7 24. Qc4 Be6 25. Nd5 Bxd5 26. Qc3 Qg5 27. Qxc7+ Rxc7 28. O-O Rxc1 29. Rxc1+ Kd7 30. Rd1 Qxg2#	2023-03-01 00:00:00
[2025-03-10T01:33:47.920+0000] {python.py:240} INFO - Done. Returned value was: None
[2025-03-10T01:33:47.934+0000] {taskinstance.py:340} INFO - ::group::Post task execution logs
[2025-03-10T01:33:47.934+0000] {taskinstance.py:352} INFO - Marking task as SUCCESS. dag_id=pull_data_from_chess_api, task_id=load_to_gold_layer, run_id=scheduled__2023-04-01T00:00:00+00:00, execution_date=20230401T000000, start_date=20250310T013345, end_date=20250310T013347
[2025-03-10T01:33:48.005+0000] {local_task_job_runner.py:266} INFO - Task exited with return code 0
[2025-03-10T01:33:48.026+0000] {taskinstance.py:3900} INFO - 0 downstream tasks scheduled from follow-on schedule check
[2025-03-10T01:33:48.028+0000] {local_task_job_runner.py:245} INFO - ::endgroup::
