[2025-03-07T12:25:43.260+0000] {local_task_job_runner.py:123} INFO - ::group::Pre task execution logs
[2025-03-07T12:25:43.282+0000] {taskinstance.py:2612} INFO - Dependencies all met for dep_context=non-requeueable deps ti=<TaskInstance: pull_data_from_chess_api.load_to_gold_layer scheduled__2024-05-01T00:00:00+00:00 [queued]>
[2025-03-07T12:25:43.292+0000] {taskinstance.py:2612} INFO - Dependencies all met for dep_context=requeueable deps ti=<TaskInstance: pull_data_from_chess_api.load_to_gold_layer scheduled__2024-05-01T00:00:00+00:00 [queued]>
[2025-03-07T12:25:43.293+0000] {taskinstance.py:2865} INFO - Starting attempt 1 of 2
[2025-03-07T12:25:43.310+0000] {taskinstance.py:2888} INFO - Executing <Task(PythonOperator): load_to_gold_layer> on 2024-05-01 00:00:00+00:00
[2025-03-07T12:25:43.317+0000] {warnings.py:112} WARNING - /home/***/.local/lib/python3.12/site-packages/***/task/task_runner/standard_task_runner.py:70: DeprecationWarning: This process (pid=8217) is multi-threaded, use of fork() may lead to deadlocks in the child.
  pid = os.fork()

[2025-03-07T12:25:43.319+0000] {standard_task_runner.py:72} INFO - Started process 8218 to run task
[2025-03-07T12:25:43.320+0000] {standard_task_runner.py:104} INFO - Running: ['***', 'tasks', 'run', 'pull_data_from_chess_api', 'load_to_gold_layer', 'scheduled__2024-05-01T00:00:00+00:00', '--job-id', '345', '--raw', '--subdir', 'DAGS_FOLDER/collect_chess_data_dag.py', '--cfg-path', '/tmp/tmpv8yc2nji']
[2025-03-07T12:25:43.321+0000] {standard_task_runner.py:105} INFO - Job 345: Subtask load_to_gold_layer
[2025-03-07T12:25:43.380+0000] {task_command.py:467} INFO - Running <TaskInstance: pull_data_from_chess_api.load_to_gold_layer scheduled__2024-05-01T00:00:00+00:00 [running]> on host ebc50e07c8a4
[2025-03-07T12:25:43.478+0000] {taskinstance.py:3131} INFO - Exporting env vars: AIRFLOW_CTX_DAG_OWNER='***' AIRFLOW_CTX_DAG_ID='pull_data_from_chess_api' AIRFLOW_CTX_TASK_ID='load_to_gold_layer' AIRFLOW_CTX_EXECUTION_DATE='2024-05-01T00:00:00+00:00' AIRFLOW_CTX_TRY_NUMBER='1' AIRFLOW_CTX_DAG_RUN_ID='scheduled__2024-05-01T00:00:00+00:00'
[2025-03-07T12:25:43.479+0000] {taskinstance.py:731} INFO - ::endgroup::
[2025-03-07T12:25:43.502+0000] {logging_mixin.py:190} INFO - Execution Date: 2024-05-01
[2025-03-07T12:25:43.504+0000] {connection.py:531} ERROR - Unable to retrieve connection from secrets backend (EnvironmentVariablesBackend). Checking subsequent secrets backend.
Traceback (most recent call last):
  File "/home/airflow/.local/lib/python3.12/site-packages/airflow/models/connection.py", line 526, in get_connection_from_secrets
    conn = secrets_backend.get_connection(conn_id=conn_id)
           ^^^^^^^^^^^^^^^^^^^^^^^^^^^^^^^^^^^^^^^^^^^^^^^
  File "/home/airflow/.local/lib/python3.12/site-packages/airflow/secrets/base_secrets.py", line 116, in get_connection
    return self.deserialize_connection(conn_id=conn_id, value=value)
           ^^^^^^^^^^^^^^^^^^^^^^^^^^^^^^^^^^^^^^^^^^^^^^^^^^^^^^^^^
  File "/home/airflow/.local/lib/python3.12/site-packages/airflow/secrets/base_secrets.py", line 70, in deserialize_connection
    return Connection(conn_id=conn_id, uri=value)
           ^^^^^^^^^^^^^^^^^^^^^^^^^^^^^^^^^^^^^^
  File "<string>", line 4, in __init__
  File "/home/airflow/.local/lib/python3.12/site-packages/sqlalchemy/orm/state.py", line 481, in _initialize_instance
    with util.safe_reraise():
         ^^^^^^^^^^^^^^^^^^^
  File "/home/airflow/.local/lib/python3.12/site-packages/sqlalchemy/util/langhelpers.py", line 70, in __exit__
    compat.raise_(
  File "/home/airflow/.local/lib/python3.12/site-packages/sqlalchemy/util/compat.py", line 211, in raise_
    raise exception
  File "/home/airflow/.local/lib/python3.12/site-packages/sqlalchemy/orm/state.py", line 479, in _initialize_instance
    return manager.original_init(*mixed[1:], **kwargs)
           ^^^^^^^^^^^^^^^^^^^^^^^^^^^^^^^^^^^^^^^^^^^
  File "/home/airflow/.local/lib/python3.12/site-packages/airflow/models/connection.py", line 169, in __init__
    self._parse_from_uri(uri)
  File "/home/airflow/.local/lib/python3.12/site-packages/airflow/models/connection.py", line 257, in _parse_from_uri
    self.port = uri_parts.port
                ^^^^^^^^^^^^^^
  File "/usr/local/lib/python3.12/urllib/parse.py", line 182, in port
    raise ValueError(f"Port could not be cast to integer value as {port!r}")
ValueError: Port could not be cast to integer value as 'DefaultEndpointsProtocol=https;AccountName=rbchesssa;AccountKey=lG9W+utkpTNorE0rTLlfDMUZsTPleXk6pXv6NnfDTi'
[2025-03-07T12:25:43.520+0000] {base.py:84} INFO - Retrieving connection 'azure_chess_storage'
[2025-03-07T12:25:46.764+0000] {taskinstance.py:3310} ERROR - Task failed with exception
Traceback (most recent call last):
  File "/home/airflow/.local/lib/python3.12/site-packages/airflow/models/taskinstance.py", line 767, in _execute_task
    result = _execute_callable(context=context, **execute_callable_kwargs)
             ^^^^^^^^^^^^^^^^^^^^^^^^^^^^^^^^^^^^^^^^^^^^^^^^^^^^^^^^^^^^^
  File "/home/airflow/.local/lib/python3.12/site-packages/airflow/models/taskinstance.py", line 733, in _execute_callable
    return ExecutionCallableRunner(
           ^^^^^^^^^^^^^^^^^^^^^^^^
  File "/home/airflow/.local/lib/python3.12/site-packages/airflow/utils/operator_helpers.py", line 252, in run
    return self.func(*args, **kwargs)
           ^^^^^^^^^^^^^^^^^^^^^^^^^^
  File "/home/airflow/.local/lib/python3.12/site-packages/airflow/models/baseoperator.py", line 406, in wrapper
    return func(self, *args, **kwargs)
           ^^^^^^^^^^^^^^^^^^^^^^^^^^^
  File "/home/airflow/.local/lib/python3.12/site-packages/airflow/operators/python.py", line 238, in execute
    return_value = self.execute_callable()
                   ^^^^^^^^^^^^^^^^^^^^^^^
  File "/home/airflow/.local/lib/python3.12/site-packages/airflow/operators/python.py", line 256, in execute_callable
    return runner.run(*self.op_args, **self.op_kwargs)
           ^^^^^^^^^^^^^^^^^^^^^^^^^^^^^^^^^^^^^^^^^^^
  File "/home/airflow/.local/lib/python3.12/site-packages/airflow/utils/operator_helpers.py", line 252, in run
    return self.func(*args, **kwargs)
           ^^^^^^^^^^^^^^^^^^^^^^^^^^
  File "/opt/airflow/dags/scripts/python_scripts.py", line 186, in load_to_gold_layer
    """).fetchdf()
        ^^^^^^^^^
duckdb.duckdb.NotImplementedException: Not implemented Error: Unsupported type "TIME WITH TIME ZONE"
[2025-03-07T12:25:46.779+0000] {taskinstance.py:1225} INFO - Marking task as UP_FOR_RETRY. dag_id=pull_data_from_chess_api, task_id=load_to_gold_layer, run_id=scheduled__2024-05-01T00:00:00+00:00, execution_date=20240501T000000, start_date=20250307T122543, end_date=20250307T122546
[2025-03-07T12:25:46.799+0000] {taskinstance.py:340} INFO - ::group::Post task execution logs
[2025-03-07T12:25:46.799+0000] {standard_task_runner.py:124} ERROR - Failed to execute job 345 for task load_to_gold_layer (Not implemented Error: Unsupported type "TIME WITH TIME ZONE"; 8218)
Traceback (most recent call last):
  File "/home/airflow/.local/lib/python3.12/site-packages/airflow/task/task_runner/standard_task_runner.py", line 117, in _start_by_fork
    ret = args.func(args, dag=self.dag)
          ^^^^^^^^^^^^^^^^^^^^^^^^^^^^^
  File "/home/airflow/.local/lib/python3.12/site-packages/airflow/cli/cli_config.py", line 49, in command
    return func(*args, **kwargs)
           ^^^^^^^^^^^^^^^^^^^^^
  File "/home/airflow/.local/lib/python3.12/site-packages/airflow/utils/cli.py", line 115, in wrapper
    return f(*args, **kwargs)
           ^^^^^^^^^^^^^^^^^^
  File "/home/airflow/.local/lib/python3.12/site-packages/airflow/cli/commands/task_command.py", line 483, in task_run
    task_return_code = _run_task_by_selected_method(args, _dag, ti)
                       ^^^^^^^^^^^^^^^^^^^^^^^^^^^^^^^^^^^^^^^^^^^^
  File "/home/airflow/.local/lib/python3.12/site-packages/airflow/cli/commands/task_command.py", line 256, in _run_task_by_selected_method
    return _run_raw_task(args, ti)
           ^^^^^^^^^^^^^^^^^^^^^^^
  File "/home/airflow/.local/lib/python3.12/site-packages/airflow/cli/commands/task_command.py", line 341, in _run_raw_task
    return ti._run_raw_task(
           ^^^^^^^^^^^^^^^^^
  File "/home/airflow/.local/lib/python3.12/site-packages/airflow/utils/session.py", line 97, in wrapper
    return func(*args, session=session, **kwargs)
           ^^^^^^^^^^^^^^^^^^^^^^^^^^^^^^^^^^^^^^
  File "/home/airflow/.local/lib/python3.12/site-packages/airflow/models/taskinstance.py", line 3004, in _run_raw_task
    return _run_raw_task(
           ^^^^^^^^^^^^^^
  File "/home/airflow/.local/lib/python3.12/site-packages/airflow/models/taskinstance.py", line 273, in _run_raw_task
    TaskInstance._execute_task_with_callbacks(
  File "/home/airflow/.local/lib/python3.12/site-packages/airflow/models/taskinstance.py", line 3158, in _execute_task_with_callbacks
    result = self._execute_task(context, task_orig)
             ^^^^^^^^^^^^^^^^^^^^^^^^^^^^^^^^^^^^^^
  File "/home/airflow/.local/lib/python3.12/site-packages/airflow/models/taskinstance.py", line 3182, in _execute_task
    return _execute_task(self, context, task_orig)
           ^^^^^^^^^^^^^^^^^^^^^^^^^^^^^^^^^^^^^^^
  File "/home/airflow/.local/lib/python3.12/site-packages/airflow/models/taskinstance.py", line 767, in _execute_task
    result = _execute_callable(context=context, **execute_callable_kwargs)
             ^^^^^^^^^^^^^^^^^^^^^^^^^^^^^^^^^^^^^^^^^^^^^^^^^^^^^^^^^^^^^
  File "/home/airflow/.local/lib/python3.12/site-packages/airflow/models/taskinstance.py", line 733, in _execute_callable
    return ExecutionCallableRunner(
           ^^^^^^^^^^^^^^^^^^^^^^^^
  File "/home/airflow/.local/lib/python3.12/site-packages/airflow/utils/operator_helpers.py", line 252, in run
    return self.func(*args, **kwargs)
           ^^^^^^^^^^^^^^^^^^^^^^^^^^
  File "/home/airflow/.local/lib/python3.12/site-packages/airflow/models/baseoperator.py", line 406, in wrapper
    return func(self, *args, **kwargs)
           ^^^^^^^^^^^^^^^^^^^^^^^^^^^
  File "/home/airflow/.local/lib/python3.12/site-packages/airflow/operators/python.py", line 238, in execute
    return_value = self.execute_callable()
                   ^^^^^^^^^^^^^^^^^^^^^^^
  File "/home/airflow/.local/lib/python3.12/site-packages/airflow/operators/python.py", line 256, in execute_callable
    return runner.run(*self.op_args, **self.op_kwargs)
           ^^^^^^^^^^^^^^^^^^^^^^^^^^^^^^^^^^^^^^^^^^^
  File "/home/airflow/.local/lib/python3.12/site-packages/airflow/utils/operator_helpers.py", line 252, in run
    return self.func(*args, **kwargs)
           ^^^^^^^^^^^^^^^^^^^^^^^^^^
  File "/opt/airflow/dags/scripts/python_scripts.py", line 186, in load_to_gold_layer
    """).fetchdf()
        ^^^^^^^^^
duckdb.duckdb.NotImplementedException: Not implemented Error: Unsupported type "TIME WITH TIME ZONE"
[2025-03-07T12:25:46.834+0000] {local_task_job_runner.py:266} INFO - Task exited with return code 1
[2025-03-07T12:25:46.861+0000] {taskinstance.py:3900} INFO - 0 downstream tasks scheduled from follow-on schedule check
[2025-03-07T12:25:46.866+0000] {local_task_job_runner.py:245} INFO - ::endgroup::
[2025-03-10T01:38:20.145+0000] {local_task_job_runner.py:123} INFO - ::group::Pre task execution logs
[2025-03-10T01:38:20.164+0000] {taskinstance.py:2612} INFO - Dependencies all met for dep_context=non-requeueable deps ti=<TaskInstance: pull_data_from_chess_api.load_to_gold_layer scheduled__2024-05-01T00:00:00+00:00 [queued]>
[2025-03-10T01:38:20.174+0000] {taskinstance.py:2612} INFO - Dependencies all met for dep_context=requeueable deps ti=<TaskInstance: pull_data_from_chess_api.load_to_gold_layer scheduled__2024-05-01T00:00:00+00:00 [queued]>
[2025-03-10T01:38:20.174+0000] {taskinstance.py:2865} INFO - Starting attempt 1 of 2
[2025-03-10T01:38:20.191+0000] {taskinstance.py:2888} INFO - Executing <Task(PythonOperator): load_to_gold_layer> on 2024-05-01 00:00:00+00:00
[2025-03-10T01:38:20.200+0000] {warnings.py:112} WARNING - /home/***/.local/lib/python3.12/site-packages/***/task/task_runner/standard_task_runner.py:70: DeprecationWarning: This process (pid=17288) is multi-threaded, use of fork() may lead to deadlocks in the child.
  pid = os.fork()

[2025-03-10T01:38:20.202+0000] {standard_task_runner.py:72} INFO - Started process 17290 to run task
[2025-03-10T01:38:20.203+0000] {standard_task_runner.py:104} INFO - Running: ['***', 'tasks', 'run', 'pull_data_from_chess_api', 'load_to_gold_layer', 'scheduled__2024-05-01T00:00:00+00:00', '--job-id', '537', '--raw', '--subdir', 'DAGS_FOLDER/collect_chess_data_dag.py', '--cfg-path', '/tmp/tmpl17ujk5c']
[2025-03-10T01:38:20.207+0000] {standard_task_runner.py:105} INFO - Job 537: Subtask load_to_gold_layer
[2025-03-10T01:38:20.257+0000] {task_command.py:467} INFO - Running <TaskInstance: pull_data_from_chess_api.load_to_gold_layer scheduled__2024-05-01T00:00:00+00:00 [running]> on host 70b3b9cfbba0
[2025-03-10T01:38:20.355+0000] {taskinstance.py:3131} INFO - Exporting env vars: AIRFLOW_CTX_DAG_OWNER='***' AIRFLOW_CTX_DAG_ID='pull_data_from_chess_api' AIRFLOW_CTX_TASK_ID='load_to_gold_layer' AIRFLOW_CTX_EXECUTION_DATE='2024-05-01T00:00:00+00:00' AIRFLOW_CTX_TRY_NUMBER='1' AIRFLOW_CTX_DAG_RUN_ID='scheduled__2024-05-01T00:00:00+00:00'
[2025-03-10T01:38:20.357+0000] {taskinstance.py:731} INFO - ::endgroup::
[2025-03-10T01:38:20.375+0000] {logging_mixin.py:190} INFO - Execution Date: 2024-05-01
[2025-03-10T01:38:20.377+0000] {connection.py:531} ERROR - Unable to retrieve connection from secrets backend (EnvironmentVariablesBackend). Checking subsequent secrets backend.
Traceback (most recent call last):
  File "/home/airflow/.local/lib/python3.12/site-packages/airflow/models/connection.py", line 526, in get_connection_from_secrets
    conn = secrets_backend.get_connection(conn_id=conn_id)
           ^^^^^^^^^^^^^^^^^^^^^^^^^^^^^^^^^^^^^^^^^^^^^^^
  File "/home/airflow/.local/lib/python3.12/site-packages/airflow/secrets/base_secrets.py", line 116, in get_connection
    return self.deserialize_connection(conn_id=conn_id, value=value)
           ^^^^^^^^^^^^^^^^^^^^^^^^^^^^^^^^^^^^^^^^^^^^^^^^^^^^^^^^^
  File "/home/airflow/.local/lib/python3.12/site-packages/airflow/secrets/base_secrets.py", line 70, in deserialize_connection
    return Connection(conn_id=conn_id, uri=value)
           ^^^^^^^^^^^^^^^^^^^^^^^^^^^^^^^^^^^^^^
  File "<string>", line 4, in __init__
  File "/home/airflow/.local/lib/python3.12/site-packages/sqlalchemy/orm/state.py", line 481, in _initialize_instance
    with util.safe_reraise():
         ^^^^^^^^^^^^^^^^^^^
  File "/home/airflow/.local/lib/python3.12/site-packages/sqlalchemy/util/langhelpers.py", line 70, in __exit__
    compat.raise_(
  File "/home/airflow/.local/lib/python3.12/site-packages/sqlalchemy/util/compat.py", line 211, in raise_
    raise exception
  File "/home/airflow/.local/lib/python3.12/site-packages/sqlalchemy/orm/state.py", line 479, in _initialize_instance
    return manager.original_init(*mixed[1:], **kwargs)
           ^^^^^^^^^^^^^^^^^^^^^^^^^^^^^^^^^^^^^^^^^^^
  File "/home/airflow/.local/lib/python3.12/site-packages/airflow/models/connection.py", line 169, in __init__
    self._parse_from_uri(uri)
  File "/home/airflow/.local/lib/python3.12/site-packages/airflow/models/connection.py", line 257, in _parse_from_uri
    self.port = uri_parts.port
                ^^^^^^^^^^^^^^
  File "/usr/local/lib/python3.12/urllib/parse.py", line 182, in port
    raise ValueError(f"Port could not be cast to integer value as {port!r}")
ValueError: Port could not be cast to integer value as 'DefaultEndpointsProtocol=https;AccountName=rbchesssa;AccountKey=lG9W+utkpTNorE0rTLlfDMUZsTPleXk6pXv6NnfDTi'
[2025-03-10T01:38:20.390+0000] {base.py:84} INFO - Retrieving connection 'azure_chess_storage'
[2025-03-10T01:38:21.715+0000] {logging_mixin.py:190} INFO - Previewing Dataframe
[2025-03-10T01:38:21.718+0000] {logging_mixin.py:190} INFO - game_url                        object
time_control                    object
rated                             bool
time_class                      object
rules                           object
white_rating                     int64
white_result                    object
black_rating                     int64
black_result                    object
pgn_event                       object
pgn_site                        object
game_date               datetime64[us]
pgn_white_user                  object
pgn_black_user                  object
pgn_result                      object
pgn_current_position            object
pgn_timezone                    object
pgn_eco                         object
pgn_eco_url                     object
start_time              datetime64[ns]
end_time                datetime64[ns]
end_game_date           datetime64[us]
pgn_raw                         object
pgn_trans                       object
last_updated                    object
dtype: object
[2025-03-10T01:38:21.735+0000] {logging_mixin.py:190} INFO - https://www.chess.com/game/live/108321613877	600	True	rapid	chess	1315	resigned	1404	win	Live Chess	Chess.com	2024-05-01 00:00:00	Rhythmbear1	Raphael_Silva	0-1	2r3k1/1b4bp/p5p1/3q4/1p6/1P6/P1B1QPPP/3R2K1 b - -	UTC	B22	https://www.chess.com/openings/Alapin-Sicilian-Defense-2...Nc6-3.d4-cxd4-4.cxd4	2024-05-01 16:55:29	2024-05-01 17:08:20	2024-05-01 00:00:00	e4 c5 c3 Nc6 d4 cxd4 cxd4 d6 Nf3 e6 Nc3 Nf6 Bd2 Be7 Bb5 O-O O-O a6 Ba4 b5 Bb3 Bb7 Re1 Re8 e5 dxe5 dxe5 Nd5 Nxd5 exd5 Bc3 b4 Bd2 Na5 Bc2 Nc4 b3 Nxd2 Qxd2 Rc8 Rad1 g6 e6 fxe6 Rxe6 Bf8 Rxe8 Qxe8 Re1 Qc6 Rc1 Bg7 Nd4 Qf6 Nf3 d4 Nxd4 Qxd4 Qe2 Qd5 Rd1	1. e4 c5 2. c3 Nc6 3. d4 cxd4 4. cxd4 d6 5. Nf3 e6 6. Nc3 Nf6 7. Bd2 Be7 8. Bb5 O-O 9. O-O a6 10. Ba4 b5 11. Bb3 Bb7 12. Re1 Re8 13. e5 dxe5 14. dxe5 Nd5 15. Nxd5 exd5 16. Bc3 b4 17. Bd2 Na5 18. Bc2 Nc4 19. b3 Nxd2 20. Qxd2 Rc8 21. Rad1 g6 22. e6 fxe6 23. Rxe6 Bf8 24. Rxe8 Qxe8 25. Re1 Qc6 26. Rc1 Bg7 27. Nd4 Qf6 28. Nf3 d4 29. Nxd4 Qxd4 30. Qe2 Qd5 31. Rd1 	2024-05-01
https://www.chess.com/game/live/108322278739	600	True	rapid	chess	1259	checkmated	1322	win	Live Chess	Chess.com	2024-05-01 00:00:00	VINCENTd62	Rhythmbear1	0-1	3r1rk1/1p2b1pp/p4pb1/8/1P1P4/1PN5/1Bq2PPP/Q1KR3R w - -	UTC	A01	https://www.chess.com/openings/Nimzowitsch-Larsen-Attack-Modern-Variation-2.Bb2	2024-05-01 17:08:38	2024-05-01 17:16:04	2024-05-01 00:00:00	b3 e5 Bb2 f6 e3 Nc6 Bb5 Nge7 d3 a6 Bxc6 Nxc6 Ne2 d5 Nd2 Be7 c4 O-O cxd5 Qxd5 Nf3 Bg4 Nc3 Qd7 Qc2 Rad8 O-O-O Nb4 Qb1 Bh5 d4 Bg6 Qa1 exd4 Nxd4 c5 a3 cxd4 axb4 Qf5 exd4 Qc2#	1. b3 e5 2. Bb2 f6 3. e3 Nc6 4. Bb5 Nge7 5. d3 a6 6. Bxc6 Nxc6 7. Ne2 d5 8. Nd2 Be7 9. c4 O-O 10. cxd5 Qxd5 11. Nf3 Bg4 12. Nc3 Qd7 13. Qc2 Rad8 14. O-O-O Nb4 15. Qb1 Bh5 16. d4 Bg6 17. Qa1 exd4 18. Nxd4 c5 19. a3 cxd4 20. axb4 Qf5 21. exd4 Qc2#	2024-05-01
https://www.chess.com/game/live/108335480911	600	True	rapid	chess	1316	resigned	1401	win	Live Chess	Chess.com	2024-05-01 00:00:00	Rhythmbear1	sandrokan72	0-1	6k1/5pp1/7p/p7/P7/R4P1P/2p2KP1/3r4 w - -	UTC	C45	https://www.chess.com/openings/Scotch-Game-Scotch-Gambit	2024-05-01 20:50:13	2024-05-01 21:06:37	2024-05-01 00:00:00	e4 e5 Nf3 Nc6 d4 exd4 Bc4 h6 O-O d6 Nxd4 Nxd4 Qxd4 Nf6 Nc3 Be7 Bf4 Be6 Bd3 a6 e5 dxe5 Qxe5 Bd6 Qe3 Ng4 Qg3 Qf6 Bxd6 cxd6 Qxd6 Ne5 Nd5 Bxd5 Qxd5 O-O Qe4 Nxd3 Qxd3 Qxb2 h3 b5 Rfe1 Rfd8 Qe4 a5 a4 b4 Qf3 Qxc2 Re2 Qc3 Qxc3 bxc3 Rc2 Rac8 Rac1 Rd3 f3 Rc4 Ra2 Rcd4 Ra3 Rd1+ Rxd1 Rxd1+ Kf2 c2	1. e4 e5 2. Nf3 Nc6 3. d4 exd4 4. Bc4 h6 5. O-O d6 6. Nxd4 Nxd4 7. Qxd4 Nf6 8. Nc3 Be7 9. Bf4 Be6 10. Bd3 a6 11. e5 dxe5 12. Qxe5 Bd6 13. Qe3 Ng4 14. Qg3 Qf6 15. Bxd6 cxd6 16. Qxd6 Ne5 17. Nd5 Bxd5 18. Qxd5 O-O 19. Qe4 Nxd3 20. Qxd3 Qxb2 21. h3 b5 22. Rfe1 Rfd8 23. Qe4 a5 24. a4 b4 25. Qf3 Qxc2 26. Re2 Qc3 27. Qxc3 bxc3 28. Rc2 Rac8 29. Rac1 Rd3 30. f3 Rc4 31. Ra2 Rcd4 32. Ra3 Rd1+ 33. Rxd1 Rxd1+ 34. Kf2 c2	2024-05-01
https://www.chess.com/game/live/108394865273	600	True	rapid	chess	1276	win	1307	resigned	Live Chess	Chess.com	2024-05-02 00:00:00	michaelaraujo	Rhythmbear1	1-0	3k4/pp2n1p1/2p2np1/3pQ3/3P4/6Nq/PPP2P2/R3R1K1 b - -	UTC	C01	https://www.chess.com/openings/French-Defense-Exchange-Variation-3...exd5-4.Nc3	2024-05-02 13:18:39	2024-05-02 13:24:05	2024-05-02 00:00:00	e4 e6 d4 d5 exd5 exd5 Nc3 c6 Nf3 Bd6 Be2 Ne7 O-O Be6 Re1 Nd7 Ng5 Bf5 Bh5 Bg6 Bxg6 hxg6 Qf3 Nf6 h3 Qc7 Ne2 Rf8 Bf4 O-O-O Bxd6 Qxd6 Qf4 Qd7 Ng3 Rh8 Nxf7 Rxh3 gxh3 Qxh3 Nxd8 Kxd8 Qe5	1. e4 e6 2. d4 d5 3. exd5 exd5 4. Nc3 c6 5. Nf3 Bd6 6. Be2 Ne7 7. O-O Be6 8. Re1 Nd7 9. Ng5 Bf5 10. Bh5 Bg6 11. Bxg6 hxg6 12. Qf3 Nf6 13. h3 Qc7 14. Ne2 Rf8 15. Bf4 O-O-O 16. Bxd6 Qxd6 17. Qf4 Qd7 18. Ng3 Rh8 19. Nxf7 Rxh3 20. gxh3 Qxh3 21. Nxd8 Kxd8 22. Qe5 	2024-05-01
https://www.chess.com/game/live/108395382907	600	True	rapid	chess	1299	timeout	1330	win	Live Chess	Chess.com	2024-05-02 00:00:00	Rhythmbear1	vichma	0-1	R7/5k2/p4p2/8/8/P5NK/1Pr2r1P/8 w - -	UTC	C45	https://www.chess.com/openings/Scotch-Game-Scotch-Gambit	2024-05-02 13:24:10	2024-05-02 13:42:01	2024-05-02 00:00:00	e4 e5 Nf3 Nc6 d4 exd4 Bc4 f6 O-O Bc5 Re1 d6 Bf4 g5 Bg3 Nh6 c3 g4 cxd4 gxf3 dxc5 fxg2 Qh5+ Kd7 Qxh6 Qe7 Nc3 Nd4 cxd6 cxd6 Qh3+ Kd8 Qxg2 Nc2 Rad1 Nxe1 Rxe1 h5 Rd1 Ke8 Qf1 Be6 Bb5+ Kf7 Bxd6 Qd8 Qe2 Qg8+ Bg3 h4 Bc4 Re8 Bxe6+ Rxe6 Rd7+ Ke8 Qd3 Kf8 Rd8+ Re8 Qd6+ Kf7 Rd7+ Kg6 Ne2 hxg3 Qxg3+ Kh6 Qxg8 Rhxg8+ Ng3 Rxe4 Kf1 Rf4 Rxb7 Rc8 Rb5 Rc1+ Kg2 Rc2 Rh5+ Kg6 Rb5 Rcxf2+ Kh3 Ra4 a3 a6 Rb8 Rc4 Rg8+ Kf7 Ra8 Rcc2	1. e4 e5 2. Nf3 Nc6 3. d4 exd4 4. Bc4 f6 5. O-O Bc5 6. Re1 d6 7. Bf4 g5 8. Bg3 Nh6 9. c3 g4 10. cxd4 gxf3 11. dxc5 fxg2 12. Qh5+ Kd7 13. Qxh6 Qe7 14. Nc3 Nd4 15. cxd6 cxd6 16. Qh3+ Kd8 17. Qxg2 Nc2 18. Rad1 Nxe1 19. Rxe1 h5 20. Rd1 Ke8 21. Qf1 Be6 22. Bb5+ Kf7 23. Bxd6 Qd8 24. Qe2 Qg8+ 25. Bg3 h4 26. Bc4 Re8 27. Bxe6+ Rxe6 28. Rd7+ Ke8 29. Qd3 Kf8 30. Rd8+ Re8 31. Qd6+ Kf7 32. Rd7+ Kg6 33. Ne2 hxg3 34. Qxg3+ Kh6 35. Qxg8 Rhxg8+ 36. Ng3 Rxe4 37. Kf1 Rf4 38. Rxb7 Rc8 39. Rb5 Rc1+ 40. Kg2 Rc2 41. Rh5+ Kg6 42. Rb5 Rcxf2+ 43. Kh3 Ra4 44. a3 a6 45. Rb8 Rc4 46. Rg8+ Kf7 47. Ra8 Rcc2	2024-05-01
[2025-03-10T01:38:22.962+0000] {logging_mixin.py:190} INFO - Previewing Dataframe
[2025-03-10T01:38:22.964+0000] {logging_mixin.py:190} INFO - game_url                        object
time_control                    object
rated                             bool
time_class                      object
rules                           object
white_rating                     int64
white_result                    object
black_rating                     int64
black_result                    object
pgn_event                       object
pgn_site                        object
game_date               datetime64[us]
pgn_white_user                  object
pgn_black_user                  object
pgn_result                      object
pgn_current_position            object
pgn_timezone                    object
pgn_eco                         object
pgn_eco_url                     object
start_time              datetime64[ns]
end_time                datetime64[ns]
end_game_date           datetime64[us]
pgn_raw                         object
pgn_trans                       object
last_updated            datetime64[us]
dtype: object
[2025-03-10T01:38:23.000+0000] {logging_mixin.py:190} INFO - https://www.chess.com/game/live/100458887921	120+1	True	bullet	chess	574	timeout	745	win	Live Chess	Chess.com	2024-01-31 00:00:00	Rhythmbear1	hussein12n	0-1	4r1k1/pppb1p1p/6p1/8/8/B1P3P1/P1P2P1P/6K1 w - -	UTC	B08	https://www.chess.com/openings/Pirc-Defense-Classical-Quiet-System-5...O-O-6.O-O	2024-01-31 16:53:24	2024-01-31 16:56:40	2024-01-31 00:00:00	e4 g6 Nf3 d6 d4 Nf6 Nc3 Bg7 Be2 O-O O-O Re8 Bg5 Nfd7 e5 dxe5 dxe5 Nxe5 Qxd8 Rxd8 Nxe5 Bxe5 Bxe7 Re8 Ba3 Bxc3 bxc3 Rxe2 Rad1 Re8 g3 Be6 Rfe1 Nd7 Rxd7 Bxd7 Rxe8+ Rxe8	1. e4 g6 2. Nf3 d6 3. d4 Nf6 4. Nc3 Bg7 5. Be2 O-O 6. O-O Re8 7. Bg5 Nfd7 8. e5 dxe5 9. dxe5 Nxe5 10. Qxd8 Rxd8 11. Nxe5 Bxe5 12. Bxe7 Re8 13. Ba3 Bxc3 14. bxc3 Rxe2 15. Rad1 Re8 16. g3 Be6 17. Rfe1 Nd7 18. Rxd7 Bxd7 19. Rxe8+ Rxe8	2024-01-01 00:00:00
https://www.chess.com/game/live/100882455715	600	True	rapid	chess	1356	resigned	1329	win	Live Chess	Chess.com	2024-02-05 00:00:00	maximus307	Rhythmbear1	0-1	r4r1k/pp4pp/2pq1np1/8/2P5/1B6/P4PPP/R1B2R1K b - -	UTC	C00	https://www.chess.com/openings/French-Defense-Knight-Variation-2...d5-3.exd5-exd5	2024-02-05 14:32:06	2024-02-05 14:36:02	2024-02-05 00:00:00	e4 e6 Nf3 d5 exd5 exd5 Be2 Bd6 O-O Ne7 d4 O-O Nc3 Bf5 Nb5 c6 Nxd6 Qxd6 c3 Bg6 Ne5 Nd7 Nxg6 fxg6 c4 dxc4 Bxc4+ Kh8 Bb3 Nf5 Qc2 Nxd4 Qc3 Ne2+ Kh1 Nxc3 bxc3 Nf6 c4	1. e4 e6 2. Nf3 d5 3. exd5 exd5 4. Be2 Bd6 5. O-O Ne7 6. d4 O-O 7. Nc3 Bf5 8. Nb5 c6 9. Nxd6 Qxd6 10. c3 Bg6 11. Ne5 Nd7 12. Nxg6 fxg6 13. c4 dxc4 14. Bxc4+ Kh8 15. Bb3 Nf5 16. Qc2 Nxd4 17. Qc3 Ne2+ 18. Kh1 Nxc3 19. bxc3 Nf6 20. c4 	2024-02-01 00:00:00
https://www.chess.com/game/live/100904698899	120+1	True	bullet	chess	576	win	608	resigned	Live Chess	Chess.com	2024-02-05 00:00:00	Rhythmbear1	MrRandy100	1-0	r1b2rk1/ppp2ppp/2n5/4P1B1/2BPQ3/1P6/P1P3PP/R4RK1 b - -	UTC	B02	https://www.chess.com/openings/Alekhines-Defense-Scandinavian-Variation-3.exd5-Nxd5-4.Nxd5-Qxd5-5.Nf3	2024-02-05 20:43:52	2024-02-05 20:46:41	2024-02-05 00:00:00	e4 d5 exd5 Nf6 Nc3 Nxd5 Nxd5 Qxd5 Nf3 e5 b3 e4 Bc4 Qc6 Qe2 Be7 Ne5 Qf6 O-O O-O Qxe4 Bd6 f4 Nc6 d4 Bxe5 fxe5 Qg5 Bxg5	1. e4 d5 2. exd5 Nf6 3. Nc3 Nxd5 4. Nxd5 Qxd5 5. Nf3 e5 6. b3 e4 7. Bc4 Qc6 8. Qe2 Be7 9. Ne5 Qf6 10. O-O O-O 11. Qxe4 Bd6 12. f4 Nc6 13. d4 Bxe5 14. fxe5 Qg5 15. Bxg5 	2024-02-01 00:00:00
https://www.chess.com/game/live/101125920089	600	True	rapid	chess	1350	checkmated	1324	win	Live Chess	Chess.com	2024-02-08 00:00:00	hardybazyani691	Rhythmbear1	0-1	r1b1r1k1/pp3pp1/2pq3p/3p4/7B/1BNP1K2/PPPQ1PPn/1R3R2 w - -	UTC	C00	https://www.chess.com/openings/French-Defense	2024-02-08 10:06:01	2024-02-08 10:08:44	2024-02-08 00:00:00	e4 e6 Bc4 d5 exd5 exd5 Bb3 Nf6 Nf3 Bd6 O-O O-O d3 c6 Bg5 h6 Bh4 Nbd7 Nc3 Re8 Qd2 Ne5 Nxe5 Bxe5 Rab1 Bxh2+ Kxh2 Ng4+ Kg3 Qd6+ Kf3 Nh2#	1. e4 e6 2. Bc4 d5 3. exd5 exd5 4. Bb3 Nf6 5. Nf3 Bd6 6. O-O O-O 7. d3 c6 8. Bg5 h6 9. Bh4 Nbd7 10. Nc3 Re8 11. Qd2 Ne5 12. Nxe5 Bxe5 13. Rab1 Bxh2+ 14. Kxh2 Ng4+ 15. Kg3 Qd6+ 16. Kf3 Nh2#	2024-02-01 00:00:00
https://www.chess.com/game/live/101127771751	600	True	rapid	chess	1346	resigned	1317	win	Live Chess	Chess.com	2024-02-08 00:00:00	sojibhossain123	Rhythmbear1	0-1	rnbqkbnr/pppp1ppp/4p3/8/4P3/5N2/PPPP1PPP/RNBQKB1R b KQkq -	UTC	C00	https://www.chess.com/openings/French-Defense-Knight-Variation	2024-02-08 10:39:06	2024-02-08 10:41:00	2024-02-08 00:00:00	e4 e6 Nf3	1. e4 e6 2. Nf3 	2024-02-01 00:00:00
[2025-03-10T01:38:24.606+0000] {python.py:240} INFO - Done. Returned value was: None
[2025-03-10T01:38:24.617+0000] {taskinstance.py:340} INFO - ::group::Post task execution logs
[2025-03-10T01:38:24.618+0000] {taskinstance.py:352} INFO - Marking task as SUCCESS. dag_id=pull_data_from_chess_api, task_id=load_to_gold_layer, run_id=scheduled__2024-05-01T00:00:00+00:00, execution_date=20240501T000000, start_date=20250310T013820, end_date=20250310T013824
[2025-03-10T01:38:24.677+0000] {local_task_job_runner.py:266} INFO - Task exited with return code 0
[2025-03-10T01:38:24.696+0000] {taskinstance.py:3900} INFO - 0 downstream tasks scheduled from follow-on schedule check
[2025-03-10T01:38:24.697+0000] {local_task_job_runner.py:245} INFO - ::endgroup::
