[2025-03-31T18:06:18.782+0000] {local_task_job_runner.py:123} INFO - ::group::Pre task execution logs
[2025-03-31T18:06:18.883+0000] {taskinstance.py:2612} INFO - Dependencies all met for dep_context=non-requeueable deps ti=<TaskInstance: load_data_warehouse.load_dim_openings_dw dataset_triggered__2025-03-31T18:04:45.046641+00:00 [queued]>
[2025-03-31T18:06:18.942+0000] {taskinstance.py:2612} INFO - Dependencies all met for dep_context=requeueable deps ti=<TaskInstance: load_data_warehouse.load_dim_openings_dw dataset_triggered__2025-03-31T18:04:45.046641+00:00 [queued]>
[2025-03-31T18:06:18.943+0000] {taskinstance.py:2865} INFO - Starting attempt 2 of 2
[2025-03-31T18:06:19.030+0000] {taskinstance.py:2888} INFO - Executing <Task(PythonOperator): load_dim_openings_dw> on 2025-03-31 18:04:45.046641+00:00
[2025-03-31T18:06:19.066+0000] {warnings.py:112} WARNING - /home/***/.local/lib/python3.12/site-packages/***/task/task_runner/standard_task_runner.py:70: DeprecationWarning: This process (pid=13749) is multi-threaded, use of fork() may lead to deadlocks in the child.
  pid = os.fork()

[2025-03-31T18:06:19.077+0000] {standard_task_runner.py:72} INFO - Started process 13806 to run task
[2025-03-31T18:06:19.074+0000] {standard_task_runner.py:104} INFO - Running: ['***', 'tasks', 'run', 'load_data_warehouse', 'load_dim_openings_dw', 'dataset_triggered__2025-03-31T18:04:45.046641+00:00', '--job-id', '1038', '--raw', '--subdir', 'DAGS_FOLDER/load_data_warehouse_dag.py', '--cfg-path', '/tmp/tmpotl5zenq']
[2025-03-31T18:06:19.089+0000] {standard_task_runner.py:105} INFO - Job 1038: Subtask load_dim_openings_dw
[2025-03-31T18:06:19.364+0000] {task_command.py:467} INFO - Running <TaskInstance: load_data_warehouse.load_dim_openings_dw dataset_triggered__2025-03-31T18:04:45.046641+00:00 [running]> on host 3b3ac09dc50a
[2025-03-31T18:06:20.002+0000] {taskinstance.py:3131} INFO - Exporting env vars: AIRFLOW_CTX_DAG_OWNER='***' AIRFLOW_CTX_DAG_ID='load_data_warehouse' AIRFLOW_CTX_TASK_ID='load_dim_openings_dw' AIRFLOW_CTX_EXECUTION_DATE='2025-03-31T18:04:45.046641+00:00' AIRFLOW_CTX_TRY_NUMBER='2' AIRFLOW_CTX_DAG_RUN_ID='dataset_triggered__2025-03-31T18:04:45.046641+00:00'
[2025-03-31T18:06:20.008+0000] {taskinstance.py:731} INFO - ::endgroup::
[2025-03-31T18:06:23.531+0000] {logging_mixin.py:190} INFO - ✅ gold/dim_openings.parquet Loaded: 1133 rows, 3 columns
[2025-03-31T18:06:23.579+0000] {base.py:84} INFO - Retrieving connection 'azure_chess_dw'
[2025-03-31T18:06:23.638+0000] {base.py:84} INFO - Retrieving connection 'azure_chess_dw'
[2025-03-31T18:06:33.781+0000] {logging_mixin.py:190} INFO - Successfully Loaded gold/dim_openings.parquet Data to Postgres table dim_openings
[2025-03-31T18:06:33.793+0000] {python.py:240} INFO - Done. Returned value was: None
[2025-03-31T18:06:33.843+0000] {taskinstance.py:340} INFO - ::group::Post task execution logs
[2025-03-31T18:06:33.845+0000] {taskinstance.py:352} INFO - Marking task as SUCCESS. dag_id=load_data_warehouse, task_id=load_dim_openings_dw, run_id=dataset_triggered__2025-03-31T18:04:45.046641+00:00, execution_date=20250331T180445, start_date=20250331T180618, end_date=20250331T180633
[2025-03-31T18:06:34.028+0000] {local_task_job_runner.py:266} INFO - Task exited with return code 0
[2025-03-31T18:06:34.110+0000] {standard_task_runner.py:217} INFO - Process not found (most likely exited), stop collecting metrics
[2025-03-31T18:06:34.222+0000] {taskinstance.py:3900} INFO - 0 downstream tasks scheduled from follow-on schedule check
[2025-03-31T18:06:34.233+0000] {local_task_job_runner.py:245} INFO - ::endgroup::
