[2025-02-18T16:11:01.639+0000] {local_task_job_runner.py:123} INFO - ::group::Pre task execution logs
[2025-02-18T16:11:01.679+0000] {taskinstance.py:2612} INFO - Dependencies all met for dep_context=non-requeueable deps ti=<TaskInstance: pull_data_from_chess_api.transform_json_to_fact_table scheduled__2023-10-01T00:00:00+00:00 [queued]>
[2025-02-18T16:11:01.707+0000] {taskinstance.py:2612} INFO - Dependencies all met for dep_context=requeueable deps ti=<TaskInstance: pull_data_from_chess_api.transform_json_to_fact_table scheduled__2023-10-01T00:00:00+00:00 [queued]>
[2025-02-18T16:11:01.709+0000] {taskinstance.py:2865} INFO - Starting attempt 1 of 2
[2025-02-18T16:11:01.759+0000] {taskinstance.py:2888} INFO - Executing <Task(PythonOperator): transform_json_to_fact_table> on 2023-10-01 00:00:00+00:00
[2025-02-18T16:11:01.774+0000] {warnings.py:112} WARNING - /home/***/.local/lib/python3.12/site-packages/***/task/task_runner/standard_task_runner.py:70: DeprecationWarning: This process (pid=3022) is multi-threaded, use of fork() may lead to deadlocks in the child.
  pid = os.fork()

[2025-02-18T16:11:01.779+0000] {standard_task_runner.py:72} INFO - Started process 3023 to run task
[2025-02-18T16:11:01.779+0000] {standard_task_runner.py:104} INFO - Running: ['***', 'tasks', 'run', 'pull_data_from_chess_api', 'transform_json_to_fact_table', 'scheduled__2023-10-01T00:00:00+00:00', '--job-id', '161', '--raw', '--subdir', 'DAGS_FOLDER/chess_dag.py', '--cfg-path', '/tmp/tmpkvvs3l5z']
[2025-02-18T16:11:01.782+0000] {standard_task_runner.py:105} INFO - Job 161: Subtask transform_json_to_fact_table
[2025-02-18T16:11:01.934+0000] {task_command.py:467} INFO - Running <TaskInstance: pull_data_from_chess_api.transform_json_to_fact_table scheduled__2023-10-01T00:00:00+00:00 [running]> on host 4ed02a11bf8e
[2025-02-18T16:11:02.208+0000] {taskinstance.py:3131} INFO - Exporting env vars: AIRFLOW_CTX_DAG_OWNER='***' AIRFLOW_CTX_DAG_ID='pull_data_from_chess_api' AIRFLOW_CTX_TASK_ID='transform_json_to_fact_table' AIRFLOW_CTX_EXECUTION_DATE='2023-10-01T00:00:00+00:00' AIRFLOW_CTX_TRY_NUMBER='1' AIRFLOW_CTX_DAG_RUN_ID='scheduled__2023-10-01T00:00:00+00:00'
[2025-02-18T16:11:02.211+0000] {taskinstance.py:731} INFO - ::endgroup::
[2025-02-18T16:11:02.251+0000] {connection.py:531} ERROR - Unable to retrieve connection from secrets backend (EnvironmentVariablesBackend). Checking subsequent secrets backend.
Traceback (most recent call last):
  File "/home/airflow/.local/lib/python3.12/site-packages/airflow/models/connection.py", line 526, in get_connection_from_secrets
    conn = secrets_backend.get_connection(conn_id=conn_id)
           ^^^^^^^^^^^^^^^^^^^^^^^^^^^^^^^^^^^^^^^^^^^^^^^
  File "/home/airflow/.local/lib/python3.12/site-packages/airflow/secrets/base_secrets.py", line 116, in get_connection
    return self.deserialize_connection(conn_id=conn_id, value=value)
           ^^^^^^^^^^^^^^^^^^^^^^^^^^^^^^^^^^^^^^^^^^^^^^^^^^^^^^^^^
  File "/home/airflow/.local/lib/python3.12/site-packages/airflow/secrets/base_secrets.py", line 70, in deserialize_connection
    return Connection(conn_id=conn_id, uri=value)
           ^^^^^^^^^^^^^^^^^^^^^^^^^^^^^^^^^^^^^^
  File "<string>", line 4, in __init__
  File "/home/airflow/.local/lib/python3.12/site-packages/sqlalchemy/orm/state.py", line 481, in _initialize_instance
    with util.safe_reraise():
         ^^^^^^^^^^^^^^^^^^^
  File "/home/airflow/.local/lib/python3.12/site-packages/sqlalchemy/util/langhelpers.py", line 70, in __exit__
    compat.raise_(
  File "/home/airflow/.local/lib/python3.12/site-packages/sqlalchemy/util/compat.py", line 211, in raise_
    raise exception
  File "/home/airflow/.local/lib/python3.12/site-packages/sqlalchemy/orm/state.py", line 479, in _initialize_instance
    return manager.original_init(*mixed[1:], **kwargs)
           ^^^^^^^^^^^^^^^^^^^^^^^^^^^^^^^^^^^^^^^^^^^
  File "/home/airflow/.local/lib/python3.12/site-packages/airflow/models/connection.py", line 169, in __init__
    self._parse_from_uri(uri)
  File "/home/airflow/.local/lib/python3.12/site-packages/airflow/models/connection.py", line 257, in _parse_from_uri
    self.port = uri_parts.port
                ^^^^^^^^^^^^^^
  File "/usr/local/lib/python3.12/urllib/parse.py", line 182, in port
    raise ValueError(f"Port could not be cast to integer value as {port!r}")
ValueError: Port could not be cast to integer value as 'DefaultEndpointsProtocol=https;AccountName=rbchesssa;AccountKey=lG9W+utkpTNorE0rTLlfDMUZsTPleXk6pXv6NnfDTi'
[2025-02-18T16:11:02.272+0000] {base.py:84} INFO - Retrieving connection 'azure_chess_storage'
[2025-02-18T16:11:04.698+0000] {logging_mixin.py:190} INFO - /tmp/tmp3wduw6f9
[2025-02-18T16:11:07.063+0000] {logging_mixin.py:190} INFO - Successfully Transformed Data and Loaded to Azure Storage
[2025-02-18T16:11:07.064+0000] {python.py:240} INFO - Done. Returned value was: None
[2025-02-18T16:11:07.118+0000] {taskinstance.py:340} INFO - ::group::Post task execution logs
[2025-02-18T16:11:07.120+0000] {taskinstance.py:352} INFO - Marking task as SUCCESS. dag_id=pull_data_from_chess_api, task_id=transform_json_to_fact_table, run_id=scheduled__2023-10-01T00:00:00+00:00, execution_date=20231001T000000, start_date=20250218T161101, end_date=20250218T161107
[2025-02-18T16:11:07.252+0000] {local_task_job_runner.py:266} INFO - Task exited with return code 0
[2025-02-18T16:11:07.318+0000] {taskinstance.py:3900} INFO - 0 downstream tasks scheduled from follow-on schedule check
[2025-02-18T16:11:07.324+0000] {local_task_job_runner.py:245} INFO - ::endgroup::
[2025-02-18T16:40:44.302+0000] {local_task_job_runner.py:123} INFO - ::group::Pre task execution logs
[2025-02-18T16:40:44.332+0000] {taskinstance.py:2612} INFO - Dependencies all met for dep_context=non-requeueable deps ti=<TaskInstance: pull_data_from_chess_api.transform_json_to_fact_table scheduled__2023-10-01T00:00:00+00:00 [queued]>
[2025-02-18T16:40:44.346+0000] {taskinstance.py:2612} INFO - Dependencies all met for dep_context=requeueable deps ti=<TaskInstance: pull_data_from_chess_api.transform_json_to_fact_table scheduled__2023-10-01T00:00:00+00:00 [queued]>
[2025-02-18T16:40:44.347+0000] {taskinstance.py:2865} INFO - Starting attempt 1 of 2
[2025-02-18T16:40:44.369+0000] {taskinstance.py:2888} INFO - Executing <Task(PythonOperator): transform_json_to_fact_table> on 2023-10-01 00:00:00+00:00
[2025-02-18T16:40:44.379+0000] {warnings.py:112} WARNING - /home/***/.local/lib/python3.12/site-packages/***/task/task_runner/standard_task_runner.py:70: DeprecationWarning: This process (pid=3737) is multi-threaded, use of fork() may lead to deadlocks in the child.
  pid = os.fork()

[2025-02-18T16:40:44.382+0000] {standard_task_runner.py:72} INFO - Started process 3738 to run task
[2025-02-18T16:40:44.383+0000] {standard_task_runner.py:104} INFO - Running: ['***', 'tasks', 'run', 'pull_data_from_chess_api', 'transform_json_to_fact_table', 'scheduled__2023-10-01T00:00:00+00:00', '--job-id', '210', '--raw', '--subdir', 'DAGS_FOLDER/chess_dag.py', '--cfg-path', '/tmp/tmphxv18rie']
[2025-02-18T16:40:44.385+0000] {standard_task_runner.py:105} INFO - Job 210: Subtask transform_json_to_fact_table
[2025-02-18T16:40:44.459+0000] {task_command.py:467} INFO - Running <TaskInstance: pull_data_from_chess_api.transform_json_to_fact_table scheduled__2023-10-01T00:00:00+00:00 [running]> on host 4ed02a11bf8e
[2025-02-18T16:40:44.606+0000] {taskinstance.py:3131} INFO - Exporting env vars: AIRFLOW_CTX_DAG_OWNER='***' AIRFLOW_CTX_DAG_ID='pull_data_from_chess_api' AIRFLOW_CTX_TASK_ID='transform_json_to_fact_table' AIRFLOW_CTX_EXECUTION_DATE='2023-10-01T00:00:00+00:00' AIRFLOW_CTX_TRY_NUMBER='1' AIRFLOW_CTX_DAG_RUN_ID='scheduled__2023-10-01T00:00:00+00:00'
[2025-02-18T16:40:44.607+0000] {taskinstance.py:731} INFO - ::endgroup::
[2025-02-18T16:40:44.634+0000] {connection.py:531} ERROR - Unable to retrieve connection from secrets backend (EnvironmentVariablesBackend). Checking subsequent secrets backend.
Traceback (most recent call last):
  File "/home/airflow/.local/lib/python3.12/site-packages/airflow/models/connection.py", line 526, in get_connection_from_secrets
    conn = secrets_backend.get_connection(conn_id=conn_id)
           ^^^^^^^^^^^^^^^^^^^^^^^^^^^^^^^^^^^^^^^^^^^^^^^
  File "/home/airflow/.local/lib/python3.12/site-packages/airflow/secrets/base_secrets.py", line 116, in get_connection
    return self.deserialize_connection(conn_id=conn_id, value=value)
           ^^^^^^^^^^^^^^^^^^^^^^^^^^^^^^^^^^^^^^^^^^^^^^^^^^^^^^^^^
  File "/home/airflow/.local/lib/python3.12/site-packages/airflow/secrets/base_secrets.py", line 70, in deserialize_connection
    return Connection(conn_id=conn_id, uri=value)
           ^^^^^^^^^^^^^^^^^^^^^^^^^^^^^^^^^^^^^^
  File "<string>", line 4, in __init__
  File "/home/airflow/.local/lib/python3.12/site-packages/sqlalchemy/orm/state.py", line 481, in _initialize_instance
    with util.safe_reraise():
         ^^^^^^^^^^^^^^^^^^^
  File "/home/airflow/.local/lib/python3.12/site-packages/sqlalchemy/util/langhelpers.py", line 70, in __exit__
    compat.raise_(
  File "/home/airflow/.local/lib/python3.12/site-packages/sqlalchemy/util/compat.py", line 211, in raise_
    raise exception
  File "/home/airflow/.local/lib/python3.12/site-packages/sqlalchemy/orm/state.py", line 479, in _initialize_instance
    return manager.original_init(*mixed[1:], **kwargs)
           ^^^^^^^^^^^^^^^^^^^^^^^^^^^^^^^^^^^^^^^^^^^
  File "/home/airflow/.local/lib/python3.12/site-packages/airflow/models/connection.py", line 169, in __init__
    self._parse_from_uri(uri)
  File "/home/airflow/.local/lib/python3.12/site-packages/airflow/models/connection.py", line 257, in _parse_from_uri
    self.port = uri_parts.port
                ^^^^^^^^^^^^^^
  File "/usr/local/lib/python3.12/urllib/parse.py", line 182, in port
    raise ValueError(f"Port could not be cast to integer value as {port!r}")
ValueError: Port could not be cast to integer value as 'DefaultEndpointsProtocol=https;AccountName=rbchesssa;AccountKey=lG9W+utkpTNorE0rTLlfDMUZsTPleXk6pXv6NnfDTi'
[2025-02-18T16:40:44.652+0000] {base.py:84} INFO - Retrieving connection 'azure_chess_storage'
[2025-02-18T16:40:46.707+0000] {logging_mixin.py:190} INFO - /tmp/tmpdj51mw8r
[2025-02-18T16:40:48.790+0000] {logging_mixin.py:190} INFO - Successfully Transformed Data and Loaded to Azure Storage as silver/fact-2023-10-games.csv
[2025-02-18T16:40:48.791+0000] {python.py:240} INFO - Done. Returned value was: None
[2025-02-18T16:40:48.806+0000] {taskinstance.py:340} INFO - ::group::Post task execution logs
[2025-02-18T16:40:48.807+0000] {taskinstance.py:352} INFO - Marking task as SUCCESS. dag_id=pull_data_from_chess_api, task_id=transform_json_to_fact_table, run_id=scheduled__2023-10-01T00:00:00+00:00, execution_date=20231001T000000, start_date=20250218T164044, end_date=20250218T164048
[2025-02-18T16:40:48.869+0000] {local_task_job_runner.py:266} INFO - Task exited with return code 0
[2025-02-18T16:40:48.895+0000] {taskinstance.py:3900} INFO - 0 downstream tasks scheduled from follow-on schedule check
[2025-02-18T16:40:48.897+0000] {local_task_job_runner.py:245} INFO - ::endgroup::
[2025-03-10T01:35:25.422+0000] {local_task_job_runner.py:123} INFO - ::group::Pre task execution logs
[2025-03-10T01:35:25.448+0000] {taskinstance.py:2612} INFO - Dependencies all met for dep_context=non-requeueable deps ti=<TaskInstance: pull_data_from_chess_api.transform_json_to_fact_table scheduled__2023-10-01T00:00:00+00:00 [queued]>
[2025-03-10T01:35:25.460+0000] {taskinstance.py:2612} INFO - Dependencies all met for dep_context=requeueable deps ti=<TaskInstance: pull_data_from_chess_api.transform_json_to_fact_table scheduled__2023-10-01T00:00:00+00:00 [queued]>
[2025-03-10T01:35:25.461+0000] {taskinstance.py:2865} INFO - Starting attempt 1 of 2
[2025-03-10T01:35:25.486+0000] {taskinstance.py:2888} INFO - Executing <Task(PythonOperator): transform_json_to_fact_table> on 2023-10-01 00:00:00+00:00
[2025-03-10T01:35:25.539+0000] {warnings.py:112} WARNING - /home/***/.local/lib/python3.12/site-packages/***/task/task_runner/standard_task_runner.py:70: DeprecationWarning: This process (pid=16898) is multi-threaded, use of fork() may lead to deadlocks in the child.
  pid = os.fork()

[2025-03-10T01:35:25.544+0000] {standard_task_runner.py:72} INFO - Started process 16900 to run task
[2025-03-10T01:35:25.539+0000] {standard_task_runner.py:104} INFO - Running: ['***', 'tasks', 'run', 'pull_data_from_chess_api', 'transform_json_to_fact_table', 'scheduled__2023-10-01T00:00:00+00:00', '--job-id', '515', '--raw', '--subdir', 'DAGS_FOLDER/collect_chess_data_dag.py', '--cfg-path', '/tmp/tmp0sez16pe']
[2025-03-10T01:35:25.549+0000] {standard_task_runner.py:105} INFO - Job 515: Subtask transform_json_to_fact_table
[2025-03-10T01:35:25.667+0000] {task_command.py:467} INFO - Running <TaskInstance: pull_data_from_chess_api.transform_json_to_fact_table scheduled__2023-10-01T00:00:00+00:00 [running]> on host 70b3b9cfbba0
[2025-03-10T01:35:25.811+0000] {taskinstance.py:3131} INFO - Exporting env vars: AIRFLOW_CTX_DAG_OWNER='***' AIRFLOW_CTX_DAG_ID='pull_data_from_chess_api' AIRFLOW_CTX_TASK_ID='transform_json_to_fact_table' AIRFLOW_CTX_EXECUTION_DATE='2023-10-01T00:00:00+00:00' AIRFLOW_CTX_TRY_NUMBER='1' AIRFLOW_CTX_DAG_RUN_ID='scheduled__2023-10-01T00:00:00+00:00'
[2025-03-10T01:35:25.813+0000] {taskinstance.py:731} INFO - ::endgroup::
[2025-03-10T01:35:25.862+0000] {connection.py:531} ERROR - Unable to retrieve connection from secrets backend (EnvironmentVariablesBackend). Checking subsequent secrets backend.
Traceback (most recent call last):
  File "/home/airflow/.local/lib/python3.12/site-packages/airflow/models/connection.py", line 526, in get_connection_from_secrets
    conn = secrets_backend.get_connection(conn_id=conn_id)
           ^^^^^^^^^^^^^^^^^^^^^^^^^^^^^^^^^^^^^^^^^^^^^^^
  File "/home/airflow/.local/lib/python3.12/site-packages/airflow/secrets/base_secrets.py", line 116, in get_connection
    return self.deserialize_connection(conn_id=conn_id, value=value)
           ^^^^^^^^^^^^^^^^^^^^^^^^^^^^^^^^^^^^^^^^^^^^^^^^^^^^^^^^^
  File "/home/airflow/.local/lib/python3.12/site-packages/airflow/secrets/base_secrets.py", line 70, in deserialize_connection
    return Connection(conn_id=conn_id, uri=value)
           ^^^^^^^^^^^^^^^^^^^^^^^^^^^^^^^^^^^^^^
  File "<string>", line 4, in __init__
  File "/home/airflow/.local/lib/python3.12/site-packages/sqlalchemy/orm/state.py", line 481, in _initialize_instance
    with util.safe_reraise():
         ^^^^^^^^^^^^^^^^^^^
  File "/home/airflow/.local/lib/python3.12/site-packages/sqlalchemy/util/langhelpers.py", line 70, in __exit__
    compat.raise_(
  File "/home/airflow/.local/lib/python3.12/site-packages/sqlalchemy/util/compat.py", line 211, in raise_
    raise exception
  File "/home/airflow/.local/lib/python3.12/site-packages/sqlalchemy/orm/state.py", line 479, in _initialize_instance
    return manager.original_init(*mixed[1:], **kwargs)
           ^^^^^^^^^^^^^^^^^^^^^^^^^^^^^^^^^^^^^^^^^^^
  File "/home/airflow/.local/lib/python3.12/site-packages/airflow/models/connection.py", line 169, in __init__
    self._parse_from_uri(uri)
  File "/home/airflow/.local/lib/python3.12/site-packages/airflow/models/connection.py", line 257, in _parse_from_uri
    self.port = uri_parts.port
                ^^^^^^^^^^^^^^
  File "/usr/local/lib/python3.12/urllib/parse.py", line 182, in port
    raise ValueError(f"Port could not be cast to integer value as {port!r}")
ValueError: Port could not be cast to integer value as 'DefaultEndpointsProtocol=https;AccountName=rbchesssa;AccountKey=lG9W+utkpTNorE0rTLlfDMUZsTPleXk6pXv6NnfDTi'
[2025-03-10T01:35:25.886+0000] {base.py:84} INFO - Retrieving connection 'azure_chess_storage'
[2025-03-10T01:35:27.869+0000] {logging_mixin.py:190} INFO - /tmp/tmpx0dtkuha
[2025-03-10T01:35:27.934+0000] {logging_mixin.py:190} INFO - Previewing Dataframe
[2025-03-10T01:35:27.937+0000] {logging_mixin.py:190} INFO - game_url                        object
time_control                    object
rated                             bool
time_class                      object
rules                           object
white_rating                     int64
white_result                    object
black_rating                     int64
black_result                    object
pgn_event                       object
pgn_site                        object
game_date               datetime64[us]
pgn_white_user                  object
pgn_black_user                  object
pgn_result                      object
pgn_current_position            object
pgn_timezone                    object
pgn_eco                         object
pgn_eco_url                     object
start_time                      object
end_time                        object
end_game_date           datetime64[us]
pgn_raw                         object
pgn_trans                       object
dtype: object
[2025-03-10T01:35:27.968+0000] {logging_mixin.py:190} INFO - https://www.chess.com/game/live/89925001625	300+5	True	blitz	chess	736	win	767	timeout	Live Chess	Chess.com	2023-10-01 00:00:00	Rhythmbear1	Emi8gc	1-0	8/6Q1/1p1p4/p3kr2/2Ppn2P/1P6/P5P1/6K1 b - -	UTC	C41	https://www.chess.com/openings/Philidor-Defense-Exchange-Variation-4.Nxd4	18:46:41	19:03:41	2023-10-01 00:00:00	e4 e5 Nf3 d6 d4 exd4 Nxd4 c5 Nf3 Bg4 Be2 Nf6 O-O Nxe4 Bg5 Nf6 Nc3 h6 Bf4 Be7 Re1 O-O h3 Bxf3 Bxf3 Nc6 Bh2 Qd7 Ne4 Nxe4 Bxe4 Nd4 c3 Ne6 Qd2 Bg5 f4 Bh4 Rf1 Be7 f5 Ng5 Bd5 Rab8 Rae1 b6 c4 a5 b3 Rfe8 Qc3 Bf6 Rxe8+ Rxe8 Qd3 Bd4+ Kh1 Re3 Qd2 Kh8 f6 gxf6 Bg1 Re5 Bxd4 cxd4 Rxf6 Ne4 Qxh6+ Kg8 Bxf7+ Qxf7 Rxf7 Kxf7 Qc1 Nf2+ Kg1 Ne4 Qf4+ Ke6 h4 Rf5 Qh6+ Ke5 Qg7+	1. e4 e5 2. Nf3 d6 3. d4 exd4 4. Nxd4 c5 5. Nf3 Bg4 6. Be2 Nf6 7. O-O Nxe4 8. Bg5 Nf6 9. Nc3 h6 10. Bf4 Be7 11. Re1 O-O 12. h3 Bxf3 13. Bxf3 Nc6 14. Bh2 Qd7 15. Ne4 Nxe4 16. Bxe4 Nd4 17. c3 Ne6 18. Qd2 Bg5 19. f4 Bh4 20. Rf1 Be7 21. f5 Ng5 22. Bd5 Rab8 23. Rae1 b6 24. c4 a5 25. b3 Rfe8 26. Qc3 Bf6 27. Rxe8+ Rxe8 28. Qd3 Bd4+ 29. Kh1 Re3 30. Qd2 Kh8 31. f6 gxf6 32. Bg1 Re5 33. Bxd4 cxd4 34. Rxf6 Ne4 35. Qxh6+ Kg8 36. Bxf7+ Qxf7 37. Rxf7 Kxf7 38. Qc1 Nf2+ 39. Kg1 Ne4 40. Qf4+ Ke6 41. h4 Rf5 42. Qh6+ Ke5 43. Qg7+ 
https://www.chess.com/game/live/89926254233	300+5	True	blitz	chess	812	win	730	timeout	Live Chess	Chess.com	2023-10-01 00:00:00	IronPoro	Rhythmbear1	1-0	8/2R5/6P1/p4K2/P7/1B3k2/1PP5/6r1 b - -	UTC	B01	https://www.chess.com/openings/Scandinavian-Defense-Boehnke-Gambit	19:09:44	19:26:27	2023-10-01 00:00:00	e4 d5 exd5 e6 dxe6 Bxe6 Nf3 Nc6 Bb5 Qd7 d4 O-O-O Ne5 Qxd4 Qxd4 Nxd4 Bd3 Nf6 O-O Bd6 Nc4 Bc5 Nba3 Bxc4 Nxc4 Rhe8 Bg5 Rd5 Bxf6 gxf6 Rfe1 Rxe1+ Rxe1 h5 Re8+ Kd7 Rh8 Kc6 a3 b5 Ne3 Re5 Rh7 Ne6 Rxf7 Bxe3 fxe3 Rxe3 Rxf6 Kd5 Bxb5 Re1+ Kf2 Re5 Ba4 c6 Bb3+ Kd6 Rh6 Rf5+ Kg3 Rg5+ Kh3 Ke5 Rxe6+ Kf4 g3+ Kf3 Kh4 Rc5 Rf6+ Kg2 h3 a5 a4 Re5 g4 hxg4 hxg4 Re4 Rxc6 Re8 g5 Rh8+ Kg4 Rh1 g6 Rg1 Kf5 Kf3 Rc7	1. e4 d5 2. exd5 e6 3. dxe6 Bxe6 4. Nf3 Nc6 5. Bb5 Qd7 6. d4 O-O-O 7. Ne5 Qxd4 8. Qxd4 Nxd4 9. Bd3 Nf6 10. O-O Bd6 11. Nc4 Bc5 12. Nba3 Bxc4 13. Nxc4 Rhe8 14. Bg5 Rd5 15. Bxf6 gxf6 16. Rfe1 Rxe1+ 17. Rxe1 h5 18. Re8+ Kd7 19. Rh8 Kc6 20. a3 b5 21. Ne3 Re5 22. Rh7 Ne6 23. Rxf7 Bxe3 24. fxe3 Rxe3 25. Rxf6 Kd5 26. Bxb5 Re1+ 27. Kf2 Re5 28. Ba4 c6 29. Bb3+ Kd6 30. Rh6 Rf5+ 31. Kg3 Rg5+ 32. Kh3 Ke5 33. Rxe6+ Kf4 34. g3+ Kf3 35. Kh4 Rc5 36. Rf6+ Kg2 37. h3 a5 38. a4 Re5 39. g4 hxg4 40. hxg4 Re4 41. Rxc6 Re8 42. g5 Rh8+ 43. Kg4 Rh1 44. g6 Rg1 45. Kf5 Kf3 46. Rc7 
https://www.chess.com/game/live/89927399977	300+5	True	blitz	chess	722	resigned	740	win	Live Chess	Chess.com	2023-10-01 00:00:00	Rhythmbear1	ilyassafarov	0-1	8/8/8/8/1p6/8/2pk4/K7 w - -	UTC	B00	https://www.chess.com/openings/Nimzowitsch-Defense-Scandinavian-Advance-Variation	19:26:58	19:47:55	2023-10-01 00:00:00	e4 d5 e5 Nc6 d4 e6 Bb5 Bd7 Nc3 Nb4 Bxd7+ Qxd7 Nf3 Ne7 O-O O-O-O Bg5 Re8 Re1 Nf5 Nh4 h6 Nxf5 exf5 Bh4 g5 Qh5 gxh4 Qxh4 Nxc2 Qf6 Bb4 Red1 Nxa1 Rxa1 Bxc3 bxc3 Qc6 Qxf5+ Kb8 Rc1 Qa4 Rc2 Qb5 f4 Qb1+ Kf2 Rhg8 g3 a6 Qd3 Qh1 Ke3 f6 Ke2 Qxh2+ Kd1 Qh5+ Kc1 fxe5 fxe5 Qh3 Qh7 Rxg3 Kb2 Re6 Qd7 Rxe5 Qxh3 Rxh3 dxe5 Re3 Rh2 Rxe5 Rxh6 Re2+ Kb3 Re3 Rh8+ Ka7 Rd8 c6 Kb4 Kb6 a4 a5+ Kb3 Kc5 Rh8 d4 Rh5+ Kb6 Kc4 dxc3 Rh1 c2 Rc1 Re2 Kc3 Kc5 Rxc2 Rxc2+ Kxc2 Kb4 Kd3 c5 Kc2 b6 Kb2 c4 Ka2 Kxa4 Kb2 Kb4 Kc2 a4 Kb2 a3+ Ka2 c3 Kb1 Kb3 Ka1 b5 Kb1 a2+ Ka1 Kb4 Kxa2 Kc4 Kb1 Kd3 Kc1 b4 Kb1 Kd2 Ka1 c2	1. e4 d5 2. e5 Nc6 3. d4 e6 4. Bb5 Bd7 5. Nc3 Nb4 6. Bxd7+ Qxd7 7. Nf3 Ne7 8. O-O O-O-O 9. Bg5 Re8 10. Re1 Nf5 11. Nh4 h6 12. Nxf5 exf5 13. Bh4 g5 14. Qh5 gxh4 15. Qxh4 Nxc2 16. Qf6 Bb4 17. Red1 Nxa1 18. Rxa1 Bxc3 19. bxc3 Qc6 20. Qxf5+ Kb8 21. Rc1 Qa4 22. Rc2 Qb5 23. f4 Qb1+ 24. Kf2 Rhg8 25. g3 a6 26. Qd3 Qh1 27. Ke3 f6 28. Ke2 Qxh2+ 29. Kd1 Qh5+ 30. Kc1 fxe5 31. fxe5 Qh3 32. Qh7 Rxg3 33. Kb2 Re6 34. Qd7 Rxe5 35. Qxh3 Rxh3 36. dxe5 Re3 37. Rh2 Rxe5 38. Rxh6 Re2+ 39. Kb3 Re3 40. Rh8+ Ka7 41. Rd8 c6 42. Kb4 Kb6 43. a4 a5+ 44. Kb3 Kc5 45. Rh8 d4 46. Rh5+ Kb6 47. Kc4 dxc3 48. Rh1 c2 49. Rc1 Re2 50. Kc3 Kc5 51. Rxc2 Rxc2+ 52. Kxc2 Kb4 53. Kd3 c5 54. Kc2 b6 55. Kb2 c4 56. Ka2 Kxa4 57. Kb2 Kb4 58. Kc2 a4 59. Kb2 a3+ 60. Ka2 c3 61. Kb1 Kb3 62. Ka1 b5 63. Kb1 a2+ 64. Ka1 Kb4 65. Kxa2 Kc4 66. Kb1 Kd3 67. Kc1 b4 68. Kb1 Kd2 69. Ka1 c2
https://www.chess.com/game/live/89980165143	300+5	True	blitz	chess	714	checkmated	739	win	Live Chess	Chess.com	2023-10-02 00:00:00	Rhythmbear1	Jum69	0-1	2k4r/B1p2Bp1/1p2P2p/8/2PNb3/3n4/6qP/R4RK1 w - -	UTC	C47	https://www.chess.com/openings/Four-Knights-Game-Italian-Variation	10:05:47	10:17:08	2023-10-02 00:00:00	e4 e5 Nf3 Nc6 Bc4 Nf6 Nc3 h6 d4 d5 exd5 Nb4 dxe5 Ng4 O-O Bf5 Bb3 Qe7 Re1 O-O-O Bf4 Qc5 Be3 Qe7 Bxa7 b6 Nb5 Rxd5 Bxd5 Qc5 c4 Qxf2+ Kh1 Qxb2 Bxf7 Nf2+ Kg1 Nxd1 Raxd1 Bc5+ Nbd4 Qxa2 e6 Nd3 Rf1 Be4 Ra1 Bxd4+ Nxd4 Qxg2#	1. e4 e5 2. Nf3 Nc6 3. Bc4 Nf6 4. Nc3 h6 5. d4 d5 6. exd5 Nb4 7. dxe5 Ng4 8. O-O Bf5 9. Bb3 Qe7 10. Re1 O-O-O 11. Bf4 Qc5 12. Be3 Qe7 13. Bxa7 b6 14. Nb5 Rxd5 15. Bxd5 Qc5 16. c4 Qxf2+ 17. Kh1 Qxb2 18. Bxf7 Nf2+ 19. Kg1 Nxd1 20. Raxd1 Bc5+ 21. Nbd4 Qxa2 22. e6 Nd3 23. Rf1 Be4 24. Ra1 Bxd4+ 25. Nxd4 Qxg2#
https://www.chess.com/game/live/89980791985	300+5	True	blitz	chess	724	win	706	resigned	Live Chess	Chess.com	2023-10-02 00:00:00	a86dia	Rhythmbear1	1-0	8/pp2Rp1k/2p5/5p1p/3P3P/1PP5/P4KP1/R7 b - -	UTC	C01	https://www.chess.com/openings/French-Defense-Exchange-Variation-3...exd5-4.Nf3	10:17:31	10:32:49	2023-10-02 00:00:00	e4 e6 Nf3 d5 exd5 exd5 d4 c6 Be3 Nf6 Nc3 Bg4 Bd3 Bd6 h3 Bxf3 Qxf3 O-O O-O Re8 Bf4 Qc7 Bxd6 Qxd6 Rfe1 Nbd7 Bf5 Nb6 h4 g6 Bg4 h5 Bh3 Nc4 b3 Nd2 Qd3 Nde4 Nxe4 dxe4 Qe3 Nd5 Qg5 Nf4 Bf5 Ne6 Bxe6 Qxe6 Qf4 Kh7 c3 Rad8 Qc7 Re7 Qxd8 e3 Qa5 Qg4 Qg5 exf2+ Kxf2 Qf5+ Qxf5 gxf5 Rxe7	1. e4 e6 2. Nf3 d5 3. exd5 exd5 4. d4 c6 5. Be3 Nf6 6. Nc3 Bg4 7. Bd3 Bd6 8. h3 Bxf3 9. Qxf3 O-O 10. O-O Re8 11. Bf4 Qc7 12. Bxd6 Qxd6 13. Rfe1 Nbd7 14. Bf5 Nb6 15. h4 g6 16. Bg4 h5 17. Bh3 Nc4 18. b3 Nd2 19. Qd3 Nde4 20. Nxe4 dxe4 21. Qe3 Nd5 22. Qg5 Nf4 23. Bf5 Ne6 24. Bxe6 Qxe6 25. Qf4 Kh7 26. c3 Rad8 27. Qc7 Re7 28. Qxd8 e3 29. Qa5 Qg4 30. Qg5 exf2+ 31. Kxf2 Qf5+ 32. Qxf5 gxf5 33. Rxe7 
[2025-03-10T01:35:28.581+0000] {logging_mixin.py:190} INFO - Successfully Transformed Data and Loaded to Azure Storage as silver/fact-2023-10-games.parquet
[2025-03-10T01:35:28.582+0000] {python.py:240} INFO - Done. Returned value was: None
[2025-03-10T01:35:28.600+0000] {taskinstance.py:340} INFO - ::group::Post task execution logs
[2025-03-10T01:35:28.600+0000] {taskinstance.py:352} INFO - Marking task as SUCCESS. dag_id=pull_data_from_chess_api, task_id=transform_json_to_fact_table, run_id=scheduled__2023-10-01T00:00:00+00:00, execution_date=20231001T000000, start_date=20250310T013525, end_date=20250310T013528
[2025-03-10T01:35:28.677+0000] {local_task_job_runner.py:266} INFO - Task exited with return code 0
[2025-03-10T01:35:28.729+0000] {taskinstance.py:3900} INFO - 1 downstream tasks scheduled from follow-on schedule check
[2025-03-10T01:35:28.732+0000] {local_task_job_runner.py:245} INFO - ::endgroup::
