[2025-03-31T17:53:23.712+0000] {local_task_job_runner.py:123} INFO - ::group::Pre task execution logs
[2025-03-31T17:53:23.987+0000] {taskinstance.py:2612} INFO - Dependencies all met for dep_context=non-requeueable deps ti=<TaskInstance: load_data_warehouse.load_dim_dates_dw dataset_triggered__2025-03-31T17:52:15.578753+00:00 [queued]>
[2025-03-31T17:53:24.150+0000] {taskinstance.py:2612} INFO - Dependencies all met for dep_context=requeueable deps ti=<TaskInstance: load_data_warehouse.load_dim_dates_dw dataset_triggered__2025-03-31T17:52:15.578753+00:00 [queued]>
[2025-03-31T17:53:24.160+0000] {taskinstance.py:2865} INFO - Starting attempt 1 of 2
[2025-03-31T17:53:24.450+0000] {taskinstance.py:2888} INFO - Executing <Task(PythonOperator): load_dim_dates_dw> on 2025-03-31 17:52:15.578753+00:00
[2025-03-31T17:53:24.652+0000] {warnings.py:112} WARNING - /home/***/.local/lib/python3.12/site-packages/***/task/task_runner/standard_task_runner.py:70: DeprecationWarning: This process (pid=12090) is multi-threaded, use of fork() may lead to deadlocks in the child.
  pid = os.fork()

[2025-03-31T17:53:24.676+0000] {standard_task_runner.py:72} INFO - Started process 12265 to run task
[2025-03-31T17:53:24.751+0000] {standard_task_runner.py:104} INFO - Running: ['***', 'tasks', 'run', 'load_data_warehouse', 'load_dim_dates_dw', 'dataset_triggered__2025-03-31T17:52:15.578753+00:00', '--job-id', '999', '--raw', '--subdir', 'DAGS_FOLDER/load_data_warehouse_dag.py', '--cfg-path', '/tmp/tmp1w54zt37']
[2025-03-31T17:53:24.778+0000] {standard_task_runner.py:105} INFO - Job 999: Subtask load_dim_dates_dw
[2025-03-31T17:53:25.846+0000] {task_command.py:467} INFO - Running <TaskInstance: load_data_warehouse.load_dim_dates_dw dataset_triggered__2025-03-31T17:52:15.578753+00:00 [running]> on host 3b3ac09dc50a
[2025-03-31T17:53:29.585+0000] {taskinstance.py:3131} INFO - Exporting env vars: AIRFLOW_CTX_DAG_OWNER='***' AIRFLOW_CTX_DAG_ID='load_data_warehouse' AIRFLOW_CTX_TASK_ID='load_dim_dates_dw' AIRFLOW_CTX_EXECUTION_DATE='2025-03-31T17:52:15.578753+00:00' AIRFLOW_CTX_TRY_NUMBER='1' AIRFLOW_CTX_DAG_RUN_ID='dataset_triggered__2025-03-31T17:52:15.578753+00:00'
[2025-03-31T17:53:29.683+0000] {taskinstance.py:731} INFO - ::endgroup::
[2025-03-31T17:53:34.083+0000] {logging_mixin.py:190} INFO - ✅ gold/dim_date.parquet Loaded: 266 rows, 7 columns
[2025-03-31T17:53:34.208+0000] {base.py:84} INFO - Retrieving connection 'azure_chess_dw'
[2025-03-31T17:53:34.272+0000] {base.py:84} INFO - Retrieving connection 'azure_chess_dw'
[2025-03-31T17:53:45.471+0000] {logging_mixin.py:190} INFO - Successfully Loaded gold/dim_date.parquet Data to Postgres table dim_dates
[2025-03-31T17:53:45.535+0000] {python.py:240} INFO - Done. Returned value was: None
[2025-03-31T17:53:45.629+0000] {taskinstance.py:340} INFO - ::group::Post task execution logs
[2025-03-31T17:53:45.631+0000] {taskinstance.py:352} INFO - Marking task as SUCCESS. dag_id=load_data_warehouse, task_id=load_dim_dates_dw, run_id=dataset_triggered__2025-03-31T17:52:15.578753+00:00, execution_date=20250331T175215, start_date=20250331T175323, end_date=20250331T175345
[2025-03-31T17:53:45.903+0000] {local_task_job_runner.py:266} INFO - Task exited with return code 0
[2025-03-31T17:53:45.986+0000] {local_task_job_runner.py:245} INFO - ::endgroup::
