[2025-03-07T12:27:32.141+0000] {local_task_job_runner.py:123} INFO - ::group::Pre task execution logs
[2025-03-07T12:27:32.162+0000] {taskinstance.py:2612} INFO - Dependencies all met for dep_context=non-requeueable deps ti=<TaskInstance: pull_data_from_chess_api.load_to_gold_layer scheduled__2024-09-01T00:00:00+00:00 [queued]>
[2025-03-07T12:27:32.172+0000] {taskinstance.py:2612} INFO - Dependencies all met for dep_context=requeueable deps ti=<TaskInstance: pull_data_from_chess_api.load_to_gold_layer scheduled__2024-09-01T00:00:00+00:00 [queued]>
[2025-03-07T12:27:32.172+0000] {taskinstance.py:2865} INFO - Starting attempt 1 of 2
[2025-03-07T12:27:32.190+0000] {taskinstance.py:2888} INFO - Executing <Task(PythonOperator): load_to_gold_layer> on 2024-09-01 00:00:00+00:00
[2025-03-07T12:27:32.201+0000] {warnings.py:112} WARNING - /home/***/.local/lib/python3.12/site-packages/***/task/task_runner/standard_task_runner.py:70: DeprecationWarning: This process (pid=8326) is multi-threaded, use of fork() may lead to deadlocks in the child.
  pid = os.fork()

[2025-03-07T12:27:32.203+0000] {standard_task_runner.py:72} INFO - Started process 8327 to run task
[2025-03-07T12:27:32.204+0000] {standard_task_runner.py:104} INFO - Running: ['***', 'tasks', 'run', 'pull_data_from_chess_api', 'load_to_gold_layer', 'scheduled__2024-09-01T00:00:00+00:00', '--job-id', '353', '--raw', '--subdir', 'DAGS_FOLDER/collect_chess_data_dag.py', '--cfg-path', '/tmp/tmp100rc8yt']
[2025-03-07T12:27:32.206+0000] {standard_task_runner.py:105} INFO - Job 353: Subtask load_to_gold_layer
[2025-03-07T12:27:32.263+0000] {task_command.py:467} INFO - Running <TaskInstance: pull_data_from_chess_api.load_to_gold_layer scheduled__2024-09-01T00:00:00+00:00 [running]> on host ebc50e07c8a4
[2025-03-07T12:27:32.356+0000] {taskinstance.py:3131} INFO - Exporting env vars: AIRFLOW_CTX_DAG_OWNER='***' AIRFLOW_CTX_DAG_ID='pull_data_from_chess_api' AIRFLOW_CTX_TASK_ID='load_to_gold_layer' AIRFLOW_CTX_EXECUTION_DATE='2024-09-01T00:00:00+00:00' AIRFLOW_CTX_TRY_NUMBER='1' AIRFLOW_CTX_DAG_RUN_ID='scheduled__2024-09-01T00:00:00+00:00'
[2025-03-07T12:27:32.357+0000] {taskinstance.py:731} INFO - ::endgroup::
[2025-03-07T12:27:32.377+0000] {logging_mixin.py:190} INFO - Execution Date: 2024-09-01
[2025-03-07T12:27:32.380+0000] {connection.py:531} ERROR - Unable to retrieve connection from secrets backend (EnvironmentVariablesBackend). Checking subsequent secrets backend.
Traceback (most recent call last):
  File "/home/airflow/.local/lib/python3.12/site-packages/airflow/models/connection.py", line 526, in get_connection_from_secrets
    conn = secrets_backend.get_connection(conn_id=conn_id)
           ^^^^^^^^^^^^^^^^^^^^^^^^^^^^^^^^^^^^^^^^^^^^^^^
  File "/home/airflow/.local/lib/python3.12/site-packages/airflow/secrets/base_secrets.py", line 116, in get_connection
    return self.deserialize_connection(conn_id=conn_id, value=value)
           ^^^^^^^^^^^^^^^^^^^^^^^^^^^^^^^^^^^^^^^^^^^^^^^^^^^^^^^^^
  File "/home/airflow/.local/lib/python3.12/site-packages/airflow/secrets/base_secrets.py", line 70, in deserialize_connection
    return Connection(conn_id=conn_id, uri=value)
           ^^^^^^^^^^^^^^^^^^^^^^^^^^^^^^^^^^^^^^
  File "<string>", line 4, in __init__
  File "/home/airflow/.local/lib/python3.12/site-packages/sqlalchemy/orm/state.py", line 481, in _initialize_instance
    with util.safe_reraise():
         ^^^^^^^^^^^^^^^^^^^
  File "/home/airflow/.local/lib/python3.12/site-packages/sqlalchemy/util/langhelpers.py", line 70, in __exit__
    compat.raise_(
  File "/home/airflow/.local/lib/python3.12/site-packages/sqlalchemy/util/compat.py", line 211, in raise_
    raise exception
  File "/home/airflow/.local/lib/python3.12/site-packages/sqlalchemy/orm/state.py", line 479, in _initialize_instance
    return manager.original_init(*mixed[1:], **kwargs)
           ^^^^^^^^^^^^^^^^^^^^^^^^^^^^^^^^^^^^^^^^^^^
  File "/home/airflow/.local/lib/python3.12/site-packages/airflow/models/connection.py", line 169, in __init__
    self._parse_from_uri(uri)
  File "/home/airflow/.local/lib/python3.12/site-packages/airflow/models/connection.py", line 257, in _parse_from_uri
    self.port = uri_parts.port
                ^^^^^^^^^^^^^^
  File "/usr/local/lib/python3.12/urllib/parse.py", line 182, in port
    raise ValueError(f"Port could not be cast to integer value as {port!r}")
ValueError: Port could not be cast to integer value as 'DefaultEndpointsProtocol=https;AccountName=rbchesssa;AccountKey=lG9W+utkpTNorE0rTLlfDMUZsTPleXk6pXv6NnfDTi'
[2025-03-07T12:27:32.393+0000] {base.py:84} INFO - Retrieving connection 'azure_chess_storage'
[2025-03-07T12:27:35.569+0000] {taskinstance.py:3310} ERROR - Task failed with exception
Traceback (most recent call last):
  File "/home/airflow/.local/lib/python3.12/site-packages/airflow/models/taskinstance.py", line 767, in _execute_task
    result = _execute_callable(context=context, **execute_callable_kwargs)
             ^^^^^^^^^^^^^^^^^^^^^^^^^^^^^^^^^^^^^^^^^^^^^^^^^^^^^^^^^^^^^
  File "/home/airflow/.local/lib/python3.12/site-packages/airflow/models/taskinstance.py", line 733, in _execute_callable
    return ExecutionCallableRunner(
           ^^^^^^^^^^^^^^^^^^^^^^^^
  File "/home/airflow/.local/lib/python3.12/site-packages/airflow/utils/operator_helpers.py", line 252, in run
    return self.func(*args, **kwargs)
           ^^^^^^^^^^^^^^^^^^^^^^^^^^
  File "/home/airflow/.local/lib/python3.12/site-packages/airflow/models/baseoperator.py", line 406, in wrapper
    return func(self, *args, **kwargs)
           ^^^^^^^^^^^^^^^^^^^^^^^^^^^
  File "/home/airflow/.local/lib/python3.12/site-packages/airflow/operators/python.py", line 238, in execute
    return_value = self.execute_callable()
                   ^^^^^^^^^^^^^^^^^^^^^^^
  File "/home/airflow/.local/lib/python3.12/site-packages/airflow/operators/python.py", line 256, in execute_callable
    return runner.run(*self.op_args, **self.op_kwargs)
           ^^^^^^^^^^^^^^^^^^^^^^^^^^^^^^^^^^^^^^^^^^^
  File "/home/airflow/.local/lib/python3.12/site-packages/airflow/utils/operator_helpers.py", line 252, in run
    return self.func(*args, **kwargs)
           ^^^^^^^^^^^^^^^^^^^^^^^^^^
  File "/opt/airflow/dags/scripts/python_scripts.py", line 186, in load_to_gold_layer
    """).fetchdf()
        ^^^^^^^^^
duckdb.duckdb.NotImplementedException: Not implemented Error: Unsupported type "TIME WITH TIME ZONE"
[2025-03-07T12:27:35.587+0000] {taskinstance.py:1225} INFO - Marking task as UP_FOR_RETRY. dag_id=pull_data_from_chess_api, task_id=load_to_gold_layer, run_id=scheduled__2024-09-01T00:00:00+00:00, execution_date=20240901T000000, start_date=20250307T122732, end_date=20250307T122735
[2025-03-07T12:27:35.608+0000] {taskinstance.py:340} INFO - ::group::Post task execution logs
[2025-03-07T12:27:35.609+0000] {standard_task_runner.py:124} ERROR - Failed to execute job 353 for task load_to_gold_layer (Not implemented Error: Unsupported type "TIME WITH TIME ZONE"; 8327)
Traceback (most recent call last):
  File "/home/airflow/.local/lib/python3.12/site-packages/airflow/task/task_runner/standard_task_runner.py", line 117, in _start_by_fork
    ret = args.func(args, dag=self.dag)
          ^^^^^^^^^^^^^^^^^^^^^^^^^^^^^
  File "/home/airflow/.local/lib/python3.12/site-packages/airflow/cli/cli_config.py", line 49, in command
    return func(*args, **kwargs)
           ^^^^^^^^^^^^^^^^^^^^^
  File "/home/airflow/.local/lib/python3.12/site-packages/airflow/utils/cli.py", line 115, in wrapper
    return f(*args, **kwargs)
           ^^^^^^^^^^^^^^^^^^
  File "/home/airflow/.local/lib/python3.12/site-packages/airflow/cli/commands/task_command.py", line 483, in task_run
    task_return_code = _run_task_by_selected_method(args, _dag, ti)
                       ^^^^^^^^^^^^^^^^^^^^^^^^^^^^^^^^^^^^^^^^^^^^
  File "/home/airflow/.local/lib/python3.12/site-packages/airflow/cli/commands/task_command.py", line 256, in _run_task_by_selected_method
    return _run_raw_task(args, ti)
           ^^^^^^^^^^^^^^^^^^^^^^^
  File "/home/airflow/.local/lib/python3.12/site-packages/airflow/cli/commands/task_command.py", line 341, in _run_raw_task
    return ti._run_raw_task(
           ^^^^^^^^^^^^^^^^^
  File "/home/airflow/.local/lib/python3.12/site-packages/airflow/utils/session.py", line 97, in wrapper
    return func(*args, session=session, **kwargs)
           ^^^^^^^^^^^^^^^^^^^^^^^^^^^^^^^^^^^^^^
  File "/home/airflow/.local/lib/python3.12/site-packages/airflow/models/taskinstance.py", line 3004, in _run_raw_task
    return _run_raw_task(
           ^^^^^^^^^^^^^^
  File "/home/airflow/.local/lib/python3.12/site-packages/airflow/models/taskinstance.py", line 273, in _run_raw_task
    TaskInstance._execute_task_with_callbacks(
  File "/home/airflow/.local/lib/python3.12/site-packages/airflow/models/taskinstance.py", line 3158, in _execute_task_with_callbacks
    result = self._execute_task(context, task_orig)
             ^^^^^^^^^^^^^^^^^^^^^^^^^^^^^^^^^^^^^^
  File "/home/airflow/.local/lib/python3.12/site-packages/airflow/models/taskinstance.py", line 3182, in _execute_task
    return _execute_task(self, context, task_orig)
           ^^^^^^^^^^^^^^^^^^^^^^^^^^^^^^^^^^^^^^^
  File "/home/airflow/.local/lib/python3.12/site-packages/airflow/models/taskinstance.py", line 767, in _execute_task
    result = _execute_callable(context=context, **execute_callable_kwargs)
             ^^^^^^^^^^^^^^^^^^^^^^^^^^^^^^^^^^^^^^^^^^^^^^^^^^^^^^^^^^^^^
  File "/home/airflow/.local/lib/python3.12/site-packages/airflow/models/taskinstance.py", line 733, in _execute_callable
    return ExecutionCallableRunner(
           ^^^^^^^^^^^^^^^^^^^^^^^^
  File "/home/airflow/.local/lib/python3.12/site-packages/airflow/utils/operator_helpers.py", line 252, in run
    return self.func(*args, **kwargs)
           ^^^^^^^^^^^^^^^^^^^^^^^^^^
  File "/home/airflow/.local/lib/python3.12/site-packages/airflow/models/baseoperator.py", line 406, in wrapper
    return func(self, *args, **kwargs)
           ^^^^^^^^^^^^^^^^^^^^^^^^^^^
  File "/home/airflow/.local/lib/python3.12/site-packages/airflow/operators/python.py", line 238, in execute
    return_value = self.execute_callable()
                   ^^^^^^^^^^^^^^^^^^^^^^^
  File "/home/airflow/.local/lib/python3.12/site-packages/airflow/operators/python.py", line 256, in execute_callable
    return runner.run(*self.op_args, **self.op_kwargs)
           ^^^^^^^^^^^^^^^^^^^^^^^^^^^^^^^^^^^^^^^^^^^
  File "/home/airflow/.local/lib/python3.12/site-packages/airflow/utils/operator_helpers.py", line 252, in run
    return self.func(*args, **kwargs)
           ^^^^^^^^^^^^^^^^^^^^^^^^^^
  File "/opt/airflow/dags/scripts/python_scripts.py", line 186, in load_to_gold_layer
    """).fetchdf()
        ^^^^^^^^^
duckdb.duckdb.NotImplementedException: Not implemented Error: Unsupported type "TIME WITH TIME ZONE"
[2025-03-07T12:27:35.640+0000] {local_task_job_runner.py:266} INFO - Task exited with return code 1
[2025-03-07T12:27:35.668+0000] {taskinstance.py:3900} INFO - 0 downstream tasks scheduled from follow-on schedule check
[2025-03-07T12:27:35.671+0000] {local_task_job_runner.py:245} INFO - ::endgroup::
[2025-03-10T01:39:43.531+0000] {local_task_job_runner.py:123} INFO - ::group::Pre task execution logs
[2025-03-10T01:39:43.548+0000] {taskinstance.py:2612} INFO - Dependencies all met for dep_context=non-requeueable deps ti=<TaskInstance: pull_data_from_chess_api.load_to_gold_layer scheduled__2024-09-01T00:00:00+00:00 [queued]>
[2025-03-10T01:39:43.556+0000] {taskinstance.py:2612} INFO - Dependencies all met for dep_context=requeueable deps ti=<TaskInstance: pull_data_from_chess_api.load_to_gold_layer scheduled__2024-09-01T00:00:00+00:00 [queued]>
[2025-03-10T01:39:43.556+0000] {taskinstance.py:2865} INFO - Starting attempt 1 of 2
[2025-03-10T01:39:43.569+0000] {taskinstance.py:2888} INFO - Executing <Task(PythonOperator): load_to_gold_layer> on 2024-09-01 00:00:00+00:00
[2025-03-10T01:39:43.576+0000] {warnings.py:112} WARNING - /home/***/.local/lib/python3.12/site-packages/***/task/task_runner/standard_task_runner.py:70: DeprecationWarning: This process (pid=17529) is multi-threaded, use of fork() may lead to deadlocks in the child.
  pid = os.fork()

[2025-03-10T01:39:43.577+0000] {standard_task_runner.py:72} INFO - Started process 17531 to run task
[2025-03-10T01:39:43.578+0000] {standard_task_runner.py:104} INFO - Running: ['***', 'tasks', 'run', 'pull_data_from_chess_api', 'load_to_gold_layer', 'scheduled__2024-09-01T00:00:00+00:00', '--job-id', '549', '--raw', '--subdir', 'DAGS_FOLDER/collect_chess_data_dag.py', '--cfg-path', '/tmp/tmpr5gd0geu']
[2025-03-10T01:39:43.581+0000] {standard_task_runner.py:105} INFO - Job 549: Subtask load_to_gold_layer
[2025-03-10T01:39:43.627+0000] {task_command.py:467} INFO - Running <TaskInstance: pull_data_from_chess_api.load_to_gold_layer scheduled__2024-09-01T00:00:00+00:00 [running]> on host 70b3b9cfbba0
[2025-03-10T01:39:43.716+0000] {taskinstance.py:3131} INFO - Exporting env vars: AIRFLOW_CTX_DAG_OWNER='***' AIRFLOW_CTX_DAG_ID='pull_data_from_chess_api' AIRFLOW_CTX_TASK_ID='load_to_gold_layer' AIRFLOW_CTX_EXECUTION_DATE='2024-09-01T00:00:00+00:00' AIRFLOW_CTX_TRY_NUMBER='1' AIRFLOW_CTX_DAG_RUN_ID='scheduled__2024-09-01T00:00:00+00:00'
[2025-03-10T01:39:43.717+0000] {taskinstance.py:731} INFO - ::endgroup::
[2025-03-10T01:39:43.731+0000] {logging_mixin.py:190} INFO - Execution Date: 2024-09-01
[2025-03-10T01:39:43.733+0000] {connection.py:531} ERROR - Unable to retrieve connection from secrets backend (EnvironmentVariablesBackend). Checking subsequent secrets backend.
Traceback (most recent call last):
  File "/home/airflow/.local/lib/python3.12/site-packages/airflow/models/connection.py", line 526, in get_connection_from_secrets
    conn = secrets_backend.get_connection(conn_id=conn_id)
           ^^^^^^^^^^^^^^^^^^^^^^^^^^^^^^^^^^^^^^^^^^^^^^^
  File "/home/airflow/.local/lib/python3.12/site-packages/airflow/secrets/base_secrets.py", line 116, in get_connection
    return self.deserialize_connection(conn_id=conn_id, value=value)
           ^^^^^^^^^^^^^^^^^^^^^^^^^^^^^^^^^^^^^^^^^^^^^^^^^^^^^^^^^
  File "/home/airflow/.local/lib/python3.12/site-packages/airflow/secrets/base_secrets.py", line 70, in deserialize_connection
    return Connection(conn_id=conn_id, uri=value)
           ^^^^^^^^^^^^^^^^^^^^^^^^^^^^^^^^^^^^^^
  File "<string>", line 4, in __init__
  File "/home/airflow/.local/lib/python3.12/site-packages/sqlalchemy/orm/state.py", line 481, in _initialize_instance
    with util.safe_reraise():
         ^^^^^^^^^^^^^^^^^^^
  File "/home/airflow/.local/lib/python3.12/site-packages/sqlalchemy/util/langhelpers.py", line 70, in __exit__
    compat.raise_(
  File "/home/airflow/.local/lib/python3.12/site-packages/sqlalchemy/util/compat.py", line 211, in raise_
    raise exception
  File "/home/airflow/.local/lib/python3.12/site-packages/sqlalchemy/orm/state.py", line 479, in _initialize_instance
    return manager.original_init(*mixed[1:], **kwargs)
           ^^^^^^^^^^^^^^^^^^^^^^^^^^^^^^^^^^^^^^^^^^^
  File "/home/airflow/.local/lib/python3.12/site-packages/airflow/models/connection.py", line 169, in __init__
    self._parse_from_uri(uri)
  File "/home/airflow/.local/lib/python3.12/site-packages/airflow/models/connection.py", line 257, in _parse_from_uri
    self.port = uri_parts.port
                ^^^^^^^^^^^^^^
  File "/usr/local/lib/python3.12/urllib/parse.py", line 182, in port
    raise ValueError(f"Port could not be cast to integer value as {port!r}")
ValueError: Port could not be cast to integer value as 'DefaultEndpointsProtocol=https;AccountName=rbchesssa;AccountKey=lG9W+utkpTNorE0rTLlfDMUZsTPleXk6pXv6NnfDTi'
[2025-03-10T01:39:43.744+0000] {base.py:84} INFO - Retrieving connection 'azure_chess_storage'
[2025-03-10T01:39:45.266+0000] {logging_mixin.py:190} INFO - Previewing Dataframe
[2025-03-10T01:39:45.268+0000] {logging_mixin.py:190} INFO - game_url                        object
time_control                    object
rated                             bool
time_class                      object
rules                           object
white_rating                     int64
white_result                    object
black_rating                     int64
black_result                    object
pgn_event                       object
pgn_site                        object
game_date               datetime64[us]
pgn_white_user                  object
pgn_black_user                  object
pgn_result                      object
pgn_current_position            object
pgn_timezone                    object
pgn_eco                         object
pgn_eco_url                     object
start_time              datetime64[ns]
end_time                datetime64[ns]
end_game_date           datetime64[us]
pgn_raw                         object
pgn_trans                       object
last_updated                    object
dtype: object
[2025-03-10T01:39:45.286+0000] {logging_mixin.py:190} INFO - https://www.chess.com/game/live/118924245425	600	True	rapid	chess	1265	timeout	1319	win	Live Chess	Chess.com	2024-09-01 00:00:00	lowesmagnates	Rhythmbear1	0-1	3r2k1/pQ3pp1/5bp1/8/P1N5/1P5P/5PP1/4q1K1 w - -	UTC	D41	https://www.chess.com/openings/Queens-Gambit-Declined-Semi-Tarrasch-Main-Line-Pillsbury-Variation-6...Nc6	2024-09-01 10:11:48	2024-09-01 10:30:30	2024-09-01 00:00:00	Nf3 e6 d4 d5 c4 c5 Nc3 Nc6 e3 Nf6 cxd5 Nxd5 Nxd5 exd5 Bb5 Qa5+ Bd2 Qxb5 a4 Qb6 O-O Bd6 b3 O-O Re1 cxd4 e4 dxe4 Rxe4 Bf5 Rh4 Bg6 Bf4 Bc5 Rc1 Rad8 Nd2 d3 Bg3 Be7 Nc4 Qa6 Rg4 Nb4 Rc3 Bf6 Be5 Nd5 Rxd3 Bxe5 Rxd5 Rxd5 Qxd5 Bf6 h3 Rd8 Qf3 Qe6 Rxg6 hxg6 Qxb7 Qe1+	1. Nf3 e6 2. d4 d5 3. c4 c5 4. Nc3 Nc6 5. e3 Nf6 6. cxd5 Nxd5 7. Nxd5 exd5 8. Bb5 Qa5+ 9. Bd2 Qxb5 10. a4 Qb6 11. O-O Bd6 12. b3 O-O 13. Re1 cxd4 14. e4 dxe4 15. Rxe4 Bf5 16. Rh4 Bg6 17. Bf4 Bc5 18. Rc1 Rad8 19. Nd2 d3 20. Bg3 Be7 21. Nc4 Qa6 22. Rg4 Nb4 23. Rc3 Bf6 24. Be5 Nd5 25. Rxd3 Bxe5 26. Rxd5 Rxd5 27. Qxd5 Bf6 28. h3 Rd8 29. Qf3 Qe6 30. Rxg6 hxg6 31. Qxb7 Qe1+	2024-09-01
https://www.chess.com/game/live/118925435239	600	True	rapid	chess	1315	win	1311	checkmated	Live Chess	Chess.com	2024-09-01 00:00:00	supermen1250	Rhythmbear1	1-0	8/8/4p3/3p2p1/2q3k1/6BQ/6PK/R7 b - -	UTC	C02	https://www.chess.com/openings/French-Defense-Advance-Nimzowitsch-System-4...Nc6	2024-09-01 10:30:36	2024-09-01 10:44:23	2024-09-01 00:00:00	e4 e6 d4 d5 Nf3 c5 e5 Nc6 Bb5 Bd7 O-O Nxe5 Nxe5 Bxb5 Re1 Nf6 Bg5 Be7 dxc5 Bxc5 Nc3 O-O Nxb5 Qb6 Nc3 Bxf2+ Kf1 Bxe1 Qxe1 Qa6+ Kg1 Qb6+ Kh1 Ne8 Nd7 Qxb2 Nxf8 Kxf8 Na4 Qxc2 Qb4+ Kg8 h4 b6 Rc1 Qxa2 Nc3 Qf2 Nd1 Qf1+ Kh2 f6 Bf4 a5 Qd4 Qe1 Bg3 Qe2 Qxb6 a4 Qc6 Qa6 Qd7 Kf8 Nc3 a3 Nb5 Qa4 Ra1 Ra7 Qxa7 Qxb5 Qxa3+ Kf7 Qa7+ Kg6 h5+ Kxh5 Qf7+ Kh6 Bf4+ g5 Bg3 Ng7 Qxf6+ Kh5 Qxg7 Qc4 Qxh7+ Kg4 Qh3#	1. e4 e6 2. d4 d5 3. Nf3 c5 4. e5 Nc6 5. Bb5 Bd7 6. O-O Nxe5 7. Nxe5 Bxb5 8. Re1 Nf6 9. Bg5 Be7 10. dxc5 Bxc5 11. Nc3 O-O 12. Nxb5 Qb6 13. Nc3 Bxf2+ 14. Kf1 Bxe1 15. Qxe1 Qa6+ 16. Kg1 Qb6+ 17. Kh1 Ne8 18. Nd7 Qxb2 19. Nxf8 Kxf8 20. Na4 Qxc2 21. Qb4+ Kg8 22. h4 b6 23. Rc1 Qxa2 24. Nc3 Qf2 25. Nd1 Qf1+ 26. Kh2 f6 27. Bf4 a5 28. Qd4 Qe1 29. Bg3 Qe2 30. Qxb6 a4 31. Qc6 Qa6 32. Qd7 Kf8 33. Nc3 a3 34. Nb5 Qa4 35. Ra1 Ra7 36. Qxa7 Qxb5 37. Qxa3+ Kf7 38. Qa7+ Kg6 39. h5+ Kxh5 40. Qf7+ Kh6 41. Bf4+ g5 42. Bg3 Ng7 43. Qxf6+ Kh5 44. Qxg7 Qc4 45. Qxh7+ Kg4 46. Qh3# 	2024-09-01
https://www.chess.com/game/live/118926578053	600	True	rapid	chess	1302	timeout	1281	win	Live Chess	Chess.com	2024-09-01 00:00:00	Rhythmbear1	markwyatt51	0-1	5r1k/p7/1pQ2q1p/8/8/1B1n3P/PP4P1/6K1 w - -	UTC	C41	https://www.chess.com/openings/Philidor-Defense-Exchange-Morphy-Gambit	2024-09-01 10:44:29	2024-09-01 11:04:41	2024-09-01 00:00:00	e4 e5 Nf3 d6 d4 exd4 Bc4 h6 O-O Nc6 Re1 Be7 e5 dxe5 Nxe5 Nxe5 Rxe5 Nf6 Qf3 O-O Nd2 Bd6 Re1 Ng4 h3 Nf6 Nb3 Rb8 Bd2 b6 Qd1 c5 c3 Nh7 cxd4 cxd4 Nxd4 Bh2+ Kxh2 Qxd4 Bb3 Be6 Rxe6 fxe6 Bxe6+ Kh8 Bb3 Qxf2 Bc3 Rbd8 Qh5 Nf6 Qg6 Qf4+ Kg1 Qg5 Qc2 Nh5 Qe4 Rfe8 Qf3 Rf8 Qe4 Rde8 Qb7 Ra8 Rd1 Nf4 Bxg7+ Qxg7 Qf3 Ng6 Qd3 Nf4 Qf3 Rad8 Rf1 Nd3 Qc6 Rxf1+ Kxf1 Rf8+ Kg1 Qf6	1. e4 e5 2. Nf3 d6 3. d4 exd4 4. Bc4 h6 5. O-O Nc6 6. Re1 Be7 7. e5 dxe5 8. Nxe5 Nxe5 9. Rxe5 Nf6 10. Qf3 O-O 11. Nd2 Bd6 12. Re1 Ng4 13. h3 Nf6 14. Nb3 Rb8 15. Bd2 b6 16. Qd1 c5 17. c3 Nh7 18. cxd4 cxd4 19. Nxd4 Bh2+ 20. Kxh2 Qxd4 21. Bb3 Be6 22. Rxe6 fxe6 23. Bxe6+ Kh8 24. Bb3 Qxf2 25. Bc3 Rbd8 26. Qh5 Nf6 27. Qg6 Qf4+ 28. Kg1 Qg5 29. Qc2 Nh5 30. Qe4 Rfe8 31. Qf3 Rf8 32. Qe4 Rde8 33. Qb7 Ra8 34. Rd1 Nf4 35. Bxg7+ Qxg7 36. Qf3 Ng6 37. Qd3 Nf4 38. Qf3 Rad8 39. Rf1 Nd3 40. Qc6 Rxf1+ 41. Kxf1 Rf8+ 42. Kg1 Qf6	2024-09-01
https://www.chess.com/game/live/118927782123	600	True	rapid	chess	1293	abandoned	1270	win	Live Chess	Chess.com	2024-09-01 00:00:00	Rhythmbear1	eugenebalbes	0-1	4r3/ppp3pk/7p/1P6/P5R1/7P/6PK/4qr2 w - -	UTC	C55	https://www.chess.com/openings/Italian-Game-Anti-Fried-Liver-Defense	2024-09-01 11:04:52	2024-09-01 11:19:49	2024-09-01 00:00:00	e4 e5 Nf3 Nc6 Bc4 h6 d4 exd4 O-O Bc5 c3 dxc3 Bxf7+ Kxf7 Qd5+ Kg6 Qxc5 d6 Qxc3 Nge7 e5 Nxe5 Nxe5+ dxe5 Qxe5 Kh7 Nc3 Ng6 Be3 Nxe5 Rad1 Qf6 f4 Ng4 Bd4 Qh4 h3 Nf6 Kh2 Ng4+ Kg1 Nf6 Kh2 Bf5 Rf3 Be4 Rg3 Qxf4 Nxe4 Nxe4 Rd3 Nxg3 Rxg3 Qxd4 b3 Rae8 Rg4 Qd1 b4 Rhf8 a4 Qe1 b5 Rf1	1. e4 e5 2. Nf3 Nc6 3. Bc4 h6 4. d4 exd4 5. O-O Bc5 6. c3 dxc3 7. Bxf7+ Kxf7 8. Qd5+ Kg6 9. Qxc5 d6 10. Qxc3 Nge7 11. e5 Nxe5 12. Nxe5+ dxe5 13. Qxe5 Kh7 14. Nc3 Ng6 15. Be3 Nxe5 16. Rad1 Qf6 17. f4 Ng4 18. Bd4 Qh4 19. h3 Nf6 20. Kh2 Ng4+ 21. Kg1 Nf6 22. Kh2 Bf5 23. Rf3 Be4 24. Rg3 Qxf4 25. Nxe4 Nxe4 26. Rd3 Nxg3 27. Rxg3 Qxd4 28. b3 Rae8 29. Rg4 Qd1 30. b4 Rhf8 31. a4 Qe1 32. b5 Rf1	2024-09-01
https://www.chess.com/game/live/118938004365	600	True	rapid	chess	1298	win	1285	abandoned	Live Chess	Chess.com	2024-09-01 00:00:00	Abdelrhmany6	Rhythmbear1	1-0	3Q3k/1p3qpp/p7/3p4/8/7P/PP3PP1/3R2K1 b - -	UTC	C02	https://www.chess.com/openings/French-Defense-Advance-Paulsen-Euwe-Variation	2024-09-01 13:56:31	2024-09-01 14:08:18	2024-09-01 00:00:00	e4 e6 d4 d5 e5 c5 c3 Nc6 Nf3 Bd7 Bb5 Nxe5 Bxd7+ Nxd7 Bf4 Ngf6 O-O Be7 h3 O-O Nbd2 cxd4 cxd4 Rc8 Qb3 Nb6 Ne5 Nfd7 Qg3 Nxe5 dxe5 Kh8 Nf3 f6 exf6 Bxf6 Bd6 Rf7 Ne5 Bxe5 Bxe5 Nc4 Bd4 a6 Rfe1 Nd6 Rxe6 Nf5 Qg4 Nxd4 Qxd4 Qd7 Re5 Rd8 Rd1 Rf5 Rxf5 Qxf5 Qb6 Qf7 Qxd8+	1. e4 e6 2. d4 d5 3. e5 c5 4. c3 Nc6 5. Nf3 Bd7 6. Bb5 Nxe5 7. Bxd7+ Nxd7 8. Bf4 Ngf6 9. O-O Be7 10. h3 O-O 11. Nbd2 cxd4 12. cxd4 Rc8 13. Qb3 Nb6 14. Ne5 Nfd7 15. Qg3 Nxe5 16. dxe5 Kh8 17. Nf3 f6 18. exf6 Bxf6 19. Bd6 Rf7 20. Ne5 Bxe5 21. Bxe5 Nc4 22. Bd4 a6 23. Rfe1 Nd6 24. Rxe6 Nf5 25. Qg4 Nxd4 26. Qxd4 Qd7 27. Re5 Rd8 28. Rd1 Rf5 29. Rxf5 Qxf5 30. Qb6 Qf7 31. Qxd8+ 	2024-09-01
[2025-03-10T01:39:47.058+0000] {logging_mixin.py:190} INFO - Previewing Dataframe
[2025-03-10T01:39:47.059+0000] {logging_mixin.py:190} INFO - game_url                        object
time_control                    object
rated                             bool
time_class                      object
rules                           object
white_rating                     int64
white_result                    object
black_rating                     int64
black_result                    object
pgn_event                       object
pgn_site                        object
game_date               datetime64[us]
pgn_white_user                  object
pgn_black_user                  object
pgn_result                      object
pgn_current_position            object
pgn_timezone                    object
pgn_eco                         object
pgn_eco_url                     object
start_time              datetime64[ns]
end_time                datetime64[ns]
end_game_date           datetime64[us]
pgn_raw                         object
pgn_trans                       object
last_updated            datetime64[us]
dtype: object
[2025-03-10T01:39:47.081+0000] {logging_mixin.py:190} INFO - https://www.chess.com/game/live/100458887921	120+1	True	bullet	chess	574	timeout	745	win	Live Chess	Chess.com	2024-01-31 00:00:00	Rhythmbear1	hussein12n	0-1	4r1k1/pppb1p1p/6p1/8/8/B1P3P1/P1P2P1P/6K1 w - -	UTC	B08	https://www.chess.com/openings/Pirc-Defense-Classical-Quiet-System-5...O-O-6.O-O	2024-01-31 16:53:24	2024-01-31 16:56:40	2024-01-31 00:00:00	e4 g6 Nf3 d6 d4 Nf6 Nc3 Bg7 Be2 O-O O-O Re8 Bg5 Nfd7 e5 dxe5 dxe5 Nxe5 Qxd8 Rxd8 Nxe5 Bxe5 Bxe7 Re8 Ba3 Bxc3 bxc3 Rxe2 Rad1 Re8 g3 Be6 Rfe1 Nd7 Rxd7 Bxd7 Rxe8+ Rxe8	1. e4 g6 2. Nf3 d6 3. d4 Nf6 4. Nc3 Bg7 5. Be2 O-O 6. O-O Re8 7. Bg5 Nfd7 8. e5 dxe5 9. dxe5 Nxe5 10. Qxd8 Rxd8 11. Nxe5 Bxe5 12. Bxe7 Re8 13. Ba3 Bxc3 14. bxc3 Rxe2 15. Rad1 Re8 16. g3 Be6 17. Rfe1 Nd7 18. Rxd7 Bxd7 19. Rxe8+ Rxe8	2024-01-01 00:00:00
https://www.chess.com/game/live/100882455715	600	True	rapid	chess	1356	resigned	1329	win	Live Chess	Chess.com	2024-02-05 00:00:00	maximus307	Rhythmbear1	0-1	r4r1k/pp4pp/2pq1np1/8/2P5/1B6/P4PPP/R1B2R1K b - -	UTC	C00	https://www.chess.com/openings/French-Defense-Knight-Variation-2...d5-3.exd5-exd5	2024-02-05 14:32:06	2024-02-05 14:36:02	2024-02-05 00:00:00	e4 e6 Nf3 d5 exd5 exd5 Be2 Bd6 O-O Ne7 d4 O-O Nc3 Bf5 Nb5 c6 Nxd6 Qxd6 c3 Bg6 Ne5 Nd7 Nxg6 fxg6 c4 dxc4 Bxc4+ Kh8 Bb3 Nf5 Qc2 Nxd4 Qc3 Ne2+ Kh1 Nxc3 bxc3 Nf6 c4	1. e4 e6 2. Nf3 d5 3. exd5 exd5 4. Be2 Bd6 5. O-O Ne7 6. d4 O-O 7. Nc3 Bf5 8. Nb5 c6 9. Nxd6 Qxd6 10. c3 Bg6 11. Ne5 Nd7 12. Nxg6 fxg6 13. c4 dxc4 14. Bxc4+ Kh8 15. Bb3 Nf5 16. Qc2 Nxd4 17. Qc3 Ne2+ 18. Kh1 Nxc3 19. bxc3 Nf6 20. c4 	2024-02-01 00:00:00
https://www.chess.com/game/live/100904698899	120+1	True	bullet	chess	576	win	608	resigned	Live Chess	Chess.com	2024-02-05 00:00:00	Rhythmbear1	MrRandy100	1-0	r1b2rk1/ppp2ppp/2n5/4P1B1/2BPQ3/1P6/P1P3PP/R4RK1 b - -	UTC	B02	https://www.chess.com/openings/Alekhines-Defense-Scandinavian-Variation-3.exd5-Nxd5-4.Nxd5-Qxd5-5.Nf3	2024-02-05 20:43:52	2024-02-05 20:46:41	2024-02-05 00:00:00	e4 d5 exd5 Nf6 Nc3 Nxd5 Nxd5 Qxd5 Nf3 e5 b3 e4 Bc4 Qc6 Qe2 Be7 Ne5 Qf6 O-O O-O Qxe4 Bd6 f4 Nc6 d4 Bxe5 fxe5 Qg5 Bxg5	1. e4 d5 2. exd5 Nf6 3. Nc3 Nxd5 4. Nxd5 Qxd5 5. Nf3 e5 6. b3 e4 7. Bc4 Qc6 8. Qe2 Be7 9. Ne5 Qf6 10. O-O O-O 11. Qxe4 Bd6 12. f4 Nc6 13. d4 Bxe5 14. fxe5 Qg5 15. Bxg5 	2024-02-01 00:00:00
https://www.chess.com/game/live/101125920089	600	True	rapid	chess	1350	checkmated	1324	win	Live Chess	Chess.com	2024-02-08 00:00:00	hardybazyani691	Rhythmbear1	0-1	r1b1r1k1/pp3pp1/2pq3p/3p4/7B/1BNP1K2/PPPQ1PPn/1R3R2 w - -	UTC	C00	https://www.chess.com/openings/French-Defense	2024-02-08 10:06:01	2024-02-08 10:08:44	2024-02-08 00:00:00	e4 e6 Bc4 d5 exd5 exd5 Bb3 Nf6 Nf3 Bd6 O-O O-O d3 c6 Bg5 h6 Bh4 Nbd7 Nc3 Re8 Qd2 Ne5 Nxe5 Bxe5 Rab1 Bxh2+ Kxh2 Ng4+ Kg3 Qd6+ Kf3 Nh2#	1. e4 e6 2. Bc4 d5 3. exd5 exd5 4. Bb3 Nf6 5. Nf3 Bd6 6. O-O O-O 7. d3 c6 8. Bg5 h6 9. Bh4 Nbd7 10. Nc3 Re8 11. Qd2 Ne5 12. Nxe5 Bxe5 13. Rab1 Bxh2+ 14. Kxh2 Ng4+ 15. Kg3 Qd6+ 16. Kf3 Nh2#	2024-02-01 00:00:00
https://www.chess.com/game/live/101127771751	600	True	rapid	chess	1346	resigned	1317	win	Live Chess	Chess.com	2024-02-08 00:00:00	sojibhossain123	Rhythmbear1	0-1	rnbqkbnr/pppp1ppp/4p3/8/4P3/5N2/PPPP1PPP/RNBQKB1R b KQkq -	UTC	C00	https://www.chess.com/openings/French-Defense-Knight-Variation	2024-02-08 10:39:06	2024-02-08 10:41:00	2024-02-08 00:00:00	e4 e6 Nf3	1. e4 e6 2. Nf3 	2024-02-01 00:00:00
[2025-03-10T01:39:48.710+0000] {python.py:240} INFO - Done. Returned value was: None
[2025-03-10T01:39:48.725+0000] {taskinstance.py:340} INFO - ::group::Post task execution logs
[2025-03-10T01:39:48.726+0000] {taskinstance.py:352} INFO - Marking task as SUCCESS. dag_id=pull_data_from_chess_api, task_id=load_to_gold_layer, run_id=scheduled__2024-09-01T00:00:00+00:00, execution_date=20240901T000000, start_date=20250310T013943, end_date=20250310T013948
[2025-03-10T01:39:48.792+0000] {local_task_job_runner.py:266} INFO - Task exited with return code 0
[2025-03-10T01:39:48.811+0000] {taskinstance.py:3900} INFO - 0 downstream tasks scheduled from follow-on schedule check
[2025-03-10T01:39:48.814+0000] {local_task_job_runner.py:245} INFO - ::endgroup::
