[2025-03-31T18:05:44.307+0000] {local_task_job_runner.py:123} INFO - ::group::Pre task execution logs
[2025-03-31T18:05:44.823+0000] {taskinstance.py:2612} INFO - Dependencies all met for dep_context=non-requeueable deps ti=<TaskInstance: load_data_warehouse.load_dim_dates_dw dataset_triggered__2025-03-31T18:04:45.046641+00:00 [queued]>
[2025-03-31T18:05:45.067+0000] {taskinstance.py:2612} INFO - Dependencies all met for dep_context=requeueable deps ti=<TaskInstance: load_data_warehouse.load_dim_dates_dw dataset_triggered__2025-03-31T18:04:45.046641+00:00 [queued]>
[2025-03-31T18:05:45.068+0000] {taskinstance.py:2865} INFO - Starting attempt 1 of 2
[2025-03-31T18:05:45.221+0000] {taskinstance.py:2888} INFO - Executing <Task(PythonOperator): load_dim_dates_dw> on 2025-03-31 18:04:45.046641+00:00
[2025-03-31T18:05:45.607+0000] {standard_task_runner.py:104} INFO - Running: ['***', 'tasks', 'run', 'load_data_warehouse', 'load_dim_dates_dw', 'dataset_triggered__2025-03-31T18:04:45.046641+00:00', '--job-id', '1034', '--raw', '--subdir', 'DAGS_FOLDER/load_data_warehouse_dag.py', '--cfg-path', '/tmp/tmpsvyb8ajy']
[2025-03-31T18:05:45.497+0000] {warnings.py:112} WARNING - /home/***/.local/lib/python3.12/site-packages/***/task/task_runner/standard_task_runner.py:70: DeprecationWarning: This process (pid=13562) is multi-threaded, use of fork() may lead to deadlocks in the child.
  pid = os.fork()

[2025-03-31T18:05:45.807+0000] {standard_task_runner.py:105} INFO - Job 1034: Subtask load_dim_dates_dw
[2025-03-31T18:05:45.813+0000] {standard_task_runner.py:72} INFO - Started process 13638 to run task
[2025-03-31T18:05:46.598+0000] {task_command.py:467} INFO - Running <TaskInstance: load_data_warehouse.load_dim_dates_dw dataset_triggered__2025-03-31T18:04:45.046641+00:00 [running]> on host 3b3ac09dc50a
[2025-03-31T18:05:48.942+0000] {taskinstance.py:3131} INFO - Exporting env vars: AIRFLOW_CTX_DAG_OWNER='***' AIRFLOW_CTX_DAG_ID='load_data_warehouse' AIRFLOW_CTX_TASK_ID='load_dim_dates_dw' AIRFLOW_CTX_EXECUTION_DATE='2025-03-31T18:04:45.046641+00:00' AIRFLOW_CTX_TRY_NUMBER='1' AIRFLOW_CTX_DAG_RUN_ID='dataset_triggered__2025-03-31T18:04:45.046641+00:00'
[2025-03-31T18:05:48.967+0000] {taskinstance.py:731} INFO - ::endgroup::
[2025-03-31T18:05:53.680+0000] {logging_mixin.py:190} INFO - ✅ gold/dim_date.parquet Loaded: 320 rows, 7 columns
[2025-03-31T18:05:53.786+0000] {base.py:84} INFO - Retrieving connection 'azure_chess_dw'
[2025-03-31T18:05:53.901+0000] {base.py:84} INFO - Retrieving connection 'azure_chess_dw'
[2025-03-31T18:06:04.717+0000] {logging_mixin.py:190} INFO - Successfully Loaded gold/dim_date.parquet Data to Postgres table dim_dates
[2025-03-31T18:06:04.752+0000] {python.py:240} INFO - Done. Returned value was: None
[2025-03-31T18:06:04.825+0000] {taskinstance.py:340} INFO - ::group::Post task execution logs
[2025-03-31T18:06:04.833+0000] {taskinstance.py:352} INFO - Marking task as SUCCESS. dag_id=load_data_warehouse, task_id=load_dim_dates_dw, run_id=dataset_triggered__2025-03-31T18:04:45.046641+00:00, execution_date=20250331T180445, start_date=20250331T180544, end_date=20250331T180604
[2025-03-31T18:06:04.970+0000] {local_task_job_runner.py:266} INFO - Task exited with return code 0
[2025-03-31T18:06:05.073+0000] {taskinstance.py:3900} INFO - 0 downstream tasks scheduled from follow-on schedule check
[2025-03-31T18:06:05.091+0000] {local_task_job_runner.py:245} INFO - ::endgroup::
