[2025-03-07T12:23:10.146+0000] {local_task_job_runner.py:123} INFO - ::group::Pre task execution logs
[2025-03-07T12:23:10.170+0000] {taskinstance.py:2612} INFO - Dependencies all met for dep_context=non-requeueable deps ti=<TaskInstance: pull_data_from_chess_api.load_to_gold_layer scheduled__2023-10-01T00:00:00+00:00 [queued]>
[2025-03-07T12:23:10.181+0000] {taskinstance.py:2612} INFO - Dependencies all met for dep_context=requeueable deps ti=<TaskInstance: pull_data_from_chess_api.load_to_gold_layer scheduled__2023-10-01T00:00:00+00:00 [queued]>
[2025-03-07T12:23:10.182+0000] {taskinstance.py:2865} INFO - Starting attempt 1 of 2
[2025-03-07T12:23:10.200+0000] {taskinstance.py:2888} INFO - Executing <Task(PythonOperator): load_to_gold_layer> on 2023-10-01 00:00:00+00:00
[2025-03-07T12:23:10.207+0000] {warnings.py:112} WARNING - /home/***/.local/lib/python3.12/site-packages/***/task/task_runner/standard_task_runner.py:70: DeprecationWarning: This process (pid=8028) is multi-threaded, use of fork() may lead to deadlocks in the child.
  pid = os.fork()

[2025-03-07T12:23:10.209+0000] {standard_task_runner.py:72} INFO - Started process 8036 to run task
[2025-03-07T12:23:10.211+0000] {standard_task_runner.py:104} INFO - Running: ['***', 'tasks', 'run', 'pull_data_from_chess_api', 'load_to_gold_layer', 'scheduled__2023-10-01T00:00:00+00:00', '--job-id', '331', '--raw', '--subdir', 'DAGS_FOLDER/collect_chess_data_dag.py', '--cfg-path', '/tmp/tmplilfi9l1']
[2025-03-07T12:23:10.213+0000] {standard_task_runner.py:105} INFO - Job 331: Subtask load_to_gold_layer
[2025-03-07T12:23:10.276+0000] {task_command.py:467} INFO - Running <TaskInstance: pull_data_from_chess_api.load_to_gold_layer scheduled__2023-10-01T00:00:00+00:00 [running]> on host ebc50e07c8a4
[2025-03-07T12:23:10.399+0000] {taskinstance.py:3131} INFO - Exporting env vars: AIRFLOW_CTX_DAG_OWNER='***' AIRFLOW_CTX_DAG_ID='pull_data_from_chess_api' AIRFLOW_CTX_TASK_ID='load_to_gold_layer' AIRFLOW_CTX_EXECUTION_DATE='2023-10-01T00:00:00+00:00' AIRFLOW_CTX_TRY_NUMBER='1' AIRFLOW_CTX_DAG_RUN_ID='scheduled__2023-10-01T00:00:00+00:00'
[2025-03-07T12:23:10.400+0000] {taskinstance.py:731} INFO - ::endgroup::
[2025-03-07T12:23:10.425+0000] {logging_mixin.py:190} INFO - Execution Date: 2023-10-01
[2025-03-07T12:23:10.428+0000] {connection.py:531} ERROR - Unable to retrieve connection from secrets backend (EnvironmentVariablesBackend). Checking subsequent secrets backend.
Traceback (most recent call last):
  File "/home/airflow/.local/lib/python3.12/site-packages/airflow/models/connection.py", line 526, in get_connection_from_secrets
    conn = secrets_backend.get_connection(conn_id=conn_id)
           ^^^^^^^^^^^^^^^^^^^^^^^^^^^^^^^^^^^^^^^^^^^^^^^
  File "/home/airflow/.local/lib/python3.12/site-packages/airflow/secrets/base_secrets.py", line 116, in get_connection
    return self.deserialize_connection(conn_id=conn_id, value=value)
           ^^^^^^^^^^^^^^^^^^^^^^^^^^^^^^^^^^^^^^^^^^^^^^^^^^^^^^^^^
  File "/home/airflow/.local/lib/python3.12/site-packages/airflow/secrets/base_secrets.py", line 70, in deserialize_connection
    return Connection(conn_id=conn_id, uri=value)
           ^^^^^^^^^^^^^^^^^^^^^^^^^^^^^^^^^^^^^^
  File "<string>", line 4, in __init__
  File "/home/airflow/.local/lib/python3.12/site-packages/sqlalchemy/orm/state.py", line 481, in _initialize_instance
    with util.safe_reraise():
         ^^^^^^^^^^^^^^^^^^^
  File "/home/airflow/.local/lib/python3.12/site-packages/sqlalchemy/util/langhelpers.py", line 70, in __exit__
    compat.raise_(
  File "/home/airflow/.local/lib/python3.12/site-packages/sqlalchemy/util/compat.py", line 211, in raise_
    raise exception
  File "/home/airflow/.local/lib/python3.12/site-packages/sqlalchemy/orm/state.py", line 479, in _initialize_instance
    return manager.original_init(*mixed[1:], **kwargs)
           ^^^^^^^^^^^^^^^^^^^^^^^^^^^^^^^^^^^^^^^^^^^
  File "/home/airflow/.local/lib/python3.12/site-packages/airflow/models/connection.py", line 169, in __init__
    self._parse_from_uri(uri)
  File "/home/airflow/.local/lib/python3.12/site-packages/airflow/models/connection.py", line 257, in _parse_from_uri
    self.port = uri_parts.port
                ^^^^^^^^^^^^^^
  File "/usr/local/lib/python3.12/urllib/parse.py", line 182, in port
    raise ValueError(f"Port could not be cast to integer value as {port!r}")
ValueError: Port could not be cast to integer value as 'DefaultEndpointsProtocol=https;AccountName=rbchesssa;AccountKey=lG9W+utkpTNorE0rTLlfDMUZsTPleXk6pXv6NnfDTi'
[2025-03-07T12:23:10.445+0000] {base.py:84} INFO - Retrieving connection 'azure_chess_storage'
[2025-03-07T12:23:13.249+0000] {taskinstance.py:3310} ERROR - Task failed with exception
Traceback (most recent call last):
  File "/home/airflow/.local/lib/python3.12/site-packages/airflow/models/taskinstance.py", line 767, in _execute_task
    result = _execute_callable(context=context, **execute_callable_kwargs)
             ^^^^^^^^^^^^^^^^^^^^^^^^^^^^^^^^^^^^^^^^^^^^^^^^^^^^^^^^^^^^^
  File "/home/airflow/.local/lib/python3.12/site-packages/airflow/models/taskinstance.py", line 733, in _execute_callable
    return ExecutionCallableRunner(
           ^^^^^^^^^^^^^^^^^^^^^^^^
  File "/home/airflow/.local/lib/python3.12/site-packages/airflow/utils/operator_helpers.py", line 252, in run
    return self.func(*args, **kwargs)
           ^^^^^^^^^^^^^^^^^^^^^^^^^^
  File "/home/airflow/.local/lib/python3.12/site-packages/airflow/models/baseoperator.py", line 406, in wrapper
    return func(self, *args, **kwargs)
           ^^^^^^^^^^^^^^^^^^^^^^^^^^^
  File "/home/airflow/.local/lib/python3.12/site-packages/airflow/operators/python.py", line 238, in execute
    return_value = self.execute_callable()
                   ^^^^^^^^^^^^^^^^^^^^^^^
  File "/home/airflow/.local/lib/python3.12/site-packages/airflow/operators/python.py", line 256, in execute_callable
    return runner.run(*self.op_args, **self.op_kwargs)
           ^^^^^^^^^^^^^^^^^^^^^^^^^^^^^^^^^^^^^^^^^^^
  File "/home/airflow/.local/lib/python3.12/site-packages/airflow/utils/operator_helpers.py", line 252, in run
    return self.func(*args, **kwargs)
           ^^^^^^^^^^^^^^^^^^^^^^^^^^
  File "/opt/airflow/dags/scripts/python_scripts.py", line 186, in load_to_gold_layer
    """).fetchdf()
        ^^^^^^^^^
duckdb.duckdb.NotImplementedException: Not implemented Error: Unsupported type "TIME WITH TIME ZONE"
[2025-03-07T12:23:13.268+0000] {taskinstance.py:1225} INFO - Marking task as UP_FOR_RETRY. dag_id=pull_data_from_chess_api, task_id=load_to_gold_layer, run_id=scheduled__2023-10-01T00:00:00+00:00, execution_date=20231001T000000, start_date=20250307T122310, end_date=20250307T122313
[2025-03-07T12:23:13.294+0000] {taskinstance.py:340} INFO - ::group::Post task execution logs
[2025-03-07T12:23:13.295+0000] {standard_task_runner.py:124} ERROR - Failed to execute job 331 for task load_to_gold_layer (Not implemented Error: Unsupported type "TIME WITH TIME ZONE"; 8036)
Traceback (most recent call last):
  File "/home/airflow/.local/lib/python3.12/site-packages/airflow/task/task_runner/standard_task_runner.py", line 117, in _start_by_fork
    ret = args.func(args, dag=self.dag)
          ^^^^^^^^^^^^^^^^^^^^^^^^^^^^^
  File "/home/airflow/.local/lib/python3.12/site-packages/airflow/cli/cli_config.py", line 49, in command
    return func(*args, **kwargs)
           ^^^^^^^^^^^^^^^^^^^^^
  File "/home/airflow/.local/lib/python3.12/site-packages/airflow/utils/cli.py", line 115, in wrapper
    return f(*args, **kwargs)
           ^^^^^^^^^^^^^^^^^^
  File "/home/airflow/.local/lib/python3.12/site-packages/airflow/cli/commands/task_command.py", line 483, in task_run
    task_return_code = _run_task_by_selected_method(args, _dag, ti)
                       ^^^^^^^^^^^^^^^^^^^^^^^^^^^^^^^^^^^^^^^^^^^^
  File "/home/airflow/.local/lib/python3.12/site-packages/airflow/cli/commands/task_command.py", line 256, in _run_task_by_selected_method
    return _run_raw_task(args, ti)
           ^^^^^^^^^^^^^^^^^^^^^^^
  File "/home/airflow/.local/lib/python3.12/site-packages/airflow/cli/commands/task_command.py", line 341, in _run_raw_task
    return ti._run_raw_task(
           ^^^^^^^^^^^^^^^^^
  File "/home/airflow/.local/lib/python3.12/site-packages/airflow/utils/session.py", line 97, in wrapper
    return func(*args, session=session, **kwargs)
           ^^^^^^^^^^^^^^^^^^^^^^^^^^^^^^^^^^^^^^
  File "/home/airflow/.local/lib/python3.12/site-packages/airflow/models/taskinstance.py", line 3004, in _run_raw_task
    return _run_raw_task(
           ^^^^^^^^^^^^^^
  File "/home/airflow/.local/lib/python3.12/site-packages/airflow/models/taskinstance.py", line 273, in _run_raw_task
    TaskInstance._execute_task_with_callbacks(
  File "/home/airflow/.local/lib/python3.12/site-packages/airflow/models/taskinstance.py", line 3158, in _execute_task_with_callbacks
    result = self._execute_task(context, task_orig)
             ^^^^^^^^^^^^^^^^^^^^^^^^^^^^^^^^^^^^^^
  File "/home/airflow/.local/lib/python3.12/site-packages/airflow/models/taskinstance.py", line 3182, in _execute_task
    return _execute_task(self, context, task_orig)
           ^^^^^^^^^^^^^^^^^^^^^^^^^^^^^^^^^^^^^^^
  File "/home/airflow/.local/lib/python3.12/site-packages/airflow/models/taskinstance.py", line 767, in _execute_task
    result = _execute_callable(context=context, **execute_callable_kwargs)
             ^^^^^^^^^^^^^^^^^^^^^^^^^^^^^^^^^^^^^^^^^^^^^^^^^^^^^^^^^^^^^
  File "/home/airflow/.local/lib/python3.12/site-packages/airflow/models/taskinstance.py", line 733, in _execute_callable
    return ExecutionCallableRunner(
           ^^^^^^^^^^^^^^^^^^^^^^^^
  File "/home/airflow/.local/lib/python3.12/site-packages/airflow/utils/operator_helpers.py", line 252, in run
    return self.func(*args, **kwargs)
           ^^^^^^^^^^^^^^^^^^^^^^^^^^
  File "/home/airflow/.local/lib/python3.12/site-packages/airflow/models/baseoperator.py", line 406, in wrapper
    return func(self, *args, **kwargs)
           ^^^^^^^^^^^^^^^^^^^^^^^^^^^
  File "/home/airflow/.local/lib/python3.12/site-packages/airflow/operators/python.py", line 238, in execute
    return_value = self.execute_callable()
                   ^^^^^^^^^^^^^^^^^^^^^^^
  File "/home/airflow/.local/lib/python3.12/site-packages/airflow/operators/python.py", line 256, in execute_callable
    return runner.run(*self.op_args, **self.op_kwargs)
           ^^^^^^^^^^^^^^^^^^^^^^^^^^^^^^^^^^^^^^^^^^^
  File "/home/airflow/.local/lib/python3.12/site-packages/airflow/utils/operator_helpers.py", line 252, in run
    return self.func(*args, **kwargs)
           ^^^^^^^^^^^^^^^^^^^^^^^^^^
  File "/opt/airflow/dags/scripts/python_scripts.py", line 186, in load_to_gold_layer
    """).fetchdf()
        ^^^^^^^^^
duckdb.duckdb.NotImplementedException: Not implemented Error: Unsupported type "TIME WITH TIME ZONE"
[2025-03-07T12:23:13.359+0000] {local_task_job_runner.py:266} INFO - Task exited with return code 1
[2025-03-07T12:23:13.386+0000] {taskinstance.py:3900} INFO - 0 downstream tasks scheduled from follow-on schedule check
[2025-03-07T12:23:13.389+0000] {local_task_job_runner.py:245} INFO - ::endgroup::
[2025-03-10T01:35:31.761+0000] {local_task_job_runner.py:123} INFO - ::group::Pre task execution logs
[2025-03-10T01:35:31.786+0000] {taskinstance.py:2612} INFO - Dependencies all met for dep_context=non-requeueable deps ti=<TaskInstance: pull_data_from_chess_api.load_to_gold_layer scheduled__2023-10-01T00:00:00+00:00 [queued]>
[2025-03-10T01:35:31.801+0000] {taskinstance.py:2612} INFO - Dependencies all met for dep_context=requeueable deps ti=<TaskInstance: pull_data_from_chess_api.load_to_gold_layer scheduled__2023-10-01T00:00:00+00:00 [queued]>
[2025-03-10T01:35:31.801+0000] {taskinstance.py:2865} INFO - Starting attempt 1 of 2
[2025-03-10T01:35:31.819+0000] {taskinstance.py:2888} INFO - Executing <Task(PythonOperator): load_to_gold_layer> on 2023-10-01 00:00:00+00:00
[2025-03-10T01:35:31.832+0000] {warnings.py:112} WARNING - /home/***/.local/lib/python3.12/site-packages/***/task/task_runner/standard_task_runner.py:70: DeprecationWarning: This process (pid=16923) is multi-threaded, use of fork() may lead to deadlocks in the child.
  pid = os.fork()

[2025-03-10T01:35:31.835+0000] {standard_task_runner.py:72} INFO - Started process 16925 to run task
[2025-03-10T01:35:31.836+0000] {standard_task_runner.py:104} INFO - Running: ['***', 'tasks', 'run', 'pull_data_from_chess_api', 'load_to_gold_layer', 'scheduled__2023-10-01T00:00:00+00:00', '--job-id', '516', '--raw', '--subdir', 'DAGS_FOLDER/collect_chess_data_dag.py', '--cfg-path', '/tmp/tmp6ew7yueq']
[2025-03-10T01:35:31.843+0000] {standard_task_runner.py:105} INFO - Job 516: Subtask load_to_gold_layer
[2025-03-10T01:35:31.917+0000] {task_command.py:467} INFO - Running <TaskInstance: pull_data_from_chess_api.load_to_gold_layer scheduled__2023-10-01T00:00:00+00:00 [running]> on host 70b3b9cfbba0
[2025-03-10T01:35:32.041+0000] {taskinstance.py:3131} INFO - Exporting env vars: AIRFLOW_CTX_DAG_OWNER='***' AIRFLOW_CTX_DAG_ID='pull_data_from_chess_api' AIRFLOW_CTX_TASK_ID='load_to_gold_layer' AIRFLOW_CTX_EXECUTION_DATE='2023-10-01T00:00:00+00:00' AIRFLOW_CTX_TRY_NUMBER='1' AIRFLOW_CTX_DAG_RUN_ID='scheduled__2023-10-01T00:00:00+00:00'
[2025-03-10T01:35:32.043+0000] {taskinstance.py:731} INFO - ::endgroup::
[2025-03-10T01:35:32.068+0000] {logging_mixin.py:190} INFO - Execution Date: 2023-10-01
[2025-03-10T01:35:32.070+0000] {connection.py:531} ERROR - Unable to retrieve connection from secrets backend (EnvironmentVariablesBackend). Checking subsequent secrets backend.
Traceback (most recent call last):
  File "/home/airflow/.local/lib/python3.12/site-packages/airflow/models/connection.py", line 526, in get_connection_from_secrets
    conn = secrets_backend.get_connection(conn_id=conn_id)
           ^^^^^^^^^^^^^^^^^^^^^^^^^^^^^^^^^^^^^^^^^^^^^^^
  File "/home/airflow/.local/lib/python3.12/site-packages/airflow/secrets/base_secrets.py", line 116, in get_connection
    return self.deserialize_connection(conn_id=conn_id, value=value)
           ^^^^^^^^^^^^^^^^^^^^^^^^^^^^^^^^^^^^^^^^^^^^^^^^^^^^^^^^^
  File "/home/airflow/.local/lib/python3.12/site-packages/airflow/secrets/base_secrets.py", line 70, in deserialize_connection
    return Connection(conn_id=conn_id, uri=value)
           ^^^^^^^^^^^^^^^^^^^^^^^^^^^^^^^^^^^^^^
  File "<string>", line 4, in __init__
  File "/home/airflow/.local/lib/python3.12/site-packages/sqlalchemy/orm/state.py", line 481, in _initialize_instance
    with util.safe_reraise():
         ^^^^^^^^^^^^^^^^^^^
  File "/home/airflow/.local/lib/python3.12/site-packages/sqlalchemy/util/langhelpers.py", line 70, in __exit__
    compat.raise_(
  File "/home/airflow/.local/lib/python3.12/site-packages/sqlalchemy/util/compat.py", line 211, in raise_
    raise exception
  File "/home/airflow/.local/lib/python3.12/site-packages/sqlalchemy/orm/state.py", line 479, in _initialize_instance
    return manager.original_init(*mixed[1:], **kwargs)
           ^^^^^^^^^^^^^^^^^^^^^^^^^^^^^^^^^^^^^^^^^^^
  File "/home/airflow/.local/lib/python3.12/site-packages/airflow/models/connection.py", line 169, in __init__
    self._parse_from_uri(uri)
  File "/home/airflow/.local/lib/python3.12/site-packages/airflow/models/connection.py", line 257, in _parse_from_uri
    self.port = uri_parts.port
                ^^^^^^^^^^^^^^
  File "/usr/local/lib/python3.12/urllib/parse.py", line 182, in port
    raise ValueError(f"Port could not be cast to integer value as {port!r}")
ValueError: Port could not be cast to integer value as 'DefaultEndpointsProtocol=https;AccountName=rbchesssa;AccountKey=lG9W+utkpTNorE0rTLlfDMUZsTPleXk6pXv6NnfDTi'
[2025-03-10T01:35:32.085+0000] {base.py:84} INFO - Retrieving connection 'azure_chess_storage'
[2025-03-10T01:35:33.561+0000] {logging_mixin.py:190} INFO - Previewing Dataframe
[2025-03-10T01:35:33.577+0000] {logging_mixin.py:190} INFO - game_url                        object
time_control                    object
rated                             bool
time_class                      object
rules                           object
white_rating                     int64
white_result                    object
black_rating                     int64
black_result                    object
pgn_event                       object
pgn_site                        object
game_date               datetime64[us]
pgn_white_user                  object
pgn_black_user                  object
pgn_result                      object
pgn_current_position            object
pgn_timezone                    object
pgn_eco                         object
pgn_eco_url                     object
start_time              datetime64[ns]
end_time                datetime64[ns]
end_game_date           datetime64[us]
pgn_raw                         object
pgn_trans                       object
last_updated                    object
dtype: object
[2025-03-10T01:35:33.708+0000] {logging_mixin.py:190} INFO - https://www.chess.com/game/live/89925001625	300+5	True	blitz	chess	736	win	767	timeout	Live Chess	Chess.com	2023-10-01 00:00:00	Rhythmbear1	Emi8gc	1-0	8/6Q1/1p1p4/p3kr2/2Ppn2P/1P6/P5P1/6K1 b - -	UTC	C41	https://www.chess.com/openings/Philidor-Defense-Exchange-Variation-4.Nxd4	2023-10-01 18:46:41	2023-10-01 19:03:41	2023-10-01 00:00:00	e4 e5 Nf3 d6 d4 exd4 Nxd4 c5 Nf3 Bg4 Be2 Nf6 O-O Nxe4 Bg5 Nf6 Nc3 h6 Bf4 Be7 Re1 O-O h3 Bxf3 Bxf3 Nc6 Bh2 Qd7 Ne4 Nxe4 Bxe4 Nd4 c3 Ne6 Qd2 Bg5 f4 Bh4 Rf1 Be7 f5 Ng5 Bd5 Rab8 Rae1 b6 c4 a5 b3 Rfe8 Qc3 Bf6 Rxe8+ Rxe8 Qd3 Bd4+ Kh1 Re3 Qd2 Kh8 f6 gxf6 Bg1 Re5 Bxd4 cxd4 Rxf6 Ne4 Qxh6+ Kg8 Bxf7+ Qxf7 Rxf7 Kxf7 Qc1 Nf2+ Kg1 Ne4 Qf4+ Ke6 h4 Rf5 Qh6+ Ke5 Qg7+	1. e4 e5 2. Nf3 d6 3. d4 exd4 4. Nxd4 c5 5. Nf3 Bg4 6. Be2 Nf6 7. O-O Nxe4 8. Bg5 Nf6 9. Nc3 h6 10. Bf4 Be7 11. Re1 O-O 12. h3 Bxf3 13. Bxf3 Nc6 14. Bh2 Qd7 15. Ne4 Nxe4 16. Bxe4 Nd4 17. c3 Ne6 18. Qd2 Bg5 19. f4 Bh4 20. Rf1 Be7 21. f5 Ng5 22. Bd5 Rab8 23. Rae1 b6 24. c4 a5 25. b3 Rfe8 26. Qc3 Bf6 27. Rxe8+ Rxe8 28. Qd3 Bd4+ 29. Kh1 Re3 30. Qd2 Kh8 31. f6 gxf6 32. Bg1 Re5 33. Bxd4 cxd4 34. Rxf6 Ne4 35. Qxh6+ Kg8 36. Bxf7+ Qxf7 37. Rxf7 Kxf7 38. Qc1 Nf2+ 39. Kg1 Ne4 40. Qf4+ Ke6 41. h4 Rf5 42. Qh6+ Ke5 43. Qg7+ 	2023-10-01
https://www.chess.com/game/live/89926254233	300+5	True	blitz	chess	812	win	730	timeout	Live Chess	Chess.com	2023-10-01 00:00:00	IronPoro	Rhythmbear1	1-0	8/2R5/6P1/p4K2/P7/1B3k2/1PP5/6r1 b - -	UTC	B01	https://www.chess.com/openings/Scandinavian-Defense-Boehnke-Gambit	2023-10-01 19:09:44	2023-10-01 19:26:27	2023-10-01 00:00:00	e4 d5 exd5 e6 dxe6 Bxe6 Nf3 Nc6 Bb5 Qd7 d4 O-O-O Ne5 Qxd4 Qxd4 Nxd4 Bd3 Nf6 O-O Bd6 Nc4 Bc5 Nba3 Bxc4 Nxc4 Rhe8 Bg5 Rd5 Bxf6 gxf6 Rfe1 Rxe1+ Rxe1 h5 Re8+ Kd7 Rh8 Kc6 a3 b5 Ne3 Re5 Rh7 Ne6 Rxf7 Bxe3 fxe3 Rxe3 Rxf6 Kd5 Bxb5 Re1+ Kf2 Re5 Ba4 c6 Bb3+ Kd6 Rh6 Rf5+ Kg3 Rg5+ Kh3 Ke5 Rxe6+ Kf4 g3+ Kf3 Kh4 Rc5 Rf6+ Kg2 h3 a5 a4 Re5 g4 hxg4 hxg4 Re4 Rxc6 Re8 g5 Rh8+ Kg4 Rh1 g6 Rg1 Kf5 Kf3 Rc7	1. e4 d5 2. exd5 e6 3. dxe6 Bxe6 4. Nf3 Nc6 5. Bb5 Qd7 6. d4 O-O-O 7. Ne5 Qxd4 8. Qxd4 Nxd4 9. Bd3 Nf6 10. O-O Bd6 11. Nc4 Bc5 12. Nba3 Bxc4 13. Nxc4 Rhe8 14. Bg5 Rd5 15. Bxf6 gxf6 16. Rfe1 Rxe1+ 17. Rxe1 h5 18. Re8+ Kd7 19. Rh8 Kc6 20. a3 b5 21. Ne3 Re5 22. Rh7 Ne6 23. Rxf7 Bxe3 24. fxe3 Rxe3 25. Rxf6 Kd5 26. Bxb5 Re1+ 27. Kf2 Re5 28. Ba4 c6 29. Bb3+ Kd6 30. Rh6 Rf5+ 31. Kg3 Rg5+ 32. Kh3 Ke5 33. Rxe6+ Kf4 34. g3+ Kf3 35. Kh4 Rc5 36. Rf6+ Kg2 37. h3 a5 38. a4 Re5 39. g4 hxg4 40. hxg4 Re4 41. Rxc6 Re8 42. g5 Rh8+ 43. Kg4 Rh1 44. g6 Rg1 45. Kf5 Kf3 46. Rc7 	2023-10-01
https://www.chess.com/game/live/89927399977	300+5	True	blitz	chess	722	resigned	740	win	Live Chess	Chess.com	2023-10-01 00:00:00	Rhythmbear1	ilyassafarov	0-1	8/8/8/8/1p6/8/2pk4/K7 w - -	UTC	B00	https://www.chess.com/openings/Nimzowitsch-Defense-Scandinavian-Advance-Variation	2023-10-01 19:26:58	2023-10-01 19:47:55	2023-10-01 00:00:00	e4 d5 e5 Nc6 d4 e6 Bb5 Bd7 Nc3 Nb4 Bxd7+ Qxd7 Nf3 Ne7 O-O O-O-O Bg5 Re8 Re1 Nf5 Nh4 h6 Nxf5 exf5 Bh4 g5 Qh5 gxh4 Qxh4 Nxc2 Qf6 Bb4 Red1 Nxa1 Rxa1 Bxc3 bxc3 Qc6 Qxf5+ Kb8 Rc1 Qa4 Rc2 Qb5 f4 Qb1+ Kf2 Rhg8 g3 a6 Qd3 Qh1 Ke3 f6 Ke2 Qxh2+ Kd1 Qh5+ Kc1 fxe5 fxe5 Qh3 Qh7 Rxg3 Kb2 Re6 Qd7 Rxe5 Qxh3 Rxh3 dxe5 Re3 Rh2 Rxe5 Rxh6 Re2+ Kb3 Re3 Rh8+ Ka7 Rd8 c6 Kb4 Kb6 a4 a5+ Kb3 Kc5 Rh8 d4 Rh5+ Kb6 Kc4 dxc3 Rh1 c2 Rc1 Re2 Kc3 Kc5 Rxc2 Rxc2+ Kxc2 Kb4 Kd3 c5 Kc2 b6 Kb2 c4 Ka2 Kxa4 Kb2 Kb4 Kc2 a4 Kb2 a3+ Ka2 c3 Kb1 Kb3 Ka1 b5 Kb1 a2+ Ka1 Kb4 Kxa2 Kc4 Kb1 Kd3 Kc1 b4 Kb1 Kd2 Ka1 c2	1. e4 d5 2. e5 Nc6 3. d4 e6 4. Bb5 Bd7 5. Nc3 Nb4 6. Bxd7+ Qxd7 7. Nf3 Ne7 8. O-O O-O-O 9. Bg5 Re8 10. Re1 Nf5 11. Nh4 h6 12. Nxf5 exf5 13. Bh4 g5 14. Qh5 gxh4 15. Qxh4 Nxc2 16. Qf6 Bb4 17. Red1 Nxa1 18. Rxa1 Bxc3 19. bxc3 Qc6 20. Qxf5+ Kb8 21. Rc1 Qa4 22. Rc2 Qb5 23. f4 Qb1+ 24. Kf2 Rhg8 25. g3 a6 26. Qd3 Qh1 27. Ke3 f6 28. Ke2 Qxh2+ 29. Kd1 Qh5+ 30. Kc1 fxe5 31. fxe5 Qh3 32. Qh7 Rxg3 33. Kb2 Re6 34. Qd7 Rxe5 35. Qxh3 Rxh3 36. dxe5 Re3 37. Rh2 Rxe5 38. Rxh6 Re2+ 39. Kb3 Re3 40. Rh8+ Ka7 41. Rd8 c6 42. Kb4 Kb6 43. a4 a5+ 44. Kb3 Kc5 45. Rh8 d4 46. Rh5+ Kb6 47. Kc4 dxc3 48. Rh1 c2 49. Rc1 Re2 50. Kc3 Kc5 51. Rxc2 Rxc2+ 52. Kxc2 Kb4 53. Kd3 c5 54. Kc2 b6 55. Kb2 c4 56. Ka2 Kxa4 57. Kb2 Kb4 58. Kc2 a4 59. Kb2 a3+ 60. Ka2 c3 61. Kb1 Kb3 62. Ka1 b5 63. Kb1 a2+ 64. Ka1 Kb4 65. Kxa2 Kc4 66. Kb1 Kd3 67. Kc1 b4 68. Kb1 Kd2 69. Ka1 c2	2023-10-01
https://www.chess.com/game/live/89980165143	300+5	True	blitz	chess	714	checkmated	739	win	Live Chess	Chess.com	2023-10-02 00:00:00	Rhythmbear1	Jum69	0-1	2k4r/B1p2Bp1/1p2P2p/8/2PNb3/3n4/6qP/R4RK1 w - -	UTC	C47	https://www.chess.com/openings/Four-Knights-Game-Italian-Variation	2023-10-02 10:05:47	2023-10-02 10:17:08	2023-10-02 00:00:00	e4 e5 Nf3 Nc6 Bc4 Nf6 Nc3 h6 d4 d5 exd5 Nb4 dxe5 Ng4 O-O Bf5 Bb3 Qe7 Re1 O-O-O Bf4 Qc5 Be3 Qe7 Bxa7 b6 Nb5 Rxd5 Bxd5 Qc5 c4 Qxf2+ Kh1 Qxb2 Bxf7 Nf2+ Kg1 Nxd1 Raxd1 Bc5+ Nbd4 Qxa2 e6 Nd3 Rf1 Be4 Ra1 Bxd4+ Nxd4 Qxg2#	1. e4 e5 2. Nf3 Nc6 3. Bc4 Nf6 4. Nc3 h6 5. d4 d5 6. exd5 Nb4 7. dxe5 Ng4 8. O-O Bf5 9. Bb3 Qe7 10. Re1 O-O-O 11. Bf4 Qc5 12. Be3 Qe7 13. Bxa7 b6 14. Nb5 Rxd5 15. Bxd5 Qc5 16. c4 Qxf2+ 17. Kh1 Qxb2 18. Bxf7 Nf2+ 19. Kg1 Nxd1 20. Raxd1 Bc5+ 21. Nbd4 Qxa2 22. e6 Nd3 23. Rf1 Be4 24. Ra1 Bxd4+ 25. Nxd4 Qxg2#	2023-10-01
https://www.chess.com/game/live/89980791985	300+5	True	blitz	chess	724	win	706	resigned	Live Chess	Chess.com	2023-10-02 00:00:00	a86dia	Rhythmbear1	1-0	8/pp2Rp1k/2p5/5p1p/3P3P/1PP5/P4KP1/R7 b - -	UTC	C01	https://www.chess.com/openings/French-Defense-Exchange-Variation-3...exd5-4.Nf3	2023-10-02 10:17:31	2023-10-02 10:32:49	2023-10-02 00:00:00	e4 e6 Nf3 d5 exd5 exd5 d4 c6 Be3 Nf6 Nc3 Bg4 Bd3 Bd6 h3 Bxf3 Qxf3 O-O O-O Re8 Bf4 Qc7 Bxd6 Qxd6 Rfe1 Nbd7 Bf5 Nb6 h4 g6 Bg4 h5 Bh3 Nc4 b3 Nd2 Qd3 Nde4 Nxe4 dxe4 Qe3 Nd5 Qg5 Nf4 Bf5 Ne6 Bxe6 Qxe6 Qf4 Kh7 c3 Rad8 Qc7 Re7 Qxd8 e3 Qa5 Qg4 Qg5 exf2+ Kxf2 Qf5+ Qxf5 gxf5 Rxe7	1. e4 e6 2. Nf3 d5 3. exd5 exd5 4. d4 c6 5. Be3 Nf6 6. Nc3 Bg4 7. Bd3 Bd6 8. h3 Bxf3 9. Qxf3 O-O 10. O-O Re8 11. Bf4 Qc7 12. Bxd6 Qxd6 13. Rfe1 Nbd7 14. Bf5 Nb6 15. h4 g6 16. Bg4 h5 17. Bh3 Nc4 18. b3 Nd2 19. Qd3 Nde4 20. Nxe4 dxe4 21. Qe3 Nd5 22. Qg5 Nf4 23. Bf5 Ne6 24. Bxe6 Qxe6 25. Qf4 Kh7 26. c3 Rad8 27. Qc7 Re7 28. Qxd8 e3 29. Qa5 Qg4 30. Qg5 exf2+ 31. Kxf2 Qf5+ 32. Qxf5 gxf5 33. Rxe7 	2023-10-01
[2025-03-10T01:35:35.093+0000] {logging_mixin.py:190} INFO - Previewing Dataframe
[2025-03-10T01:35:35.106+0000] {logging_mixin.py:190} INFO - game_url                        object
time_control                    object
rated                             bool
time_class                      object
rules                           object
white_rating                     int64
white_result                    object
black_rating                     int64
black_result                    object
pgn_event                       object
pgn_site                        object
game_date               datetime64[us]
pgn_white_user                  object
pgn_black_user                  object
pgn_result                      object
pgn_current_position            object
pgn_timezone                    object
pgn_eco                         object
pgn_eco_url                     object
start_time              datetime64[ns]
end_time                datetime64[ns]
end_game_date           datetime64[us]
pgn_raw                         object
pgn_trans                       object
last_updated            datetime64[us]
dtype: object
[2025-03-10T01:35:35.285+0000] {logging_mixin.py:190} INFO - https://www.chess.com/game/live/123503097884	120+1	True	bullet	chess	937	win	892	abandoned	Live Chess	Chess.com	2025-03-03 00:00:00	ZX-81	Rhythmbear1	1-0	rnbqkb1r/ppp2ppp/3p1n2/3Pp3/2P5/2N5/PP2PPPP/R1BQKBNR b KQkq -	UTC	A54	https://www.chess.com/openings/Old-Indian-Defense-Ukrainian-Variation-4.d5	2025-03-03 17:10:52	2025-03-03 17:12:02	2025-03-03 00:00:00	d4 e5 d5 d6 c4 Nf6 Nc3	1. d4 e5 2. d5 d6 3. c4 Nf6 4. Nc3 	2025-03-10 00:00:00
https://www.chess.com/game/live/136072612768	180+2	True	blitz	chess	1260	win	1224	checkmated	Live Chess	Chess.com	2025-03-09 00:00:00	carrascojunior	Rhythmbear1	1-0	3r3r/ppp1np1p/2k3p1/4N3/3QP3/2N5/PP3PPP/3K3R b - -	UTC	B00	https://www.chess.com/openings/Nimzowitsch-Defense-Kennedy-de-Smet-Gambit	2025-03-09 12:17:28	2025-03-09 12:20:00	2025-03-09 00:00:00	e4 d6 d4 e5 dxe5 Nc6 exd6 Bxd6 Nc3 Bg4 Qxg4 Nb4 Bd3 g6 Bf4 Nxd3+ cxd3 Bxf4 Qxf4 Qxd3 Qe5+ Kd7 Rd1 Qxd1+ Kxd1 Ne7 Qd4+ Kc6 Nf3 Rad8 Ne5#	1. e4 d6 2. d4 e5 3. dxe5 Nc6 4. exd6 Bxd6 5. Nc3 Bg4 6. Qxg4 Nb4 7. Bd3 g6 8. Bf4 Nxd3+ 9. cxd3 Bxf4 10. Qxf4 Qxd3 11. Qe5+ Kd7 12. Rd1 Qxd1+ 13. Kxd1 Ne7 14. Qd4+ Kc6 15. Nf3 Rad8 16. Ne5# 	2025-03-10 00:00:00
https://www.chess.com/game/live/75574764013	300	True	blitz	chess	682	checkmated	662	win	Live Chess	Chess.com	2023-04-18 00:00:00	Bankenga	Rhythmbear1	0-1	8/4kp2/p2p4/1pbP4/1nK5/P6q/1P6/8 w - b6	UTC	B50	https://www.chess.com/openings/Sicilian-Defense-2.Nf3-d6-3.Nc3-Nc6	2023-04-18 16:32:59	2023-04-18 16:42:16	2023-04-18 00:00:00	e4 c5 Nc3 Nc6 Nf3 d6 d3 Nf6 Bg5 e6 Bxf6 gxf6 Qd2 a6 O-O-O h5 h4 Bh6 Ng5 fxg5 hxg5 Bxg5 f4 Bf6 Be2 h4 g3 hxg3 Rxh8+ Bxh8 Rg1 Qh4 f5 Be5 fxe6 Bxe6 Kb1 Bf4 Qe1 Ke7 Nd5+ Bxd5 exd5 Ne5 c3 Rh8 d4 cxd4 cxd4 Be3 Rxg3 Bxd4 Bc4 Rg8 Rg1 Rxg1 Qxg1 Bxg1 Bd3 Nxd3 Kc2 Nb4+ Kb3 Bc5 a3 Qh3+ Kc4 b5#	1. e4 c5 2. Nc3 Nc6 3. Nf3 d6 4. d3 Nf6 5. Bg5 e6 6. Bxf6 gxf6 7. Qd2 a6 8. O-O-O h5 9. h4 Bh6 10. Ng5 fxg5 11. hxg5 Bxg5 12. f4 Bf6 13. Be2 h4 14. g3 hxg3 15. Rxh8+ Bxh8 16. Rg1 Qh4 17. f5 Be5 18. fxe6 Bxe6 19. Kb1 Bf4 20. Qe1 Ke7 21. Nd5+ Bxd5 22. exd5 Ne5 23. c3 Rh8 24. d4 cxd4 25. cxd4 Be3 26. Rxg3 Bxd4 27. Bc4 Rg8 28. Rg1 Rxg1 29. Qxg1 Bxg1 30. Bd3 Nxd3 31. Kc2 Nb4+ 32. Kb3 Bc5 33. a3 Qh3+ 34. Kc4 b5#	2023-04-01 00:00:00
https://www.chess.com/game/live/75576811149	300	True	blitz	chess	700	win	661	timeout	Live Chess	Chess.com	2023-04-18 00:00:00	Rhythmbear1	Alpay555	1-0	4kb1r/2N2ppp/r1n5/4p3/8/p1PPB2P/PP3PP1/R4RK1 b k -	UTC	C75	https://www.chess.com/openings/Ruy-Lopez-Opening-Morphy-Defense-Modern-Steinitz-Defense-5.c3-Bd7-6.O-O	2023-04-18 17:09:41	2023-04-18 17:17:45	2023-04-18 00:00:00	e4 e5 Nf3 Nc6 Bb5 d6 O-O Bd7 c3 a6 Ba4 b5 Bb3 Bg4 h3 Bxf3 Qxf3 Nf6 d3 a5 Be3 a4 Bd5 Ra6 Na3 Nxd5 exd5 Ne7 Nxb5 Qd7 Na3 c6 dxc6 Nxc6 Nc4 d5 Nb6 Qe6 Qxd5 Qxd5 Nxd5 a3 Nc7+	1. e4 e5 2. Nf3 Nc6 3. Bb5 d6 4. O-O Bd7 5. c3 a6 6. Ba4 b5 7. Bb3 Bg4 8. h3 Bxf3 9. Qxf3 Nf6 10. d3 a5 11. Be3 a4 12. Bd5 Ra6 13. Na3 Nxd5 14. exd5 Ne7 15. Nxb5 Qd7 16. Na3 c6 17. dxc6 Nxc6 18. Nc4 d5 19. Nb6 Qe6 20. Qxd5 Qxd5 21. Nxd5 a3 22. Nc7+ 	2023-04-01 00:00:00
https://www.chess.com/game/live/75578956995	300	True	blitz	chess	719	checkmated	738	win	Live Chess	Chess.com	2023-04-18 00:00:00	MattMistretta	Rhythmbear1	0-1	r1b2rk1/pp3ppp/1b2p3/2np4/q5P1/K1P2B1P/PP2P3/RN6 w - -	UTC	A43	https://www.chess.com/openings/Old-Benoni-Defense-Schlenker-Defense	2023-04-18 17:42:46	2023-04-18 17:46:47	2023-04-18 00:00:00	d4 c5 dxc5 Na6 Be3 e6 Nf3 Nxc5 Bxc5 Bxc5 Nd4 Qb6 Nb3 Bxf2+ Kd2 Qd6+ Kc1 Be3+ N3d2 Nf6 c3 Ne4 Kc2 Nf2 Qe1 Nxh1 Qh4 O-O Qh3 Bb6 g3 Qc5 Bg2 Nf2 Qh5 Qxh5 Bf3 Qf5+ Ne4 Nxe4 g4 Qf4 Kb3 Nc5+ Ka3 d5 h3 Qa4#	1. d4 c5 2. dxc5 Na6 3. Be3 e6 4. Nf3 Nxc5 5. Bxc5 Bxc5 6. Nd4 Qb6 7. Nb3 Bxf2+ 8. Kd2 Qd6+ 9. Kc1 Be3+ 10. N3d2 Nf6 11. c3 Ne4 12. Kc2 Nf2 13. Qe1 Nxh1 14. Qh4 O-O 15. Qh3 Bb6 16. g3 Qc5 17. Bg2 Nf2 18. Qh5 Qxh5 19. Bf3 Qf5+ 20. Ne4 Nxe4 21. g4 Qf4 22. Kb3 Nc5+ 23. Ka3 d5 24. h3 Qa4#	2023-04-01 00:00:00
[2025-03-10T01:35:37.073+0000] {python.py:240} INFO - Done. Returned value was: None
[2025-03-10T01:35:37.124+0000] {taskinstance.py:340} INFO - ::group::Post task execution logs
[2025-03-10T01:35:37.126+0000] {taskinstance.py:352} INFO - Marking task as SUCCESS. dag_id=pull_data_from_chess_api, task_id=load_to_gold_layer, run_id=scheduled__2023-10-01T00:00:00+00:00, execution_date=20231001T000000, start_date=20250310T013531, end_date=20250310T013537
[2025-03-10T01:35:37.327+0000] {local_task_job_runner.py:266} INFO - Task exited with return code 0
[2025-03-10T01:35:37.440+0000] {taskinstance.py:3900} INFO - 0 downstream tasks scheduled from follow-on schedule check
[2025-03-10T01:35:37.446+0000] {local_task_job_runner.py:245} INFO - ::endgroup::
